[2023-03-25T14:48:45.655+0000] {taskinstance.py:1084} INFO - Dependencies all met for dep_context=non-requeueable deps ti=<TaskInstance: get_weather_data.download_weather_data scheduled__2023-03-25T03:00:00+00:00 [queued]>
[2023-03-25T14:48:45.672+0000] {taskinstance.py:1084} INFO - Dependencies all met for dep_context=requeueable deps ti=<TaskInstance: get_weather_data.download_weather_data scheduled__2023-03-25T03:00:00+00:00 [queued]>
[2023-03-25T14:48:45.672+0000] {taskinstance.py:1282} INFO - 
--------------------------------------------------------------------------------
[2023-03-25T14:48:45.672+0000] {taskinstance.py:1283} INFO - Starting attempt 1 of 6
[2023-03-25T14:48:45.672+0000] {taskinstance.py:1284} INFO - 
--------------------------------------------------------------------------------
[2023-03-25T14:48:45.729+0000] {taskinstance.py:1303} INFO - Executing <Task(PythonOperator): download_weather_data> on 2023-03-25 03:00:00+00:00
[2023-03-25T14:48:45.736+0000] {standard_task_runner.py:55} INFO - Started process 259 to run task
[2023-03-25T14:48:45.738+0000] {standard_task_runner.py:82} INFO - Running: ['***', 'tasks', 'run', 'get_weather_data', 'download_weather_data', 'scheduled__2023-03-25T03:00:00+00:00', '--job-id', '7', '--raw', '--subdir', 'DAGS_FOLDER/get_weather_data.py', '--cfg-path', '/tmp/tmpagd2_5v1']
[2023-03-25T14:48:45.741+0000] {standard_task_runner.py:83} INFO - Job 7: Subtask download_weather_data
[2023-03-25T14:48:45.827+0000] {task_command.py:388} INFO - Running <TaskInstance: get_weather_data.download_weather_data scheduled__2023-03-25T03:00:00+00:00 [running]> on host dbbe6b1163d2
[2023-03-25T14:48:45.947+0000] {taskinstance.py:1511} INFO - Exporting the following env vars:
AIRFLOW_CTX_DAG_OWNER=AlexDeLara
AIRFLOW_CTX_DAG_ID=get_weather_data
AIRFLOW_CTX_TASK_ID=download_weather_data
AIRFLOW_CTX_EXECUTION_DATE=2023-03-25T03:00:00+00:00
AIRFLOW_CTX_TRY_NUMBER=1
AIRFLOW_CTX_DAG_RUN_ID=scheduled__2023-03-25T03:00:00+00:00
[2023-03-25T14:48:47.207+0000] {get_weather_data.py:45} INFO - Decompressing .gz weather data...
[2023-03-25T14:48:47.225+0000] {get_weather_data.py:47} INFO - Decompression successful!
[2023-03-25T14:48:47.226+0000] {get_weather_data.py:54} INFO - Parsing json weather data...
[2023-03-25T14:48:47.423+0000] {get_weather_data.py:56} INFO - Parsing successful!
[2023-03-25T14:48:47.423+0000] {get_weather_data.py:68} INFO - Writing current data...
[2023-03-25T14:48:47.424+0000] {get_weather_data.py:84} ERROR - An error occurred when trying to retrieve the weather data. Error:
Missing optional dependency 'fastparquet'. fastparquet is required for parquet support. Use pip or conda to install fastparquet.
[2023-03-25T14:48:47.424+0000] {taskinstance.py:1775} ERROR - Task failed with exception
Traceback (most recent call last):
  File "/home/airflow/.local/lib/python3.7/site-packages/airflow/operators/python.py", line 175, in execute
    return_value = self.execute_callable()
  File "/home/airflow/.local/lib/python3.7/site-packages/airflow/operators/python.py", line 192, in execute_callable
    return self.python_callable(*self.op_args, **self.op_kwargs)
  File "/opt/airflow/dags/get_weather_data.py", line 69, in download_weather_data
    data.to_parquet(path=f"{base_output_path}/current_weather_data.parquet", engine="fastparquet", index=False)
  File "/home/airflow/.local/lib/python3.7/site-packages/pandas/util/_decorators.py", line 207, in wrapper
    return func(*args, **kwargs)
  File "/home/airflow/.local/lib/python3.7/site-packages/pandas/core/frame.py", line 2685, in to_parquet
    **kwargs,
  File "/home/airflow/.local/lib/python3.7/site-packages/pandas/io/parquet.py", line 412, in to_parquet
    impl = get_engine(engine)
  File "/home/airflow/.local/lib/python3.7/site-packages/pandas/io/parquet.py", line 66, in get_engine
    return FastParquetImpl()
  File "/home/airflow/.local/lib/python3.7/site-packages/pandas/io/parquet.py", line 255, in __init__
    "fastparquet", extra="fastparquet is required for parquet support."
  File "/home/airflow/.local/lib/python3.7/site-packages/pandas/compat/_optional.py", line 118, in import_optional_dependency
    raise ImportError(msg) from None
ImportError: Missing optional dependency 'fastparquet'. fastparquet is required for parquet support. Use pip or conda to install fastparquet.
[2023-03-25T14:48:47.440+0000] {taskinstance.py:1326} INFO - Marking task as UP_FOR_RETRY. dag_id=get_weather_data, task_id=download_weather_data, execution_date=20230325T030000, start_date=20230325T144845, end_date=20230325T144847
[2023-03-25T14:48:47.588+0000] {standard_task_runner.py:105} ERROR - Failed to execute job 7 for task download_weather_data (Missing optional dependency 'fastparquet'. fastparquet is required for parquet support. Use pip or conda to install fastparquet.; 259)
[2023-03-25T14:48:47.636+0000] {local_task_job.py:212} INFO - Task exited with return code 1
[2023-03-25T14:48:47.666+0000] {taskinstance.py:2585} INFO - 0 downstream tasks scheduled from follow-on schedule check
[2023-03-25T19:30:21.103+0000] {taskinstance.py:1084} INFO - Dependencies all met for dep_context=non-requeueable deps ti=<TaskInstance: get_weather_data.download_weather_data scheduled__2023-03-25T03:00:00+00:00 [queued]>
[2023-03-25T19:30:21.122+0000] {taskinstance.py:1084} INFO - Dependencies all met for dep_context=requeueable deps ti=<TaskInstance: get_weather_data.download_weather_data scheduled__2023-03-25T03:00:00+00:00 [queued]>
[2023-03-25T19:30:21.123+0000] {taskinstance.py:1282} INFO - 
--------------------------------------------------------------------------------
[2023-03-25T19:30:21.123+0000] {taskinstance.py:1283} INFO - Starting attempt 1 of 6
[2023-03-25T19:30:21.123+0000] {taskinstance.py:1284} INFO - 
--------------------------------------------------------------------------------
[2023-03-25T19:30:21.156+0000] {taskinstance.py:1303} INFO - Executing <Task(PythonOperator): download_weather_data> on 2023-03-25 03:00:00+00:00
[2023-03-25T19:30:21.163+0000] {standard_task_runner.py:55} INFO - Started process 213 to run task
[2023-03-25T19:30:21.167+0000] {standard_task_runner.py:82} INFO - Running: ['***', 'tasks', 'run', 'get_weather_data', 'download_weather_data', 'scheduled__2023-03-25T03:00:00+00:00', '--job-id', '6', '--raw', '--subdir', 'DAGS_FOLDER/get_weather_data.py', '--cfg-path', '/tmp/tmp2v2iuux7']
[2023-03-25T19:30:21.169+0000] {standard_task_runner.py:83} INFO - Job 6: Subtask download_weather_data
[2023-03-25T19:30:21.282+0000] {task_command.py:388} INFO - Running <TaskInstance: get_weather_data.download_weather_data scheduled__2023-03-25T03:00:00+00:00 [running]> on host 81679e29af39
[2023-03-25T19:30:21.402+0000] {taskinstance.py:1511} INFO - Exporting the following env vars:
AIRFLOW_CTX_DAG_OWNER=AlexDeLara
AIRFLOW_CTX_DAG_ID=get_weather_data
AIRFLOW_CTX_TASK_ID=download_weather_data
AIRFLOW_CTX_EXECUTION_DATE=2023-03-25T03:00:00+00:00
AIRFLOW_CTX_TRY_NUMBER=1
AIRFLOW_CTX_DAG_RUN_ID=scheduled__2023-03-25T03:00:00+00:00
[2023-03-25T19:30:23.736+0000] {get_weather_data.py:45} INFO - Decompressing .gz weather data...
[2023-03-25T19:30:23.763+0000] {get_weather_data.py:47} INFO - Decompression successful!
[2023-03-25T19:30:23.763+0000] {get_weather_data.py:54} INFO - Parsing json weather data...
[2023-03-25T19:30:24.248+0000] {get_weather_data.py:56} INFO - Parsing successful!
[2023-03-25T19:30:24.248+0000] {get_weather_data.py:68} INFO - Writing current data...
[2023-03-25T19:30:24.249+0000] {get_weather_data.py:84} ERROR - An error occurred when trying to retrieve the weather data. Error:
Missing optional dependency 'fastparquet'. fastparquet is required for parquet support. Use pip or conda to install fastparquet.
[2023-03-25T19:30:24.249+0000] {taskinstance.py:1775} ERROR - Task failed with exception
Traceback (most recent call last):
  File "/home/airflow/.local/lib/python3.7/site-packages/airflow/operators/python.py", line 175, in execute
    return_value = self.execute_callable()
  File "/home/airflow/.local/lib/python3.7/site-packages/airflow/operators/python.py", line 192, in execute_callable
    return self.python_callable(*self.op_args, **self.op_kwargs)
  File "/opt/airflow/dags/get_weather_data.py", line 69, in download_weather_data
    data.to_parquet(path=f"{base_output_path}/current_weather_data.parquet", engine="fastparquet", index=False)
  File "/home/airflow/.local/lib/python3.7/site-packages/pandas/util/_decorators.py", line 207, in wrapper
    return func(*args, **kwargs)
  File "/home/airflow/.local/lib/python3.7/site-packages/pandas/core/frame.py", line 2685, in to_parquet
    **kwargs,
  File "/home/airflow/.local/lib/python3.7/site-packages/pandas/io/parquet.py", line 412, in to_parquet
    impl = get_engine(engine)
  File "/home/airflow/.local/lib/python3.7/site-packages/pandas/io/parquet.py", line 66, in get_engine
    return FastParquetImpl()
  File "/home/airflow/.local/lib/python3.7/site-packages/pandas/io/parquet.py", line 255, in __init__
    "fastparquet", extra="fastparquet is required for parquet support."
  File "/home/airflow/.local/lib/python3.7/site-packages/pandas/compat/_optional.py", line 118, in import_optional_dependency
    raise ImportError(msg) from None
ImportError: Missing optional dependency 'fastparquet'. fastparquet is required for parquet support. Use pip or conda to install fastparquet.
[2023-03-25T19:30:24.288+0000] {taskinstance.py:1326} INFO - Marking task as UP_FOR_RETRY. dag_id=get_weather_data, task_id=download_weather_data, execution_date=20230325T030000, start_date=20230325T193021, end_date=20230325T193024
[2023-03-25T19:30:24.323+0000] {standard_task_runner.py:105} ERROR - Failed to execute job 6 for task download_weather_data (Missing optional dependency 'fastparquet'. fastparquet is required for parquet support. Use pip or conda to install fastparquet.; 213)
[2023-03-25T19:30:24.368+0000] {local_task_job.py:212} INFO - Task exited with return code 1
[2023-03-25T19:30:24.590+0000] {taskinstance.py:2585} INFO - 0 downstream tasks scheduled from follow-on schedule check
