[2023-03-25T14:17:53.095+0000] {taskinstance.py:1084} INFO - Dependencies all met for dep_context=non-requeueable deps ti=<TaskInstance: get_weather_data.download_weather_data manual__2023-03-25T14:16:02.420054+00:00 [queued]>
[2023-03-25T14:17:53.107+0000] {taskinstance.py:1084} INFO - Dependencies all met for dep_context=requeueable deps ti=<TaskInstance: get_weather_data.download_weather_data manual__2023-03-25T14:16:02.420054+00:00 [queued]>
[2023-03-25T14:17:53.107+0000] {taskinstance.py:1282} INFO - 
--------------------------------------------------------------------------------
[2023-03-25T14:17:53.107+0000] {taskinstance.py:1283} INFO - Starting attempt 2 of 7
[2023-03-25T14:17:53.107+0000] {taskinstance.py:1284} INFO - 
--------------------------------------------------------------------------------
[2023-03-25T14:17:53.125+0000] {taskinstance.py:1303} INFO - Executing <Task(PythonOperator): download_weather_data> on 2023-03-25 14:16:02.420054+00:00
[2023-03-25T14:17:53.131+0000] {standard_task_runner.py:55} INFO - Started process 353 to run task
[2023-03-25T14:17:53.134+0000] {standard_task_runner.py:82} INFO - Running: ['***', 'tasks', 'run', 'get_weather_data', 'download_weather_data', 'manual__2023-03-25T14:16:02.420054+00:00', '--job-id', '7', '--raw', '--subdir', 'DAGS_FOLDER/get_weather_data.py', '--cfg-path', '/tmp/tmps0690k4j']
[2023-03-25T14:17:53.136+0000] {standard_task_runner.py:83} INFO - Job 7: Subtask download_weather_data
[2023-03-25T14:17:53.205+0000] {task_command.py:388} INFO - Running <TaskInstance: get_weather_data.download_weather_data manual__2023-03-25T14:16:02.420054+00:00 [running]> on host f9474b81b935
[2023-03-25T14:17:53.283+0000] {taskinstance.py:1511} INFO - Exporting the following env vars:
AIRFLOW_CTX_DAG_OWNER=AlexDeLara
AIRFLOW_CTX_DAG_ID=get_weather_data
AIRFLOW_CTX_TASK_ID=download_weather_data
AIRFLOW_CTX_EXECUTION_DATE=2023-03-25T14:16:02.420054+00:00
AIRFLOW_CTX_TRY_NUMBER=2
AIRFLOW_CTX_DAG_RUN_ID=manual__2023-03-25T14:16:02.420054+00:00
[2023-03-25T14:17:53.658+0000] {get_weather_data.py:42} INFO - Decompressing .gz weather data...
[2023-03-25T14:17:53.686+0000] {get_weather_data.py:44} INFO - Decompression successful!
[2023-03-25T14:17:53.687+0000] {get_weather_data.py:51} INFO - Parsing json weather data...
[2023-03-25T14:17:53.825+0000] {get_weather_data.py:53} INFO - Parsing successful!
[2023-03-25T14:17:53.845+0000] {logging_mixin.py:137} INFO -       cc        desciel  dh  dirvienc  ...    raf   tmax   tmin  velvien
0  28.35  Medio nublado   6       Sur  ...  18.54  30.85  12.22     7.51
1  44.66  Medio nublado   6   Sureste  ...  20.88  31.51  11.38     6.40
2  49.40  Medio nublado   6       Sur  ...  20.59  31.25  12.77     7.12
3  28.03  Medio nublado   6       Sur  ...  20.18  30.52  12.58     7.09
4  23.12    Poco nuboso   6  Suroeste  ...  16.17  30.07  13.47     7.11

[5 rows x 19 columns]
[2023-03-25T14:17:53.848+0000] {python.py:177} INFO - Done. Returned value was: None
[2023-03-25T14:17:53.859+0000] {taskinstance.py:1326} INFO - Marking task as SUCCESS. dag_id=get_weather_data, task_id=download_weather_data, execution_date=20230325T141602, start_date=20230325T141753, end_date=20230325T141753
[2023-03-25T14:17:53.906+0000] {local_task_job.py:212} INFO - Task exited with return code 0
[2023-03-25T14:17:53.931+0000] {taskinstance.py:2585} INFO - 0 downstream tasks scheduled from follow-on schedule check
