[2023-03-24T02:33:16.781+0000] {processor.py:153} INFO - Started process (PID=70) to work on /home/airflow/.local/lib/python3.7/site-packages/airflow/example_dags/example_dag_decorator.py
[2023-03-24T02:33:16.782+0000] {processor.py:743} INFO - Processing file /home/airflow/.local/lib/python3.7/site-packages/airflow/example_dags/example_dag_decorator.py for tasks to queue
[2023-03-24T02:33:16.782+0000] {logging_mixin.py:137} INFO - [2023-03-24T02:33:16.782+0000] {dagbag.py:532} INFO - Filling up the DagBag from /home/airflow/.local/lib/python3.7/site-packages/airflow/example_dags/example_dag_decorator.py
[2023-03-24T02:33:16.799+0000] {logging_mixin.py:137} INFO - [2023-03-24T02:33:16.799+0000] {taskmixin.py:211} WARNING - Dependency <Task(_PythonDecoratedOperator): prepare_email>, send_email already registered for DAG: example_dag_decorator
[2023-03-24T02:33:16.799+0000] {logging_mixin.py:137} INFO - [2023-03-24T02:33:16.799+0000] {taskmixin.py:211} WARNING - Dependency <Task(EmailOperator): send_email>, prepare_email already registered for DAG: example_dag_decorator
[2023-03-24T02:33:16.808+0000] {processor.py:753} INFO - DAG(s) dict_keys(['example_dag_decorator']) retrieved from /home/airflow/.local/lib/python3.7/site-packages/airflow/example_dags/example_dag_decorator.py
[2023-03-24T02:33:16.823+0000] {logging_mixin.py:137} INFO - [2023-03-24T02:33:16.823+0000] {dag.py:2693} INFO - Sync 1 DAGs
[2023-03-24T02:33:16.869+0000] {logging_mixin.py:137} INFO - [2023-03-24T02:33:16.869+0000] {dag.py:3444} INFO - Setting next_dagrun for example_dag_decorator to None, run_after=None
[2023-03-24T02:33:16.896+0000] {processor.py:175} INFO - Processing /home/airflow/.local/lib/python3.7/site-packages/airflow/example_dags/example_dag_decorator.py took 0.117 seconds
[2023-03-24T02:33:47.302+0000] {processor.py:153} INFO - Started process (PID=119) to work on /home/airflow/.local/lib/python3.7/site-packages/airflow/example_dags/example_dag_decorator.py
[2023-03-24T02:33:47.303+0000] {processor.py:743} INFO - Processing file /home/airflow/.local/lib/python3.7/site-packages/airflow/example_dags/example_dag_decorator.py for tasks to queue
[2023-03-24T02:33:47.303+0000] {logging_mixin.py:137} INFO - [2023-03-24T02:33:47.303+0000] {dagbag.py:532} INFO - Filling up the DagBag from /home/airflow/.local/lib/python3.7/site-packages/airflow/example_dags/example_dag_decorator.py
[2023-03-24T02:33:47.315+0000] {logging_mixin.py:137} INFO - [2023-03-24T02:33:47.315+0000] {taskmixin.py:211} WARNING - Dependency <Task(_PythonDecoratedOperator): prepare_email>, send_email already registered for DAG: example_dag_decorator
[2023-03-24T02:33:47.315+0000] {logging_mixin.py:137} INFO - [2023-03-24T02:33:47.315+0000] {taskmixin.py:211} WARNING - Dependency <Task(EmailOperator): send_email>, prepare_email already registered for DAG: example_dag_decorator
[2023-03-24T02:33:47.323+0000] {processor.py:753} INFO - DAG(s) dict_keys(['example_dag_decorator']) retrieved from /home/airflow/.local/lib/python3.7/site-packages/airflow/example_dags/example_dag_decorator.py
[2023-03-24T02:33:47.398+0000] {logging_mixin.py:137} INFO - [2023-03-24T02:33:47.398+0000] {dag.py:2693} INFO - Sync 1 DAGs
[2023-03-24T02:33:47.419+0000] {logging_mixin.py:137} INFO - [2023-03-24T02:33:47.419+0000] {dag.py:3444} INFO - Setting next_dagrun for example_dag_decorator to None, run_after=None
[2023-03-24T02:33:47.437+0000] {processor.py:175} INFO - Processing /home/airflow/.local/lib/python3.7/site-packages/airflow/example_dags/example_dag_decorator.py took 0.137 seconds
[2023-03-24T02:34:17.965+0000] {processor.py:153} INFO - Started process (PID=168) to work on /home/airflow/.local/lib/python3.7/site-packages/airflow/example_dags/example_dag_decorator.py
[2023-03-24T02:34:17.965+0000] {processor.py:743} INFO - Processing file /home/airflow/.local/lib/python3.7/site-packages/airflow/example_dags/example_dag_decorator.py for tasks to queue
[2023-03-24T02:34:17.966+0000] {logging_mixin.py:137} INFO - [2023-03-24T02:34:17.966+0000] {dagbag.py:532} INFO - Filling up the DagBag from /home/airflow/.local/lib/python3.7/site-packages/airflow/example_dags/example_dag_decorator.py
[2023-03-24T02:34:17.983+0000] {logging_mixin.py:137} INFO - [2023-03-24T02:34:17.982+0000] {taskmixin.py:211} WARNING - Dependency <Task(_PythonDecoratedOperator): prepare_email>, send_email already registered for DAG: example_dag_decorator
[2023-03-24T02:34:17.983+0000] {logging_mixin.py:137} INFO - [2023-03-24T02:34:17.983+0000] {taskmixin.py:211} WARNING - Dependency <Task(EmailOperator): send_email>, prepare_email already registered for DAG: example_dag_decorator
[2023-03-24T02:34:17.994+0000] {processor.py:753} INFO - DAG(s) dict_keys(['example_dag_decorator']) retrieved from /home/airflow/.local/lib/python3.7/site-packages/airflow/example_dags/example_dag_decorator.py
[2023-03-24T02:34:18.054+0000] {logging_mixin.py:137} INFO - [2023-03-24T02:34:18.054+0000] {dag.py:2693} INFO - Sync 1 DAGs
[2023-03-24T02:34:18.075+0000] {logging_mixin.py:137} INFO - [2023-03-24T02:34:18.075+0000] {dag.py:3444} INFO - Setting next_dagrun for example_dag_decorator to None, run_after=None
[2023-03-24T02:34:18.093+0000] {processor.py:175} INFO - Processing /home/airflow/.local/lib/python3.7/site-packages/airflow/example_dags/example_dag_decorator.py took 0.130 seconds
[2023-03-24T02:34:48.683+0000] {processor.py:153} INFO - Started process (PID=218) to work on /home/airflow/.local/lib/python3.7/site-packages/airflow/example_dags/example_dag_decorator.py
[2023-03-24T02:34:48.684+0000] {processor.py:743} INFO - Processing file /home/airflow/.local/lib/python3.7/site-packages/airflow/example_dags/example_dag_decorator.py for tasks to queue
[2023-03-24T02:34:48.685+0000] {logging_mixin.py:137} INFO - [2023-03-24T02:34:48.685+0000] {dagbag.py:532} INFO - Filling up the DagBag from /home/airflow/.local/lib/python3.7/site-packages/airflow/example_dags/example_dag_decorator.py
[2023-03-24T02:34:48.699+0000] {logging_mixin.py:137} INFO - [2023-03-24T02:34:48.699+0000] {taskmixin.py:211} WARNING - Dependency <Task(_PythonDecoratedOperator): prepare_email>, send_email already registered for DAG: example_dag_decorator
[2023-03-24T02:34:48.699+0000] {logging_mixin.py:137} INFO - [2023-03-24T02:34:48.699+0000] {taskmixin.py:211} WARNING - Dependency <Task(EmailOperator): send_email>, prepare_email already registered for DAG: example_dag_decorator
[2023-03-24T02:34:48.709+0000] {processor.py:753} INFO - DAG(s) dict_keys(['example_dag_decorator']) retrieved from /home/airflow/.local/lib/python3.7/site-packages/airflow/example_dags/example_dag_decorator.py
[2023-03-24T02:34:48.777+0000] {logging_mixin.py:137} INFO - [2023-03-24T02:34:48.776+0000] {dag.py:2693} INFO - Sync 1 DAGs
[2023-03-24T02:34:48.807+0000] {logging_mixin.py:137} INFO - [2023-03-24T02:34:48.807+0000] {dag.py:3444} INFO - Setting next_dagrun for example_dag_decorator to None, run_after=None
[2023-03-24T02:34:48.831+0000] {processor.py:175} INFO - Processing /home/airflow/.local/lib/python3.7/site-packages/airflow/example_dags/example_dag_decorator.py took 0.151 seconds
[2023-03-24T02:35:19.517+0000] {processor.py:153} INFO - Started process (PID=267) to work on /home/airflow/.local/lib/python3.7/site-packages/airflow/example_dags/example_dag_decorator.py
[2023-03-24T02:35:19.518+0000] {processor.py:743} INFO - Processing file /home/airflow/.local/lib/python3.7/site-packages/airflow/example_dags/example_dag_decorator.py for tasks to queue
[2023-03-24T02:35:19.519+0000] {logging_mixin.py:137} INFO - [2023-03-24T02:35:19.519+0000] {dagbag.py:532} INFO - Filling up the DagBag from /home/airflow/.local/lib/python3.7/site-packages/airflow/example_dags/example_dag_decorator.py
[2023-03-24T02:35:19.550+0000] {logging_mixin.py:137} INFO - [2023-03-24T02:35:19.549+0000] {taskmixin.py:211} WARNING - Dependency <Task(_PythonDecoratedOperator): prepare_email>, send_email already registered for DAG: example_dag_decorator
[2023-03-24T02:35:19.550+0000] {logging_mixin.py:137} INFO - [2023-03-24T02:35:19.550+0000] {taskmixin.py:211} WARNING - Dependency <Task(EmailOperator): send_email>, prepare_email already registered for DAG: example_dag_decorator
[2023-03-24T02:35:19.563+0000] {processor.py:753} INFO - DAG(s) dict_keys(['example_dag_decorator']) retrieved from /home/airflow/.local/lib/python3.7/site-packages/airflow/example_dags/example_dag_decorator.py
[2023-03-24T02:35:19.622+0000] {logging_mixin.py:137} INFO - [2023-03-24T02:35:19.622+0000] {dag.py:2693} INFO - Sync 1 DAGs
[2023-03-24T02:35:19.643+0000] {logging_mixin.py:137} INFO - [2023-03-24T02:35:19.643+0000] {dag.py:3444} INFO - Setting next_dagrun for example_dag_decorator to None, run_after=None
[2023-03-24T02:35:19.662+0000] {processor.py:175} INFO - Processing /home/airflow/.local/lib/python3.7/site-packages/airflow/example_dags/example_dag_decorator.py took 0.149 seconds
[2023-03-24T02:35:50.637+0000] {processor.py:153} INFO - Started process (PID=316) to work on /home/airflow/.local/lib/python3.7/site-packages/airflow/example_dags/example_dag_decorator.py
[2023-03-24T02:35:50.638+0000] {processor.py:743} INFO - Processing file /home/airflow/.local/lib/python3.7/site-packages/airflow/example_dags/example_dag_decorator.py for tasks to queue
[2023-03-24T02:35:50.639+0000] {logging_mixin.py:137} INFO - [2023-03-24T02:35:50.639+0000] {dagbag.py:532} INFO - Filling up the DagBag from /home/airflow/.local/lib/python3.7/site-packages/airflow/example_dags/example_dag_decorator.py
[2023-03-24T02:35:50.670+0000] {logging_mixin.py:137} INFO - [2023-03-24T02:35:50.669+0000] {taskmixin.py:211} WARNING - Dependency <Task(_PythonDecoratedOperator): prepare_email>, send_email already registered for DAG: example_dag_decorator
[2023-03-24T02:35:50.670+0000] {logging_mixin.py:137} INFO - [2023-03-24T02:35:50.670+0000] {taskmixin.py:211} WARNING - Dependency <Task(EmailOperator): send_email>, prepare_email already registered for DAG: example_dag_decorator
[2023-03-24T02:35:50.683+0000] {processor.py:753} INFO - DAG(s) dict_keys(['example_dag_decorator']) retrieved from /home/airflow/.local/lib/python3.7/site-packages/airflow/example_dags/example_dag_decorator.py
[2023-03-24T02:35:50.742+0000] {logging_mixin.py:137} INFO - [2023-03-24T02:35:50.742+0000] {dag.py:2693} INFO - Sync 1 DAGs
[2023-03-24T02:35:50.764+0000] {logging_mixin.py:137} INFO - [2023-03-24T02:35:50.764+0000] {dag.py:3444} INFO - Setting next_dagrun for example_dag_decorator to None, run_after=None
[2023-03-24T02:35:50.783+0000] {processor.py:175} INFO - Processing /home/airflow/.local/lib/python3.7/site-packages/airflow/example_dags/example_dag_decorator.py took 0.150 seconds
[2023-03-24T02:36:21.381+0000] {processor.py:153} INFO - Started process (PID=365) to work on /home/airflow/.local/lib/python3.7/site-packages/airflow/example_dags/example_dag_decorator.py
[2023-03-24T02:36:21.382+0000] {processor.py:743} INFO - Processing file /home/airflow/.local/lib/python3.7/site-packages/airflow/example_dags/example_dag_decorator.py for tasks to queue
[2023-03-24T02:36:21.383+0000] {logging_mixin.py:137} INFO - [2023-03-24T02:36:21.383+0000] {dagbag.py:532} INFO - Filling up the DagBag from /home/airflow/.local/lib/python3.7/site-packages/airflow/example_dags/example_dag_decorator.py
[2023-03-24T02:36:21.395+0000] {logging_mixin.py:137} INFO - [2023-03-24T02:36:21.395+0000] {taskmixin.py:211} WARNING - Dependency <Task(_PythonDecoratedOperator): prepare_email>, send_email already registered for DAG: example_dag_decorator
[2023-03-24T02:36:21.396+0000] {logging_mixin.py:137} INFO - [2023-03-24T02:36:21.396+0000] {taskmixin.py:211} WARNING - Dependency <Task(EmailOperator): send_email>, prepare_email already registered for DAG: example_dag_decorator
[2023-03-24T02:36:21.405+0000] {processor.py:753} INFO - DAG(s) dict_keys(['example_dag_decorator']) retrieved from /home/airflow/.local/lib/python3.7/site-packages/airflow/example_dags/example_dag_decorator.py
[2023-03-24T02:36:21.462+0000] {logging_mixin.py:137} INFO - [2023-03-24T02:36:21.462+0000] {dag.py:2693} INFO - Sync 1 DAGs
[2023-03-24T02:36:21.487+0000] {logging_mixin.py:137} INFO - [2023-03-24T02:36:21.486+0000] {dag.py:3444} INFO - Setting next_dagrun for example_dag_decorator to None, run_after=None
[2023-03-24T02:36:21.504+0000] {processor.py:175} INFO - Processing /home/airflow/.local/lib/python3.7/site-packages/airflow/example_dags/example_dag_decorator.py took 0.125 seconds
[2023-03-24T02:36:52.036+0000] {processor.py:153} INFO - Started process (PID=414) to work on /home/airflow/.local/lib/python3.7/site-packages/airflow/example_dags/example_dag_decorator.py
[2023-03-24T02:36:52.037+0000] {processor.py:743} INFO - Processing file /home/airflow/.local/lib/python3.7/site-packages/airflow/example_dags/example_dag_decorator.py for tasks to queue
[2023-03-24T02:36:52.038+0000] {logging_mixin.py:137} INFO - [2023-03-24T02:36:52.038+0000] {dagbag.py:532} INFO - Filling up the DagBag from /home/airflow/.local/lib/python3.7/site-packages/airflow/example_dags/example_dag_decorator.py
[2023-03-24T02:36:52.065+0000] {logging_mixin.py:137} INFO - [2023-03-24T02:36:52.065+0000] {taskmixin.py:211} WARNING - Dependency <Task(_PythonDecoratedOperator): prepare_email>, send_email already registered for DAG: example_dag_decorator
[2023-03-24T02:36:52.065+0000] {logging_mixin.py:137} INFO - [2023-03-24T02:36:52.065+0000] {taskmixin.py:211} WARNING - Dependency <Task(EmailOperator): send_email>, prepare_email already registered for DAG: example_dag_decorator
[2023-03-24T02:36:52.081+0000] {processor.py:753} INFO - DAG(s) dict_keys(['example_dag_decorator']) retrieved from /home/airflow/.local/lib/python3.7/site-packages/airflow/example_dags/example_dag_decorator.py
[2023-03-24T02:36:52.137+0000] {logging_mixin.py:137} INFO - [2023-03-24T02:36:52.137+0000] {dag.py:2693} INFO - Sync 1 DAGs
[2023-03-24T02:36:52.159+0000] {logging_mixin.py:137} INFO - [2023-03-24T02:36:52.158+0000] {dag.py:3444} INFO - Setting next_dagrun for example_dag_decorator to None, run_after=None
[2023-03-24T02:36:52.178+0000] {processor.py:175} INFO - Processing /home/airflow/.local/lib/python3.7/site-packages/airflow/example_dags/example_dag_decorator.py took 0.146 seconds
[2023-03-24T02:37:22.582+0000] {processor.py:153} INFO - Started process (PID=463) to work on /home/airflow/.local/lib/python3.7/site-packages/airflow/example_dags/example_dag_decorator.py
[2023-03-24T02:37:22.583+0000] {processor.py:743} INFO - Processing file /home/airflow/.local/lib/python3.7/site-packages/airflow/example_dags/example_dag_decorator.py for tasks to queue
[2023-03-24T02:37:22.583+0000] {logging_mixin.py:137} INFO - [2023-03-24T02:37:22.583+0000] {dagbag.py:532} INFO - Filling up the DagBag from /home/airflow/.local/lib/python3.7/site-packages/airflow/example_dags/example_dag_decorator.py
[2023-03-24T02:37:22.596+0000] {logging_mixin.py:137} INFO - [2023-03-24T02:37:22.596+0000] {taskmixin.py:211} WARNING - Dependency <Task(_PythonDecoratedOperator): prepare_email>, send_email already registered for DAG: example_dag_decorator
[2023-03-24T02:37:22.596+0000] {logging_mixin.py:137} INFO - [2023-03-24T02:37:22.596+0000] {taskmixin.py:211} WARNING - Dependency <Task(EmailOperator): send_email>, prepare_email already registered for DAG: example_dag_decorator
[2023-03-24T02:37:22.605+0000] {processor.py:753} INFO - DAG(s) dict_keys(['example_dag_decorator']) retrieved from /home/airflow/.local/lib/python3.7/site-packages/airflow/example_dags/example_dag_decorator.py
[2023-03-24T02:37:22.667+0000] {logging_mixin.py:137} INFO - [2023-03-24T02:37:22.667+0000] {dag.py:2693} INFO - Sync 1 DAGs
[2023-03-24T02:37:22.688+0000] {logging_mixin.py:137} INFO - [2023-03-24T02:37:22.688+0000] {dag.py:3444} INFO - Setting next_dagrun for example_dag_decorator to None, run_after=None
[2023-03-24T02:37:22.709+0000] {processor.py:175} INFO - Processing /home/airflow/.local/lib/python3.7/site-packages/airflow/example_dags/example_dag_decorator.py took 0.129 seconds
[2023-03-24T02:37:53.260+0000] {processor.py:153} INFO - Started process (PID=512) to work on /home/airflow/.local/lib/python3.7/site-packages/airflow/example_dags/example_dag_decorator.py
[2023-03-24T02:37:53.261+0000] {processor.py:743} INFO - Processing file /home/airflow/.local/lib/python3.7/site-packages/airflow/example_dags/example_dag_decorator.py for tasks to queue
[2023-03-24T02:37:53.262+0000] {logging_mixin.py:137} INFO - [2023-03-24T02:37:53.262+0000] {dagbag.py:532} INFO - Filling up the DagBag from /home/airflow/.local/lib/python3.7/site-packages/airflow/example_dags/example_dag_decorator.py
[2023-03-24T02:37:53.285+0000] {logging_mixin.py:137} INFO - [2023-03-24T02:37:53.285+0000] {taskmixin.py:211} WARNING - Dependency <Task(_PythonDecoratedOperator): prepare_email>, send_email already registered for DAG: example_dag_decorator
[2023-03-24T02:37:53.286+0000] {logging_mixin.py:137} INFO - [2023-03-24T02:37:53.285+0000] {taskmixin.py:211} WARNING - Dependency <Task(EmailOperator): send_email>, prepare_email already registered for DAG: example_dag_decorator
[2023-03-24T02:37:53.301+0000] {processor.py:753} INFO - DAG(s) dict_keys(['example_dag_decorator']) retrieved from /home/airflow/.local/lib/python3.7/site-packages/airflow/example_dags/example_dag_decorator.py
[2023-03-24T02:37:53.361+0000] {logging_mixin.py:137} INFO - [2023-03-24T02:37:53.361+0000] {dag.py:2693} INFO - Sync 1 DAGs
[2023-03-24T02:37:53.383+0000] {logging_mixin.py:137} INFO - [2023-03-24T02:37:53.382+0000] {dag.py:3444} INFO - Setting next_dagrun for example_dag_decorator to None, run_after=None
[2023-03-24T02:37:53.401+0000] {processor.py:175} INFO - Processing /home/airflow/.local/lib/python3.7/site-packages/airflow/example_dags/example_dag_decorator.py took 0.145 seconds
[2023-03-24T02:38:24.010+0000] {processor.py:153} INFO - Started process (PID=561) to work on /home/airflow/.local/lib/python3.7/site-packages/airflow/example_dags/example_dag_decorator.py
[2023-03-24T02:38:24.011+0000] {processor.py:743} INFO - Processing file /home/airflow/.local/lib/python3.7/site-packages/airflow/example_dags/example_dag_decorator.py for tasks to queue
[2023-03-24T02:38:24.011+0000] {logging_mixin.py:137} INFO - [2023-03-24T02:38:24.011+0000] {dagbag.py:532} INFO - Filling up the DagBag from /home/airflow/.local/lib/python3.7/site-packages/airflow/example_dags/example_dag_decorator.py
[2023-03-24T02:38:24.026+0000] {logging_mixin.py:137} INFO - [2023-03-24T02:38:24.025+0000] {taskmixin.py:211} WARNING - Dependency <Task(_PythonDecoratedOperator): prepare_email>, send_email already registered for DAG: example_dag_decorator
[2023-03-24T02:38:24.026+0000] {logging_mixin.py:137} INFO - [2023-03-24T02:38:24.026+0000] {taskmixin.py:211} WARNING - Dependency <Task(EmailOperator): send_email>, prepare_email already registered for DAG: example_dag_decorator
[2023-03-24T02:38:24.035+0000] {processor.py:753} INFO - DAG(s) dict_keys(['example_dag_decorator']) retrieved from /home/airflow/.local/lib/python3.7/site-packages/airflow/example_dags/example_dag_decorator.py
[2023-03-24T02:38:24.112+0000] {logging_mixin.py:137} INFO - [2023-03-24T02:38:24.111+0000] {dag.py:2693} INFO - Sync 1 DAGs
[2023-03-24T02:38:24.135+0000] {logging_mixin.py:137} INFO - [2023-03-24T02:38:24.135+0000] {dag.py:3444} INFO - Setting next_dagrun for example_dag_decorator to None, run_after=None
[2023-03-24T02:38:24.156+0000] {processor.py:175} INFO - Processing /home/airflow/.local/lib/python3.7/site-packages/airflow/example_dags/example_dag_decorator.py took 0.148 seconds
