[2023-03-24T02:33:17.045+0000] {processor.py:153} INFO - Started process (PID=74) to work on /home/airflow/.local/lib/python3.7/site-packages/airflow/example_dags/example_sensors.py
[2023-03-24T02:33:17.046+0000] {processor.py:743} INFO - Processing file /home/airflow/.local/lib/python3.7/site-packages/airflow/example_dags/example_sensors.py for tasks to queue
[2023-03-24T02:33:17.046+0000] {logging_mixin.py:137} INFO - [2023-03-24T02:33:17.046+0000] {dagbag.py:532} INFO - Filling up the DagBag from /home/airflow/.local/lib/python3.7/site-packages/airflow/example_dags/example_sensors.py
[2023-03-24T02:33:17.069+0000] {processor.py:753} INFO - DAG(s) dict_keys(['example_sensors']) retrieved from /home/airflow/.local/lib/python3.7/site-packages/airflow/example_dags/example_sensors.py
[2023-03-24T02:33:17.083+0000] {logging_mixin.py:137} INFO - [2023-03-24T02:33:17.083+0000] {dag.py:2693} INFO - Sync 1 DAGs
[2023-03-24T02:33:17.118+0000] {logging_mixin.py:137} INFO - [2023-03-24T02:33:17.118+0000] {dag.py:3444} INFO - Setting next_dagrun for example_sensors to None, run_after=None
[2023-03-24T02:33:17.144+0000] {processor.py:175} INFO - Processing /home/airflow/.local/lib/python3.7/site-packages/airflow/example_dags/example_sensors.py took 0.102 seconds
[2023-03-24T02:33:47.543+0000] {processor.py:153} INFO - Started process (PID=123) to work on /home/airflow/.local/lib/python3.7/site-packages/airflow/example_dags/example_sensors.py
[2023-03-24T02:33:47.543+0000] {processor.py:743} INFO - Processing file /home/airflow/.local/lib/python3.7/site-packages/airflow/example_dags/example_sensors.py for tasks to queue
[2023-03-24T02:33:47.544+0000] {logging_mixin.py:137} INFO - [2023-03-24T02:33:47.544+0000] {dagbag.py:532} INFO - Filling up the DagBag from /home/airflow/.local/lib/python3.7/site-packages/airflow/example_dags/example_sensors.py
[2023-03-24T02:33:47.557+0000] {processor.py:753} INFO - DAG(s) dict_keys(['example_sensors']) retrieved from /home/airflow/.local/lib/python3.7/site-packages/airflow/example_dags/example_sensors.py
[2023-03-24T02:33:47.582+0000] {logging_mixin.py:137} INFO - [2023-03-24T02:33:47.582+0000] {dag.py:2693} INFO - Sync 1 DAGs
[2023-03-24T02:33:47.605+0000] {logging_mixin.py:137} INFO - [2023-03-24T02:33:47.605+0000] {dag.py:3444} INFO - Setting next_dagrun for example_sensors to None, run_after=None
[2023-03-24T02:33:47.634+0000] {processor.py:175} INFO - Processing /home/airflow/.local/lib/python3.7/site-packages/airflow/example_dags/example_sensors.py took 0.093 seconds
[2023-03-24T02:34:18.238+0000] {processor.py:153} INFO - Started process (PID=172) to work on /home/airflow/.local/lib/python3.7/site-packages/airflow/example_dags/example_sensors.py
[2023-03-24T02:34:18.239+0000] {processor.py:743} INFO - Processing file /home/airflow/.local/lib/python3.7/site-packages/airflow/example_dags/example_sensors.py for tasks to queue
[2023-03-24T02:34:18.240+0000] {logging_mixin.py:137} INFO - [2023-03-24T02:34:18.240+0000] {dagbag.py:532} INFO - Filling up the DagBag from /home/airflow/.local/lib/python3.7/site-packages/airflow/example_dags/example_sensors.py
[2023-03-24T02:34:18.274+0000] {processor.py:753} INFO - DAG(s) dict_keys(['example_sensors']) retrieved from /home/airflow/.local/lib/python3.7/site-packages/airflow/example_dags/example_sensors.py
[2023-03-24T02:34:18.296+0000] {logging_mixin.py:137} INFO - [2023-03-24T02:34:18.296+0000] {dag.py:2693} INFO - Sync 1 DAGs
[2023-03-24T02:34:18.318+0000] {logging_mixin.py:137} INFO - [2023-03-24T02:34:18.318+0000] {dag.py:3444} INFO - Setting next_dagrun for example_sensors to None, run_after=None
[2023-03-24T02:34:18.333+0000] {processor.py:175} INFO - Processing /home/airflow/.local/lib/python3.7/site-packages/airflow/example_dags/example_sensors.py took 0.100 seconds
[2023-03-24T02:34:49.090+0000] {processor.py:153} INFO - Started process (PID=222) to work on /home/airflow/.local/lib/python3.7/site-packages/airflow/example_dags/example_sensors.py
[2023-03-24T02:34:49.091+0000] {processor.py:743} INFO - Processing file /home/airflow/.local/lib/python3.7/site-packages/airflow/example_dags/example_sensors.py for tasks to queue
[2023-03-24T02:34:49.092+0000] {logging_mixin.py:137} INFO - [2023-03-24T02:34:49.092+0000] {dagbag.py:532} INFO - Filling up the DagBag from /home/airflow/.local/lib/python3.7/site-packages/airflow/example_dags/example_sensors.py
[2023-03-24T02:34:49.122+0000] {processor.py:753} INFO - DAG(s) dict_keys(['example_sensors']) retrieved from /home/airflow/.local/lib/python3.7/site-packages/airflow/example_dags/example_sensors.py
[2023-03-24T02:34:49.150+0000] {logging_mixin.py:137} INFO - [2023-03-24T02:34:49.150+0000] {dag.py:2693} INFO - Sync 1 DAGs
[2023-03-24T02:34:49.174+0000] {logging_mixin.py:137} INFO - [2023-03-24T02:34:49.174+0000] {dag.py:3444} INFO - Setting next_dagrun for example_sensors to None, run_after=None
[2023-03-24T02:34:49.196+0000] {processor.py:175} INFO - Processing /home/airflow/.local/lib/python3.7/site-packages/airflow/example_dags/example_sensors.py took 0.110 seconds
[2023-03-24T02:35:19.778+0000] {processor.py:153} INFO - Started process (PID=271) to work on /home/airflow/.local/lib/python3.7/site-packages/airflow/example_dags/example_sensors.py
[2023-03-24T02:35:19.779+0000] {processor.py:743} INFO - Processing file /home/airflow/.local/lib/python3.7/site-packages/airflow/example_dags/example_sensors.py for tasks to queue
[2023-03-24T02:35:19.779+0000] {logging_mixin.py:137} INFO - [2023-03-24T02:35:19.779+0000] {dagbag.py:532} INFO - Filling up the DagBag from /home/airflow/.local/lib/python3.7/site-packages/airflow/example_dags/example_sensors.py
[2023-03-24T02:35:19.793+0000] {processor.py:753} INFO - DAG(s) dict_keys(['example_sensors']) retrieved from /home/airflow/.local/lib/python3.7/site-packages/airflow/example_dags/example_sensors.py
[2023-03-24T02:35:19.829+0000] {logging_mixin.py:137} INFO - [2023-03-24T02:35:19.829+0000] {dag.py:2693} INFO - Sync 1 DAGs
[2023-03-24T02:35:19.852+0000] {logging_mixin.py:137} INFO - [2023-03-24T02:35:19.852+0000] {dag.py:3444} INFO - Setting next_dagrun for example_sensors to None, run_after=None
[2023-03-24T02:35:19.869+0000] {processor.py:175} INFO - Processing /home/airflow/.local/lib/python3.7/site-packages/airflow/example_dags/example_sensors.py took 0.093 seconds
[2023-03-24T02:35:50.864+0000] {processor.py:153} INFO - Started process (PID=320) to work on /home/airflow/.local/lib/python3.7/site-packages/airflow/example_dags/example_sensors.py
[2023-03-24T02:35:50.865+0000] {processor.py:743} INFO - Processing file /home/airflow/.local/lib/python3.7/site-packages/airflow/example_dags/example_sensors.py for tasks to queue
[2023-03-24T02:35:50.865+0000] {logging_mixin.py:137} INFO - [2023-03-24T02:35:50.865+0000] {dagbag.py:532} INFO - Filling up the DagBag from /home/airflow/.local/lib/python3.7/site-packages/airflow/example_dags/example_sensors.py
[2023-03-24T02:35:50.879+0000] {processor.py:753} INFO - DAG(s) dict_keys(['example_sensors']) retrieved from /home/airflow/.local/lib/python3.7/site-packages/airflow/example_dags/example_sensors.py
[2023-03-24T02:35:50.902+0000] {logging_mixin.py:137} INFO - [2023-03-24T02:35:50.902+0000] {dag.py:2693} INFO - Sync 1 DAGs
[2023-03-24T02:35:50.923+0000] {logging_mixin.py:137} INFO - [2023-03-24T02:35:50.923+0000] {dag.py:3444} INFO - Setting next_dagrun for example_sensors to None, run_after=None
[2023-03-24T02:35:50.939+0000] {processor.py:175} INFO - Processing /home/airflow/.local/lib/python3.7/site-packages/airflow/example_dags/example_sensors.py took 0.077 seconds
[2023-03-24T02:36:21.658+0000] {processor.py:153} INFO - Started process (PID=369) to work on /home/airflow/.local/lib/python3.7/site-packages/airflow/example_dags/example_sensors.py
[2023-03-24T02:36:21.659+0000] {processor.py:743} INFO - Processing file /home/airflow/.local/lib/python3.7/site-packages/airflow/example_dags/example_sensors.py for tasks to queue
[2023-03-24T02:36:21.660+0000] {logging_mixin.py:137} INFO - [2023-03-24T02:36:21.660+0000] {dagbag.py:532} INFO - Filling up the DagBag from /home/airflow/.local/lib/python3.7/site-packages/airflow/example_dags/example_sensors.py
[2023-03-24T02:36:21.694+0000] {processor.py:753} INFO - DAG(s) dict_keys(['example_sensors']) retrieved from /home/airflow/.local/lib/python3.7/site-packages/airflow/example_dags/example_sensors.py
[2023-03-24T02:36:21.719+0000] {logging_mixin.py:137} INFO - [2023-03-24T02:36:21.718+0000] {dag.py:2693} INFO - Sync 1 DAGs
[2023-03-24T02:36:21.741+0000] {logging_mixin.py:137} INFO - [2023-03-24T02:36:21.741+0000] {dag.py:3444} INFO - Setting next_dagrun for example_sensors to None, run_after=None
[2023-03-24T02:36:21.758+0000] {processor.py:175} INFO - Processing /home/airflow/.local/lib/python3.7/site-packages/airflow/example_dags/example_sensors.py took 0.105 seconds
[2023-03-24T02:36:52.323+0000] {processor.py:153} INFO - Started process (PID=418) to work on /home/airflow/.local/lib/python3.7/site-packages/airflow/example_dags/example_sensors.py
[2023-03-24T02:36:52.324+0000] {processor.py:743} INFO - Processing file /home/airflow/.local/lib/python3.7/site-packages/airflow/example_dags/example_sensors.py for tasks to queue
[2023-03-24T02:36:52.324+0000] {logging_mixin.py:137} INFO - [2023-03-24T02:36:52.324+0000] {dagbag.py:532} INFO - Filling up the DagBag from /home/airflow/.local/lib/python3.7/site-packages/airflow/example_dags/example_sensors.py
[2023-03-24T02:36:52.338+0000] {processor.py:753} INFO - DAG(s) dict_keys(['example_sensors']) retrieved from /home/airflow/.local/lib/python3.7/site-packages/airflow/example_dags/example_sensors.py
[2023-03-24T02:36:52.362+0000] {logging_mixin.py:137} INFO - [2023-03-24T02:36:52.362+0000] {dag.py:2693} INFO - Sync 1 DAGs
[2023-03-24T02:36:52.385+0000] {logging_mixin.py:137} INFO - [2023-03-24T02:36:52.384+0000] {dag.py:3444} INFO - Setting next_dagrun for example_sensors to None, run_after=None
[2023-03-24T02:36:52.402+0000] {processor.py:175} INFO - Processing /home/airflow/.local/lib/python3.7/site-packages/airflow/example_dags/example_sensors.py took 0.081 seconds
[2023-03-24T02:37:22.834+0000] {processor.py:153} INFO - Started process (PID=467) to work on /home/airflow/.local/lib/python3.7/site-packages/airflow/example_dags/example_sensors.py
[2023-03-24T02:37:22.835+0000] {processor.py:743} INFO - Processing file /home/airflow/.local/lib/python3.7/site-packages/airflow/example_dags/example_sensors.py for tasks to queue
[2023-03-24T02:37:22.835+0000] {logging_mixin.py:137} INFO - [2023-03-24T02:37:22.835+0000] {dagbag.py:532} INFO - Filling up the DagBag from /home/airflow/.local/lib/python3.7/site-packages/airflow/example_dags/example_sensors.py
[2023-03-24T02:37:22.864+0000] {processor.py:753} INFO - DAG(s) dict_keys(['example_sensors']) retrieved from /home/airflow/.local/lib/python3.7/site-packages/airflow/example_dags/example_sensors.py
[2023-03-24T02:37:22.892+0000] {logging_mixin.py:137} INFO - [2023-03-24T02:37:22.892+0000] {dag.py:2693} INFO - Sync 1 DAGs
[2023-03-24T02:37:22.917+0000] {logging_mixin.py:137} INFO - [2023-03-24T02:37:22.917+0000] {dag.py:3444} INFO - Setting next_dagrun for example_sensors to None, run_after=None
[2023-03-24T02:37:22.937+0000] {processor.py:175} INFO - Processing /home/airflow/.local/lib/python3.7/site-packages/airflow/example_dags/example_sensors.py took 0.107 seconds
[2023-03-24T02:37:53.524+0000] {processor.py:153} INFO - Started process (PID=516) to work on /home/airflow/.local/lib/python3.7/site-packages/airflow/example_dags/example_sensors.py
[2023-03-24T02:37:53.525+0000] {processor.py:743} INFO - Processing file /home/airflow/.local/lib/python3.7/site-packages/airflow/example_dags/example_sensors.py for tasks to queue
[2023-03-24T02:37:53.525+0000] {logging_mixin.py:137} INFO - [2023-03-24T02:37:53.525+0000] {dagbag.py:532} INFO - Filling up the DagBag from /home/airflow/.local/lib/python3.7/site-packages/airflow/example_dags/example_sensors.py
[2023-03-24T02:37:53.541+0000] {processor.py:753} INFO - DAG(s) dict_keys(['example_sensors']) retrieved from /home/airflow/.local/lib/python3.7/site-packages/airflow/example_dags/example_sensors.py
[2023-03-24T02:37:53.569+0000] {logging_mixin.py:137} INFO - [2023-03-24T02:37:53.569+0000] {dag.py:2693} INFO - Sync 1 DAGs
[2023-03-24T02:37:53.594+0000] {logging_mixin.py:137} INFO - [2023-03-24T02:37:53.594+0000] {dag.py:3444} INFO - Setting next_dagrun for example_sensors to None, run_after=None
[2023-03-24T02:37:53.614+0000] {processor.py:175} INFO - Processing /home/airflow/.local/lib/python3.7/site-packages/airflow/example_dags/example_sensors.py took 0.092 seconds
[2023-03-24T02:38:24.272+0000] {processor.py:153} INFO - Started process (PID=565) to work on /home/airflow/.local/lib/python3.7/site-packages/airflow/example_dags/example_sensors.py
[2023-03-24T02:38:24.272+0000] {processor.py:743} INFO - Processing file /home/airflow/.local/lib/python3.7/site-packages/airflow/example_dags/example_sensors.py for tasks to queue
[2023-03-24T02:38:24.273+0000] {logging_mixin.py:137} INFO - [2023-03-24T02:38:24.273+0000] {dagbag.py:532} INFO - Filling up the DagBag from /home/airflow/.local/lib/python3.7/site-packages/airflow/example_dags/example_sensors.py
[2023-03-24T02:38:24.287+0000] {processor.py:753} INFO - DAG(s) dict_keys(['example_sensors']) retrieved from /home/airflow/.local/lib/python3.7/site-packages/airflow/example_dags/example_sensors.py
[2023-03-24T02:38:24.313+0000] {logging_mixin.py:137} INFO - [2023-03-24T02:38:24.313+0000] {dag.py:2693} INFO - Sync 1 DAGs
[2023-03-24T02:38:24.336+0000] {logging_mixin.py:137} INFO - [2023-03-24T02:38:24.336+0000] {dag.py:3444} INFO - Setting next_dagrun for example_sensors to None, run_after=None
[2023-03-24T02:38:24.360+0000] {processor.py:175} INFO - Processing /home/airflow/.local/lib/python3.7/site-packages/airflow/example_dags/example_sensors.py took 0.090 seconds
