[2023-03-24T02:33:15.553+0000] {processor.py:153} INFO - Started process (PID=53) to work on /home/airflow/.local/lib/python3.7/site-packages/airflow/example_dags/example_datasets.py
[2023-03-24T02:33:15.553+0000] {processor.py:743} INFO - Processing file /home/airflow/.local/lib/python3.7/site-packages/airflow/example_dags/example_datasets.py for tasks to queue
[2023-03-24T02:33:15.554+0000] {logging_mixin.py:137} INFO - [2023-03-24T02:33:15.554+0000] {dagbag.py:532} INFO - Filling up the DagBag from /home/airflow/.local/lib/python3.7/site-packages/airflow/example_dags/example_datasets.py
[2023-03-24T02:33:15.568+0000] {processor.py:753} INFO - DAG(s) dict_keys(['dataset_consumes_1_and_2', 'dataset_consumes_1', 'dataset_produces_2', 'dataset_consumes_unknown_never_scheduled', 'dataset_consumes_1_never_scheduled', 'dataset_produces_1']) retrieved from /home/airflow/.local/lib/python3.7/site-packages/airflow/example_dags/example_datasets.py
[2023-03-24T02:33:15.584+0000] {logging_mixin.py:137} INFO - [2023-03-24T02:33:15.584+0000] {dag.py:2693} INFO - Sync 6 DAGs
[2023-03-24T02:33:15.609+0000] {logging_mixin.py:137} INFO - [2023-03-24T02:33:15.609+0000] {dag.py:3444} INFO - Setting next_dagrun for dataset_consumes_1 to None, run_after=None
[2023-03-24T02:33:15.613+0000] {logging_mixin.py:137} INFO - [2023-03-24T02:33:15.613+0000] {dag.py:3444} INFO - Setting next_dagrun for dataset_consumes_1_and_2 to None, run_after=None
[2023-03-24T02:33:15.614+0000] {logging_mixin.py:137} INFO - [2023-03-24T02:33:15.614+0000] {dag.py:3444} INFO - Setting next_dagrun for dataset_consumes_1_never_scheduled to None, run_after=None
[2023-03-24T02:33:15.616+0000] {logging_mixin.py:137} INFO - [2023-03-24T02:33:15.615+0000] {dag.py:3444} INFO - Setting next_dagrun for dataset_consumes_unknown_never_scheduled to None, run_after=None
[2023-03-24T02:33:15.618+0000] {logging_mixin.py:137} INFO - [2023-03-24T02:33:15.618+0000] {dag.py:3444} INFO - Setting next_dagrun for dataset_produces_1 to 2023-03-23T00:00:00+00:00, run_after=2023-03-24T00:00:00+00:00
[2023-03-24T02:33:15.620+0000] {logging_mixin.py:137} INFO - [2023-03-24T02:33:15.619+0000] {dag.py:3444} INFO - Setting next_dagrun for dataset_produces_2 to None, run_after=None
[2023-03-24T02:33:15.660+0000] {processor.py:175} INFO - Processing /home/airflow/.local/lib/python3.7/site-packages/airflow/example_dags/example_datasets.py took 0.110 seconds
[2023-03-24T02:33:46.321+0000] {processor.py:153} INFO - Started process (PID=102) to work on /home/airflow/.local/lib/python3.7/site-packages/airflow/example_dags/example_datasets.py
[2023-03-24T02:33:46.322+0000] {processor.py:743} INFO - Processing file /home/airflow/.local/lib/python3.7/site-packages/airflow/example_dags/example_datasets.py for tasks to queue
[2023-03-24T02:33:46.323+0000] {logging_mixin.py:137} INFO - [2023-03-24T02:33:46.323+0000] {dagbag.py:532} INFO - Filling up the DagBag from /home/airflow/.local/lib/python3.7/site-packages/airflow/example_dags/example_datasets.py
[2023-03-24T02:33:46.351+0000] {processor.py:753} INFO - DAG(s) dict_keys(['dataset_consumes_unknown_never_scheduled', 'dataset_produces_2', 'dataset_consumes_1_and_2', 'dataset_consumes_1', 'dataset_produces_1', 'dataset_consumes_1_never_scheduled']) retrieved from /home/airflow/.local/lib/python3.7/site-packages/airflow/example_dags/example_datasets.py
[2023-03-24T02:33:46.445+0000] {logging_mixin.py:137} INFO - [2023-03-24T02:33:46.444+0000] {dag.py:2693} INFO - Sync 6 DAGs
[2023-03-24T02:33:46.467+0000] {logging_mixin.py:137} INFO - [2023-03-24T02:33:46.467+0000] {dag.py:3444} INFO - Setting next_dagrun for dataset_consumes_1 to None, run_after=None
[2023-03-24T02:33:46.470+0000] {logging_mixin.py:137} INFO - [2023-03-24T02:33:46.470+0000] {dag.py:3444} INFO - Setting next_dagrun for dataset_consumes_1_and_2 to None, run_after=None
[2023-03-24T02:33:46.471+0000] {logging_mixin.py:137} INFO - [2023-03-24T02:33:46.471+0000] {dag.py:3444} INFO - Setting next_dagrun for dataset_consumes_1_never_scheduled to None, run_after=None
[2023-03-24T02:33:46.472+0000] {logging_mixin.py:137} INFO - [2023-03-24T02:33:46.472+0000] {dag.py:3444} INFO - Setting next_dagrun for dataset_consumes_unknown_never_scheduled to None, run_after=None
[2023-03-24T02:33:46.475+0000] {logging_mixin.py:137} INFO - [2023-03-24T02:33:46.474+0000] {dag.py:3444} INFO - Setting next_dagrun for dataset_produces_1 to 2023-03-23T00:00:00+00:00, run_after=2023-03-24T00:00:00+00:00
[2023-03-24T02:33:46.476+0000] {logging_mixin.py:137} INFO - [2023-03-24T02:33:46.476+0000] {dag.py:3444} INFO - Setting next_dagrun for dataset_produces_2 to None, run_after=None
[2023-03-24T02:33:46.509+0000] {processor.py:175} INFO - Processing /home/airflow/.local/lib/python3.7/site-packages/airflow/example_dags/example_datasets.py took 0.192 seconds
[2023-03-24T02:34:16.968+0000] {processor.py:153} INFO - Started process (PID=151) to work on /home/airflow/.local/lib/python3.7/site-packages/airflow/example_dags/example_datasets.py
[2023-03-24T02:34:16.968+0000] {processor.py:743} INFO - Processing file /home/airflow/.local/lib/python3.7/site-packages/airflow/example_dags/example_datasets.py for tasks to queue
[2023-03-24T02:34:16.969+0000] {logging_mixin.py:137} INFO - [2023-03-24T02:34:16.968+0000] {dagbag.py:532} INFO - Filling up the DagBag from /home/airflow/.local/lib/python3.7/site-packages/airflow/example_dags/example_datasets.py
[2023-03-24T02:34:16.981+0000] {processor.py:753} INFO - DAG(s) dict_keys(['dataset_consumes_1_and_2', 'dataset_consumes_1', 'dataset_produces_1', 'dataset_consumes_1_never_scheduled', 'dataset_produces_2', 'dataset_consumes_unknown_never_scheduled']) retrieved from /home/airflow/.local/lib/python3.7/site-packages/airflow/example_dags/example_datasets.py
[2023-03-24T02:34:17.014+0000] {logging_mixin.py:137} INFO - [2023-03-24T02:34:17.014+0000] {dag.py:2693} INFO - Sync 6 DAGs
[2023-03-24T02:34:17.036+0000] {logging_mixin.py:137} INFO - [2023-03-24T02:34:17.036+0000] {dag.py:3444} INFO - Setting next_dagrun for dataset_consumes_1 to None, run_after=None
[2023-03-24T02:34:17.039+0000] {logging_mixin.py:137} INFO - [2023-03-24T02:34:17.039+0000] {dag.py:3444} INFO - Setting next_dagrun for dataset_consumes_1_and_2 to None, run_after=None
[2023-03-24T02:34:17.040+0000] {logging_mixin.py:137} INFO - [2023-03-24T02:34:17.040+0000] {dag.py:3444} INFO - Setting next_dagrun for dataset_consumes_1_never_scheduled to None, run_after=None
[2023-03-24T02:34:17.042+0000] {logging_mixin.py:137} INFO - [2023-03-24T02:34:17.042+0000] {dag.py:3444} INFO - Setting next_dagrun for dataset_consumes_unknown_never_scheduled to None, run_after=None
[2023-03-24T02:34:17.045+0000] {logging_mixin.py:137} INFO - [2023-03-24T02:34:17.045+0000] {dag.py:3444} INFO - Setting next_dagrun for dataset_produces_1 to 2023-03-23T00:00:00+00:00, run_after=2023-03-24T00:00:00+00:00
[2023-03-24T02:34:17.046+0000] {logging_mixin.py:137} INFO - [2023-03-24T02:34:17.046+0000] {dag.py:3444} INFO - Setting next_dagrun for dataset_produces_2 to None, run_after=None
[2023-03-24T02:34:17.078+0000] {processor.py:175} INFO - Processing /home/airflow/.local/lib/python3.7/site-packages/airflow/example_dags/example_datasets.py took 0.112 seconds
[2023-03-24T02:34:47.627+0000] {processor.py:153} INFO - Started process (PID=201) to work on /home/airflow/.local/lib/python3.7/site-packages/airflow/example_dags/example_datasets.py
[2023-03-24T02:34:47.627+0000] {processor.py:743} INFO - Processing file /home/airflow/.local/lib/python3.7/site-packages/airflow/example_dags/example_datasets.py for tasks to queue
[2023-03-24T02:34:47.628+0000] {logging_mixin.py:137} INFO - [2023-03-24T02:34:47.628+0000] {dagbag.py:532} INFO - Filling up the DagBag from /home/airflow/.local/lib/python3.7/site-packages/airflow/example_dags/example_datasets.py
[2023-03-24T02:34:47.639+0000] {processor.py:753} INFO - DAG(s) dict_keys(['dataset_consumes_1', 'dataset_produces_1', 'dataset_consumes_unknown_never_scheduled', 'dataset_produces_2', 'dataset_consumes_1_and_2', 'dataset_consumes_1_never_scheduled']) retrieved from /home/airflow/.local/lib/python3.7/site-packages/airflow/example_dags/example_datasets.py
[2023-03-24T02:34:47.672+0000] {logging_mixin.py:137} INFO - [2023-03-24T02:34:47.672+0000] {dag.py:2693} INFO - Sync 6 DAGs
[2023-03-24T02:34:47.706+0000] {logging_mixin.py:137} INFO - [2023-03-24T02:34:47.706+0000] {dag.py:3444} INFO - Setting next_dagrun for dataset_consumes_1 to None, run_after=None
[2023-03-24T02:34:47.709+0000] {logging_mixin.py:137} INFO - [2023-03-24T02:34:47.709+0000] {dag.py:3444} INFO - Setting next_dagrun for dataset_consumes_1_and_2 to None, run_after=None
[2023-03-24T02:34:47.710+0000] {logging_mixin.py:137} INFO - [2023-03-24T02:34:47.710+0000] {dag.py:3444} INFO - Setting next_dagrun for dataset_consumes_1_never_scheduled to None, run_after=None
[2023-03-24T02:34:47.711+0000] {logging_mixin.py:137} INFO - [2023-03-24T02:34:47.711+0000] {dag.py:3444} INFO - Setting next_dagrun for dataset_consumes_unknown_never_scheduled to None, run_after=None
[2023-03-24T02:34:47.713+0000] {logging_mixin.py:137} INFO - [2023-03-24T02:34:47.713+0000] {dag.py:3444} INFO - Setting next_dagrun for dataset_produces_1 to 2023-03-23T00:00:00+00:00, run_after=2023-03-24T00:00:00+00:00
[2023-03-24T02:34:47.714+0000] {logging_mixin.py:137} INFO - [2023-03-24T02:34:47.714+0000] {dag.py:3444} INFO - Setting next_dagrun for dataset_produces_2 to None, run_after=None
[2023-03-24T02:34:47.746+0000] {processor.py:175} INFO - Processing /home/airflow/.local/lib/python3.7/site-packages/airflow/example_dags/example_datasets.py took 0.121 seconds
[2023-03-24T02:35:18.312+0000] {processor.py:153} INFO - Started process (PID=250) to work on /home/airflow/.local/lib/python3.7/site-packages/airflow/example_dags/example_datasets.py
[2023-03-24T02:35:18.312+0000] {processor.py:743} INFO - Processing file /home/airflow/.local/lib/python3.7/site-packages/airflow/example_dags/example_datasets.py for tasks to queue
[2023-03-24T02:35:18.313+0000] {logging_mixin.py:137} INFO - [2023-03-24T02:35:18.313+0000] {dagbag.py:532} INFO - Filling up the DagBag from /home/airflow/.local/lib/python3.7/site-packages/airflow/example_dags/example_datasets.py
[2023-03-24T02:35:18.325+0000] {processor.py:753} INFO - DAG(s) dict_keys(['dataset_produces_2', 'dataset_produces_1', 'dataset_consumes_unknown_never_scheduled', 'dataset_consumes_1', 'dataset_consumes_1_never_scheduled', 'dataset_consumes_1_and_2']) retrieved from /home/airflow/.local/lib/python3.7/site-packages/airflow/example_dags/example_datasets.py
[2023-03-24T02:35:18.363+0000] {logging_mixin.py:137} INFO - [2023-03-24T02:35:18.362+0000] {dag.py:2693} INFO - Sync 6 DAGs
[2023-03-24T02:35:18.387+0000] {logging_mixin.py:137} INFO - [2023-03-24T02:35:18.387+0000] {dag.py:3444} INFO - Setting next_dagrun for dataset_consumes_1 to None, run_after=None
[2023-03-24T02:35:18.391+0000] {logging_mixin.py:137} INFO - [2023-03-24T02:35:18.391+0000] {dag.py:3444} INFO - Setting next_dagrun for dataset_consumes_1_and_2 to None, run_after=None
[2023-03-24T02:35:18.392+0000] {logging_mixin.py:137} INFO - [2023-03-24T02:35:18.392+0000] {dag.py:3444} INFO - Setting next_dagrun for dataset_consumes_1_never_scheduled to None, run_after=None
[2023-03-24T02:35:18.393+0000] {logging_mixin.py:137} INFO - [2023-03-24T02:35:18.393+0000] {dag.py:3444} INFO - Setting next_dagrun for dataset_consumes_unknown_never_scheduled to None, run_after=None
[2023-03-24T02:35:18.396+0000] {logging_mixin.py:137} INFO - [2023-03-24T02:35:18.396+0000] {dag.py:3444} INFO - Setting next_dagrun for dataset_produces_1 to 2023-03-23T00:00:00+00:00, run_after=2023-03-24T00:00:00+00:00
[2023-03-24T02:35:18.397+0000] {logging_mixin.py:137} INFO - [2023-03-24T02:35:18.397+0000] {dag.py:3444} INFO - Setting next_dagrun for dataset_produces_2 to None, run_after=None
[2023-03-24T02:35:18.432+0000] {processor.py:175} INFO - Processing /home/airflow/.local/lib/python3.7/site-packages/airflow/example_dags/example_datasets.py took 0.122 seconds
[2023-03-24T02:35:49.356+0000] {processor.py:153} INFO - Started process (PID=299) to work on /home/airflow/.local/lib/python3.7/site-packages/airflow/example_dags/example_datasets.py
[2023-03-24T02:35:49.357+0000] {processor.py:743} INFO - Processing file /home/airflow/.local/lib/python3.7/site-packages/airflow/example_dags/example_datasets.py for tasks to queue
[2023-03-24T02:35:49.358+0000] {logging_mixin.py:137} INFO - [2023-03-24T02:35:49.358+0000] {dagbag.py:532} INFO - Filling up the DagBag from /home/airflow/.local/lib/python3.7/site-packages/airflow/example_dags/example_datasets.py
[2023-03-24T02:35:49.386+0000] {processor.py:753} INFO - DAG(s) dict_keys(['dataset_consumes_unknown_never_scheduled', 'dataset_consumes_1', 'dataset_consumes_1_and_2', 'dataset_consumes_1_never_scheduled', 'dataset_produces_1', 'dataset_produces_2']) retrieved from /home/airflow/.local/lib/python3.7/site-packages/airflow/example_dags/example_datasets.py
[2023-03-24T02:35:49.424+0000] {logging_mixin.py:137} INFO - [2023-03-24T02:35:49.424+0000] {dag.py:2693} INFO - Sync 6 DAGs
[2023-03-24T02:35:49.449+0000] {logging_mixin.py:137} INFO - [2023-03-24T02:35:49.449+0000] {dag.py:3444} INFO - Setting next_dagrun for dataset_consumes_1 to None, run_after=None
[2023-03-24T02:35:49.452+0000] {logging_mixin.py:137} INFO - [2023-03-24T02:35:49.452+0000] {dag.py:3444} INFO - Setting next_dagrun for dataset_consumes_1_and_2 to None, run_after=None
[2023-03-24T02:35:49.453+0000] {logging_mixin.py:137} INFO - [2023-03-24T02:35:49.453+0000] {dag.py:3444} INFO - Setting next_dagrun for dataset_consumes_1_never_scheduled to None, run_after=None
[2023-03-24T02:35:49.454+0000] {logging_mixin.py:137} INFO - [2023-03-24T02:35:49.454+0000] {dag.py:3444} INFO - Setting next_dagrun for dataset_consumes_unknown_never_scheduled to None, run_after=None
[2023-03-24T02:35:49.457+0000] {logging_mixin.py:137} INFO - [2023-03-24T02:35:49.457+0000] {dag.py:3444} INFO - Setting next_dagrun for dataset_produces_1 to 2023-03-23T00:00:00+00:00, run_after=2023-03-24T00:00:00+00:00
[2023-03-24T02:35:49.458+0000] {logging_mixin.py:137} INFO - [2023-03-24T02:35:49.458+0000] {dag.py:3444} INFO - Setting next_dagrun for dataset_produces_2 to None, run_after=None
[2023-03-24T02:35:49.488+0000] {processor.py:175} INFO - Processing /home/airflow/.local/lib/python3.7/site-packages/airflow/example_dags/example_datasets.py took 0.136 seconds
[2023-03-24T02:36:20.187+0000] {processor.py:153} INFO - Started process (PID=348) to work on /home/airflow/.local/lib/python3.7/site-packages/airflow/example_dags/example_datasets.py
[2023-03-24T02:36:20.188+0000] {processor.py:743} INFO - Processing file /home/airflow/.local/lib/python3.7/site-packages/airflow/example_dags/example_datasets.py for tasks to queue
[2023-03-24T02:36:20.189+0000] {logging_mixin.py:137} INFO - [2023-03-24T02:36:20.189+0000] {dagbag.py:532} INFO - Filling up the DagBag from /home/airflow/.local/lib/python3.7/site-packages/airflow/example_dags/example_datasets.py
[2023-03-24T02:36:20.217+0000] {processor.py:753} INFO - DAG(s) dict_keys(['dataset_consumes_1_never_scheduled', 'dataset_consumes_1_and_2', 'dataset_produces_2', 'dataset_consumes_unknown_never_scheduled', 'dataset_produces_1', 'dataset_consumes_1']) retrieved from /home/airflow/.local/lib/python3.7/site-packages/airflow/example_dags/example_datasets.py
[2023-03-24T02:36:20.254+0000] {logging_mixin.py:137} INFO - [2023-03-24T02:36:20.254+0000] {dag.py:2693} INFO - Sync 6 DAGs
[2023-03-24T02:36:20.275+0000] {logging_mixin.py:137} INFO - [2023-03-24T02:36:20.275+0000] {dag.py:3444} INFO - Setting next_dagrun for dataset_consumes_1 to None, run_after=None
[2023-03-24T02:36:20.278+0000] {logging_mixin.py:137} INFO - [2023-03-24T02:36:20.278+0000] {dag.py:3444} INFO - Setting next_dagrun for dataset_consumes_1_and_2 to None, run_after=None
[2023-03-24T02:36:20.279+0000] {logging_mixin.py:137} INFO - [2023-03-24T02:36:20.279+0000] {dag.py:3444} INFO - Setting next_dagrun for dataset_consumes_1_never_scheduled to None, run_after=None
[2023-03-24T02:36:20.280+0000] {logging_mixin.py:137} INFO - [2023-03-24T02:36:20.280+0000] {dag.py:3444} INFO - Setting next_dagrun for dataset_consumes_unknown_never_scheduled to None, run_after=None
[2023-03-24T02:36:20.282+0000] {logging_mixin.py:137} INFO - [2023-03-24T02:36:20.282+0000] {dag.py:3444} INFO - Setting next_dagrun for dataset_produces_1 to 2023-03-23T00:00:00+00:00, run_after=2023-03-24T00:00:00+00:00
[2023-03-24T02:36:20.283+0000] {logging_mixin.py:137} INFO - [2023-03-24T02:36:20.283+0000] {dag.py:3444} INFO - Setting next_dagrun for dataset_produces_2 to None, run_after=None
[2023-03-24T02:36:20.320+0000] {processor.py:175} INFO - Processing /home/airflow/.local/lib/python3.7/site-packages/airflow/example_dags/example_datasets.py took 0.138 seconds
[2023-03-24T02:36:50.983+0000] {processor.py:153} INFO - Started process (PID=397) to work on /home/airflow/.local/lib/python3.7/site-packages/airflow/example_dags/example_datasets.py
[2023-03-24T02:36:50.984+0000] {processor.py:743} INFO - Processing file /home/airflow/.local/lib/python3.7/site-packages/airflow/example_dags/example_datasets.py for tasks to queue
[2023-03-24T02:36:50.985+0000] {logging_mixin.py:137} INFO - [2023-03-24T02:36:50.985+0000] {dagbag.py:532} INFO - Filling up the DagBag from /home/airflow/.local/lib/python3.7/site-packages/airflow/example_dags/example_datasets.py
[2023-03-24T02:36:51.011+0000] {processor.py:753} INFO - DAG(s) dict_keys(['dataset_consumes_unknown_never_scheduled', 'dataset_consumes_1', 'dataset_produces_2', 'dataset_consumes_1_and_2', 'dataset_produces_1', 'dataset_consumes_1_never_scheduled']) retrieved from /home/airflow/.local/lib/python3.7/site-packages/airflow/example_dags/example_datasets.py
[2023-03-24T02:36:51.056+0000] {logging_mixin.py:137} INFO - [2023-03-24T02:36:51.056+0000] {dag.py:2693} INFO - Sync 6 DAGs
[2023-03-24T02:36:51.081+0000] {logging_mixin.py:137} INFO - [2023-03-24T02:36:51.081+0000] {dag.py:3444} INFO - Setting next_dagrun for dataset_consumes_1 to None, run_after=None
[2023-03-24T02:36:51.085+0000] {logging_mixin.py:137} INFO - [2023-03-24T02:36:51.085+0000] {dag.py:3444} INFO - Setting next_dagrun for dataset_consumes_1_and_2 to None, run_after=None
[2023-03-24T02:36:51.087+0000] {logging_mixin.py:137} INFO - [2023-03-24T02:36:51.087+0000] {dag.py:3444} INFO - Setting next_dagrun for dataset_consumes_1_never_scheduled to None, run_after=None
[2023-03-24T02:36:51.088+0000] {logging_mixin.py:137} INFO - [2023-03-24T02:36:51.088+0000] {dag.py:3444} INFO - Setting next_dagrun for dataset_consumes_unknown_never_scheduled to None, run_after=None
[2023-03-24T02:36:51.091+0000] {logging_mixin.py:137} INFO - [2023-03-24T02:36:51.091+0000] {dag.py:3444} INFO - Setting next_dagrun for dataset_produces_1 to 2023-03-23T00:00:00+00:00, run_after=2023-03-24T00:00:00+00:00
[2023-03-24T02:36:51.092+0000] {logging_mixin.py:137} INFO - [2023-03-24T02:36:51.092+0000] {dag.py:3444} INFO - Setting next_dagrun for dataset_produces_2 to None, run_after=None
[2023-03-24T02:36:51.124+0000] {processor.py:175} INFO - Processing /home/airflow/.local/lib/python3.7/site-packages/airflow/example_dags/example_datasets.py took 0.146 seconds
[2023-03-24T02:37:21.564+0000] {processor.py:153} INFO - Started process (PID=446) to work on /home/airflow/.local/lib/python3.7/site-packages/airflow/example_dags/example_datasets.py
[2023-03-24T02:37:21.565+0000] {processor.py:743} INFO - Processing file /home/airflow/.local/lib/python3.7/site-packages/airflow/example_dags/example_datasets.py for tasks to queue
[2023-03-24T02:37:21.565+0000] {logging_mixin.py:137} INFO - [2023-03-24T02:37:21.565+0000] {dagbag.py:532} INFO - Filling up the DagBag from /home/airflow/.local/lib/python3.7/site-packages/airflow/example_dags/example_datasets.py
[2023-03-24T02:37:21.577+0000] {processor.py:753} INFO - DAG(s) dict_keys(['dataset_consumes_unknown_never_scheduled', 'dataset_consumes_1_never_scheduled', 'dataset_consumes_1', 'dataset_produces_1', 'dataset_consumes_1_and_2', 'dataset_produces_2']) retrieved from /home/airflow/.local/lib/python3.7/site-packages/airflow/example_dags/example_datasets.py
[2023-03-24T02:37:21.635+0000] {logging_mixin.py:137} INFO - [2023-03-24T02:37:21.635+0000] {dag.py:2693} INFO - Sync 6 DAGs
[2023-03-24T02:37:21.663+0000] {logging_mixin.py:137} INFO - [2023-03-24T02:37:21.663+0000] {dag.py:3444} INFO - Setting next_dagrun for dataset_consumes_1 to None, run_after=None
[2023-03-24T02:37:21.666+0000] {logging_mixin.py:137} INFO - [2023-03-24T02:37:21.666+0000] {dag.py:3444} INFO - Setting next_dagrun for dataset_consumes_1_and_2 to None, run_after=None
[2023-03-24T02:37:21.667+0000] {logging_mixin.py:137} INFO - [2023-03-24T02:37:21.667+0000] {dag.py:3444} INFO - Setting next_dagrun for dataset_consumes_1_never_scheduled to None, run_after=None
[2023-03-24T02:37:21.669+0000] {logging_mixin.py:137} INFO - [2023-03-24T02:37:21.668+0000] {dag.py:3444} INFO - Setting next_dagrun for dataset_consumes_unknown_never_scheduled to None, run_after=None
[2023-03-24T02:37:21.671+0000] {logging_mixin.py:137} INFO - [2023-03-24T02:37:21.671+0000] {dag.py:3444} INFO - Setting next_dagrun for dataset_produces_1 to 2023-03-23T00:00:00+00:00, run_after=2023-03-24T00:00:00+00:00
[2023-03-24T02:37:21.673+0000] {logging_mixin.py:137} INFO - [2023-03-24T02:37:21.673+0000] {dag.py:3444} INFO - Setting next_dagrun for dataset_produces_2 to None, run_after=None
[2023-03-24T02:37:21.707+0000] {processor.py:175} INFO - Processing /home/airflow/.local/lib/python3.7/site-packages/airflow/example_dags/example_datasets.py took 0.145 seconds
[2023-03-24T02:37:52.202+0000] {processor.py:153} INFO - Started process (PID=495) to work on /home/airflow/.local/lib/python3.7/site-packages/airflow/example_dags/example_datasets.py
[2023-03-24T02:37:52.203+0000] {processor.py:743} INFO - Processing file /home/airflow/.local/lib/python3.7/site-packages/airflow/example_dags/example_datasets.py for tasks to queue
[2023-03-24T02:37:52.203+0000] {logging_mixin.py:137} INFO - [2023-03-24T02:37:52.203+0000] {dagbag.py:532} INFO - Filling up the DagBag from /home/airflow/.local/lib/python3.7/site-packages/airflow/example_dags/example_datasets.py
[2023-03-24T02:37:52.217+0000] {processor.py:753} INFO - DAG(s) dict_keys(['dataset_consumes_1_never_scheduled', 'dataset_consumes_1_and_2', 'dataset_produces_2', 'dataset_produces_1', 'dataset_consumes_unknown_never_scheduled', 'dataset_consumes_1']) retrieved from /home/airflow/.local/lib/python3.7/site-packages/airflow/example_dags/example_datasets.py
[2023-03-24T02:37:52.259+0000] {logging_mixin.py:137} INFO - [2023-03-24T02:37:52.259+0000] {dag.py:2693} INFO - Sync 6 DAGs
[2023-03-24T02:37:52.288+0000] {logging_mixin.py:137} INFO - [2023-03-24T02:37:52.288+0000] {dag.py:3444} INFO - Setting next_dagrun for dataset_consumes_1 to None, run_after=None
[2023-03-24T02:37:52.292+0000] {logging_mixin.py:137} INFO - [2023-03-24T02:37:52.291+0000] {dag.py:3444} INFO - Setting next_dagrun for dataset_consumes_1_and_2 to None, run_after=None
[2023-03-24T02:37:52.293+0000] {logging_mixin.py:137} INFO - [2023-03-24T02:37:52.293+0000] {dag.py:3444} INFO - Setting next_dagrun for dataset_consumes_1_never_scheduled to None, run_after=None
[2023-03-24T02:37:52.294+0000] {logging_mixin.py:137} INFO - [2023-03-24T02:37:52.293+0000] {dag.py:3444} INFO - Setting next_dagrun for dataset_consumes_unknown_never_scheduled to None, run_after=None
[2023-03-24T02:37:52.296+0000] {logging_mixin.py:137} INFO - [2023-03-24T02:37:52.296+0000] {dag.py:3444} INFO - Setting next_dagrun for dataset_produces_1 to 2023-03-23T00:00:00+00:00, run_after=2023-03-24T00:00:00+00:00
[2023-03-24T02:37:52.297+0000] {logging_mixin.py:137} INFO - [2023-03-24T02:37:52.297+0000] {dag.py:3444} INFO - Setting next_dagrun for dataset_produces_2 to None, run_after=None
[2023-03-24T02:37:52.333+0000] {processor.py:175} INFO - Processing /home/airflow/.local/lib/python3.7/site-packages/airflow/example_dags/example_datasets.py took 0.133 seconds
[2023-03-24T02:38:22.876+0000] {processor.py:153} INFO - Started process (PID=544) to work on /home/airflow/.local/lib/python3.7/site-packages/airflow/example_dags/example_datasets.py
[2023-03-24T02:38:22.877+0000] {processor.py:743} INFO - Processing file /home/airflow/.local/lib/python3.7/site-packages/airflow/example_dags/example_datasets.py for tasks to queue
[2023-03-24T02:38:22.877+0000] {logging_mixin.py:137} INFO - [2023-03-24T02:38:22.877+0000] {dagbag.py:532} INFO - Filling up the DagBag from /home/airflow/.local/lib/python3.7/site-packages/airflow/example_dags/example_datasets.py
[2023-03-24T02:38:22.890+0000] {processor.py:753} INFO - DAG(s) dict_keys(['dataset_consumes_1_and_2', 'dataset_produces_1', 'dataset_consumes_unknown_never_scheduled', 'dataset_consumes_1', 'dataset_produces_2', 'dataset_consumes_1_never_scheduled']) retrieved from /home/airflow/.local/lib/python3.7/site-packages/airflow/example_dags/example_datasets.py
[2023-03-24T02:38:22.930+0000] {logging_mixin.py:137} INFO - [2023-03-24T02:38:22.930+0000] {dag.py:2693} INFO - Sync 6 DAGs
[2023-03-24T02:38:22.955+0000] {logging_mixin.py:137} INFO - [2023-03-24T02:38:22.955+0000] {dag.py:3444} INFO - Setting next_dagrun for dataset_consumes_1 to None, run_after=None
[2023-03-24T02:38:22.958+0000] {logging_mixin.py:137} INFO - [2023-03-24T02:38:22.958+0000] {dag.py:3444} INFO - Setting next_dagrun for dataset_consumes_1_and_2 to None, run_after=None
[2023-03-24T02:38:22.960+0000] {logging_mixin.py:137} INFO - [2023-03-24T02:38:22.960+0000] {dag.py:3444} INFO - Setting next_dagrun for dataset_consumes_1_never_scheduled to None, run_after=None
[2023-03-24T02:38:22.961+0000] {logging_mixin.py:137} INFO - [2023-03-24T02:38:22.961+0000] {dag.py:3444} INFO - Setting next_dagrun for dataset_consumes_unknown_never_scheduled to None, run_after=None
[2023-03-24T02:38:22.963+0000] {logging_mixin.py:137} INFO - [2023-03-24T02:38:22.963+0000] {dag.py:3444} INFO - Setting next_dagrun for dataset_produces_1 to 2023-03-23T00:00:00+00:00, run_after=2023-03-24T00:00:00+00:00
[2023-03-24T02:38:22.965+0000] {logging_mixin.py:137} INFO - [2023-03-24T02:38:22.965+0000] {dag.py:3444} INFO - Setting next_dagrun for dataset_produces_2 to None, run_after=None
[2023-03-24T02:38:22.999+0000] {processor.py:175} INFO - Processing /home/airflow/.local/lib/python3.7/site-packages/airflow/example_dags/example_datasets.py took 0.125 seconds
