[2023-03-24T02:33:15.332+0000] {processor.py:153} INFO - Started process (PID=49) to work on /home/airflow/.local/lib/python3.7/site-packages/airflow/example_dags/example_latest_only_with_trigger.py
[2023-03-24T02:33:15.332+0000] {processor.py:743} INFO - Processing file /home/airflow/.local/lib/python3.7/site-packages/airflow/example_dags/example_latest_only_with_trigger.py for tasks to queue
[2023-03-24T02:33:15.333+0000] {logging_mixin.py:137} INFO - [2023-03-24T02:33:15.333+0000] {dagbag.py:532} INFO - Filling up the DagBag from /home/airflow/.local/lib/python3.7/site-packages/airflow/example_dags/example_latest_only_with_trigger.py
[2023-03-24T02:33:15.346+0000] {processor.py:753} INFO - DAG(s) dict_keys(['latest_only_with_trigger']) retrieved from /home/airflow/.local/lib/python3.7/site-packages/airflow/example_dags/example_latest_only_with_trigger.py
[2023-03-24T02:33:15.359+0000] {logging_mixin.py:137} INFO - [2023-03-24T02:33:15.359+0000] {dag.py:2693} INFO - Sync 1 DAGs
[2023-03-24T02:33:15.399+0000] {logging_mixin.py:137} INFO - [2023-03-24T02:33:15.398+0000] {dag.py:3444} INFO - Setting next_dagrun for latest_only_with_trigger to 2023-03-23T22:33:15.398627+00:00, run_after=2023-03-24T02:33:15.398627+00:00
[2023-03-24T02:33:15.418+0000] {processor.py:175} INFO - Processing /home/airflow/.local/lib/python3.7/site-packages/airflow/example_dags/example_latest_only_with_trigger.py took 0.088 seconds
[2023-03-24T02:33:46.100+0000] {processor.py:153} INFO - Started process (PID=98) to work on /home/airflow/.local/lib/python3.7/site-packages/airflow/example_dags/example_latest_only_with_trigger.py
[2023-03-24T02:33:46.100+0000] {processor.py:743} INFO - Processing file /home/airflow/.local/lib/python3.7/site-packages/airflow/example_dags/example_latest_only_with_trigger.py for tasks to queue
[2023-03-24T02:33:46.101+0000] {logging_mixin.py:137} INFO - [2023-03-24T02:33:46.101+0000] {dagbag.py:532} INFO - Filling up the DagBag from /home/airflow/.local/lib/python3.7/site-packages/airflow/example_dags/example_latest_only_with_trigger.py
[2023-03-24T02:33:46.110+0000] {processor.py:753} INFO - DAG(s) dict_keys(['latest_only_with_trigger']) retrieved from /home/airflow/.local/lib/python3.7/site-packages/airflow/example_dags/example_latest_only_with_trigger.py
[2023-03-24T02:33:46.130+0000] {logging_mixin.py:137} INFO - [2023-03-24T02:33:46.130+0000] {dag.py:2693} INFO - Sync 1 DAGs
[2023-03-24T02:33:46.152+0000] {logging_mixin.py:137} INFO - [2023-03-24T02:33:46.152+0000] {dag.py:3444} INFO - Setting next_dagrun for latest_only_with_trigger to 2023-03-23T22:33:46.152171+00:00, run_after=2023-03-24T02:33:46.152171+00:00
[2023-03-24T02:33:46.169+0000] {processor.py:175} INFO - Processing /home/airflow/.local/lib/python3.7/site-packages/airflow/example_dags/example_latest_only_with_trigger.py took 0.071 seconds
[2023-03-24T02:34:16.728+0000] {processor.py:153} INFO - Started process (PID=147) to work on /home/airflow/.local/lib/python3.7/site-packages/airflow/example_dags/example_latest_only_with_trigger.py
[2023-03-24T02:34:16.728+0000] {processor.py:743} INFO - Processing file /home/airflow/.local/lib/python3.7/site-packages/airflow/example_dags/example_latest_only_with_trigger.py for tasks to queue
[2023-03-24T02:34:16.729+0000] {logging_mixin.py:137} INFO - [2023-03-24T02:34:16.729+0000] {dagbag.py:532} INFO - Filling up the DagBag from /home/airflow/.local/lib/python3.7/site-packages/airflow/example_dags/example_latest_only_with_trigger.py
[2023-03-24T02:34:16.739+0000] {processor.py:753} INFO - DAG(s) dict_keys(['latest_only_with_trigger']) retrieved from /home/airflow/.local/lib/python3.7/site-packages/airflow/example_dags/example_latest_only_with_trigger.py
[2023-03-24T02:34:16.776+0000] {logging_mixin.py:137} INFO - [2023-03-24T02:34:16.776+0000] {dag.py:2693} INFO - Sync 1 DAGs
[2023-03-24T02:34:16.800+0000] {logging_mixin.py:137} INFO - [2023-03-24T02:34:16.800+0000] {dag.py:3444} INFO - Setting next_dagrun for latest_only_with_trigger to 2023-03-23T22:34:16.799894+00:00, run_after=2023-03-24T02:34:16.799894+00:00
[2023-03-24T02:34:16.818+0000] {processor.py:175} INFO - Processing /home/airflow/.local/lib/python3.7/site-packages/airflow/example_dags/example_latest_only_with_trigger.py took 0.092 seconds
[2023-03-24T02:34:47.349+0000] {processor.py:153} INFO - Started process (PID=197) to work on /home/airflow/.local/lib/python3.7/site-packages/airflow/example_dags/example_latest_only_with_trigger.py
[2023-03-24T02:34:47.349+0000] {processor.py:743} INFO - Processing file /home/airflow/.local/lib/python3.7/site-packages/airflow/example_dags/example_latest_only_with_trigger.py for tasks to queue
[2023-03-24T02:34:47.350+0000] {logging_mixin.py:137} INFO - [2023-03-24T02:34:47.350+0000] {dagbag.py:532} INFO - Filling up the DagBag from /home/airflow/.local/lib/python3.7/site-packages/airflow/example_dags/example_latest_only_with_trigger.py
[2023-03-24T02:34:47.359+0000] {processor.py:753} INFO - DAG(s) dict_keys(['latest_only_with_trigger']) retrieved from /home/airflow/.local/lib/python3.7/site-packages/airflow/example_dags/example_latest_only_with_trigger.py
[2023-03-24T02:34:47.397+0000] {logging_mixin.py:137} INFO - [2023-03-24T02:34:47.396+0000] {dag.py:2693} INFO - Sync 1 DAGs
[2023-03-24T02:34:47.445+0000] {logging_mixin.py:137} INFO - [2023-03-24T02:34:47.445+0000] {dag.py:3444} INFO - Setting next_dagrun for latest_only_with_trigger to 2023-03-23T22:34:47.444970+00:00, run_after=2023-03-24T02:34:47.444970+00:00
[2023-03-24T02:34:47.472+0000] {processor.py:175} INFO - Processing /home/airflow/.local/lib/python3.7/site-packages/airflow/example_dags/example_latest_only_with_trigger.py took 0.125 seconds
[2023-03-24T02:35:18.076+0000] {processor.py:153} INFO - Started process (PID=246) to work on /home/airflow/.local/lib/python3.7/site-packages/airflow/example_dags/example_latest_only_with_trigger.py
[2023-03-24T02:35:18.076+0000] {processor.py:743} INFO - Processing file /home/airflow/.local/lib/python3.7/site-packages/airflow/example_dags/example_latest_only_with_trigger.py for tasks to queue
[2023-03-24T02:35:18.077+0000] {logging_mixin.py:137} INFO - [2023-03-24T02:35:18.077+0000] {dagbag.py:532} INFO - Filling up the DagBag from /home/airflow/.local/lib/python3.7/site-packages/airflow/example_dags/example_latest_only_with_trigger.py
[2023-03-24T02:35:18.086+0000] {processor.py:753} INFO - DAG(s) dict_keys(['latest_only_with_trigger']) retrieved from /home/airflow/.local/lib/python3.7/site-packages/airflow/example_dags/example_latest_only_with_trigger.py
[2023-03-24T02:35:18.106+0000] {logging_mixin.py:137} INFO - [2023-03-24T02:35:18.106+0000] {dag.py:2693} INFO - Sync 1 DAGs
[2023-03-24T02:35:18.128+0000] {logging_mixin.py:137} INFO - [2023-03-24T02:35:18.128+0000] {dag.py:3444} INFO - Setting next_dagrun for latest_only_with_trigger to 2023-03-23T22:35:18.128691+00:00, run_after=2023-03-24T02:35:18.128691+00:00
[2023-03-24T02:35:18.145+0000] {processor.py:175} INFO - Processing /home/airflow/.local/lib/python3.7/site-packages/airflow/example_dags/example_latest_only_with_trigger.py took 0.071 seconds
[2023-03-24T02:35:49.094+0000] {processor.py:153} INFO - Started process (PID=295) to work on /home/airflow/.local/lib/python3.7/site-packages/airflow/example_dags/example_latest_only_with_trigger.py
[2023-03-24T02:35:49.095+0000] {processor.py:743} INFO - Processing file /home/airflow/.local/lib/python3.7/site-packages/airflow/example_dags/example_latest_only_with_trigger.py for tasks to queue
[2023-03-24T02:35:49.096+0000] {logging_mixin.py:137} INFO - [2023-03-24T02:35:49.095+0000] {dagbag.py:532} INFO - Filling up the DagBag from /home/airflow/.local/lib/python3.7/site-packages/airflow/example_dags/example_latest_only_with_trigger.py
[2023-03-24T02:35:49.119+0000] {processor.py:753} INFO - DAG(s) dict_keys(['latest_only_with_trigger']) retrieved from /home/airflow/.local/lib/python3.7/site-packages/airflow/example_dags/example_latest_only_with_trigger.py
[2023-03-24T02:35:49.153+0000] {logging_mixin.py:137} INFO - [2023-03-24T02:35:49.153+0000] {dag.py:2693} INFO - Sync 1 DAGs
[2023-03-24T02:35:49.176+0000] {logging_mixin.py:137} INFO - [2023-03-24T02:35:49.176+0000] {dag.py:3444} INFO - Setting next_dagrun for latest_only_with_trigger to 2023-03-23T22:35:49.176508+00:00, run_after=2023-03-24T02:35:49.176508+00:00
[2023-03-24T02:35:49.194+0000] {processor.py:175} INFO - Processing /home/airflow/.local/lib/python3.7/site-packages/airflow/example_dags/example_latest_only_with_trigger.py took 0.105 seconds
[2023-03-24T02:36:19.942+0000] {processor.py:153} INFO - Started process (PID=344) to work on /home/airflow/.local/lib/python3.7/site-packages/airflow/example_dags/example_latest_only_with_trigger.py
[2023-03-24T02:36:19.943+0000] {processor.py:743} INFO - Processing file /home/airflow/.local/lib/python3.7/site-packages/airflow/example_dags/example_latest_only_with_trigger.py for tasks to queue
[2023-03-24T02:36:19.943+0000] {logging_mixin.py:137} INFO - [2023-03-24T02:36:19.943+0000] {dagbag.py:532} INFO - Filling up the DagBag from /home/airflow/.local/lib/python3.7/site-packages/airflow/example_dags/example_latest_only_with_trigger.py
[2023-03-24T02:36:19.953+0000] {processor.py:753} INFO - DAG(s) dict_keys(['latest_only_with_trigger']) retrieved from /home/airflow/.local/lib/python3.7/site-packages/airflow/example_dags/example_latest_only_with_trigger.py
[2023-03-24T02:36:19.991+0000] {logging_mixin.py:137} INFO - [2023-03-24T02:36:19.991+0000] {dag.py:2693} INFO - Sync 1 DAGs
[2023-03-24T02:36:20.018+0000] {logging_mixin.py:137} INFO - [2023-03-24T02:36:20.017+0000] {dag.py:3444} INFO - Setting next_dagrun for latest_only_with_trigger to 2023-03-23T22:36:20.017723+00:00, run_after=2023-03-24T02:36:20.017723+00:00
[2023-03-24T02:36:20.036+0000] {processor.py:175} INFO - Processing /home/airflow/.local/lib/python3.7/site-packages/airflow/example_dags/example_latest_only_with_trigger.py took 0.096 seconds
[2023-03-24T02:36:50.747+0000] {processor.py:153} INFO - Started process (PID=393) to work on /home/airflow/.local/lib/python3.7/site-packages/airflow/example_dags/example_latest_only_with_trigger.py
[2023-03-24T02:36:50.747+0000] {processor.py:743} INFO - Processing file /home/airflow/.local/lib/python3.7/site-packages/airflow/example_dags/example_latest_only_with_trigger.py for tasks to queue
[2023-03-24T02:36:50.748+0000] {logging_mixin.py:137} INFO - [2023-03-24T02:36:50.748+0000] {dagbag.py:532} INFO - Filling up the DagBag from /home/airflow/.local/lib/python3.7/site-packages/airflow/example_dags/example_latest_only_with_trigger.py
[2023-03-24T02:36:50.757+0000] {processor.py:753} INFO - DAG(s) dict_keys(['latest_only_with_trigger']) retrieved from /home/airflow/.local/lib/python3.7/site-packages/airflow/example_dags/example_latest_only_with_trigger.py
[2023-03-24T02:36:50.779+0000] {logging_mixin.py:137} INFO - [2023-03-24T02:36:50.779+0000] {dag.py:2693} INFO - Sync 1 DAGs
[2023-03-24T02:36:50.801+0000] {logging_mixin.py:137} INFO - [2023-03-24T02:36:50.801+0000] {dag.py:3444} INFO - Setting next_dagrun for latest_only_with_trigger to 2023-03-23T22:36:50.801390+00:00, run_after=2023-03-24T02:36:50.801390+00:00
[2023-03-24T02:36:50.818+0000] {processor.py:175} INFO - Processing /home/airflow/.local/lib/python3.7/site-packages/airflow/example_dags/example_latest_only_with_trigger.py took 0.073 seconds
[2023-03-24T02:37:21.335+0000] {processor.py:153} INFO - Started process (PID=442) to work on /home/airflow/.local/lib/python3.7/site-packages/airflow/example_dags/example_latest_only_with_trigger.py
[2023-03-24T02:37:21.336+0000] {processor.py:743} INFO - Processing file /home/airflow/.local/lib/python3.7/site-packages/airflow/example_dags/example_latest_only_with_trigger.py for tasks to queue
[2023-03-24T02:37:21.337+0000] {logging_mixin.py:137} INFO - [2023-03-24T02:37:21.337+0000] {dagbag.py:532} INFO - Filling up the DagBag from /home/airflow/.local/lib/python3.7/site-packages/airflow/example_dags/example_latest_only_with_trigger.py
[2023-03-24T02:37:21.352+0000] {processor.py:753} INFO - DAG(s) dict_keys(['latest_only_with_trigger']) retrieved from /home/airflow/.local/lib/python3.7/site-packages/airflow/example_dags/example_latest_only_with_trigger.py
[2023-03-24T02:37:21.376+0000] {logging_mixin.py:137} INFO - [2023-03-24T02:37:21.376+0000] {dag.py:2693} INFO - Sync 1 DAGs
[2023-03-24T02:37:21.403+0000] {logging_mixin.py:137} INFO - [2023-03-24T02:37:21.403+0000] {dag.py:3444} INFO - Setting next_dagrun for latest_only_with_trigger to 2023-03-23T22:37:21.403326+00:00, run_after=2023-03-24T02:37:21.403326+00:00
[2023-03-24T02:37:21.424+0000] {processor.py:175} INFO - Processing /home/airflow/.local/lib/python3.7/site-packages/airflow/example_dags/example_latest_only_with_trigger.py took 0.091 seconds
[2023-03-24T02:37:51.952+0000] {processor.py:153} INFO - Started process (PID=491) to work on /home/airflow/.local/lib/python3.7/site-packages/airflow/example_dags/example_latest_only_with_trigger.py
[2023-03-24T02:37:51.953+0000] {processor.py:743} INFO - Processing file /home/airflow/.local/lib/python3.7/site-packages/airflow/example_dags/example_latest_only_with_trigger.py for tasks to queue
[2023-03-24T02:37:51.954+0000] {logging_mixin.py:137} INFO - [2023-03-24T02:37:51.953+0000] {dagbag.py:532} INFO - Filling up the DagBag from /home/airflow/.local/lib/python3.7/site-packages/airflow/example_dags/example_latest_only_with_trigger.py
[2023-03-24T02:37:51.964+0000] {processor.py:753} INFO - DAG(s) dict_keys(['latest_only_with_trigger']) retrieved from /home/airflow/.local/lib/python3.7/site-packages/airflow/example_dags/example_latest_only_with_trigger.py
[2023-03-24T02:37:51.986+0000] {logging_mixin.py:137} INFO - [2023-03-24T02:37:51.986+0000] {dag.py:2693} INFO - Sync 1 DAGs
[2023-03-24T02:37:52.013+0000] {logging_mixin.py:137} INFO - [2023-03-24T02:37:52.012+0000] {dag.py:3444} INFO - Setting next_dagrun for latest_only_with_trigger to 2023-03-23T22:37:52.012767+00:00, run_after=2023-03-24T02:37:52.012767+00:00
[2023-03-24T02:37:52.033+0000] {processor.py:175} INFO - Processing /home/airflow/.local/lib/python3.7/site-packages/airflow/example_dags/example_latest_only_with_trigger.py took 0.084 seconds
[2023-03-24T02:38:22.642+0000] {processor.py:153} INFO - Started process (PID=540) to work on /home/airflow/.local/lib/python3.7/site-packages/airflow/example_dags/example_latest_only_with_trigger.py
[2023-03-24T02:38:22.642+0000] {processor.py:743} INFO - Processing file /home/airflow/.local/lib/python3.7/site-packages/airflow/example_dags/example_latest_only_with_trigger.py for tasks to queue
[2023-03-24T02:38:22.643+0000] {logging_mixin.py:137} INFO - [2023-03-24T02:38:22.643+0000] {dagbag.py:532} INFO - Filling up the DagBag from /home/airflow/.local/lib/python3.7/site-packages/airflow/example_dags/example_latest_only_with_trigger.py
[2023-03-24T02:38:22.653+0000] {processor.py:753} INFO - DAG(s) dict_keys(['latest_only_with_trigger']) retrieved from /home/airflow/.local/lib/python3.7/site-packages/airflow/example_dags/example_latest_only_with_trigger.py
[2023-03-24T02:38:22.677+0000] {logging_mixin.py:137} INFO - [2023-03-24T02:38:22.677+0000] {dag.py:2693} INFO - Sync 1 DAGs
[2023-03-24T02:38:22.703+0000] {logging_mixin.py:137} INFO - [2023-03-24T02:38:22.703+0000] {dag.py:3444} INFO - Setting next_dagrun for latest_only_with_trigger to 2023-03-23T22:38:22.703228+00:00, run_after=2023-03-24T02:38:22.703228+00:00
[2023-03-24T02:38:22.724+0000] {processor.py:175} INFO - Processing /home/airflow/.local/lib/python3.7/site-packages/airflow/example_dags/example_latest_only_with_trigger.py took 0.085 seconds
