[2023-03-24T02:33:16.341+0000] {processor.py:153} INFO - Started process (PID=64) to work on /home/airflow/.local/lib/python3.7/site-packages/airflow/example_dags/example_trigger_target_dag.py
[2023-03-24T02:33:16.342+0000] {processor.py:743} INFO - Processing file /home/airflow/.local/lib/python3.7/site-packages/airflow/example_dags/example_trigger_target_dag.py for tasks to queue
[2023-03-24T02:33:16.342+0000] {logging_mixin.py:137} INFO - [2023-03-24T02:33:16.342+0000] {dagbag.py:532} INFO - Filling up the DagBag from /home/airflow/.local/lib/python3.7/site-packages/airflow/example_dags/example_trigger_target_dag.py
[2023-03-24T02:33:16.363+0000] {processor.py:753} INFO - DAG(s) dict_keys(['example_trigger_target_dag']) retrieved from /home/airflow/.local/lib/python3.7/site-packages/airflow/example_dags/example_trigger_target_dag.py
[2023-03-24T02:33:16.375+0000] {logging_mixin.py:137} INFO - [2023-03-24T02:33:16.374+0000] {dag.py:2693} INFO - Sync 1 DAGs
[2023-03-24T02:33:16.398+0000] {logging_mixin.py:137} INFO - [2023-03-24T02:33:16.398+0000] {dag.py:3444} INFO - Setting next_dagrun for example_trigger_target_dag to None, run_after=None
[2023-03-24T02:33:16.417+0000] {processor.py:175} INFO - Processing /home/airflow/.local/lib/python3.7/site-packages/airflow/example_dags/example_trigger_target_dag.py took 0.078 seconds
[2023-03-24T02:33:47.009+0000] {processor.py:153} INFO - Started process (PID=113) to work on /home/airflow/.local/lib/python3.7/site-packages/airflow/example_dags/example_trigger_target_dag.py
[2023-03-24T02:33:47.009+0000] {processor.py:743} INFO - Processing file /home/airflow/.local/lib/python3.7/site-packages/airflow/example_dags/example_trigger_target_dag.py for tasks to queue
[2023-03-24T02:33:47.010+0000] {logging_mixin.py:137} INFO - [2023-03-24T02:33:47.010+0000] {dagbag.py:532} INFO - Filling up the DagBag from /home/airflow/.local/lib/python3.7/site-packages/airflow/example_dags/example_trigger_target_dag.py
[2023-03-24T02:33:47.025+0000] {processor.py:753} INFO - DAG(s) dict_keys(['example_trigger_target_dag']) retrieved from /home/airflow/.local/lib/python3.7/site-packages/airflow/example_dags/example_trigger_target_dag.py
[2023-03-24T02:33:47.061+0000] {logging_mixin.py:137} INFO - [2023-03-24T02:33:47.061+0000] {dag.py:2693} INFO - Sync 1 DAGs
[2023-03-24T02:33:47.089+0000] {logging_mixin.py:137} INFO - [2023-03-24T02:33:47.088+0000] {dag.py:3444} INFO - Setting next_dagrun for example_trigger_target_dag to None, run_after=None
[2023-03-24T02:33:47.105+0000] {processor.py:175} INFO - Processing /home/airflow/.local/lib/python3.7/site-packages/airflow/example_dags/example_trigger_target_dag.py took 0.099 seconds
[2023-03-24T02:34:17.691+0000] {processor.py:153} INFO - Started process (PID=162) to work on /home/airflow/.local/lib/python3.7/site-packages/airflow/example_dags/example_trigger_target_dag.py
[2023-03-24T02:34:17.691+0000] {processor.py:743} INFO - Processing file /home/airflow/.local/lib/python3.7/site-packages/airflow/example_dags/example_trigger_target_dag.py for tasks to queue
[2023-03-24T02:34:17.692+0000] {logging_mixin.py:137} INFO - [2023-03-24T02:34:17.692+0000] {dagbag.py:532} INFO - Filling up the DagBag from /home/airflow/.local/lib/python3.7/site-packages/airflow/example_dags/example_trigger_target_dag.py
[2023-03-24T02:34:17.707+0000] {processor.py:753} INFO - DAG(s) dict_keys(['example_trigger_target_dag']) retrieved from /home/airflow/.local/lib/python3.7/site-packages/airflow/example_dags/example_trigger_target_dag.py
[2023-03-24T02:34:17.726+0000] {logging_mixin.py:137} INFO - [2023-03-24T02:34:17.725+0000] {dag.py:2693} INFO - Sync 1 DAGs
[2023-03-24T02:34:17.746+0000] {logging_mixin.py:137} INFO - [2023-03-24T02:34:17.746+0000] {dag.py:3444} INFO - Setting next_dagrun for example_trigger_target_dag to None, run_after=None
[2023-03-24T02:34:17.762+0000] {processor.py:175} INFO - Processing /home/airflow/.local/lib/python3.7/site-packages/airflow/example_dags/example_trigger_target_dag.py took 0.073 seconds
[2023-03-24T02:34:48.346+0000] {processor.py:153} INFO - Started process (PID=212) to work on /home/airflow/.local/lib/python3.7/site-packages/airflow/example_dags/example_trigger_target_dag.py
[2023-03-24T02:34:48.347+0000] {processor.py:743} INFO - Processing file /home/airflow/.local/lib/python3.7/site-packages/airflow/example_dags/example_trigger_target_dag.py for tasks to queue
[2023-03-24T02:34:48.348+0000] {logging_mixin.py:137} INFO - [2023-03-24T02:34:48.348+0000] {dagbag.py:532} INFO - Filling up the DagBag from /home/airflow/.local/lib/python3.7/site-packages/airflow/example_dags/example_trigger_target_dag.py
[2023-03-24T02:34:48.380+0000] {processor.py:753} INFO - DAG(s) dict_keys(['example_trigger_target_dag']) retrieved from /home/airflow/.local/lib/python3.7/site-packages/airflow/example_dags/example_trigger_target_dag.py
[2023-03-24T02:34:48.402+0000] {logging_mixin.py:137} INFO - [2023-03-24T02:34:48.402+0000] {dag.py:2693} INFO - Sync 1 DAGs
[2023-03-24T02:34:48.432+0000] {logging_mixin.py:137} INFO - [2023-03-24T02:34:48.432+0000] {dag.py:3444} INFO - Setting next_dagrun for example_trigger_target_dag to None, run_after=None
[2023-03-24T02:34:48.460+0000] {processor.py:175} INFO - Processing /home/airflow/.local/lib/python3.7/site-packages/airflow/example_dags/example_trigger_target_dag.py took 0.117 seconds
[2023-03-24T02:35:19.078+0000] {processor.py:153} INFO - Started process (PID=261) to work on /home/airflow/.local/lib/python3.7/site-packages/airflow/example_dags/example_trigger_target_dag.py
[2023-03-24T02:35:19.079+0000] {processor.py:743} INFO - Processing file /home/airflow/.local/lib/python3.7/site-packages/airflow/example_dags/example_trigger_target_dag.py for tasks to queue
[2023-03-24T02:35:19.079+0000] {logging_mixin.py:137} INFO - [2023-03-24T02:35:19.079+0000] {dagbag.py:532} INFO - Filling up the DagBag from /home/airflow/.local/lib/python3.7/site-packages/airflow/example_dags/example_trigger_target_dag.py
[2023-03-24T02:35:19.095+0000] {processor.py:753} INFO - DAG(s) dict_keys(['example_trigger_target_dag']) retrieved from /home/airflow/.local/lib/python3.7/site-packages/airflow/example_dags/example_trigger_target_dag.py
[2023-03-24T02:35:19.113+0000] {logging_mixin.py:137} INFO - [2023-03-24T02:35:19.113+0000] {dag.py:2693} INFO - Sync 1 DAGs
[2023-03-24T02:35:19.136+0000] {logging_mixin.py:137} INFO - [2023-03-24T02:35:19.136+0000] {dag.py:3444} INFO - Setting next_dagrun for example_trigger_target_dag to None, run_after=None
[2023-03-24T02:35:19.152+0000] {processor.py:175} INFO - Processing /home/airflow/.local/lib/python3.7/site-packages/airflow/example_dags/example_trigger_target_dag.py took 0.075 seconds
[2023-03-24T02:35:50.196+0000] {processor.py:153} INFO - Started process (PID=310) to work on /home/airflow/.local/lib/python3.7/site-packages/airflow/example_dags/example_trigger_target_dag.py
[2023-03-24T02:35:50.197+0000] {processor.py:743} INFO - Processing file /home/airflow/.local/lib/python3.7/site-packages/airflow/example_dags/example_trigger_target_dag.py for tasks to queue
[2023-03-24T02:35:50.198+0000] {logging_mixin.py:137} INFO - [2023-03-24T02:35:50.198+0000] {dagbag.py:532} INFO - Filling up the DagBag from /home/airflow/.local/lib/python3.7/site-packages/airflow/example_dags/example_trigger_target_dag.py
[2023-03-24T02:35:50.236+0000] {processor.py:753} INFO - DAG(s) dict_keys(['example_trigger_target_dag']) retrieved from /home/airflow/.local/lib/python3.7/site-packages/airflow/example_dags/example_trigger_target_dag.py
[2023-03-24T02:35:50.258+0000] {logging_mixin.py:137} INFO - [2023-03-24T02:35:50.258+0000] {dag.py:2693} INFO - Sync 1 DAGs
[2023-03-24T02:35:50.280+0000] {logging_mixin.py:137} INFO - [2023-03-24T02:35:50.280+0000] {dag.py:3444} INFO - Setting next_dagrun for example_trigger_target_dag to None, run_after=None
[2023-03-24T02:35:50.297+0000] {processor.py:175} INFO - Processing /home/airflow/.local/lib/python3.7/site-packages/airflow/example_dags/example_trigger_target_dag.py took 0.106 seconds
[2023-03-24T02:36:21.042+0000] {processor.py:153} INFO - Started process (PID=359) to work on /home/airflow/.local/lib/python3.7/site-packages/airflow/example_dags/example_trigger_target_dag.py
[2023-03-24T02:36:21.044+0000] {processor.py:743} INFO - Processing file /home/airflow/.local/lib/python3.7/site-packages/airflow/example_dags/example_trigger_target_dag.py for tasks to queue
[2023-03-24T02:36:21.045+0000] {logging_mixin.py:137} INFO - [2023-03-24T02:36:21.044+0000] {dagbag.py:532} INFO - Filling up the DagBag from /home/airflow/.local/lib/python3.7/site-packages/airflow/example_dags/example_trigger_target_dag.py
[2023-03-24T02:36:21.083+0000] {processor.py:753} INFO - DAG(s) dict_keys(['example_trigger_target_dag']) retrieved from /home/airflow/.local/lib/python3.7/site-packages/airflow/example_dags/example_trigger_target_dag.py
[2023-03-24T02:36:21.103+0000] {logging_mixin.py:137} INFO - [2023-03-24T02:36:21.103+0000] {dag.py:2693} INFO - Sync 1 DAGs
[2023-03-24T02:36:21.123+0000] {logging_mixin.py:137} INFO - [2023-03-24T02:36:21.123+0000] {dag.py:3444} INFO - Setting next_dagrun for example_trigger_target_dag to None, run_after=None
[2023-03-24T02:36:21.138+0000] {processor.py:175} INFO - Processing /home/airflow/.local/lib/python3.7/site-packages/airflow/example_dags/example_trigger_target_dag.py took 0.100 seconds
[2023-03-24T02:36:51.707+0000] {processor.py:153} INFO - Started process (PID=408) to work on /home/airflow/.local/lib/python3.7/site-packages/airflow/example_dags/example_trigger_target_dag.py
[2023-03-24T02:36:51.707+0000] {processor.py:743} INFO - Processing file /home/airflow/.local/lib/python3.7/site-packages/airflow/example_dags/example_trigger_target_dag.py for tasks to queue
[2023-03-24T02:36:51.708+0000] {logging_mixin.py:137} INFO - [2023-03-24T02:36:51.708+0000] {dagbag.py:532} INFO - Filling up the DagBag from /home/airflow/.local/lib/python3.7/site-packages/airflow/example_dags/example_trigger_target_dag.py
[2023-03-24T02:36:51.724+0000] {processor.py:753} INFO - DAG(s) dict_keys(['example_trigger_target_dag']) retrieved from /home/airflow/.local/lib/python3.7/site-packages/airflow/example_dags/example_trigger_target_dag.py
[2023-03-24T02:36:51.746+0000] {logging_mixin.py:137} INFO - [2023-03-24T02:36:51.746+0000] {dag.py:2693} INFO - Sync 1 DAGs
[2023-03-24T02:36:51.769+0000] {logging_mixin.py:137} INFO - [2023-03-24T02:36:51.769+0000] {dag.py:3444} INFO - Setting next_dagrun for example_trigger_target_dag to None, run_after=None
[2023-03-24T02:36:51.788+0000] {processor.py:175} INFO - Processing /home/airflow/.local/lib/python3.7/site-packages/airflow/example_dags/example_trigger_target_dag.py took 0.083 seconds
[2023-03-24T02:37:22.252+0000] {processor.py:153} INFO - Started process (PID=457) to work on /home/airflow/.local/lib/python3.7/site-packages/airflow/example_dags/example_trigger_target_dag.py
[2023-03-24T02:37:22.253+0000] {processor.py:743} INFO - Processing file /home/airflow/.local/lib/python3.7/site-packages/airflow/example_dags/example_trigger_target_dag.py for tasks to queue
[2023-03-24T02:37:22.254+0000] {logging_mixin.py:137} INFO - [2023-03-24T02:37:22.253+0000] {dagbag.py:532} INFO - Filling up the DagBag from /home/airflow/.local/lib/python3.7/site-packages/airflow/example_dags/example_trigger_target_dag.py
[2023-03-24T02:37:22.288+0000] {processor.py:753} INFO - DAG(s) dict_keys(['example_trigger_target_dag']) retrieved from /home/airflow/.local/lib/python3.7/site-packages/airflow/example_dags/example_trigger_target_dag.py
[2023-03-24T02:37:22.310+0000] {logging_mixin.py:137} INFO - [2023-03-24T02:37:22.310+0000] {dag.py:2693} INFO - Sync 1 DAGs
[2023-03-24T02:37:22.333+0000] {logging_mixin.py:137} INFO - [2023-03-24T02:37:22.333+0000] {dag.py:3444} INFO - Setting next_dagrun for example_trigger_target_dag to None, run_after=None
[2023-03-24T02:37:22.349+0000] {processor.py:175} INFO - Processing /home/airflow/.local/lib/python3.7/site-packages/airflow/example_dags/example_trigger_target_dag.py took 0.102 seconds
[2023-03-24T02:37:52.911+0000] {processor.py:153} INFO - Started process (PID=506) to work on /home/airflow/.local/lib/python3.7/site-packages/airflow/example_dags/example_trigger_target_dag.py
[2023-03-24T02:37:52.912+0000] {processor.py:743} INFO - Processing file /home/airflow/.local/lib/python3.7/site-packages/airflow/example_dags/example_trigger_target_dag.py for tasks to queue
[2023-03-24T02:37:52.913+0000] {logging_mixin.py:137} INFO - [2023-03-24T02:37:52.913+0000] {dagbag.py:532} INFO - Filling up the DagBag from /home/airflow/.local/lib/python3.7/site-packages/airflow/example_dags/example_trigger_target_dag.py
[2023-03-24T02:37:52.944+0000] {processor.py:753} INFO - DAG(s) dict_keys(['example_trigger_target_dag']) retrieved from /home/airflow/.local/lib/python3.7/site-packages/airflow/example_dags/example_trigger_target_dag.py
[2023-03-24T02:37:52.965+0000] {logging_mixin.py:137} INFO - [2023-03-24T02:37:52.965+0000] {dag.py:2693} INFO - Sync 1 DAGs
[2023-03-24T02:37:52.987+0000] {logging_mixin.py:137} INFO - [2023-03-24T02:37:52.987+0000] {dag.py:3444} INFO - Setting next_dagrun for example_trigger_target_dag to None, run_after=None
[2023-03-24T02:37:53.008+0000] {processor.py:175} INFO - Processing /home/airflow/.local/lib/python3.7/site-packages/airflow/example_dags/example_trigger_target_dag.py took 0.101 seconds
[2023-03-24T02:38:23.665+0000] {processor.py:153} INFO - Started process (PID=555) to work on /home/airflow/.local/lib/python3.7/site-packages/airflow/example_dags/example_trigger_target_dag.py
[2023-03-24T02:38:23.666+0000] {processor.py:743} INFO - Processing file /home/airflow/.local/lib/python3.7/site-packages/airflow/example_dags/example_trigger_target_dag.py for tasks to queue
[2023-03-24T02:38:23.666+0000] {logging_mixin.py:137} INFO - [2023-03-24T02:38:23.666+0000] {dagbag.py:532} INFO - Filling up the DagBag from /home/airflow/.local/lib/python3.7/site-packages/airflow/example_dags/example_trigger_target_dag.py
[2023-03-24T02:38:23.681+0000] {processor.py:753} INFO - DAG(s) dict_keys(['example_trigger_target_dag']) retrieved from /home/airflow/.local/lib/python3.7/site-packages/airflow/example_dags/example_trigger_target_dag.py
[2023-03-24T02:38:23.703+0000] {logging_mixin.py:137} INFO - [2023-03-24T02:38:23.703+0000] {dag.py:2693} INFO - Sync 1 DAGs
[2023-03-24T02:38:23.726+0000] {logging_mixin.py:137} INFO - [2023-03-24T02:38:23.725+0000] {dag.py:3444} INFO - Setting next_dagrun for example_trigger_target_dag to None, run_after=None
[2023-03-24T02:38:23.742+0000] {processor.py:175} INFO - Processing /home/airflow/.local/lib/python3.7/site-packages/airflow/example_dags/example_trigger_target_dag.py took 0.079 seconds
