[2023-03-24T02:33:15.534+0000] {processor.py:153} INFO - Started process (PID=52) to work on /home/airflow/.local/lib/python3.7/site-packages/airflow/example_dags/example_branch_python_dop_operator_3.py
[2023-03-24T02:33:15.535+0000] {processor.py:743} INFO - Processing file /home/airflow/.local/lib/python3.7/site-packages/airflow/example_dags/example_branch_python_dop_operator_3.py for tasks to queue
[2023-03-24T02:33:15.535+0000] {logging_mixin.py:137} INFO - [2023-03-24T02:33:15.535+0000] {dagbag.py:532} INFO - Filling up the DagBag from /home/airflow/.local/lib/python3.7/site-packages/airflow/example_dags/example_branch_python_dop_operator_3.py
[2023-03-24T02:33:15.557+0000] {processor.py:753} INFO - DAG(s) dict_keys(['example_branch_dop_operator_v3']) retrieved from /home/airflow/.local/lib/python3.7/site-packages/airflow/example_dags/example_branch_python_dop_operator_3.py
[2023-03-24T02:33:15.569+0000] {logging_mixin.py:137} INFO - [2023-03-24T02:33:15.569+0000] {dag.py:2693} INFO - Sync 1 DAGs
[2023-03-24T02:33:15.597+0000] {logging_mixin.py:137} INFO - [2023-03-24T02:33:15.597+0000] {dag.py:3444} INFO - Setting next_dagrun for example_branch_dop_operator_v3 to 2023-03-24T02:32:00+00:00, run_after=2023-03-24T02:33:00+00:00
[2023-03-24T02:33:15.614+0000] {processor.py:175} INFO - Processing /home/airflow/.local/lib/python3.7/site-packages/airflow/example_dags/example_branch_python_dop_operator_3.py took 0.082 seconds
[2023-03-24T02:33:46.277+0000] {processor.py:153} INFO - Started process (PID=101) to work on /home/airflow/.local/lib/python3.7/site-packages/airflow/example_dags/example_branch_python_dop_operator_3.py
[2023-03-24T02:33:46.278+0000] {processor.py:743} INFO - Processing file /home/airflow/.local/lib/python3.7/site-packages/airflow/example_dags/example_branch_python_dop_operator_3.py for tasks to queue
[2023-03-24T02:33:46.278+0000] {logging_mixin.py:137} INFO - [2023-03-24T02:33:46.278+0000] {dagbag.py:532} INFO - Filling up the DagBag from /home/airflow/.local/lib/python3.7/site-packages/airflow/example_dags/example_branch_python_dop_operator_3.py
[2023-03-24T02:33:46.295+0000] {processor.py:753} INFO - DAG(s) dict_keys(['example_branch_dop_operator_v3']) retrieved from /home/airflow/.local/lib/python3.7/site-packages/airflow/example_dags/example_branch_python_dop_operator_3.py
[2023-03-24T02:33:46.314+0000] {logging_mixin.py:137} INFO - [2023-03-24T02:33:46.314+0000] {dag.py:2693} INFO - Sync 1 DAGs
[2023-03-24T02:33:46.340+0000] {logging_mixin.py:137} INFO - [2023-03-24T02:33:46.340+0000] {dag.py:3444} INFO - Setting next_dagrun for example_branch_dop_operator_v3 to 2023-03-24T02:32:00+00:00, run_after=2023-03-24T02:33:00+00:00
[2023-03-24T02:33:46.357+0000] {processor.py:175} INFO - Processing /home/airflow/.local/lib/python3.7/site-packages/airflow/example_dags/example_branch_python_dop_operator_3.py took 0.082 seconds
[2023-03-24T02:34:16.873+0000] {processor.py:153} INFO - Started process (PID=150) to work on /home/airflow/.local/lib/python3.7/site-packages/airflow/example_dags/example_branch_python_dop_operator_3.py
[2023-03-24T02:34:16.874+0000] {processor.py:743} INFO - Processing file /home/airflow/.local/lib/python3.7/site-packages/airflow/example_dags/example_branch_python_dop_operator_3.py for tasks to queue
[2023-03-24T02:34:16.874+0000] {logging_mixin.py:137} INFO - [2023-03-24T02:34:16.874+0000] {dagbag.py:532} INFO - Filling up the DagBag from /home/airflow/.local/lib/python3.7/site-packages/airflow/example_dags/example_branch_python_dop_operator_3.py
[2023-03-24T02:34:16.891+0000] {processor.py:753} INFO - DAG(s) dict_keys(['example_branch_dop_operator_v3']) retrieved from /home/airflow/.local/lib/python3.7/site-packages/airflow/example_dags/example_branch_python_dop_operator_3.py
[2023-03-24T02:34:16.911+0000] {logging_mixin.py:137} INFO - [2023-03-24T02:34:16.911+0000] {dag.py:2693} INFO - Sync 1 DAGs
[2023-03-24T02:34:16.937+0000] {logging_mixin.py:137} INFO - [2023-03-24T02:34:16.937+0000] {dag.py:3444} INFO - Setting next_dagrun for example_branch_dop_operator_v3 to 2023-03-24T02:33:00+00:00, run_after=2023-03-24T02:34:00+00:00
[2023-03-24T02:34:16.954+0000] {processor.py:175} INFO - Processing /home/airflow/.local/lib/python3.7/site-packages/airflow/example_dags/example_branch_python_dop_operator_3.py took 0.083 seconds
[2023-03-24T02:34:47.610+0000] {processor.py:153} INFO - Started process (PID=200) to work on /home/airflow/.local/lib/python3.7/site-packages/airflow/example_dags/example_branch_python_dop_operator_3.py
[2023-03-24T02:34:47.611+0000] {processor.py:743} INFO - Processing file /home/airflow/.local/lib/python3.7/site-packages/airflow/example_dags/example_branch_python_dop_operator_3.py for tasks to queue
[2023-03-24T02:34:47.612+0000] {logging_mixin.py:137} INFO - [2023-03-24T02:34:47.612+0000] {dagbag.py:532} INFO - Filling up the DagBag from /home/airflow/.local/lib/python3.7/site-packages/airflow/example_dags/example_branch_python_dop_operator_3.py
[2023-03-24T02:34:47.652+0000] {processor.py:753} INFO - DAG(s) dict_keys(['example_branch_dop_operator_v3']) retrieved from /home/airflow/.local/lib/python3.7/site-packages/airflow/example_dags/example_branch_python_dop_operator_3.py
[2023-03-24T02:34:47.672+0000] {logging_mixin.py:137} INFO - [2023-03-24T02:34:47.672+0000] {dag.py:2693} INFO - Sync 1 DAGs
[2023-03-24T02:34:47.698+0000] {logging_mixin.py:137} INFO - [2023-03-24T02:34:47.698+0000] {dag.py:3444} INFO - Setting next_dagrun for example_branch_dop_operator_v3 to 2023-03-24T02:33:00+00:00, run_after=2023-03-24T02:34:00+00:00
[2023-03-24T02:34:47.715+0000] {processor.py:175} INFO - Processing /home/airflow/.local/lib/python3.7/site-packages/airflow/example_dags/example_branch_python_dop_operator_3.py took 0.109 seconds
[2023-03-24T02:35:18.280+0000] {processor.py:153} INFO - Started process (PID=249) to work on /home/airflow/.local/lib/python3.7/site-packages/airflow/example_dags/example_branch_python_dop_operator_3.py
[2023-03-24T02:35:18.281+0000] {processor.py:743} INFO - Processing file /home/airflow/.local/lib/python3.7/site-packages/airflow/example_dags/example_branch_python_dop_operator_3.py for tasks to queue
[2023-03-24T02:35:18.282+0000] {logging_mixin.py:137} INFO - [2023-03-24T02:35:18.282+0000] {dagbag.py:532} INFO - Filling up the DagBag from /home/airflow/.local/lib/python3.7/site-packages/airflow/example_dags/example_branch_python_dop_operator_3.py
[2023-03-24T02:35:18.324+0000] {processor.py:753} INFO - DAG(s) dict_keys(['example_branch_dop_operator_v3']) retrieved from /home/airflow/.local/lib/python3.7/site-packages/airflow/example_dags/example_branch_python_dop_operator_3.py
[2023-03-24T02:35:18.344+0000] {logging_mixin.py:137} INFO - [2023-03-24T02:35:18.344+0000] {dag.py:2693} INFO - Sync 1 DAGs
[2023-03-24T02:35:18.371+0000] {logging_mixin.py:137} INFO - [2023-03-24T02:35:18.371+0000] {dag.py:3444} INFO - Setting next_dagrun for example_branch_dop_operator_v3 to 2023-03-24T02:34:00+00:00, run_after=2023-03-24T02:35:00+00:00
[2023-03-24T02:35:18.387+0000] {processor.py:175} INFO - Processing /home/airflow/.local/lib/python3.7/site-packages/airflow/example_dags/example_branch_python_dop_operator_3.py took 0.112 seconds
[2023-03-24T02:35:49.335+0000] {processor.py:153} INFO - Started process (PID=298) to work on /home/airflow/.local/lib/python3.7/site-packages/airflow/example_dags/example_branch_python_dop_operator_3.py
[2023-03-24T02:35:49.337+0000] {processor.py:743} INFO - Processing file /home/airflow/.local/lib/python3.7/site-packages/airflow/example_dags/example_branch_python_dop_operator_3.py for tasks to queue
[2023-03-24T02:35:49.338+0000] {logging_mixin.py:137} INFO - [2023-03-24T02:35:49.337+0000] {dagbag.py:532} INFO - Filling up the DagBag from /home/airflow/.local/lib/python3.7/site-packages/airflow/example_dags/example_branch_python_dop_operator_3.py
[2023-03-24T02:35:49.379+0000] {processor.py:753} INFO - DAG(s) dict_keys(['example_branch_dop_operator_v3']) retrieved from /home/airflow/.local/lib/python3.7/site-packages/airflow/example_dags/example_branch_python_dop_operator_3.py
[2023-03-24T02:35:49.400+0000] {logging_mixin.py:137} INFO - [2023-03-24T02:35:49.399+0000] {dag.py:2693} INFO - Sync 1 DAGs
[2023-03-24T02:35:49.427+0000] {logging_mixin.py:137} INFO - [2023-03-24T02:35:49.427+0000] {dag.py:3444} INFO - Setting next_dagrun for example_branch_dop_operator_v3 to 2023-03-24T02:34:00+00:00, run_after=2023-03-24T02:35:00+00:00
[2023-03-24T02:35:49.445+0000] {processor.py:175} INFO - Processing /home/airflow/.local/lib/python3.7/site-packages/airflow/example_dags/example_branch_python_dop_operator_3.py took 0.114 seconds
[2023-03-24T02:36:20.079+0000] {processor.py:153} INFO - Started process (PID=347) to work on /home/airflow/.local/lib/python3.7/site-packages/airflow/example_dags/example_branch_python_dop_operator_3.py
[2023-03-24T02:36:20.079+0000] {processor.py:743} INFO - Processing file /home/airflow/.local/lib/python3.7/site-packages/airflow/example_dags/example_branch_python_dop_operator_3.py for tasks to queue
[2023-03-24T02:36:20.079+0000] {logging_mixin.py:137} INFO - [2023-03-24T02:36:20.079+0000] {dagbag.py:532} INFO - Filling up the DagBag from /home/airflow/.local/lib/python3.7/site-packages/airflow/example_dags/example_branch_python_dop_operator_3.py
[2023-03-24T02:36:20.096+0000] {processor.py:753} INFO - DAG(s) dict_keys(['example_branch_dop_operator_v3']) retrieved from /home/airflow/.local/lib/python3.7/site-packages/airflow/example_dags/example_branch_python_dop_operator_3.py
[2023-03-24T02:36:20.119+0000] {logging_mixin.py:137} INFO - [2023-03-24T02:36:20.119+0000] {dag.py:2693} INFO - Sync 1 DAGs
[2023-03-24T02:36:20.146+0000] {logging_mixin.py:137} INFO - [2023-03-24T02:36:20.146+0000] {dag.py:3444} INFO - Setting next_dagrun for example_branch_dop_operator_v3 to 2023-03-24T02:35:00+00:00, run_after=2023-03-24T02:36:00+00:00
[2023-03-24T02:36:20.164+0000] {processor.py:175} INFO - Processing /home/airflow/.local/lib/python3.7/site-packages/airflow/example_dags/example_branch_python_dop_operator_3.py took 0.088 seconds
[2023-03-24T02:36:50.964+0000] {processor.py:153} INFO - Started process (PID=396) to work on /home/airflow/.local/lib/python3.7/site-packages/airflow/example_dags/example_branch_python_dop_operator_3.py
[2023-03-24T02:36:50.965+0000] {processor.py:743} INFO - Processing file /home/airflow/.local/lib/python3.7/site-packages/airflow/example_dags/example_branch_python_dop_operator_3.py for tasks to queue
[2023-03-24T02:36:50.966+0000] {logging_mixin.py:137} INFO - [2023-03-24T02:36:50.966+0000] {dagbag.py:532} INFO - Filling up the DagBag from /home/airflow/.local/lib/python3.7/site-packages/airflow/example_dags/example_branch_python_dop_operator_3.py
[2023-03-24T02:36:51.008+0000] {processor.py:753} INFO - DAG(s) dict_keys(['example_branch_dop_operator_v3']) retrieved from /home/airflow/.local/lib/python3.7/site-packages/airflow/example_dags/example_branch_python_dop_operator_3.py
[2023-03-24T02:36:51.028+0000] {logging_mixin.py:137} INFO - [2023-03-24T02:36:51.028+0000] {dag.py:2693} INFO - Sync 1 DAGs
[2023-03-24T02:36:51.053+0000] {logging_mixin.py:137} INFO - [2023-03-24T02:36:51.053+0000] {dag.py:3444} INFO - Setting next_dagrun for example_branch_dop_operator_v3 to 2023-03-24T02:35:00+00:00, run_after=2023-03-24T02:36:00+00:00
[2023-03-24T02:36:51.072+0000] {processor.py:175} INFO - Processing /home/airflow/.local/lib/python3.7/site-packages/airflow/example_dags/example_branch_python_dop_operator_3.py took 0.112 seconds
[2023-03-24T02:37:21.465+0000] {processor.py:153} INFO - Started process (PID=445) to work on /home/airflow/.local/lib/python3.7/site-packages/airflow/example_dags/example_branch_python_dop_operator_3.py
[2023-03-24T02:37:21.465+0000] {processor.py:743} INFO - Processing file /home/airflow/.local/lib/python3.7/site-packages/airflow/example_dags/example_branch_python_dop_operator_3.py for tasks to queue
[2023-03-24T02:37:21.466+0000] {logging_mixin.py:137} INFO - [2023-03-24T02:37:21.465+0000] {dagbag.py:532} INFO - Filling up the DagBag from /home/airflow/.local/lib/python3.7/site-packages/airflow/example_dags/example_branch_python_dop_operator_3.py
[2023-03-24T02:37:21.484+0000] {processor.py:753} INFO - DAG(s) dict_keys(['example_branch_dop_operator_v3']) retrieved from /home/airflow/.local/lib/python3.7/site-packages/airflow/example_dags/example_branch_python_dop_operator_3.py
[2023-03-24T02:37:21.505+0000] {logging_mixin.py:137} INFO - [2023-03-24T02:37:21.505+0000] {dag.py:2693} INFO - Sync 1 DAGs
[2023-03-24T02:37:21.543+0000] {logging_mixin.py:137} INFO - [2023-03-24T02:37:21.543+0000] {dag.py:3444} INFO - Setting next_dagrun for example_branch_dop_operator_v3 to 2023-03-24T02:36:00+00:00, run_after=2023-03-24T02:37:00+00:00
[2023-03-24T02:37:21.562+0000] {processor.py:175} INFO - Processing /home/airflow/.local/lib/python3.7/site-packages/airflow/example_dags/example_branch_python_dop_operator_3.py took 0.099 seconds
[2023-03-24T02:37:52.166+0000] {processor.py:153} INFO - Started process (PID=494) to work on /home/airflow/.local/lib/python3.7/site-packages/airflow/example_dags/example_branch_python_dop_operator_3.py
[2023-03-24T02:37:52.167+0000] {processor.py:743} INFO - Processing file /home/airflow/.local/lib/python3.7/site-packages/airflow/example_dags/example_branch_python_dop_operator_3.py for tasks to queue
[2023-03-24T02:37:52.167+0000] {logging_mixin.py:137} INFO - [2023-03-24T02:37:52.167+0000] {dagbag.py:532} INFO - Filling up the DagBag from /home/airflow/.local/lib/python3.7/site-packages/airflow/example_dags/example_branch_python_dop_operator_3.py
[2023-03-24T02:37:52.188+0000] {processor.py:753} INFO - DAG(s) dict_keys(['example_branch_dop_operator_v3']) retrieved from /home/airflow/.local/lib/python3.7/site-packages/airflow/example_dags/example_branch_python_dop_operator_3.py
[2023-03-24T02:37:52.213+0000] {logging_mixin.py:137} INFO - [2023-03-24T02:37:52.212+0000] {dag.py:2693} INFO - Sync 1 DAGs
[2023-03-24T02:37:52.242+0000] {logging_mixin.py:137} INFO - [2023-03-24T02:37:52.242+0000] {dag.py:3444} INFO - Setting next_dagrun for example_branch_dop_operator_v3 to 2023-03-24T02:36:00+00:00, run_after=2023-03-24T02:37:00+00:00
[2023-03-24T02:37:52.265+0000] {processor.py:175} INFO - Processing /home/airflow/.local/lib/python3.7/site-packages/airflow/example_dags/example_branch_python_dop_operator_3.py took 0.102 seconds
[2023-03-24T02:38:22.771+0000] {processor.py:153} INFO - Started process (PID=543) to work on /home/airflow/.local/lib/python3.7/site-packages/airflow/example_dags/example_branch_python_dop_operator_3.py
[2023-03-24T02:38:22.772+0000] {processor.py:743} INFO - Processing file /home/airflow/.local/lib/python3.7/site-packages/airflow/example_dags/example_branch_python_dop_operator_3.py for tasks to queue
[2023-03-24T02:38:22.772+0000] {logging_mixin.py:137} INFO - [2023-03-24T02:38:22.772+0000] {dagbag.py:532} INFO - Filling up the DagBag from /home/airflow/.local/lib/python3.7/site-packages/airflow/example_dags/example_branch_python_dop_operator_3.py
[2023-03-24T02:38:22.790+0000] {processor.py:753} INFO - DAG(s) dict_keys(['example_branch_dop_operator_v3']) retrieved from /home/airflow/.local/lib/python3.7/site-packages/airflow/example_dags/example_branch_python_dop_operator_3.py
[2023-03-24T02:38:22.811+0000] {logging_mixin.py:137} INFO - [2023-03-24T02:38:22.811+0000] {dag.py:2693} INFO - Sync 1 DAGs
[2023-03-24T02:38:22.838+0000] {logging_mixin.py:137} INFO - [2023-03-24T02:38:22.838+0000] {dag.py:3444} INFO - Setting next_dagrun for example_branch_dop_operator_v3 to 2023-03-24T02:37:00+00:00, run_after=2023-03-24T02:38:00+00:00
[2023-03-24T02:38:22.856+0000] {processor.py:175} INFO - Processing /home/airflow/.local/lib/python3.7/site-packages/airflow/example_dags/example_branch_python_dop_operator_3.py took 0.086 seconds
