[2023-03-24T02:33:15.191+0000] {processor.py:153} INFO - Started process (PID=48) to work on /home/airflow/.local/lib/python3.7/site-packages/airflow/example_dags/example_short_circuit_decorator.py
[2023-03-24T02:33:15.191+0000] {processor.py:743} INFO - Processing file /home/airflow/.local/lib/python3.7/site-packages/airflow/example_dags/example_short_circuit_decorator.py for tasks to queue
[2023-03-24T02:33:15.192+0000] {logging_mixin.py:137} INFO - [2023-03-24T02:33:15.192+0000] {dagbag.py:532} INFO - Filling up the DagBag from /home/airflow/.local/lib/python3.7/site-packages/airflow/example_dags/example_short_circuit_decorator.py
[2023-03-24T02:33:15.245+0000] {processor.py:753} INFO - DAG(s) dict_keys(['example_short_circuit_decorator']) retrieved from /home/airflow/.local/lib/python3.7/site-packages/airflow/example_dags/example_short_circuit_decorator.py
[2023-03-24T02:33:15.271+0000] {logging_mixin.py:137} INFO - [2023-03-24T02:33:15.271+0000] {dag.py:2693} INFO - Sync 1 DAGs
[2023-03-24T02:33:15.295+0000] {logging_mixin.py:137} INFO - [2023-03-24T02:33:15.295+0000] {dag.py:3444} INFO - Setting next_dagrun for example_short_circuit_decorator to 2023-03-23T02:33:15.295560+00:00, run_after=2023-03-24T02:33:15.295560+00:00
[2023-03-24T02:33:15.318+0000] {processor.py:175} INFO - Processing /home/airflow/.local/lib/python3.7/site-packages/airflow/example_dags/example_short_circuit_decorator.py took 0.129 seconds
[2023-03-24T02:33:45.991+0000] {processor.py:153} INFO - Started process (PID=97) to work on /home/airflow/.local/lib/python3.7/site-packages/airflow/example_dags/example_short_circuit_decorator.py
[2023-03-24T02:33:45.992+0000] {processor.py:743} INFO - Processing file /home/airflow/.local/lib/python3.7/site-packages/airflow/example_dags/example_short_circuit_decorator.py for tasks to queue
[2023-03-24T02:33:45.993+0000] {logging_mixin.py:137} INFO - [2023-03-24T02:33:45.993+0000] {dagbag.py:532} INFO - Filling up the DagBag from /home/airflow/.local/lib/python3.7/site-packages/airflow/example_dags/example_short_circuit_decorator.py
[2023-03-24T02:33:46.023+0000] {processor.py:753} INFO - DAG(s) dict_keys(['example_short_circuit_decorator']) retrieved from /home/airflow/.local/lib/python3.7/site-packages/airflow/example_dags/example_short_circuit_decorator.py
[2023-03-24T02:33:46.046+0000] {logging_mixin.py:137} INFO - [2023-03-24T02:33:46.046+0000] {dag.py:2693} INFO - Sync 1 DAGs
[2023-03-24T02:33:46.068+0000] {logging_mixin.py:137} INFO - [2023-03-24T02:33:46.068+0000] {dag.py:3444} INFO - Setting next_dagrun for example_short_circuit_decorator to 2023-03-23T02:33:46.068617+00:00, run_after=2023-03-24T02:33:46.068617+00:00
[2023-03-24T02:33:46.085+0000] {processor.py:175} INFO - Processing /home/airflow/.local/lib/python3.7/site-packages/airflow/example_dags/example_short_circuit_decorator.py took 0.098 seconds
[2023-03-24T02:34:16.616+0000] {processor.py:153} INFO - Started process (PID=146) to work on /home/airflow/.local/lib/python3.7/site-packages/airflow/example_dags/example_short_circuit_decorator.py
[2023-03-24T02:34:16.625+0000] {processor.py:743} INFO - Processing file /home/airflow/.local/lib/python3.7/site-packages/airflow/example_dags/example_short_circuit_decorator.py for tasks to queue
[2023-03-24T02:34:16.626+0000] {logging_mixin.py:137} INFO - [2023-03-24T02:34:16.626+0000] {dagbag.py:532} INFO - Filling up the DagBag from /home/airflow/.local/lib/python3.7/site-packages/airflow/example_dags/example_short_circuit_decorator.py
[2023-03-24T02:34:16.646+0000] {processor.py:753} INFO - DAG(s) dict_keys(['example_short_circuit_decorator']) retrieved from /home/airflow/.local/lib/python3.7/site-packages/airflow/example_dags/example_short_circuit_decorator.py
[2023-03-24T02:34:16.670+0000] {logging_mixin.py:137} INFO - [2023-03-24T02:34:16.670+0000] {dag.py:2693} INFO - Sync 1 DAGs
[2023-03-24T02:34:16.693+0000] {logging_mixin.py:137} INFO - [2023-03-24T02:34:16.693+0000] {dag.py:3444} INFO - Setting next_dagrun for example_short_circuit_decorator to 2023-03-23T02:34:16.693171+00:00, run_after=2023-03-24T02:34:16.693171+00:00
[2023-03-24T02:34:16.710+0000] {processor.py:175} INFO - Processing /home/airflow/.local/lib/python3.7/site-packages/airflow/example_dags/example_short_circuit_decorator.py took 0.098 seconds
[2023-03-24T02:34:47.233+0000] {processor.py:153} INFO - Started process (PID=196) to work on /home/airflow/.local/lib/python3.7/site-packages/airflow/example_dags/example_short_circuit_decorator.py
[2023-03-24T02:34:47.243+0000] {processor.py:743} INFO - Processing file /home/airflow/.local/lib/python3.7/site-packages/airflow/example_dags/example_short_circuit_decorator.py for tasks to queue
[2023-03-24T02:34:47.244+0000] {logging_mixin.py:137} INFO - [2023-03-24T02:34:47.243+0000] {dagbag.py:532} INFO - Filling up the DagBag from /home/airflow/.local/lib/python3.7/site-packages/airflow/example_dags/example_short_circuit_decorator.py
[2023-03-24T02:34:47.261+0000] {processor.py:753} INFO - DAG(s) dict_keys(['example_short_circuit_decorator']) retrieved from /home/airflow/.local/lib/python3.7/site-packages/airflow/example_dags/example_short_circuit_decorator.py
[2023-03-24T02:34:47.284+0000] {logging_mixin.py:137} INFO - [2023-03-24T02:34:47.284+0000] {dag.py:2693} INFO - Sync 1 DAGs
[2023-03-24T02:34:47.305+0000] {logging_mixin.py:137} INFO - [2023-03-24T02:34:47.305+0000] {dag.py:3444} INFO - Setting next_dagrun for example_short_circuit_decorator to 2023-03-23T02:34:47.305254+00:00, run_after=2023-03-24T02:34:47.305254+00:00
[2023-03-24T02:34:47.333+0000] {processor.py:175} INFO - Processing /home/airflow/.local/lib/python3.7/site-packages/airflow/example_dags/example_short_circuit_decorator.py took 0.102 seconds
[2023-03-24T02:35:17.944+0000] {processor.py:153} INFO - Started process (PID=245) to work on /home/airflow/.local/lib/python3.7/site-packages/airflow/example_dags/example_short_circuit_decorator.py
[2023-03-24T02:35:17.952+0000] {processor.py:743} INFO - Processing file /home/airflow/.local/lib/python3.7/site-packages/airflow/example_dags/example_short_circuit_decorator.py for tasks to queue
[2023-03-24T02:35:17.953+0000] {logging_mixin.py:137} INFO - [2023-03-24T02:35:17.953+0000] {dagbag.py:532} INFO - Filling up the DagBag from /home/airflow/.local/lib/python3.7/site-packages/airflow/example_dags/example_short_circuit_decorator.py
[2023-03-24T02:35:17.998+0000] {processor.py:753} INFO - DAG(s) dict_keys(['example_short_circuit_decorator']) retrieved from /home/airflow/.local/lib/python3.7/site-packages/airflow/example_dags/example_short_circuit_decorator.py
[2023-03-24T02:35:18.022+0000] {logging_mixin.py:137} INFO - [2023-03-24T02:35:18.022+0000] {dag.py:2693} INFO - Sync 1 DAGs
[2023-03-24T02:35:18.046+0000] {logging_mixin.py:137} INFO - [2023-03-24T02:35:18.046+0000] {dag.py:3444} INFO - Setting next_dagrun for example_short_circuit_decorator to 2023-03-23T02:35:18.045993+00:00, run_after=2023-03-24T02:35:18.045993+00:00
[2023-03-24T02:35:18.063+0000] {processor.py:175} INFO - Processing /home/airflow/.local/lib/python3.7/site-packages/airflow/example_dags/example_short_circuit_decorator.py took 0.123 seconds
[2023-03-24T02:35:48.964+0000] {processor.py:153} INFO - Started process (PID=294) to work on /home/airflow/.local/lib/python3.7/site-packages/airflow/example_dags/example_short_circuit_decorator.py
[2023-03-24T02:35:48.966+0000] {processor.py:743} INFO - Processing file /home/airflow/.local/lib/python3.7/site-packages/airflow/example_dags/example_short_circuit_decorator.py for tasks to queue
[2023-03-24T02:35:48.967+0000] {logging_mixin.py:137} INFO - [2023-03-24T02:35:48.967+0000] {dagbag.py:532} INFO - Filling up the DagBag from /home/airflow/.local/lib/python3.7/site-packages/airflow/example_dags/example_short_circuit_decorator.py
[2023-03-24T02:35:49.009+0000] {processor.py:753} INFO - DAG(s) dict_keys(['example_short_circuit_decorator']) retrieved from /home/airflow/.local/lib/python3.7/site-packages/airflow/example_dags/example_short_circuit_decorator.py
[2023-03-24T02:35:49.031+0000] {logging_mixin.py:137} INFO - [2023-03-24T02:35:49.031+0000] {dag.py:2693} INFO - Sync 1 DAGs
[2023-03-24T02:35:49.054+0000] {logging_mixin.py:137} INFO - [2023-03-24T02:35:49.054+0000] {dag.py:3444} INFO - Setting next_dagrun for example_short_circuit_decorator to 2023-03-23T02:35:49.054175+00:00, run_after=2023-03-24T02:35:49.054175+00:00
[2023-03-24T02:35:49.073+0000] {processor.py:175} INFO - Processing /home/airflow/.local/lib/python3.7/site-packages/airflow/example_dags/example_short_circuit_decorator.py took 0.114 seconds
[2023-03-24T02:36:19.813+0000] {processor.py:153} INFO - Started process (PID=343) to work on /home/airflow/.local/lib/python3.7/site-packages/airflow/example_dags/example_short_circuit_decorator.py
[2023-03-24T02:36:19.816+0000] {processor.py:743} INFO - Processing file /home/airflow/.local/lib/python3.7/site-packages/airflow/example_dags/example_short_circuit_decorator.py for tasks to queue
[2023-03-24T02:36:19.818+0000] {logging_mixin.py:137} INFO - [2023-03-24T02:36:19.818+0000] {dagbag.py:532} INFO - Filling up the DagBag from /home/airflow/.local/lib/python3.7/site-packages/airflow/example_dags/example_short_circuit_decorator.py
[2023-03-24T02:36:19.860+0000] {processor.py:753} INFO - DAG(s) dict_keys(['example_short_circuit_decorator']) retrieved from /home/airflow/.local/lib/python3.7/site-packages/airflow/example_dags/example_short_circuit_decorator.py
[2023-03-24T02:36:19.884+0000] {logging_mixin.py:137} INFO - [2023-03-24T02:36:19.884+0000] {dag.py:2693} INFO - Sync 1 DAGs
[2023-03-24T02:36:19.906+0000] {logging_mixin.py:137} INFO - [2023-03-24T02:36:19.906+0000] {dag.py:3444} INFO - Setting next_dagrun for example_short_circuit_decorator to 2023-03-23T02:36:19.905953+00:00, run_after=2023-03-24T02:36:19.905953+00:00
[2023-03-24T02:36:19.923+0000] {processor.py:175} INFO - Processing /home/airflow/.local/lib/python3.7/site-packages/airflow/example_dags/example_short_circuit_decorator.py took 0.115 seconds
[2023-03-24T02:36:50.616+0000] {processor.py:153} INFO - Started process (PID=392) to work on /home/airflow/.local/lib/python3.7/site-packages/airflow/example_dags/example_short_circuit_decorator.py
[2023-03-24T02:36:50.619+0000] {processor.py:743} INFO - Processing file /home/airflow/.local/lib/python3.7/site-packages/airflow/example_dags/example_short_circuit_decorator.py for tasks to queue
[2023-03-24T02:36:50.620+0000] {logging_mixin.py:137} INFO - [2023-03-24T02:36:50.620+0000] {dagbag.py:532} INFO - Filling up the DagBag from /home/airflow/.local/lib/python3.7/site-packages/airflow/example_dags/example_short_circuit_decorator.py
[2023-03-24T02:36:50.664+0000] {processor.py:753} INFO - DAG(s) dict_keys(['example_short_circuit_decorator']) retrieved from /home/airflow/.local/lib/python3.7/site-packages/airflow/example_dags/example_short_circuit_decorator.py
[2023-03-24T02:36:50.687+0000] {logging_mixin.py:137} INFO - [2023-03-24T02:36:50.687+0000] {dag.py:2693} INFO - Sync 1 DAGs
[2023-03-24T02:36:50.710+0000] {logging_mixin.py:137} INFO - [2023-03-24T02:36:50.710+0000] {dag.py:3444} INFO - Setting next_dagrun for example_short_circuit_decorator to 2023-03-23T02:36:50.710339+00:00, run_after=2023-03-24T02:36:50.710339+00:00
[2023-03-24T02:36:50.729+0000] {processor.py:175} INFO - Processing /home/airflow/.local/lib/python3.7/site-packages/airflow/example_dags/example_short_circuit_decorator.py took 0.117 seconds
[2023-03-24T02:37:21.205+0000] {processor.py:153} INFO - Started process (PID=441) to work on /home/airflow/.local/lib/python3.7/site-packages/airflow/example_dags/example_short_circuit_decorator.py
[2023-03-24T02:37:21.210+0000] {processor.py:743} INFO - Processing file /home/airflow/.local/lib/python3.7/site-packages/airflow/example_dags/example_short_circuit_decorator.py for tasks to queue
[2023-03-24T02:37:21.212+0000] {logging_mixin.py:137} INFO - [2023-03-24T02:37:21.211+0000] {dagbag.py:532} INFO - Filling up the DagBag from /home/airflow/.local/lib/python3.7/site-packages/airflow/example_dags/example_short_circuit_decorator.py
[2023-03-24T02:37:21.252+0000] {processor.py:753} INFO - DAG(s) dict_keys(['example_short_circuit_decorator']) retrieved from /home/airflow/.local/lib/python3.7/site-packages/airflow/example_dags/example_short_circuit_decorator.py
[2023-03-24T02:37:21.281+0000] {logging_mixin.py:137} INFO - [2023-03-24T02:37:21.281+0000] {dag.py:2693} INFO - Sync 1 DAGs
[2023-03-24T02:37:21.306+0000] {logging_mixin.py:137} INFO - [2023-03-24T02:37:21.305+0000] {dag.py:3444} INFO - Setting next_dagrun for example_short_circuit_decorator to 2023-03-23T02:37:21.305670+00:00, run_after=2023-03-24T02:37:21.305670+00:00
[2023-03-24T02:37:21.327+0000] {processor.py:175} INFO - Processing /home/airflow/.local/lib/python3.7/site-packages/airflow/example_dags/example_short_circuit_decorator.py took 0.125 seconds
[2023-03-24T02:37:51.837+0000] {processor.py:153} INFO - Started process (PID=490) to work on /home/airflow/.local/lib/python3.7/site-packages/airflow/example_dags/example_short_circuit_decorator.py
[2023-03-24T02:37:51.841+0000] {processor.py:743} INFO - Processing file /home/airflow/.local/lib/python3.7/site-packages/airflow/example_dags/example_short_circuit_decorator.py for tasks to queue
[2023-03-24T02:37:51.842+0000] {logging_mixin.py:137} INFO - [2023-03-24T02:37:51.842+0000] {dagbag.py:532} INFO - Filling up the DagBag from /home/airflow/.local/lib/python3.7/site-packages/airflow/example_dags/example_short_circuit_decorator.py
[2023-03-24T02:37:51.862+0000] {processor.py:753} INFO - DAG(s) dict_keys(['example_short_circuit_decorator']) retrieved from /home/airflow/.local/lib/python3.7/site-packages/airflow/example_dags/example_short_circuit_decorator.py
[2023-03-24T02:37:51.887+0000] {logging_mixin.py:137} INFO - [2023-03-24T02:37:51.887+0000] {dag.py:2693} INFO - Sync 1 DAGs
[2023-03-24T02:37:51.911+0000] {logging_mixin.py:137} INFO - [2023-03-24T02:37:51.911+0000] {dag.py:3444} INFO - Setting next_dagrun for example_short_circuit_decorator to 2023-03-23T02:37:51.911400+00:00, run_after=2023-03-24T02:37:51.911400+00:00
[2023-03-24T02:37:51.933+0000] {processor.py:175} INFO - Processing /home/airflow/.local/lib/python3.7/site-packages/airflow/example_dags/example_short_circuit_decorator.py took 0.099 seconds
[2023-03-24T02:38:22.536+0000] {processor.py:153} INFO - Started process (PID=539) to work on /home/airflow/.local/lib/python3.7/site-packages/airflow/example_dags/example_short_circuit_decorator.py
[2023-03-24T02:38:22.539+0000] {processor.py:743} INFO - Processing file /home/airflow/.local/lib/python3.7/site-packages/airflow/example_dags/example_short_circuit_decorator.py for tasks to queue
[2023-03-24T02:38:22.540+0000] {logging_mixin.py:137} INFO - [2023-03-24T02:38:22.540+0000] {dagbag.py:532} INFO - Filling up the DagBag from /home/airflow/.local/lib/python3.7/site-packages/airflow/example_dags/example_short_circuit_decorator.py
[2023-03-24T02:38:22.576+0000] {processor.py:753} INFO - DAG(s) dict_keys(['example_short_circuit_decorator']) retrieved from /home/airflow/.local/lib/python3.7/site-packages/airflow/example_dags/example_short_circuit_decorator.py
[2023-03-24T02:38:22.609+0000] {logging_mixin.py:137} INFO - [2023-03-24T02:38:22.609+0000] {dag.py:2693} INFO - Sync 1 DAGs
[2023-03-24T02:38:22.634+0000] {logging_mixin.py:137} INFO - [2023-03-24T02:38:22.633+0000] {dag.py:3444} INFO - Setting next_dagrun for example_short_circuit_decorator to 2023-03-23T02:38:22.633770+00:00, run_after=2023-03-24T02:38:22.633770+00:00
[2023-03-24T02:38:22.653+0000] {processor.py:175} INFO - Processing /home/airflow/.local/lib/python3.7/site-packages/airflow/example_dags/example_short_circuit_decorator.py took 0.121 seconds
