[2023-03-24T02:33:17.166+0000] {processor.py:153} INFO - Started process (PID=76) to work on /home/airflow/.local/lib/python3.7/site-packages/airflow/example_dags/example_sla_dag.py
[2023-03-24T02:33:17.166+0000] {processor.py:743} INFO - Processing file /home/airflow/.local/lib/python3.7/site-packages/airflow/example_dags/example_sla_dag.py for tasks to queue
[2023-03-24T02:33:17.167+0000] {logging_mixin.py:137} INFO - [2023-03-24T02:33:17.167+0000] {dagbag.py:532} INFO - Filling up the DagBag from /home/airflow/.local/lib/python3.7/site-packages/airflow/example_dags/example_sla_dag.py
[2023-03-24T02:33:17.191+0000] {processor.py:753} INFO - DAG(s) dict_keys(['example_sla_dag']) retrieved from /home/airflow/.local/lib/python3.7/site-packages/airflow/example_dags/example_sla_dag.py
[2023-03-24T02:33:17.203+0000] {logging_mixin.py:137} INFO - [2023-03-24T02:33:17.203+0000] {dag.py:2693} INFO - Sync 1 DAGs
[2023-03-24T02:33:17.234+0000] {logging_mixin.py:137} INFO - [2023-03-24T02:33:17.233+0000] {dag.py:3444} INFO - Setting next_dagrun for example_sla_dag to 2023-03-24T02:30:00+00:00, run_after=2023-03-24T02:32:00+00:00
[2023-03-24T02:33:17.254+0000] {processor.py:175} INFO - Processing /home/airflow/.local/lib/python3.7/site-packages/airflow/example_dags/example_sla_dag.py took 0.091 seconds
[2023-03-24T02:33:47.657+0000] {processor.py:153} INFO - Started process (PID=125) to work on /home/airflow/.local/lib/python3.7/site-packages/airflow/example_dags/example_sla_dag.py
[2023-03-24T02:33:47.657+0000] {processor.py:743} INFO - Processing file /home/airflow/.local/lib/python3.7/site-packages/airflow/example_dags/example_sla_dag.py for tasks to queue
[2023-03-24T02:33:47.658+0000] {logging_mixin.py:137} INFO - [2023-03-24T02:33:47.658+0000] {dagbag.py:532} INFO - Filling up the DagBag from /home/airflow/.local/lib/python3.7/site-packages/airflow/example_dags/example_sla_dag.py
[2023-03-24T02:33:47.675+0000] {processor.py:753} INFO - DAG(s) dict_keys(['example_sla_dag']) retrieved from /home/airflow/.local/lib/python3.7/site-packages/airflow/example_dags/example_sla_dag.py
[2023-03-24T02:33:47.697+0000] {logging_mixin.py:137} INFO - [2023-03-24T02:33:47.697+0000] {dag.py:2693} INFO - Sync 1 DAGs
[2023-03-24T02:33:47.723+0000] {logging_mixin.py:137} INFO - [2023-03-24T02:33:47.723+0000] {dag.py:3444} INFO - Setting next_dagrun for example_sla_dag to 2023-03-24T02:30:00+00:00, run_after=2023-03-24T02:32:00+00:00
[2023-03-24T02:33:47.739+0000] {processor.py:175} INFO - Processing /home/airflow/.local/lib/python3.7/site-packages/airflow/example_dags/example_sla_dag.py took 0.084 seconds
[2023-03-24T02:34:18.355+0000] {processor.py:153} INFO - Started process (PID=174) to work on /home/airflow/.local/lib/python3.7/site-packages/airflow/example_dags/example_sla_dag.py
[2023-03-24T02:34:18.357+0000] {processor.py:743} INFO - Processing file /home/airflow/.local/lib/python3.7/site-packages/airflow/example_dags/example_sla_dag.py for tasks to queue
[2023-03-24T02:34:18.358+0000] {logging_mixin.py:137} INFO - [2023-03-24T02:34:18.357+0000] {dagbag.py:532} INFO - Filling up the DagBag from /home/airflow/.local/lib/python3.7/site-packages/airflow/example_dags/example_sla_dag.py
[2023-03-24T02:34:18.398+0000] {processor.py:753} INFO - DAG(s) dict_keys(['example_sla_dag']) retrieved from /home/airflow/.local/lib/python3.7/site-packages/airflow/example_dags/example_sla_dag.py
[2023-03-24T02:34:18.418+0000] {logging_mixin.py:137} INFO - [2023-03-24T02:34:18.418+0000] {dag.py:2693} INFO - Sync 1 DAGs
[2023-03-24T02:34:18.442+0000] {logging_mixin.py:137} INFO - [2023-03-24T02:34:18.442+0000] {dag.py:3444} INFO - Setting next_dagrun for example_sla_dag to 2023-03-24T02:32:00+00:00, run_after=2023-03-24T02:34:00+00:00
[2023-03-24T02:34:18.462+0000] {processor.py:175} INFO - Processing /home/airflow/.local/lib/python3.7/site-packages/airflow/example_dags/example_sla_dag.py took 0.111 seconds
[2023-03-24T02:34:49.193+0000] {processor.py:153} INFO - Started process (PID=224) to work on /home/airflow/.local/lib/python3.7/site-packages/airflow/example_dags/example_sla_dag.py
[2023-03-24T02:34:49.194+0000] {processor.py:743} INFO - Processing file /home/airflow/.local/lib/python3.7/site-packages/airflow/example_dags/example_sla_dag.py for tasks to queue
[2023-03-24T02:34:49.194+0000] {logging_mixin.py:137} INFO - [2023-03-24T02:34:49.194+0000] {dagbag.py:532} INFO - Filling up the DagBag from /home/airflow/.local/lib/python3.7/site-packages/airflow/example_dags/example_sla_dag.py
[2023-03-24T02:34:49.214+0000] {processor.py:753} INFO - DAG(s) dict_keys(['example_sla_dag']) retrieved from /home/airflow/.local/lib/python3.7/site-packages/airflow/example_dags/example_sla_dag.py
[2023-03-24T02:34:49.235+0000] {logging_mixin.py:137} INFO - [2023-03-24T02:34:49.235+0000] {dag.py:2693} INFO - Sync 1 DAGs
[2023-03-24T02:34:49.262+0000] {logging_mixin.py:137} INFO - [2023-03-24T02:34:49.261+0000] {dag.py:3444} INFO - Setting next_dagrun for example_sla_dag to 2023-03-24T02:32:00+00:00, run_after=2023-03-24T02:34:00+00:00
[2023-03-24T02:34:49.282+0000] {processor.py:175} INFO - Processing /home/airflow/.local/lib/python3.7/site-packages/airflow/example_dags/example_sla_dag.py took 0.091 seconds
[2023-03-24T02:35:19.991+0000] {processor.py:153} INFO - Started process (PID=273) to work on /home/airflow/.local/lib/python3.7/site-packages/airflow/example_dags/example_sla_dag.py
[2023-03-24T02:35:19.992+0000] {processor.py:743} INFO - Processing file /home/airflow/.local/lib/python3.7/site-packages/airflow/example_dags/example_sla_dag.py for tasks to queue
[2023-03-24T02:35:19.993+0000] {logging_mixin.py:137} INFO - [2023-03-24T02:35:19.993+0000] {dagbag.py:532} INFO - Filling up the DagBag from /home/airflow/.local/lib/python3.7/site-packages/airflow/example_dags/example_sla_dag.py
[2023-03-24T02:35:20.029+0000] {processor.py:753} INFO - DAG(s) dict_keys(['example_sla_dag']) retrieved from /home/airflow/.local/lib/python3.7/site-packages/airflow/example_dags/example_sla_dag.py
[2023-03-24T02:35:20.050+0000] {logging_mixin.py:137} INFO - [2023-03-24T02:35:20.050+0000] {dag.py:2693} INFO - Sync 1 DAGs
[2023-03-24T02:35:20.077+0000] {logging_mixin.py:137} INFO - [2023-03-24T02:35:20.077+0000] {dag.py:3444} INFO - Setting next_dagrun for example_sla_dag to 2023-03-24T02:32:00+00:00, run_after=2023-03-24T02:34:00+00:00
[2023-03-24T02:35:20.093+0000] {processor.py:175} INFO - Processing /home/airflow/.local/lib/python3.7/site-packages/airflow/example_dags/example_sla_dag.py took 0.107 seconds
[2023-03-24T02:35:50.963+0000] {processor.py:153} INFO - Started process (PID=322) to work on /home/airflow/.local/lib/python3.7/site-packages/airflow/example_dags/example_sla_dag.py
[2023-03-24T02:35:50.964+0000] {processor.py:743} INFO - Processing file /home/airflow/.local/lib/python3.7/site-packages/airflow/example_dags/example_sla_dag.py for tasks to queue
[2023-03-24T02:35:50.965+0000] {logging_mixin.py:137} INFO - [2023-03-24T02:35:50.965+0000] {dagbag.py:532} INFO - Filling up the DagBag from /home/airflow/.local/lib/python3.7/site-packages/airflow/example_dags/example_sla_dag.py
[2023-03-24T02:35:51.007+0000] {processor.py:753} INFO - DAG(s) dict_keys(['example_sla_dag']) retrieved from /home/airflow/.local/lib/python3.7/site-packages/airflow/example_dags/example_sla_dag.py
[2023-03-24T02:35:51.029+0000] {logging_mixin.py:137} INFO - [2023-03-24T02:35:51.029+0000] {dag.py:2693} INFO - Sync 1 DAGs
[2023-03-24T02:35:51.054+0000] {logging_mixin.py:137} INFO - [2023-03-24T02:35:51.054+0000] {dag.py:3444} INFO - Setting next_dagrun for example_sla_dag to 2023-03-24T02:32:00+00:00, run_after=2023-03-24T02:34:00+00:00
[2023-03-24T02:35:51.072+0000] {processor.py:175} INFO - Processing /home/airflow/.local/lib/python3.7/site-packages/airflow/example_dags/example_sla_dag.py took 0.114 seconds
[2023-03-24T02:36:21.783+0000] {processor.py:153} INFO - Started process (PID=371) to work on /home/airflow/.local/lib/python3.7/site-packages/airflow/example_dags/example_sla_dag.py
[2023-03-24T02:36:21.784+0000] {processor.py:743} INFO - Processing file /home/airflow/.local/lib/python3.7/site-packages/airflow/example_dags/example_sla_dag.py for tasks to queue
[2023-03-24T02:36:21.785+0000] {logging_mixin.py:137} INFO - [2023-03-24T02:36:21.785+0000] {dagbag.py:532} INFO - Filling up the DagBag from /home/airflow/.local/lib/python3.7/site-packages/airflow/example_dags/example_sla_dag.py
[2023-03-24T02:36:21.824+0000] {processor.py:753} INFO - DAG(s) dict_keys(['example_sla_dag']) retrieved from /home/airflow/.local/lib/python3.7/site-packages/airflow/example_dags/example_sla_dag.py
[2023-03-24T02:36:21.844+0000] {logging_mixin.py:137} INFO - [2023-03-24T02:36:21.844+0000] {dag.py:2693} INFO - Sync 1 DAGs
[2023-03-24T02:36:21.870+0000] {logging_mixin.py:137} INFO - [2023-03-24T02:36:21.870+0000] {dag.py:3444} INFO - Setting next_dagrun for example_sla_dag to 2023-03-24T02:34:00+00:00, run_after=2023-03-24T02:36:00+00:00
[2023-03-24T02:36:21.886+0000] {processor.py:175} INFO - Processing /home/airflow/.local/lib/python3.7/site-packages/airflow/example_dags/example_sla_dag.py took 0.108 seconds
[2023-03-24T02:36:52.424+0000] {processor.py:153} INFO - Started process (PID=420) to work on /home/airflow/.local/lib/python3.7/site-packages/airflow/example_dags/example_sla_dag.py
[2023-03-24T02:36:52.425+0000] {processor.py:743} INFO - Processing file /home/airflow/.local/lib/python3.7/site-packages/airflow/example_dags/example_sla_dag.py for tasks to queue
[2023-03-24T02:36:52.426+0000] {logging_mixin.py:137} INFO - [2023-03-24T02:36:52.426+0000] {dagbag.py:532} INFO - Filling up the DagBag from /home/airflow/.local/lib/python3.7/site-packages/airflow/example_dags/example_sla_dag.py
[2023-03-24T02:36:52.465+0000] {processor.py:753} INFO - DAG(s) dict_keys(['example_sla_dag']) retrieved from /home/airflow/.local/lib/python3.7/site-packages/airflow/example_dags/example_sla_dag.py
[2023-03-24T02:36:52.485+0000] {logging_mixin.py:137} INFO - [2023-03-24T02:36:52.485+0000] {dag.py:2693} INFO - Sync 1 DAGs
[2023-03-24T02:36:52.510+0000] {logging_mixin.py:137} INFO - [2023-03-24T02:36:52.510+0000] {dag.py:3444} INFO - Setting next_dagrun for example_sla_dag to 2023-03-24T02:34:00+00:00, run_after=2023-03-24T02:36:00+00:00
[2023-03-24T02:36:52.527+0000] {processor.py:175} INFO - Processing /home/airflow/.local/lib/python3.7/site-packages/airflow/example_dags/example_sla_dag.py took 0.107 seconds
[2023-03-24T02:37:22.958+0000] {processor.py:153} INFO - Started process (PID=469) to work on /home/airflow/.local/lib/python3.7/site-packages/airflow/example_dags/example_sla_dag.py
[2023-03-24T02:37:22.959+0000] {processor.py:743} INFO - Processing file /home/airflow/.local/lib/python3.7/site-packages/airflow/example_dags/example_sla_dag.py for tasks to queue
[2023-03-24T02:37:22.960+0000] {logging_mixin.py:137} INFO - [2023-03-24T02:37:22.960+0000] {dagbag.py:532} INFO - Filling up the DagBag from /home/airflow/.local/lib/python3.7/site-packages/airflow/example_dags/example_sla_dag.py
[2023-03-24T02:37:22.997+0000] {processor.py:753} INFO - DAG(s) dict_keys(['example_sla_dag']) retrieved from /home/airflow/.local/lib/python3.7/site-packages/airflow/example_dags/example_sla_dag.py
[2023-03-24T02:37:23.020+0000] {logging_mixin.py:137} INFO - [2023-03-24T02:37:23.020+0000] {dag.py:2693} INFO - Sync 1 DAGs
[2023-03-24T02:37:23.047+0000] {logging_mixin.py:137} INFO - [2023-03-24T02:37:23.047+0000] {dag.py:3444} INFO - Setting next_dagrun for example_sla_dag to 2023-03-24T02:34:00+00:00, run_after=2023-03-24T02:36:00+00:00
[2023-03-24T02:37:23.064+0000] {processor.py:175} INFO - Processing /home/airflow/.local/lib/python3.7/site-packages/airflow/example_dags/example_sla_dag.py took 0.111 seconds
[2023-03-24T02:37:53.635+0000] {processor.py:153} INFO - Started process (PID=518) to work on /home/airflow/.local/lib/python3.7/site-packages/airflow/example_dags/example_sla_dag.py
[2023-03-24T02:37:53.636+0000] {processor.py:743} INFO - Processing file /home/airflow/.local/lib/python3.7/site-packages/airflow/example_dags/example_sla_dag.py for tasks to queue
[2023-03-24T02:37:53.637+0000] {logging_mixin.py:137} INFO - [2023-03-24T02:37:53.637+0000] {dagbag.py:532} INFO - Filling up the DagBag from /home/airflow/.local/lib/python3.7/site-packages/airflow/example_dags/example_sla_dag.py
[2023-03-24T02:37:53.671+0000] {processor.py:753} INFO - DAG(s) dict_keys(['example_sla_dag']) retrieved from /home/airflow/.local/lib/python3.7/site-packages/airflow/example_dags/example_sla_dag.py
[2023-03-24T02:37:53.694+0000] {logging_mixin.py:137} INFO - [2023-03-24T02:37:53.694+0000] {dag.py:2693} INFO - Sync 1 DAGs
[2023-03-24T02:37:53.720+0000] {logging_mixin.py:137} INFO - [2023-03-24T02:37:53.720+0000] {dag.py:3444} INFO - Setting next_dagrun for example_sla_dag to 2023-03-24T02:34:00+00:00, run_after=2023-03-24T02:36:00+00:00
[2023-03-24T02:37:53.736+0000] {processor.py:175} INFO - Processing /home/airflow/.local/lib/python3.7/site-packages/airflow/example_dags/example_sla_dag.py took 0.104 seconds
[2023-03-24T02:38:24.384+0000] {processor.py:153} INFO - Started process (PID=567) to work on /home/airflow/.local/lib/python3.7/site-packages/airflow/example_dags/example_sla_dag.py
[2023-03-24T02:38:24.385+0000] {processor.py:743} INFO - Processing file /home/airflow/.local/lib/python3.7/site-packages/airflow/example_dags/example_sla_dag.py for tasks to queue
[2023-03-24T02:38:24.386+0000] {logging_mixin.py:137} INFO - [2023-03-24T02:38:24.385+0000] {dagbag.py:532} INFO - Filling up the DagBag from /home/airflow/.local/lib/python3.7/site-packages/airflow/example_dags/example_sla_dag.py
[2023-03-24T02:38:24.421+0000] {processor.py:753} INFO - DAG(s) dict_keys(['example_sla_dag']) retrieved from /home/airflow/.local/lib/python3.7/site-packages/airflow/example_dags/example_sla_dag.py
[2023-03-24T02:38:24.443+0000] {logging_mixin.py:137} INFO - [2023-03-24T02:38:24.443+0000] {dag.py:2693} INFO - Sync 1 DAGs
[2023-03-24T02:38:24.471+0000] {logging_mixin.py:137} INFO - [2023-03-24T02:38:24.471+0000] {dag.py:3444} INFO - Setting next_dagrun for example_sla_dag to 2023-03-24T02:36:00+00:00, run_after=2023-03-24T02:38:00+00:00
[2023-03-24T02:38:24.488+0000] {processor.py:175} INFO - Processing /home/airflow/.local/lib/python3.7/site-packages/airflow/example_dags/example_sla_dag.py took 0.109 seconds
