[2023-03-24T02:33:16.063+0000] {processor.py:153} INFO - Started process (PID=61) to work on /home/airflow/.local/lib/python3.7/site-packages/airflow/example_dags/example_nested_branch_dag.py
[2023-03-24T02:33:16.065+0000] {processor.py:743} INFO - Processing file /home/airflow/.local/lib/python3.7/site-packages/airflow/example_dags/example_nested_branch_dag.py for tasks to queue
[2023-03-24T02:33:16.066+0000] {logging_mixin.py:137} INFO - [2023-03-24T02:33:16.065+0000] {dagbag.py:532} INFO - Filling up the DagBag from /home/airflow/.local/lib/python3.7/site-packages/airflow/example_dags/example_nested_branch_dag.py
[2023-03-24T02:33:16.107+0000] {processor.py:753} INFO - DAG(s) dict_keys(['example_nested_branch_dag']) retrieved from /home/airflow/.local/lib/python3.7/site-packages/airflow/example_dags/example_nested_branch_dag.py
[2023-03-24T02:33:16.120+0000] {logging_mixin.py:137} INFO - [2023-03-24T02:33:16.120+0000] {dag.py:2693} INFO - Sync 1 DAGs
[2023-03-24T02:33:16.149+0000] {logging_mixin.py:137} INFO - [2023-03-24T02:33:16.149+0000] {dag.py:3444} INFO - Setting next_dagrun for example_nested_branch_dag to 2023-03-23T00:00:00+00:00, run_after=2023-03-24T00:00:00+00:00
[2023-03-24T02:33:16.182+0000] {processor.py:175} INFO - Processing /home/airflow/.local/lib/python3.7/site-packages/airflow/example_dags/example_nested_branch_dag.py took 0.122 seconds
[2023-03-24T02:33:46.815+0000] {processor.py:153} INFO - Started process (PID=110) to work on /home/airflow/.local/lib/python3.7/site-packages/airflow/example_dags/example_nested_branch_dag.py
[2023-03-24T02:33:46.815+0000] {processor.py:743} INFO - Processing file /home/airflow/.local/lib/python3.7/site-packages/airflow/example_dags/example_nested_branch_dag.py for tasks to queue
[2023-03-24T02:33:46.816+0000] {logging_mixin.py:137} INFO - [2023-03-24T02:33:46.816+0000] {dagbag.py:532} INFO - Filling up the DagBag from /home/airflow/.local/lib/python3.7/site-packages/airflow/example_dags/example_nested_branch_dag.py
[2023-03-24T02:33:46.834+0000] {processor.py:753} INFO - DAG(s) dict_keys(['example_nested_branch_dag']) retrieved from /home/airflow/.local/lib/python3.7/site-packages/airflow/example_dags/example_nested_branch_dag.py
[2023-03-24T02:33:46.855+0000] {logging_mixin.py:137} INFO - [2023-03-24T02:33:46.855+0000] {dag.py:2693} INFO - Sync 1 DAGs
[2023-03-24T02:33:46.879+0000] {logging_mixin.py:137} INFO - [2023-03-24T02:33:46.879+0000] {dag.py:3444} INFO - Setting next_dagrun for example_nested_branch_dag to 2023-03-23T00:00:00+00:00, run_after=2023-03-24T00:00:00+00:00
[2023-03-24T02:33:46.896+0000] {processor.py:175} INFO - Processing /home/airflow/.local/lib/python3.7/site-packages/airflow/example_dags/example_nested_branch_dag.py took 0.083 seconds
[2023-03-24T02:34:17.489+0000] {processor.py:153} INFO - Started process (PID=159) to work on /home/airflow/.local/lib/python3.7/site-packages/airflow/example_dags/example_nested_branch_dag.py
[2023-03-24T02:34:17.489+0000] {processor.py:743} INFO - Processing file /home/airflow/.local/lib/python3.7/site-packages/airflow/example_dags/example_nested_branch_dag.py for tasks to queue
[2023-03-24T02:34:17.490+0000] {logging_mixin.py:137} INFO - [2023-03-24T02:34:17.490+0000] {dagbag.py:532} INFO - Filling up the DagBag from /home/airflow/.local/lib/python3.7/site-packages/airflow/example_dags/example_nested_branch_dag.py
[2023-03-24T02:34:17.507+0000] {processor.py:753} INFO - DAG(s) dict_keys(['example_nested_branch_dag']) retrieved from /home/airflow/.local/lib/python3.7/site-packages/airflow/example_dags/example_nested_branch_dag.py
[2023-03-24T02:34:17.529+0000] {logging_mixin.py:137} INFO - [2023-03-24T02:34:17.529+0000] {dag.py:2693} INFO - Sync 1 DAGs
[2023-03-24T02:34:17.552+0000] {logging_mixin.py:137} INFO - [2023-03-24T02:34:17.552+0000] {dag.py:3444} INFO - Setting next_dagrun for example_nested_branch_dag to 2023-03-23T00:00:00+00:00, run_after=2023-03-24T00:00:00+00:00
[2023-03-24T02:34:17.571+0000] {processor.py:175} INFO - Processing /home/airflow/.local/lib/python3.7/site-packages/airflow/example_dags/example_nested_branch_dag.py took 0.084 seconds
[2023-03-24T02:34:48.117+0000] {processor.py:153} INFO - Started process (PID=209) to work on /home/airflow/.local/lib/python3.7/site-packages/airflow/example_dags/example_nested_branch_dag.py
[2023-03-24T02:34:48.117+0000] {processor.py:743} INFO - Processing file /home/airflow/.local/lib/python3.7/site-packages/airflow/example_dags/example_nested_branch_dag.py for tasks to queue
[2023-03-24T02:34:48.118+0000] {logging_mixin.py:137} INFO - [2023-03-24T02:34:48.118+0000] {dagbag.py:532} INFO - Filling up the DagBag from /home/airflow/.local/lib/python3.7/site-packages/airflow/example_dags/example_nested_branch_dag.py
[2023-03-24T02:34:48.137+0000] {processor.py:753} INFO - DAG(s) dict_keys(['example_nested_branch_dag']) retrieved from /home/airflow/.local/lib/python3.7/site-packages/airflow/example_dags/example_nested_branch_dag.py
[2023-03-24T02:34:48.160+0000] {logging_mixin.py:137} INFO - [2023-03-24T02:34:48.160+0000] {dag.py:2693} INFO - Sync 1 DAGs
[2023-03-24T02:34:48.186+0000] {logging_mixin.py:137} INFO - [2023-03-24T02:34:48.186+0000] {dag.py:3444} INFO - Setting next_dagrun for example_nested_branch_dag to 2023-03-23T00:00:00+00:00, run_after=2023-03-24T00:00:00+00:00
[2023-03-24T02:34:48.206+0000] {processor.py:175} INFO - Processing /home/airflow/.local/lib/python3.7/site-packages/airflow/example_dags/example_nested_branch_dag.py took 0.091 seconds
[2023-03-24T02:35:18.922+0000] {processor.py:153} INFO - Started process (PID=258) to work on /home/airflow/.local/lib/python3.7/site-packages/airflow/example_dags/example_nested_branch_dag.py
[2023-03-24T02:35:18.923+0000] {processor.py:743} INFO - Processing file /home/airflow/.local/lib/python3.7/site-packages/airflow/example_dags/example_nested_branch_dag.py for tasks to queue
[2023-03-24T02:35:18.924+0000] {logging_mixin.py:137} INFO - [2023-03-24T02:35:18.924+0000] {dagbag.py:532} INFO - Filling up the DagBag from /home/airflow/.local/lib/python3.7/site-packages/airflow/example_dags/example_nested_branch_dag.py
[2023-03-24T02:35:18.965+0000] {processor.py:753} INFO - DAG(s) dict_keys(['example_nested_branch_dag']) retrieved from /home/airflow/.local/lib/python3.7/site-packages/airflow/example_dags/example_nested_branch_dag.py
[2023-03-24T02:35:18.985+0000] {logging_mixin.py:137} INFO - [2023-03-24T02:35:18.985+0000] {dag.py:2693} INFO - Sync 1 DAGs
[2023-03-24T02:35:19.008+0000] {logging_mixin.py:137} INFO - [2023-03-24T02:35:19.008+0000] {dag.py:3444} INFO - Setting next_dagrun for example_nested_branch_dag to 2023-03-23T00:00:00+00:00, run_after=2023-03-24T00:00:00+00:00
[2023-03-24T02:35:19.025+0000] {processor.py:175} INFO - Processing /home/airflow/.local/lib/python3.7/site-packages/airflow/example_dags/example_nested_branch_dag.py took 0.108 seconds
[2023-03-24T02:35:49.959+0000] {processor.py:153} INFO - Started process (PID=307) to work on /home/airflow/.local/lib/python3.7/site-packages/airflow/example_dags/example_nested_branch_dag.py
[2023-03-24T02:35:49.959+0000] {processor.py:743} INFO - Processing file /home/airflow/.local/lib/python3.7/site-packages/airflow/example_dags/example_nested_branch_dag.py for tasks to queue
[2023-03-24T02:35:49.960+0000] {logging_mixin.py:137} INFO - [2023-03-24T02:35:49.960+0000] {dagbag.py:532} INFO - Filling up the DagBag from /home/airflow/.local/lib/python3.7/site-packages/airflow/example_dags/example_nested_branch_dag.py
[2023-03-24T02:35:49.977+0000] {processor.py:753} INFO - DAG(s) dict_keys(['example_nested_branch_dag']) retrieved from /home/airflow/.local/lib/python3.7/site-packages/airflow/example_dags/example_nested_branch_dag.py
[2023-03-24T02:35:50.016+0000] {logging_mixin.py:137} INFO - [2023-03-24T02:35:50.016+0000] {dag.py:2693} INFO - Sync 1 DAGs
[2023-03-24T02:35:50.039+0000] {logging_mixin.py:137} INFO - [2023-03-24T02:35:50.039+0000] {dag.py:3444} INFO - Setting next_dagrun for example_nested_branch_dag to 2023-03-23T00:00:00+00:00, run_after=2023-03-24T00:00:00+00:00
[2023-03-24T02:35:50.056+0000] {processor.py:175} INFO - Processing /home/airflow/.local/lib/python3.7/site-packages/airflow/example_dags/example_nested_branch_dag.py took 0.100 seconds
[2023-03-24T02:36:20.789+0000] {processor.py:153} INFO - Started process (PID=356) to work on /home/airflow/.local/lib/python3.7/site-packages/airflow/example_dags/example_nested_branch_dag.py
[2023-03-24T02:36:20.790+0000] {processor.py:743} INFO - Processing file /home/airflow/.local/lib/python3.7/site-packages/airflow/example_dags/example_nested_branch_dag.py for tasks to queue
[2023-03-24T02:36:20.790+0000] {logging_mixin.py:137} INFO - [2023-03-24T02:36:20.790+0000] {dagbag.py:532} INFO - Filling up the DagBag from /home/airflow/.local/lib/python3.7/site-packages/airflow/example_dags/example_nested_branch_dag.py
[2023-03-24T02:36:20.807+0000] {processor.py:753} INFO - DAG(s) dict_keys(['example_nested_branch_dag']) retrieved from /home/airflow/.local/lib/python3.7/site-packages/airflow/example_dags/example_nested_branch_dag.py
[2023-03-24T02:36:20.847+0000] {logging_mixin.py:137} INFO - [2023-03-24T02:36:20.847+0000] {dag.py:2693} INFO - Sync 1 DAGs
[2023-03-24T02:36:20.871+0000] {logging_mixin.py:137} INFO - [2023-03-24T02:36:20.871+0000] {dag.py:3444} INFO - Setting next_dagrun for example_nested_branch_dag to 2023-03-23T00:00:00+00:00, run_after=2023-03-24T00:00:00+00:00
[2023-03-24T02:36:20.888+0000] {processor.py:175} INFO - Processing /home/airflow/.local/lib/python3.7/site-packages/airflow/example_dags/example_nested_branch_dag.py took 0.101 seconds
[2023-03-24T02:36:51.515+0000] {processor.py:153} INFO - Started process (PID=405) to work on /home/airflow/.local/lib/python3.7/site-packages/airflow/example_dags/example_nested_branch_dag.py
[2023-03-24T02:36:51.516+0000] {processor.py:743} INFO - Processing file /home/airflow/.local/lib/python3.7/site-packages/airflow/example_dags/example_nested_branch_dag.py for tasks to queue
[2023-03-24T02:36:51.516+0000] {logging_mixin.py:137} INFO - [2023-03-24T02:36:51.516+0000] {dagbag.py:532} INFO - Filling up the DagBag from /home/airflow/.local/lib/python3.7/site-packages/airflow/example_dags/example_nested_branch_dag.py
[2023-03-24T02:36:51.534+0000] {processor.py:753} INFO - DAG(s) dict_keys(['example_nested_branch_dag']) retrieved from /home/airflow/.local/lib/python3.7/site-packages/airflow/example_dags/example_nested_branch_dag.py
[2023-03-24T02:36:51.555+0000] {logging_mixin.py:137} INFO - [2023-03-24T02:36:51.555+0000] {dag.py:2693} INFO - Sync 1 DAGs
[2023-03-24T02:36:51.577+0000] {logging_mixin.py:137} INFO - [2023-03-24T02:36:51.577+0000] {dag.py:3444} INFO - Setting next_dagrun for example_nested_branch_dag to 2023-03-23T00:00:00+00:00, run_after=2023-03-24T00:00:00+00:00
[2023-03-24T02:36:51.593+0000] {processor.py:175} INFO - Processing /home/airflow/.local/lib/python3.7/site-packages/airflow/example_dags/example_nested_branch_dag.py took 0.081 seconds
[2023-03-24T02:37:22.053+0000] {processor.py:153} INFO - Started process (PID=454) to work on /home/airflow/.local/lib/python3.7/site-packages/airflow/example_dags/example_nested_branch_dag.py
[2023-03-24T02:37:22.054+0000] {processor.py:743} INFO - Processing file /home/airflow/.local/lib/python3.7/site-packages/airflow/example_dags/example_nested_branch_dag.py for tasks to queue
[2023-03-24T02:37:22.054+0000] {logging_mixin.py:137} INFO - [2023-03-24T02:37:22.054+0000] {dagbag.py:532} INFO - Filling up the DagBag from /home/airflow/.local/lib/python3.7/site-packages/airflow/example_dags/example_nested_branch_dag.py
[2023-03-24T02:37:22.074+0000] {processor.py:753} INFO - DAG(s) dict_keys(['example_nested_branch_dag']) retrieved from /home/airflow/.local/lib/python3.7/site-packages/airflow/example_dags/example_nested_branch_dag.py
[2023-03-24T02:37:22.096+0000] {logging_mixin.py:137} INFO - [2023-03-24T02:37:22.096+0000] {dag.py:2693} INFO - Sync 1 DAGs
[2023-03-24T02:37:22.122+0000] {logging_mixin.py:137} INFO - [2023-03-24T02:37:22.122+0000] {dag.py:3444} INFO - Setting next_dagrun for example_nested_branch_dag to 2023-03-23T00:00:00+00:00, run_after=2023-03-24T00:00:00+00:00
[2023-03-24T02:37:22.142+0000] {processor.py:175} INFO - Processing /home/airflow/.local/lib/python3.7/site-packages/airflow/example_dags/example_nested_branch_dag.py took 0.090 seconds
[2023-03-24T02:37:52.675+0000] {processor.py:153} INFO - Started process (PID=503) to work on /home/airflow/.local/lib/python3.7/site-packages/airflow/example_dags/example_nested_branch_dag.py
[2023-03-24T02:37:52.676+0000] {processor.py:743} INFO - Processing file /home/airflow/.local/lib/python3.7/site-packages/airflow/example_dags/example_nested_branch_dag.py for tasks to queue
[2023-03-24T02:37:52.677+0000] {logging_mixin.py:137} INFO - [2023-03-24T02:37:52.677+0000] {dagbag.py:532} INFO - Filling up the DagBag from /home/airflow/.local/lib/python3.7/site-packages/airflow/example_dags/example_nested_branch_dag.py
[2023-03-24T02:37:52.716+0000] {processor.py:753} INFO - DAG(s) dict_keys(['example_nested_branch_dag']) retrieved from /home/airflow/.local/lib/python3.7/site-packages/airflow/example_dags/example_nested_branch_dag.py
[2023-03-24T02:37:52.746+0000] {logging_mixin.py:137} INFO - [2023-03-24T02:37:52.745+0000] {dag.py:2693} INFO - Sync 1 DAGs
[2023-03-24T02:37:52.777+0000] {logging_mixin.py:137} INFO - [2023-03-24T02:37:52.776+0000] {dag.py:3444} INFO - Setting next_dagrun for example_nested_branch_dag to 2023-03-23T00:00:00+00:00, run_after=2023-03-24T00:00:00+00:00
[2023-03-24T02:37:52.798+0000] {processor.py:175} INFO - Processing /home/airflow/.local/lib/python3.7/site-packages/airflow/example_dags/example_nested_branch_dag.py took 0.127 seconds
[2023-03-24T02:38:23.454+0000] {processor.py:153} INFO - Started process (PID=552) to work on /home/airflow/.local/lib/python3.7/site-packages/airflow/example_dags/example_nested_branch_dag.py
[2023-03-24T02:38:23.454+0000] {processor.py:743} INFO - Processing file /home/airflow/.local/lib/python3.7/site-packages/airflow/example_dags/example_nested_branch_dag.py for tasks to queue
[2023-03-24T02:38:23.455+0000] {logging_mixin.py:137} INFO - [2023-03-24T02:38:23.455+0000] {dagbag.py:532} INFO - Filling up the DagBag from /home/airflow/.local/lib/python3.7/site-packages/airflow/example_dags/example_nested_branch_dag.py
[2023-03-24T02:38:23.473+0000] {processor.py:753} INFO - DAG(s) dict_keys(['example_nested_branch_dag']) retrieved from /home/airflow/.local/lib/python3.7/site-packages/airflow/example_dags/example_nested_branch_dag.py
[2023-03-24T02:38:23.511+0000] {logging_mixin.py:137} INFO - [2023-03-24T02:38:23.511+0000] {dag.py:2693} INFO - Sync 1 DAGs
[2023-03-24T02:38:23.535+0000] {logging_mixin.py:137} INFO - [2023-03-24T02:38:23.535+0000] {dag.py:3444} INFO - Setting next_dagrun for example_nested_branch_dag to 2023-03-23T00:00:00+00:00, run_after=2023-03-24T00:00:00+00:00
[2023-03-24T02:38:23.554+0000] {processor.py:175} INFO - Processing /home/airflow/.local/lib/python3.7/site-packages/airflow/example_dags/example_nested_branch_dag.py took 0.102 seconds
