[2023-03-24T02:33:17.096+0000] {processor.py:153} INFO - Started process (PID=75) to work on /home/airflow/.local/lib/python3.7/site-packages/airflow/example_dags/example_latest_only.py
[2023-03-24T02:33:17.096+0000] {processor.py:743} INFO - Processing file /home/airflow/.local/lib/python3.7/site-packages/airflow/example_dags/example_latest_only.py for tasks to queue
[2023-03-24T02:33:17.097+0000] {logging_mixin.py:137} INFO - [2023-03-24T02:33:17.097+0000] {dagbag.py:532} INFO - Filling up the DagBag from /home/airflow/.local/lib/python3.7/site-packages/airflow/example_dags/example_latest_only.py
[2023-03-24T02:33:17.112+0000] {processor.py:753} INFO - DAG(s) dict_keys(['latest_only']) retrieved from /home/airflow/.local/lib/python3.7/site-packages/airflow/example_dags/example_latest_only.py
[2023-03-24T02:33:17.124+0000] {logging_mixin.py:137} INFO - [2023-03-24T02:33:17.124+0000] {dag.py:2693} INFO - Sync 1 DAGs
[2023-03-24T02:33:17.156+0000] {logging_mixin.py:137} INFO - [2023-03-24T02:33:17.155+0000] {dag.py:3444} INFO - Setting next_dagrun for latest_only to 2023-03-23T22:33:17.155433+00:00, run_after=2023-03-24T02:33:17.155433+00:00
[2023-03-24T02:33:17.179+0000] {processor.py:175} INFO - Processing /home/airflow/.local/lib/python3.7/site-packages/airflow/example_dags/example_latest_only.py took 0.085 seconds
[2023-03-24T02:33:47.580+0000] {processor.py:153} INFO - Started process (PID=124) to work on /home/airflow/.local/lib/python3.7/site-packages/airflow/example_dags/example_latest_only.py
[2023-03-24T02:33:47.581+0000] {processor.py:743} INFO - Processing file /home/airflow/.local/lib/python3.7/site-packages/airflow/example_dags/example_latest_only.py for tasks to queue
[2023-03-24T02:33:47.582+0000] {logging_mixin.py:137} INFO - [2023-03-24T02:33:47.582+0000] {dagbag.py:532} INFO - Filling up the DagBag from /home/airflow/.local/lib/python3.7/site-packages/airflow/example_dags/example_latest_only.py
[2023-03-24T02:33:47.605+0000] {processor.py:753} INFO - DAG(s) dict_keys(['latest_only']) retrieved from /home/airflow/.local/lib/python3.7/site-packages/airflow/example_dags/example_latest_only.py
[2023-03-24T02:33:47.640+0000] {logging_mixin.py:137} INFO - [2023-03-24T02:33:47.640+0000] {dag.py:2693} INFO - Sync 1 DAGs
[2023-03-24T02:33:47.663+0000] {logging_mixin.py:137} INFO - [2023-03-24T02:33:47.663+0000] {dag.py:3444} INFO - Setting next_dagrun for latest_only to 2023-03-23T22:33:47.663542+00:00, run_after=2023-03-24T02:33:47.663542+00:00
[2023-03-24T02:33:47.682+0000] {processor.py:175} INFO - Processing /home/airflow/.local/lib/python3.7/site-packages/airflow/example_dags/example_latest_only.py took 0.105 seconds
[2023-03-24T02:34:18.272+0000] {processor.py:153} INFO - Started process (PID=173) to work on /home/airflow/.local/lib/python3.7/site-packages/airflow/example_dags/example_latest_only.py
[2023-03-24T02:34:18.273+0000] {processor.py:743} INFO - Processing file /home/airflow/.local/lib/python3.7/site-packages/airflow/example_dags/example_latest_only.py for tasks to queue
[2023-03-24T02:34:18.273+0000] {logging_mixin.py:137} INFO - [2023-03-24T02:34:18.273+0000] {dagbag.py:532} INFO - Filling up the DagBag from /home/airflow/.local/lib/python3.7/site-packages/airflow/example_dags/example_latest_only.py
[2023-03-24T02:34:18.282+0000] {processor.py:753} INFO - DAG(s) dict_keys(['latest_only']) retrieved from /home/airflow/.local/lib/python3.7/site-packages/airflow/example_dags/example_latest_only.py
[2023-03-24T02:34:18.302+0000] {logging_mixin.py:137} INFO - [2023-03-24T02:34:18.302+0000] {dag.py:2693} INFO - Sync 1 DAGs
[2023-03-24T02:34:18.326+0000] {logging_mixin.py:137} INFO - [2023-03-24T02:34:18.326+0000] {dag.py:3444} INFO - Setting next_dagrun for latest_only to 2023-03-23T22:34:18.325892+00:00, run_after=2023-03-24T02:34:18.325892+00:00
[2023-03-24T02:34:18.342+0000] {processor.py:175} INFO - Processing /home/airflow/.local/lib/python3.7/site-packages/airflow/example_dags/example_latest_only.py took 0.072 seconds
[2023-03-24T02:34:49.093+0000] {processor.py:153} INFO - Started process (PID=223) to work on /home/airflow/.local/lib/python3.7/site-packages/airflow/example_dags/example_latest_only.py
[2023-03-24T02:34:49.094+0000] {processor.py:743} INFO - Processing file /home/airflow/.local/lib/python3.7/site-packages/airflow/example_dags/example_latest_only.py for tasks to queue
[2023-03-24T02:34:49.094+0000] {logging_mixin.py:137} INFO - [2023-03-24T02:34:49.094+0000] {dagbag.py:532} INFO - Filling up the DagBag from /home/airflow/.local/lib/python3.7/site-packages/airflow/example_dags/example_latest_only.py
[2023-03-24T02:34:49.105+0000] {processor.py:753} INFO - DAG(s) dict_keys(['latest_only']) retrieved from /home/airflow/.local/lib/python3.7/site-packages/airflow/example_dags/example_latest_only.py
[2023-03-24T02:34:49.126+0000] {logging_mixin.py:137} INFO - [2023-03-24T02:34:49.126+0000] {dag.py:2693} INFO - Sync 1 DAGs
[2023-03-24T02:34:49.152+0000] {logging_mixin.py:137} INFO - [2023-03-24T02:34:49.152+0000] {dag.py:3444} INFO - Setting next_dagrun for latest_only to 2023-03-23T22:34:49.151975+00:00, run_after=2023-03-24T02:34:49.151975+00:00
[2023-03-24T02:34:49.172+0000] {processor.py:175} INFO - Processing /home/airflow/.local/lib/python3.7/site-packages/airflow/example_dags/example_latest_only.py took 0.082 seconds
[2023-03-24T02:35:19.888+0000] {processor.py:153} INFO - Started process (PID=272) to work on /home/airflow/.local/lib/python3.7/site-packages/airflow/example_dags/example_latest_only.py
[2023-03-24T02:35:19.888+0000] {processor.py:743} INFO - Processing file /home/airflow/.local/lib/python3.7/site-packages/airflow/example_dags/example_latest_only.py for tasks to queue
[2023-03-24T02:35:19.889+0000] {logging_mixin.py:137} INFO - [2023-03-24T02:35:19.889+0000] {dagbag.py:532} INFO - Filling up the DagBag from /home/airflow/.local/lib/python3.7/site-packages/airflow/example_dags/example_latest_only.py
[2023-03-24T02:35:19.898+0000] {processor.py:753} INFO - DAG(s) dict_keys(['latest_only']) retrieved from /home/airflow/.local/lib/python3.7/site-packages/airflow/example_dags/example_latest_only.py
[2023-03-24T02:35:19.918+0000] {logging_mixin.py:137} INFO - [2023-03-24T02:35:19.918+0000] {dag.py:2693} INFO - Sync 1 DAGs
[2023-03-24T02:35:19.939+0000] {logging_mixin.py:137} INFO - [2023-03-24T02:35:19.939+0000] {dag.py:3444} INFO - Setting next_dagrun for latest_only to 2023-03-23T22:35:19.939167+00:00, run_after=2023-03-24T02:35:19.939167+00:00
[2023-03-24T02:35:19.960+0000] {processor.py:175} INFO - Processing /home/airflow/.local/lib/python3.7/site-packages/airflow/example_dags/example_latest_only.py took 0.075 seconds
[2023-03-24T02:35:50.932+0000] {processor.py:153} INFO - Started process (PID=321) to work on /home/airflow/.local/lib/python3.7/site-packages/airflow/example_dags/example_latest_only.py
[2023-03-24T02:35:50.933+0000] {processor.py:743} INFO - Processing file /home/airflow/.local/lib/python3.7/site-packages/airflow/example_dags/example_latest_only.py for tasks to queue
[2023-03-24T02:35:50.933+0000] {logging_mixin.py:137} INFO - [2023-03-24T02:35:50.933+0000] {dagbag.py:532} INFO - Filling up the DagBag from /home/airflow/.local/lib/python3.7/site-packages/airflow/example_dags/example_latest_only.py
[2023-03-24T02:35:50.943+0000] {processor.py:753} INFO - DAG(s) dict_keys(['latest_only']) retrieved from /home/airflow/.local/lib/python3.7/site-packages/airflow/example_dags/example_latest_only.py
[2023-03-24T02:35:50.977+0000] {logging_mixin.py:137} INFO - [2023-03-24T02:35:50.977+0000] {dag.py:2693} INFO - Sync 1 DAGs
[2023-03-24T02:35:51.005+0000] {logging_mixin.py:137} INFO - [2023-03-24T02:35:51.004+0000] {dag.py:3444} INFO - Setting next_dagrun for latest_only to 2023-03-23T22:35:51.004705+00:00, run_after=2023-03-24T02:35:51.004705+00:00
[2023-03-24T02:35:51.021+0000] {processor.py:175} INFO - Processing /home/airflow/.local/lib/python3.7/site-packages/airflow/example_dags/example_latest_only.py took 0.090 seconds
[2023-03-24T02:36:21.713+0000] {processor.py:153} INFO - Started process (PID=370) to work on /home/airflow/.local/lib/python3.7/site-packages/airflow/example_dags/example_latest_only.py
[2023-03-24T02:36:21.714+0000] {processor.py:743} INFO - Processing file /home/airflow/.local/lib/python3.7/site-packages/airflow/example_dags/example_latest_only.py for tasks to queue
[2023-03-24T02:36:21.715+0000] {logging_mixin.py:137} INFO - [2023-03-24T02:36:21.715+0000] {dagbag.py:532} INFO - Filling up the DagBag from /home/airflow/.local/lib/python3.7/site-packages/airflow/example_dags/example_latest_only.py
[2023-03-24T02:36:21.725+0000] {processor.py:753} INFO - DAG(s) dict_keys(['latest_only']) retrieved from /home/airflow/.local/lib/python3.7/site-packages/airflow/example_dags/example_latest_only.py
[2023-03-24T02:36:21.745+0000] {logging_mixin.py:137} INFO - [2023-03-24T02:36:21.745+0000] {dag.py:2693} INFO - Sync 1 DAGs
[2023-03-24T02:36:21.768+0000] {logging_mixin.py:137} INFO - [2023-03-24T02:36:21.768+0000] {dag.py:3444} INFO - Setting next_dagrun for latest_only to 2023-03-23T22:36:21.768036+00:00, run_after=2023-03-24T02:36:21.768036+00:00
[2023-03-24T02:36:21.785+0000] {processor.py:175} INFO - Processing /home/airflow/.local/lib/python3.7/site-packages/airflow/example_dags/example_latest_only.py took 0.074 seconds
[2023-03-24T02:36:52.359+0000] {processor.py:153} INFO - Started process (PID=419) to work on /home/airflow/.local/lib/python3.7/site-packages/airflow/example_dags/example_latest_only.py
[2023-03-24T02:36:52.361+0000] {processor.py:743} INFO - Processing file /home/airflow/.local/lib/python3.7/site-packages/airflow/example_dags/example_latest_only.py for tasks to queue
[2023-03-24T02:36:52.362+0000] {logging_mixin.py:137} INFO - [2023-03-24T02:36:52.361+0000] {dagbag.py:532} INFO - Filling up the DagBag from /home/airflow/.local/lib/python3.7/site-packages/airflow/example_dags/example_latest_only.py
[2023-03-24T02:36:52.385+0000] {processor.py:753} INFO - DAG(s) dict_keys(['latest_only']) retrieved from /home/airflow/.local/lib/python3.7/site-packages/airflow/example_dags/example_latest_only.py
[2023-03-24T02:36:52.408+0000] {logging_mixin.py:137} INFO - [2023-03-24T02:36:52.408+0000] {dag.py:2693} INFO - Sync 1 DAGs
[2023-03-24T02:36:52.429+0000] {logging_mixin.py:137} INFO - [2023-03-24T02:36:52.429+0000] {dag.py:3444} INFO - Setting next_dagrun for latest_only to 2023-03-23T22:36:52.429338+00:00, run_after=2023-03-24T02:36:52.429338+00:00
[2023-03-24T02:36:52.445+0000] {processor.py:175} INFO - Processing /home/airflow/.local/lib/python3.7/site-packages/airflow/example_dags/example_latest_only.py took 0.091 seconds
[2023-03-24T02:37:22.895+0000] {processor.py:153} INFO - Started process (PID=468) to work on /home/airflow/.local/lib/python3.7/site-packages/airflow/example_dags/example_latest_only.py
[2023-03-24T02:37:22.895+0000] {processor.py:743} INFO - Processing file /home/airflow/.local/lib/python3.7/site-packages/airflow/example_dags/example_latest_only.py for tasks to queue
[2023-03-24T02:37:22.896+0000] {logging_mixin.py:137} INFO - [2023-03-24T02:37:22.896+0000] {dagbag.py:532} INFO - Filling up the DagBag from /home/airflow/.local/lib/python3.7/site-packages/airflow/example_dags/example_latest_only.py
[2023-03-24T02:37:22.906+0000] {processor.py:753} INFO - DAG(s) dict_keys(['latest_only']) retrieved from /home/airflow/.local/lib/python3.7/site-packages/airflow/example_dags/example_latest_only.py
[2023-03-24T02:37:22.925+0000] {logging_mixin.py:137} INFO - [2023-03-24T02:37:22.925+0000] {dag.py:2693} INFO - Sync 1 DAGs
[2023-03-24T02:37:22.947+0000] {logging_mixin.py:137} INFO - [2023-03-24T02:37:22.947+0000] {dag.py:3444} INFO - Setting next_dagrun for latest_only to 2023-03-23T22:37:22.947399+00:00, run_after=2023-03-24T02:37:22.947399+00:00
[2023-03-24T02:37:22.963+0000] {processor.py:175} INFO - Processing /home/airflow/.local/lib/python3.7/site-packages/airflow/example_dags/example_latest_only.py took 0.070 seconds
[2023-03-24T02:37:53.565+0000] {processor.py:153} INFO - Started process (PID=517) to work on /home/airflow/.local/lib/python3.7/site-packages/airflow/example_dags/example_latest_only.py
[2023-03-24T02:37:53.567+0000] {processor.py:743} INFO - Processing file /home/airflow/.local/lib/python3.7/site-packages/airflow/example_dags/example_latest_only.py for tasks to queue
[2023-03-24T02:37:53.568+0000] {logging_mixin.py:137} INFO - [2023-03-24T02:37:53.568+0000] {dagbag.py:532} INFO - Filling up the DagBag from /home/airflow/.local/lib/python3.7/site-packages/airflow/example_dags/example_latest_only.py
[2023-03-24T02:37:53.588+0000] {processor.py:753} INFO - DAG(s) dict_keys(['latest_only']) retrieved from /home/airflow/.local/lib/python3.7/site-packages/airflow/example_dags/example_latest_only.py
[2023-03-24T02:37:53.625+0000] {logging_mixin.py:137} INFO - [2023-03-24T02:37:53.624+0000] {dag.py:2693} INFO - Sync 1 DAGs
[2023-03-24T02:37:53.648+0000] {logging_mixin.py:137} INFO - [2023-03-24T02:37:53.648+0000] {dag.py:3444} INFO - Setting next_dagrun for latest_only to 2023-03-23T22:37:53.648070+00:00, run_after=2023-03-24T02:37:53.648070+00:00
[2023-03-24T02:37:53.664+0000] {processor.py:175} INFO - Processing /home/airflow/.local/lib/python3.7/site-packages/airflow/example_dags/example_latest_only.py took 0.104 seconds
[2023-03-24T02:38:24.370+0000] {processor.py:153} INFO - Started process (PID=566) to work on /home/airflow/.local/lib/python3.7/site-packages/airflow/example_dags/example_latest_only.py
[2023-03-24T02:38:24.370+0000] {processor.py:743} INFO - Processing file /home/airflow/.local/lib/python3.7/site-packages/airflow/example_dags/example_latest_only.py for tasks to queue
[2023-03-24T02:38:24.371+0000] {logging_mixin.py:137} INFO - [2023-03-24T02:38:24.371+0000] {dagbag.py:532} INFO - Filling up the DagBag from /home/airflow/.local/lib/python3.7/site-packages/airflow/example_dags/example_latest_only.py
[2023-03-24T02:38:24.389+0000] {processor.py:753} INFO - DAG(s) dict_keys(['latest_only']) retrieved from /home/airflow/.local/lib/python3.7/site-packages/airflow/example_dags/example_latest_only.py
[2023-03-24T02:38:24.409+0000] {logging_mixin.py:137} INFO - [2023-03-24T02:38:24.409+0000] {dag.py:2693} INFO - Sync 1 DAGs
[2023-03-24T02:38:24.432+0000] {logging_mixin.py:137} INFO - [2023-03-24T02:38:24.432+0000] {dag.py:3444} INFO - Setting next_dagrun for latest_only to 2023-03-23T22:38:24.432181+00:00, run_after=2023-03-24T02:38:24.432181+00:00
[2023-03-24T02:38:24.449+0000] {processor.py:175} INFO - Processing /home/airflow/.local/lib/python3.7/site-packages/airflow/example_dags/example_latest_only.py took 0.083 seconds
