[2023-03-24T02:33:17.278+0000] {processor.py:153} INFO - Started process (PID=78) to work on /home/airflow/.local/lib/python3.7/site-packages/airflow/example_dags/example_sensor_decorator.py
[2023-03-24T02:33:17.279+0000] {processor.py:743} INFO - Processing file /home/airflow/.local/lib/python3.7/site-packages/airflow/example_dags/example_sensor_decorator.py for tasks to queue
[2023-03-24T02:33:17.279+0000] {logging_mixin.py:137} INFO - [2023-03-24T02:33:17.279+0000] {dagbag.py:532} INFO - Filling up the DagBag from /home/airflow/.local/lib/python3.7/site-packages/airflow/example_dags/example_sensor_decorator.py
[2023-03-24T02:33:17.306+0000] {processor.py:753} INFO - DAG(s) dict_keys(['example_sensor_decorator']) retrieved from /home/airflow/.local/lib/python3.7/site-packages/airflow/example_dags/example_sensor_decorator.py
[2023-03-24T02:33:17.321+0000] {logging_mixin.py:137} INFO - [2023-03-24T02:33:17.320+0000] {dag.py:2693} INFO - Sync 1 DAGs
[2023-03-24T02:33:17.349+0000] {logging_mixin.py:137} INFO - [2023-03-24T02:33:17.349+0000] {dag.py:3444} INFO - Setting next_dagrun for example_sensor_decorator to None, run_after=None
[2023-03-24T02:33:17.371+0000] {processor.py:175} INFO - Processing /home/airflow/.local/lib/python3.7/site-packages/airflow/example_dags/example_sensor_decorator.py took 0.095 seconds
[2023-03-24T02:33:47.756+0000] {processor.py:153} INFO - Started process (PID=127) to work on /home/airflow/.local/lib/python3.7/site-packages/airflow/example_dags/example_sensor_decorator.py
[2023-03-24T02:33:47.756+0000] {processor.py:743} INFO - Processing file /home/airflow/.local/lib/python3.7/site-packages/airflow/example_dags/example_sensor_decorator.py for tasks to queue
[2023-03-24T02:33:47.757+0000] {logging_mixin.py:137} INFO - [2023-03-24T02:33:47.757+0000] {dagbag.py:532} INFO - Filling up the DagBag from /home/airflow/.local/lib/python3.7/site-packages/airflow/example_dags/example_sensor_decorator.py
[2023-03-24T02:33:47.772+0000] {processor.py:753} INFO - DAG(s) dict_keys(['example_sensor_decorator']) retrieved from /home/airflow/.local/lib/python3.7/site-packages/airflow/example_dags/example_sensor_decorator.py
[2023-03-24T02:33:47.792+0000] {logging_mixin.py:137} INFO - [2023-03-24T02:33:47.792+0000] {dag.py:2693} INFO - Sync 1 DAGs
[2023-03-24T02:33:47.815+0000] {logging_mixin.py:137} INFO - [2023-03-24T02:33:47.815+0000] {dag.py:3444} INFO - Setting next_dagrun for example_sensor_decorator to None, run_after=None
[2023-03-24T02:33:47.831+0000] {processor.py:175} INFO - Processing /home/airflow/.local/lib/python3.7/site-packages/airflow/example_dags/example_sensor_decorator.py took 0.078 seconds
[2023-03-24T02:34:18.496+0000] {processor.py:153} INFO - Started process (PID=176) to work on /home/airflow/.local/lib/python3.7/site-packages/airflow/example_dags/example_sensor_decorator.py
[2023-03-24T02:34:18.497+0000] {processor.py:743} INFO - Processing file /home/airflow/.local/lib/python3.7/site-packages/airflow/example_dags/example_sensor_decorator.py for tasks to queue
[2023-03-24T02:34:18.498+0000] {logging_mixin.py:137} INFO - [2023-03-24T02:34:18.498+0000] {dagbag.py:532} INFO - Filling up the DagBag from /home/airflow/.local/lib/python3.7/site-packages/airflow/example_dags/example_sensor_decorator.py
[2023-03-24T02:34:18.538+0000] {processor.py:753} INFO - DAG(s) dict_keys(['example_sensor_decorator']) retrieved from /home/airflow/.local/lib/python3.7/site-packages/airflow/example_dags/example_sensor_decorator.py
[2023-03-24T02:34:18.559+0000] {logging_mixin.py:137} INFO - [2023-03-24T02:34:18.559+0000] {dag.py:2693} INFO - Sync 1 DAGs
[2023-03-24T02:34:18.582+0000] {logging_mixin.py:137} INFO - [2023-03-24T02:34:18.582+0000] {dag.py:3444} INFO - Setting next_dagrun for example_sensor_decorator to None, run_after=None
[2023-03-24T02:34:18.598+0000] {processor.py:175} INFO - Processing /home/airflow/.local/lib/python3.7/site-packages/airflow/example_dags/example_sensor_decorator.py took 0.107 seconds
[2023-03-24T02:34:49.304+0000] {processor.py:153} INFO - Started process (PID=226) to work on /home/airflow/.local/lib/python3.7/site-packages/airflow/example_dags/example_sensor_decorator.py
[2023-03-24T02:34:49.305+0000] {processor.py:743} INFO - Processing file /home/airflow/.local/lib/python3.7/site-packages/airflow/example_dags/example_sensor_decorator.py for tasks to queue
[2023-03-24T02:34:49.305+0000] {logging_mixin.py:137} INFO - [2023-03-24T02:34:49.305+0000] {dagbag.py:532} INFO - Filling up the DagBag from /home/airflow/.local/lib/python3.7/site-packages/airflow/example_dags/example_sensor_decorator.py
[2023-03-24T02:34:49.325+0000] {processor.py:753} INFO - DAG(s) dict_keys(['example_sensor_decorator']) retrieved from /home/airflow/.local/lib/python3.7/site-packages/airflow/example_dags/example_sensor_decorator.py
[2023-03-24T02:34:49.345+0000] {logging_mixin.py:137} INFO - [2023-03-24T02:34:49.345+0000] {dag.py:2693} INFO - Sync 1 DAGs
[2023-03-24T02:34:49.369+0000] {logging_mixin.py:137} INFO - [2023-03-24T02:34:49.369+0000] {dag.py:3444} INFO - Setting next_dagrun for example_sensor_decorator to None, run_after=None
[2023-03-24T02:34:49.389+0000] {processor.py:175} INFO - Processing /home/airflow/.local/lib/python3.7/site-packages/airflow/example_dags/example_sensor_decorator.py took 0.087 seconds
[2023-03-24T02:35:20.116+0000] {processor.py:153} INFO - Started process (PID=275) to work on /home/airflow/.local/lib/python3.7/site-packages/airflow/example_dags/example_sensor_decorator.py
[2023-03-24T02:35:20.117+0000] {processor.py:743} INFO - Processing file /home/airflow/.local/lib/python3.7/site-packages/airflow/example_dags/example_sensor_decorator.py for tasks to queue
[2023-03-24T02:35:20.118+0000] {logging_mixin.py:137} INFO - [2023-03-24T02:35:20.118+0000] {dagbag.py:532} INFO - Filling up the DagBag from /home/airflow/.local/lib/python3.7/site-packages/airflow/example_dags/example_sensor_decorator.py
[2023-03-24T02:35:20.153+0000] {processor.py:753} INFO - DAG(s) dict_keys(['example_sensor_decorator']) retrieved from /home/airflow/.local/lib/python3.7/site-packages/airflow/example_dags/example_sensor_decorator.py
[2023-03-24T02:35:20.171+0000] {logging_mixin.py:137} INFO - [2023-03-24T02:35:20.171+0000] {dag.py:2693} INFO - Sync 1 DAGs
[2023-03-24T02:35:20.192+0000] {logging_mixin.py:137} INFO - [2023-03-24T02:35:20.192+0000] {dag.py:3444} INFO - Setting next_dagrun for example_sensor_decorator to None, run_after=None
[2023-03-24T02:35:20.208+0000] {processor.py:175} INFO - Processing /home/airflow/.local/lib/python3.7/site-packages/airflow/example_dags/example_sensor_decorator.py took 0.097 seconds
[2023-03-24T02:35:51.099+0000] {processor.py:153} INFO - Started process (PID=324) to work on /home/airflow/.local/lib/python3.7/site-packages/airflow/example_dags/example_sensor_decorator.py
[2023-03-24T02:35:51.100+0000] {processor.py:743} INFO - Processing file /home/airflow/.local/lib/python3.7/site-packages/airflow/example_dags/example_sensor_decorator.py for tasks to queue
[2023-03-24T02:35:51.101+0000] {logging_mixin.py:137} INFO - [2023-03-24T02:35:51.100+0000] {dagbag.py:532} INFO - Filling up the DagBag from /home/airflow/.local/lib/python3.7/site-packages/airflow/example_dags/example_sensor_decorator.py
[2023-03-24T02:35:51.139+0000] {processor.py:753} INFO - DAG(s) dict_keys(['example_sensor_decorator']) retrieved from /home/airflow/.local/lib/python3.7/site-packages/airflow/example_dags/example_sensor_decorator.py
[2023-03-24T02:35:51.161+0000] {logging_mixin.py:137} INFO - [2023-03-24T02:35:51.160+0000] {dag.py:2693} INFO - Sync 1 DAGs
[2023-03-24T02:35:51.184+0000] {logging_mixin.py:137} INFO - [2023-03-24T02:35:51.184+0000] {dag.py:3444} INFO - Setting next_dagrun for example_sensor_decorator to None, run_after=None
[2023-03-24T02:35:51.200+0000] {processor.py:175} INFO - Processing /home/airflow/.local/lib/python3.7/site-packages/airflow/example_dags/example_sensor_decorator.py took 0.106 seconds
[2023-03-24T02:36:21.906+0000] {processor.py:153} INFO - Started process (PID=373) to work on /home/airflow/.local/lib/python3.7/site-packages/airflow/example_dags/example_sensor_decorator.py
[2023-03-24T02:36:21.906+0000] {processor.py:743} INFO - Processing file /home/airflow/.local/lib/python3.7/site-packages/airflow/example_dags/example_sensor_decorator.py for tasks to queue
[2023-03-24T02:36:21.907+0000] {logging_mixin.py:137} INFO - [2023-03-24T02:36:21.907+0000] {dagbag.py:532} INFO - Filling up the DagBag from /home/airflow/.local/lib/python3.7/site-packages/airflow/example_dags/example_sensor_decorator.py
[2023-03-24T02:36:21.924+0000] {processor.py:753} INFO - DAG(s) dict_keys(['example_sensor_decorator']) retrieved from /home/airflow/.local/lib/python3.7/site-packages/airflow/example_dags/example_sensor_decorator.py
[2023-03-24T02:36:21.944+0000] {logging_mixin.py:137} INFO - [2023-03-24T02:36:21.944+0000] {dag.py:2693} INFO - Sync 1 DAGs
[2023-03-24T02:36:21.967+0000] {logging_mixin.py:137} INFO - [2023-03-24T02:36:21.967+0000] {dag.py:3444} INFO - Setting next_dagrun for example_sensor_decorator to None, run_after=None
[2023-03-24T02:36:21.983+0000] {processor.py:175} INFO - Processing /home/airflow/.local/lib/python3.7/site-packages/airflow/example_dags/example_sensor_decorator.py took 0.079 seconds
[2023-03-24T02:36:52.545+0000] {processor.py:153} INFO - Started process (PID=422) to work on /home/airflow/.local/lib/python3.7/site-packages/airflow/example_dags/example_sensor_decorator.py
[2023-03-24T02:36:52.546+0000] {processor.py:743} INFO - Processing file /home/airflow/.local/lib/python3.7/site-packages/airflow/example_dags/example_sensor_decorator.py for tasks to queue
[2023-03-24T02:36:52.546+0000] {logging_mixin.py:137} INFO - [2023-03-24T02:36:52.546+0000] {dagbag.py:532} INFO - Filling up the DagBag from /home/airflow/.local/lib/python3.7/site-packages/airflow/example_dags/example_sensor_decorator.py
[2023-03-24T02:36:52.562+0000] {processor.py:753} INFO - DAG(s) dict_keys(['example_sensor_decorator']) retrieved from /home/airflow/.local/lib/python3.7/site-packages/airflow/example_dags/example_sensor_decorator.py
[2023-03-24T02:36:52.581+0000] {logging_mixin.py:137} INFO - [2023-03-24T02:36:52.581+0000] {dag.py:2693} INFO - Sync 1 DAGs
[2023-03-24T02:36:52.603+0000] {logging_mixin.py:137} INFO - [2023-03-24T02:36:52.603+0000] {dag.py:3444} INFO - Setting next_dagrun for example_sensor_decorator to None, run_after=None
[2023-03-24T02:36:52.622+0000] {processor.py:175} INFO - Processing /home/airflow/.local/lib/python3.7/site-packages/airflow/example_dags/example_sensor_decorator.py took 0.079 seconds
[2023-03-24T02:37:23.083+0000] {processor.py:153} INFO - Started process (PID=471) to work on /home/airflow/.local/lib/python3.7/site-packages/airflow/example_dags/example_sensor_decorator.py
[2023-03-24T02:37:23.083+0000] {processor.py:743} INFO - Processing file /home/airflow/.local/lib/python3.7/site-packages/airflow/example_dags/example_sensor_decorator.py for tasks to queue
[2023-03-24T02:37:23.084+0000] {logging_mixin.py:137} INFO - [2023-03-24T02:37:23.083+0000] {dagbag.py:532} INFO - Filling up the DagBag from /home/airflow/.local/lib/python3.7/site-packages/airflow/example_dags/example_sensor_decorator.py
[2023-03-24T02:37:23.100+0000] {processor.py:753} INFO - DAG(s) dict_keys(['example_sensor_decorator']) retrieved from /home/airflow/.local/lib/python3.7/site-packages/airflow/example_dags/example_sensor_decorator.py
[2023-03-24T02:37:23.118+0000] {logging_mixin.py:137} INFO - [2023-03-24T02:37:23.118+0000] {dag.py:2693} INFO - Sync 1 DAGs
[2023-03-24T02:37:23.140+0000] {logging_mixin.py:137} INFO - [2023-03-24T02:37:23.139+0000] {dag.py:3444} INFO - Setting next_dagrun for example_sensor_decorator to None, run_after=None
[2023-03-24T02:37:23.157+0000] {processor.py:175} INFO - Processing /home/airflow/.local/lib/python3.7/site-packages/airflow/example_dags/example_sensor_decorator.py took 0.077 seconds
[2023-03-24T02:37:53.753+0000] {processor.py:153} INFO - Started process (PID=520) to work on /home/airflow/.local/lib/python3.7/site-packages/airflow/example_dags/example_sensor_decorator.py
[2023-03-24T02:37:53.754+0000] {processor.py:743} INFO - Processing file /home/airflow/.local/lib/python3.7/site-packages/airflow/example_dags/example_sensor_decorator.py for tasks to queue
[2023-03-24T02:37:53.754+0000] {logging_mixin.py:137} INFO - [2023-03-24T02:37:53.754+0000] {dagbag.py:532} INFO - Filling up the DagBag from /home/airflow/.local/lib/python3.7/site-packages/airflow/example_dags/example_sensor_decorator.py
[2023-03-24T02:37:53.770+0000] {processor.py:753} INFO - DAG(s) dict_keys(['example_sensor_decorator']) retrieved from /home/airflow/.local/lib/python3.7/site-packages/airflow/example_dags/example_sensor_decorator.py
[2023-03-24T02:37:53.801+0000] {logging_mixin.py:137} INFO - [2023-03-24T02:37:53.801+0000] {dag.py:2693} INFO - Sync 1 DAGs
[2023-03-24T02:37:53.829+0000] {logging_mixin.py:137} INFO - [2023-03-24T02:37:53.828+0000] {dag.py:3444} INFO - Setting next_dagrun for example_sensor_decorator to None, run_after=None
[2023-03-24T02:37:53.844+0000] {processor.py:175} INFO - Processing /home/airflow/.local/lib/python3.7/site-packages/airflow/example_dags/example_sensor_decorator.py took 0.092 seconds
[2023-03-24T02:38:24.508+0000] {processor.py:153} INFO - Started process (PID=569) to work on /home/airflow/.local/lib/python3.7/site-packages/airflow/example_dags/example_sensor_decorator.py
[2023-03-24T02:38:24.508+0000] {processor.py:743} INFO - Processing file /home/airflow/.local/lib/python3.7/site-packages/airflow/example_dags/example_sensor_decorator.py for tasks to queue
[2023-03-24T02:38:24.509+0000] {logging_mixin.py:137} INFO - [2023-03-24T02:38:24.509+0000] {dagbag.py:532} INFO - Filling up the DagBag from /home/airflow/.local/lib/python3.7/site-packages/airflow/example_dags/example_sensor_decorator.py
[2023-03-24T02:38:24.525+0000] {processor.py:753} INFO - DAG(s) dict_keys(['example_sensor_decorator']) retrieved from /home/airflow/.local/lib/python3.7/site-packages/airflow/example_dags/example_sensor_decorator.py
[2023-03-24T02:38:24.544+0000] {logging_mixin.py:137} INFO - [2023-03-24T02:38:24.544+0000] {dag.py:2693} INFO - Sync 1 DAGs
[2023-03-24T02:38:24.566+0000] {logging_mixin.py:137} INFO - [2023-03-24T02:38:24.566+0000] {dag.py:3444} INFO - Setting next_dagrun for example_sensor_decorator to None, run_after=None
[2023-03-24T02:38:24.586+0000] {processor.py:175} INFO - Processing /home/airflow/.local/lib/python3.7/site-packages/airflow/example_dags/example_sensor_decorator.py took 0.080 seconds
