[2023-03-24T02:33:17.391+0000] {processor.py:153} INFO - Started process (PID=80) to work on /home/airflow/.local/lib/python3.7/site-packages/airflow/example_dags/example_short_circuit_operator.py
[2023-03-24T02:33:17.391+0000] {processor.py:743} INFO - Processing file /home/airflow/.local/lib/python3.7/site-packages/airflow/example_dags/example_short_circuit_operator.py for tasks to queue
[2023-03-24T02:33:17.392+0000] {logging_mixin.py:137} INFO - [2023-03-24T02:33:17.392+0000] {dagbag.py:532} INFO - Filling up the DagBag from /home/airflow/.local/lib/python3.7/site-packages/airflow/example_dags/example_short_circuit_operator.py
[2023-03-24T02:33:17.409+0000] {processor.py:753} INFO - DAG(s) dict_keys(['example_short_circuit_operator']) retrieved from /home/airflow/.local/lib/python3.7/site-packages/airflow/example_dags/example_short_circuit_operator.py
[2023-03-24T02:33:17.427+0000] {logging_mixin.py:137} INFO - [2023-03-24T02:33:17.427+0000] {dag.py:2693} INFO - Sync 1 DAGs
[2023-03-24T02:33:17.458+0000] {logging_mixin.py:137} INFO - [2023-03-24T02:33:17.457+0000] {dag.py:3444} INFO - Setting next_dagrun for example_short_circuit_operator to 2023-03-23T02:33:17.457495+00:00, run_after=2023-03-24T02:33:17.457495+00:00
[2023-03-24T02:33:17.480+0000] {processor.py:175} INFO - Processing /home/airflow/.local/lib/python3.7/site-packages/airflow/example_dags/example_short_circuit_operator.py took 0.092 seconds
[2023-03-24T02:33:47.849+0000] {processor.py:153} INFO - Started process (PID=129) to work on /home/airflow/.local/lib/python3.7/site-packages/airflow/example_dags/example_short_circuit_operator.py
[2023-03-24T02:33:47.849+0000] {processor.py:743} INFO - Processing file /home/airflow/.local/lib/python3.7/site-packages/airflow/example_dags/example_short_circuit_operator.py for tasks to queue
[2023-03-24T02:33:47.850+0000] {logging_mixin.py:137} INFO - [2023-03-24T02:33:47.850+0000] {dagbag.py:532} INFO - Filling up the DagBag from /home/airflow/.local/lib/python3.7/site-packages/airflow/example_dags/example_short_circuit_operator.py
[2023-03-24T02:33:47.861+0000] {processor.py:753} INFO - DAG(s) dict_keys(['example_short_circuit_operator']) retrieved from /home/airflow/.local/lib/python3.7/site-packages/airflow/example_dags/example_short_circuit_operator.py
[2023-03-24T02:33:47.884+0000] {logging_mixin.py:137} INFO - [2023-03-24T02:33:47.884+0000] {dag.py:2693} INFO - Sync 1 DAGs
[2023-03-24T02:33:47.911+0000] {logging_mixin.py:137} INFO - [2023-03-24T02:33:47.910+0000] {dag.py:3444} INFO - Setting next_dagrun for example_short_circuit_operator to 2023-03-23T02:33:47.910562+00:00, run_after=2023-03-24T02:33:47.910562+00:00
[2023-03-24T02:33:47.934+0000] {processor.py:175} INFO - Processing /home/airflow/.local/lib/python3.7/site-packages/airflow/example_dags/example_short_circuit_operator.py took 0.087 seconds
[2023-03-24T02:34:18.615+0000] {processor.py:153} INFO - Started process (PID=178) to work on /home/airflow/.local/lib/python3.7/site-packages/airflow/example_dags/example_short_circuit_operator.py
[2023-03-24T02:34:18.616+0000] {processor.py:743} INFO - Processing file /home/airflow/.local/lib/python3.7/site-packages/airflow/example_dags/example_short_circuit_operator.py for tasks to queue
[2023-03-24T02:34:18.616+0000] {logging_mixin.py:137} INFO - [2023-03-24T02:34:18.616+0000] {dagbag.py:532} INFO - Filling up the DagBag from /home/airflow/.local/lib/python3.7/site-packages/airflow/example_dags/example_short_circuit_operator.py
[2023-03-24T02:34:18.627+0000] {processor.py:753} INFO - DAG(s) dict_keys(['example_short_circuit_operator']) retrieved from /home/airflow/.local/lib/python3.7/site-packages/airflow/example_dags/example_short_circuit_operator.py
[2023-03-24T02:34:18.651+0000] {logging_mixin.py:137} INFO - [2023-03-24T02:34:18.651+0000] {dag.py:2693} INFO - Sync 1 DAGs
[2023-03-24T02:34:18.674+0000] {logging_mixin.py:137} INFO - [2023-03-24T02:34:18.673+0000] {dag.py:3444} INFO - Setting next_dagrun for example_short_circuit_operator to 2023-03-23T02:34:18.673781+00:00, run_after=2023-03-24T02:34:18.673781+00:00
[2023-03-24T02:34:18.690+0000] {processor.py:175} INFO - Processing /home/airflow/.local/lib/python3.7/site-packages/airflow/example_dags/example_short_circuit_operator.py took 0.077 seconds
[2023-03-24T02:34:49.407+0000] {processor.py:153} INFO - Started process (PID=228) to work on /home/airflow/.local/lib/python3.7/site-packages/airflow/example_dags/example_short_circuit_operator.py
[2023-03-24T02:34:49.408+0000] {processor.py:743} INFO - Processing file /home/airflow/.local/lib/python3.7/site-packages/airflow/example_dags/example_short_circuit_operator.py for tasks to queue
[2023-03-24T02:34:49.408+0000] {logging_mixin.py:137} INFO - [2023-03-24T02:34:49.408+0000] {dagbag.py:532} INFO - Filling up the DagBag from /home/airflow/.local/lib/python3.7/site-packages/airflow/example_dags/example_short_circuit_operator.py
[2023-03-24T02:34:49.422+0000] {processor.py:753} INFO - DAG(s) dict_keys(['example_short_circuit_operator']) retrieved from /home/airflow/.local/lib/python3.7/site-packages/airflow/example_dags/example_short_circuit_operator.py
[2023-03-24T02:34:49.445+0000] {logging_mixin.py:137} INFO - [2023-03-24T02:34:49.445+0000] {dag.py:2693} INFO - Sync 1 DAGs
[2023-03-24T02:34:49.470+0000] {logging_mixin.py:137} INFO - [2023-03-24T02:34:49.470+0000] {dag.py:3444} INFO - Setting next_dagrun for example_short_circuit_operator to 2023-03-23T02:34:49.469973+00:00, run_after=2023-03-24T02:34:49.469973+00:00
[2023-03-24T02:34:49.488+0000] {processor.py:175} INFO - Processing /home/airflow/.local/lib/python3.7/site-packages/airflow/example_dags/example_short_circuit_operator.py took 0.083 seconds
[2023-03-24T02:35:20.240+0000] {processor.py:153} INFO - Started process (PID=277) to work on /home/airflow/.local/lib/python3.7/site-packages/airflow/example_dags/example_short_circuit_operator.py
[2023-03-24T02:35:20.241+0000] {processor.py:743} INFO - Processing file /home/airflow/.local/lib/python3.7/site-packages/airflow/example_dags/example_short_circuit_operator.py for tasks to queue
[2023-03-24T02:35:20.242+0000] {logging_mixin.py:137} INFO - [2023-03-24T02:35:20.242+0000] {dagbag.py:532} INFO - Filling up the DagBag from /home/airflow/.local/lib/python3.7/site-packages/airflow/example_dags/example_short_circuit_operator.py
[2023-03-24T02:35:20.272+0000] {processor.py:753} INFO - DAG(s) dict_keys(['example_short_circuit_operator']) retrieved from /home/airflow/.local/lib/python3.7/site-packages/airflow/example_dags/example_short_circuit_operator.py
[2023-03-24T02:35:20.299+0000] {logging_mixin.py:137} INFO - [2023-03-24T02:35:20.299+0000] {dag.py:2693} INFO - Sync 1 DAGs
[2023-03-24T02:35:20.323+0000] {logging_mixin.py:137} INFO - [2023-03-24T02:35:20.322+0000] {dag.py:3444} INFO - Setting next_dagrun for example_short_circuit_operator to 2023-03-23T02:35:20.322705+00:00, run_after=2023-03-24T02:35:20.322705+00:00
[2023-03-24T02:35:20.341+0000] {processor.py:175} INFO - Processing /home/airflow/.local/lib/python3.7/site-packages/airflow/example_dags/example_short_circuit_operator.py took 0.105 seconds
[2023-03-24T02:35:51.225+0000] {processor.py:153} INFO - Started process (PID=326) to work on /home/airflow/.local/lib/python3.7/site-packages/airflow/example_dags/example_short_circuit_operator.py
[2023-03-24T02:35:51.226+0000] {processor.py:743} INFO - Processing file /home/airflow/.local/lib/python3.7/site-packages/airflow/example_dags/example_short_circuit_operator.py for tasks to queue
[2023-03-24T02:35:51.227+0000] {logging_mixin.py:137} INFO - [2023-03-24T02:35:51.227+0000] {dagbag.py:532} INFO - Filling up the DagBag from /home/airflow/.local/lib/python3.7/site-packages/airflow/example_dags/example_short_circuit_operator.py
[2023-03-24T02:35:51.256+0000] {processor.py:753} INFO - DAG(s) dict_keys(['example_short_circuit_operator']) retrieved from /home/airflow/.local/lib/python3.7/site-packages/airflow/example_dags/example_short_circuit_operator.py
[2023-03-24T02:35:51.284+0000] {logging_mixin.py:137} INFO - [2023-03-24T02:35:51.284+0000] {dag.py:2693} INFO - Sync 1 DAGs
[2023-03-24T02:35:51.310+0000] {logging_mixin.py:137} INFO - [2023-03-24T02:35:51.309+0000] {dag.py:3444} INFO - Setting next_dagrun for example_short_circuit_operator to 2023-03-23T02:35:51.309759+00:00, run_after=2023-03-24T02:35:51.309759+00:00
[2023-03-24T02:35:51.327+0000] {processor.py:175} INFO - Processing /home/airflow/.local/lib/python3.7/site-packages/airflow/example_dags/example_short_circuit_operator.py took 0.107 seconds
[2023-03-24T02:36:22.011+0000] {processor.py:153} INFO - Started process (PID=375) to work on /home/airflow/.local/lib/python3.7/site-packages/airflow/example_dags/example_short_circuit_operator.py
[2023-03-24T02:36:22.012+0000] {processor.py:743} INFO - Processing file /home/airflow/.local/lib/python3.7/site-packages/airflow/example_dags/example_short_circuit_operator.py for tasks to queue
[2023-03-24T02:36:22.013+0000] {logging_mixin.py:137} INFO - [2023-03-24T02:36:22.013+0000] {dagbag.py:532} INFO - Filling up the DagBag from /home/airflow/.local/lib/python3.7/site-packages/airflow/example_dags/example_short_circuit_operator.py
[2023-03-24T02:36:22.035+0000] {processor.py:753} INFO - DAG(s) dict_keys(['example_short_circuit_operator']) retrieved from /home/airflow/.local/lib/python3.7/site-packages/airflow/example_dags/example_short_circuit_operator.py
[2023-03-24T02:36:22.066+0000] {logging_mixin.py:137} INFO - [2023-03-24T02:36:22.066+0000] {dag.py:2693} INFO - Sync 1 DAGs
[2023-03-24T02:36:22.091+0000] {logging_mixin.py:137} INFO - [2023-03-24T02:36:22.091+0000] {dag.py:3444} INFO - Setting next_dagrun for example_short_circuit_operator to 2023-03-23T02:36:22.091345+00:00, run_after=2023-03-24T02:36:22.091345+00:00
[2023-03-24T02:36:22.109+0000] {processor.py:175} INFO - Processing /home/airflow/.local/lib/python3.7/site-packages/airflow/example_dags/example_short_circuit_operator.py took 0.102 seconds
[2023-03-24T02:36:52.645+0000] {processor.py:153} INFO - Started process (PID=424) to work on /home/airflow/.local/lib/python3.7/site-packages/airflow/example_dags/example_short_circuit_operator.py
[2023-03-24T02:36:52.646+0000] {processor.py:743} INFO - Processing file /home/airflow/.local/lib/python3.7/site-packages/airflow/example_dags/example_short_circuit_operator.py for tasks to queue
[2023-03-24T02:36:52.647+0000] {logging_mixin.py:137} INFO - [2023-03-24T02:36:52.647+0000] {dagbag.py:532} INFO - Filling up the DagBag from /home/airflow/.local/lib/python3.7/site-packages/airflow/example_dags/example_short_circuit_operator.py
[2023-03-24T02:36:52.672+0000] {processor.py:753} INFO - DAG(s) dict_keys(['example_short_circuit_operator']) retrieved from /home/airflow/.local/lib/python3.7/site-packages/airflow/example_dags/example_short_circuit_operator.py
[2023-03-24T02:36:52.697+0000] {logging_mixin.py:137} INFO - [2023-03-24T02:36:52.697+0000] {dag.py:2693} INFO - Sync 1 DAGs
[2023-03-24T02:36:52.722+0000] {logging_mixin.py:137} INFO - [2023-03-24T02:36:52.722+0000] {dag.py:3444} INFO - Setting next_dagrun for example_short_circuit_operator to 2023-03-23T02:36:52.721918+00:00, run_after=2023-03-24T02:36:52.721918+00:00
[2023-03-24T02:36:52.740+0000] {processor.py:175} INFO - Processing /home/airflow/.local/lib/python3.7/site-packages/airflow/example_dags/example_short_circuit_operator.py took 0.099 seconds
[2023-03-24T02:37:23.183+0000] {processor.py:153} INFO - Started process (PID=473) to work on /home/airflow/.local/lib/python3.7/site-packages/airflow/example_dags/example_short_circuit_operator.py
[2023-03-24T02:37:23.184+0000] {processor.py:743} INFO - Processing file /home/airflow/.local/lib/python3.7/site-packages/airflow/example_dags/example_short_circuit_operator.py for tasks to queue
[2023-03-24T02:37:23.185+0000] {logging_mixin.py:137} INFO - [2023-03-24T02:37:23.185+0000] {dagbag.py:532} INFO - Filling up the DagBag from /home/airflow/.local/lib/python3.7/site-packages/airflow/example_dags/example_short_circuit_operator.py
[2023-03-24T02:37:23.212+0000] {processor.py:753} INFO - DAG(s) dict_keys(['example_short_circuit_operator']) retrieved from /home/airflow/.local/lib/python3.7/site-packages/airflow/example_dags/example_short_circuit_operator.py
[2023-03-24T02:37:23.236+0000] {logging_mixin.py:137} INFO - [2023-03-24T02:37:23.236+0000] {dag.py:2693} INFO - Sync 1 DAGs
[2023-03-24T02:37:23.259+0000] {logging_mixin.py:137} INFO - [2023-03-24T02:37:23.259+0000] {dag.py:3444} INFO - Setting next_dagrun for example_short_circuit_operator to 2023-03-23T02:37:23.259016+00:00, run_after=2023-03-24T02:37:23.259016+00:00
[2023-03-24T02:37:23.276+0000] {processor.py:175} INFO - Processing /home/airflow/.local/lib/python3.7/site-packages/airflow/example_dags/example_short_circuit_operator.py took 0.098 seconds
[2023-03-24T02:37:53.860+0000] {processor.py:153} INFO - Started process (PID=522) to work on /home/airflow/.local/lib/python3.7/site-packages/airflow/example_dags/example_short_circuit_operator.py
[2023-03-24T02:37:53.861+0000] {processor.py:743} INFO - Processing file /home/airflow/.local/lib/python3.7/site-packages/airflow/example_dags/example_short_circuit_operator.py for tasks to queue
[2023-03-24T02:37:53.861+0000] {logging_mixin.py:137} INFO - [2023-03-24T02:37:53.861+0000] {dagbag.py:532} INFO - Filling up the DagBag from /home/airflow/.local/lib/python3.7/site-packages/airflow/example_dags/example_short_circuit_operator.py
[2023-03-24T02:37:53.872+0000] {processor.py:753} INFO - DAG(s) dict_keys(['example_short_circuit_operator']) retrieved from /home/airflow/.local/lib/python3.7/site-packages/airflow/example_dags/example_short_circuit_operator.py
[2023-03-24T02:37:53.915+0000] {logging_mixin.py:137} INFO - [2023-03-24T02:37:53.915+0000] {dag.py:2693} INFO - Sync 1 DAGs
[2023-03-24T02:37:53.938+0000] {logging_mixin.py:137} INFO - [2023-03-24T02:37:53.938+0000] {dag.py:3444} INFO - Setting next_dagrun for example_short_circuit_operator to 2023-03-23T02:37:53.938446+00:00, run_after=2023-03-24T02:37:53.938446+00:00
[2023-03-24T02:37:53.955+0000] {processor.py:175} INFO - Processing /home/airflow/.local/lib/python3.7/site-packages/airflow/example_dags/example_short_circuit_operator.py took 0.097 seconds
[2023-03-24T02:38:24.607+0000] {processor.py:153} INFO - Started process (PID=571) to work on /home/airflow/.local/lib/python3.7/site-packages/airflow/example_dags/example_short_circuit_operator.py
[2023-03-24T02:38:24.607+0000] {processor.py:743} INFO - Processing file /home/airflow/.local/lib/python3.7/site-packages/airflow/example_dags/example_short_circuit_operator.py for tasks to queue
[2023-03-24T02:38:24.608+0000] {logging_mixin.py:137} INFO - [2023-03-24T02:38:24.608+0000] {dagbag.py:532} INFO - Filling up the DagBag from /home/airflow/.local/lib/python3.7/site-packages/airflow/example_dags/example_short_circuit_operator.py
[2023-03-24T02:38:24.621+0000] {processor.py:753} INFO - DAG(s) dict_keys(['example_short_circuit_operator']) retrieved from /home/airflow/.local/lib/python3.7/site-packages/airflow/example_dags/example_short_circuit_operator.py
[2023-03-24T02:38:24.643+0000] {logging_mixin.py:137} INFO - [2023-03-24T02:38:24.643+0000] {dag.py:2693} INFO - Sync 1 DAGs
[2023-03-24T02:38:24.665+0000] {logging_mixin.py:137} INFO - [2023-03-24T02:38:24.665+0000] {dag.py:3444} INFO - Setting next_dagrun for example_short_circuit_operator to 2023-03-23T02:38:24.665351+00:00, run_after=2023-03-24T02:38:24.665351+00:00
[2023-03-24T02:38:24.683+0000] {processor.py:175} INFO - Processing /home/airflow/.local/lib/python3.7/site-packages/airflow/example_dags/example_short_circuit_operator.py took 0.079 seconds
