[2023-03-24T02:33:17.204+0000] {processor.py:153} INFO - Started process (PID=77) to work on /home/airflow/.local/lib/python3.7/site-packages/airflow/example_dags/example_python_operator.py
[2023-03-24T02:33:17.205+0000] {processor.py:743} INFO - Processing file /home/airflow/.local/lib/python3.7/site-packages/airflow/example_dags/example_python_operator.py for tasks to queue
[2023-03-24T02:33:17.206+0000] {logging_mixin.py:137} INFO - [2023-03-24T02:33:17.206+0000] {dagbag.py:532} INFO - Filling up the DagBag from /home/airflow/.local/lib/python3.7/site-packages/airflow/example_dags/example_python_operator.py
[2023-03-24T02:33:17.235+0000] {logging_mixin.py:137} INFO - [2023-03-24T02:33:17.235+0000] {taskmixin.py:211} WARNING - Dependency <Task(_PythonDecoratedOperator): print_the_context>, log_sql_query already registered for DAG: example_python_operator
[2023-03-24T02:33:17.235+0000] {logging_mixin.py:137} INFO - [2023-03-24T02:33:17.235+0000] {taskmixin.py:211} WARNING - Dependency <Task(_PythonDecoratedOperator): log_sql_query>, print_the_context already registered for DAG: example_python_operator
[2023-03-24T02:33:17.236+0000] {logging_mixin.py:137} INFO - [2023-03-24T02:33:17.236+0000] {taskmixin.py:211} WARNING - Dependency <Task(_PythonDecoratedOperator): print_the_context>, log_sql_query already registered for DAG: example_python_operator
[2023-03-24T02:33:17.236+0000] {logging_mixin.py:137} INFO - [2023-03-24T02:33:17.236+0000] {taskmixin.py:211} WARNING - Dependency <Task(_PythonDecoratedOperator): log_sql_query>, print_the_context already registered for DAG: example_python_operator
[2023-03-24T02:33:17.237+0000] {logging_mixin.py:137} INFO - [2023-03-24T02:33:17.237+0000] {taskmixin.py:211} WARNING - Dependency <Task(_PythonDecoratedOperator): print_the_context>, log_sql_query already registered for DAG: example_python_operator
[2023-03-24T02:33:17.237+0000] {logging_mixin.py:137} INFO - [2023-03-24T02:33:17.237+0000] {taskmixin.py:211} WARNING - Dependency <Task(_PythonDecoratedOperator): log_sql_query>, print_the_context already registered for DAG: example_python_operator
[2023-03-24T02:33:17.237+0000] {logging_mixin.py:137} INFO - [2023-03-24T02:33:17.237+0000] {taskmixin.py:211} WARNING - Dependency <Task(_PythonDecoratedOperator): print_the_context>, log_sql_query already registered for DAG: example_python_operator
[2023-03-24T02:33:17.237+0000] {logging_mixin.py:137} INFO - [2023-03-24T02:33:17.237+0000] {taskmixin.py:211} WARNING - Dependency <Task(_PythonDecoratedOperator): log_sql_query>, print_the_context already registered for DAG: example_python_operator
[2023-03-24T02:33:17.243+0000] {processor.py:753} INFO - DAG(s) dict_keys(['example_python_operator']) retrieved from /home/airflow/.local/lib/python3.7/site-packages/airflow/example_dags/example_python_operator.py
[2023-03-24T02:33:17.255+0000] {logging_mixin.py:137} INFO - [2023-03-24T02:33:17.255+0000] {dag.py:2693} INFO - Sync 1 DAGs
[2023-03-24T02:33:17.283+0000] {logging_mixin.py:137} INFO - [2023-03-24T02:33:17.283+0000] {dag.py:3444} INFO - Setting next_dagrun for example_python_operator to None, run_after=None
[2023-03-24T02:33:17.313+0000] {processor.py:175} INFO - Processing /home/airflow/.local/lib/python3.7/site-packages/airflow/example_dags/example_python_operator.py took 0.112 seconds
[2023-03-24T02:33:47.699+0000] {processor.py:153} INFO - Started process (PID=126) to work on /home/airflow/.local/lib/python3.7/site-packages/airflow/example_dags/example_python_operator.py
[2023-03-24T02:33:47.700+0000] {processor.py:743} INFO - Processing file /home/airflow/.local/lib/python3.7/site-packages/airflow/example_dags/example_python_operator.py for tasks to queue
[2023-03-24T02:33:47.700+0000] {logging_mixin.py:137} INFO - [2023-03-24T02:33:47.700+0000] {dagbag.py:532} INFO - Filling up the DagBag from /home/airflow/.local/lib/python3.7/site-packages/airflow/example_dags/example_python_operator.py
[2023-03-24T02:33:47.713+0000] {logging_mixin.py:137} INFO - [2023-03-24T02:33:47.713+0000] {taskmixin.py:211} WARNING - Dependency <Task(_PythonDecoratedOperator): print_the_context>, log_sql_query already registered for DAG: example_python_operator
[2023-03-24T02:33:47.713+0000] {logging_mixin.py:137} INFO - [2023-03-24T02:33:47.713+0000] {taskmixin.py:211} WARNING - Dependency <Task(_PythonDecoratedOperator): log_sql_query>, print_the_context already registered for DAG: example_python_operator
[2023-03-24T02:33:47.713+0000] {logging_mixin.py:137} INFO - [2023-03-24T02:33:47.713+0000] {taskmixin.py:211} WARNING - Dependency <Task(_PythonDecoratedOperator): print_the_context>, log_sql_query already registered for DAG: example_python_operator
[2023-03-24T02:33:47.714+0000] {logging_mixin.py:137} INFO - [2023-03-24T02:33:47.713+0000] {taskmixin.py:211} WARNING - Dependency <Task(_PythonDecoratedOperator): log_sql_query>, print_the_context already registered for DAG: example_python_operator
[2023-03-24T02:33:47.714+0000] {logging_mixin.py:137} INFO - [2023-03-24T02:33:47.714+0000] {taskmixin.py:211} WARNING - Dependency <Task(_PythonDecoratedOperator): print_the_context>, log_sql_query already registered for DAG: example_python_operator
[2023-03-24T02:33:47.714+0000] {logging_mixin.py:137} INFO - [2023-03-24T02:33:47.714+0000] {taskmixin.py:211} WARNING - Dependency <Task(_PythonDecoratedOperator): log_sql_query>, print_the_context already registered for DAG: example_python_operator
[2023-03-24T02:33:47.715+0000] {logging_mixin.py:137} INFO - [2023-03-24T02:33:47.714+0000] {taskmixin.py:211} WARNING - Dependency <Task(_PythonDecoratedOperator): print_the_context>, log_sql_query already registered for DAG: example_python_operator
[2023-03-24T02:33:47.715+0000] {logging_mixin.py:137} INFO - [2023-03-24T02:33:47.715+0000] {taskmixin.py:211} WARNING - Dependency <Task(_PythonDecoratedOperator): log_sql_query>, print_the_context already registered for DAG: example_python_operator
[2023-03-24T02:33:47.719+0000] {processor.py:753} INFO - DAG(s) dict_keys(['example_python_operator']) retrieved from /home/airflow/.local/lib/python3.7/site-packages/airflow/example_dags/example_python_operator.py
[2023-03-24T02:33:47.775+0000] {logging_mixin.py:137} INFO - [2023-03-24T02:33:47.775+0000] {dag.py:2693} INFO - Sync 1 DAGs
[2023-03-24T02:33:47.796+0000] {logging_mixin.py:137} INFO - [2023-03-24T02:33:47.795+0000] {dag.py:3444} INFO - Setting next_dagrun for example_python_operator to None, run_after=None
[2023-03-24T02:33:47.813+0000] {processor.py:175} INFO - Processing /home/airflow/.local/lib/python3.7/site-packages/airflow/example_dags/example_python_operator.py took 0.116 seconds
[2023-03-24T02:34:18.485+0000] {processor.py:153} INFO - Started process (PID=175) to work on /home/airflow/.local/lib/python3.7/site-packages/airflow/example_dags/example_python_operator.py
[2023-03-24T02:34:18.485+0000] {processor.py:743} INFO - Processing file /home/airflow/.local/lib/python3.7/site-packages/airflow/example_dags/example_python_operator.py for tasks to queue
[2023-03-24T02:34:18.486+0000] {logging_mixin.py:137} INFO - [2023-03-24T02:34:18.485+0000] {dagbag.py:532} INFO - Filling up the DagBag from /home/airflow/.local/lib/python3.7/site-packages/airflow/example_dags/example_python_operator.py
[2023-03-24T02:34:18.498+0000] {logging_mixin.py:137} INFO - [2023-03-24T02:34:18.498+0000] {taskmixin.py:211} WARNING - Dependency <Task(_PythonDecoratedOperator): print_the_context>, log_sql_query already registered for DAG: example_python_operator
[2023-03-24T02:34:18.498+0000] {logging_mixin.py:137} INFO - [2023-03-24T02:34:18.498+0000] {taskmixin.py:211} WARNING - Dependency <Task(_PythonDecoratedOperator): log_sql_query>, print_the_context already registered for DAG: example_python_operator
[2023-03-24T02:34:18.499+0000] {logging_mixin.py:137} INFO - [2023-03-24T02:34:18.499+0000] {taskmixin.py:211} WARNING - Dependency <Task(_PythonDecoratedOperator): print_the_context>, log_sql_query already registered for DAG: example_python_operator
[2023-03-24T02:34:18.499+0000] {logging_mixin.py:137} INFO - [2023-03-24T02:34:18.499+0000] {taskmixin.py:211} WARNING - Dependency <Task(_PythonDecoratedOperator): log_sql_query>, print_the_context already registered for DAG: example_python_operator
[2023-03-24T02:34:18.499+0000] {logging_mixin.py:137} INFO - [2023-03-24T02:34:18.499+0000] {taskmixin.py:211} WARNING - Dependency <Task(_PythonDecoratedOperator): print_the_context>, log_sql_query already registered for DAG: example_python_operator
[2023-03-24T02:34:18.499+0000] {logging_mixin.py:137} INFO - [2023-03-24T02:34:18.499+0000] {taskmixin.py:211} WARNING - Dependency <Task(_PythonDecoratedOperator): log_sql_query>, print_the_context already registered for DAG: example_python_operator
[2023-03-24T02:34:18.500+0000] {logging_mixin.py:137} INFO - [2023-03-24T02:34:18.500+0000] {taskmixin.py:211} WARNING - Dependency <Task(_PythonDecoratedOperator): print_the_context>, log_sql_query already registered for DAG: example_python_operator
[2023-03-24T02:34:18.500+0000] {logging_mixin.py:137} INFO - [2023-03-24T02:34:18.500+0000] {taskmixin.py:211} WARNING - Dependency <Task(_PythonDecoratedOperator): log_sql_query>, print_the_context already registered for DAG: example_python_operator
[2023-03-24T02:34:18.505+0000] {processor.py:753} INFO - DAG(s) dict_keys(['example_python_operator']) retrieved from /home/airflow/.local/lib/python3.7/site-packages/airflow/example_dags/example_python_operator.py
[2023-03-24T02:34:18.530+0000] {logging_mixin.py:137} INFO - [2023-03-24T02:34:18.530+0000] {dag.py:2693} INFO - Sync 1 DAGs
[2023-03-24T02:34:18.552+0000] {logging_mixin.py:137} INFO - [2023-03-24T02:34:18.552+0000] {dag.py:3444} INFO - Setting next_dagrun for example_python_operator to None, run_after=None
[2023-03-24T02:34:18.569+0000] {processor.py:175} INFO - Processing /home/airflow/.local/lib/python3.7/site-packages/airflow/example_dags/example_python_operator.py took 0.087 seconds
[2023-03-24T02:34:49.222+0000] {processor.py:153} INFO - Started process (PID=225) to work on /home/airflow/.local/lib/python3.7/site-packages/airflow/example_dags/example_python_operator.py
[2023-03-24T02:34:49.223+0000] {processor.py:743} INFO - Processing file /home/airflow/.local/lib/python3.7/site-packages/airflow/example_dags/example_python_operator.py for tasks to queue
[2023-03-24T02:34:49.224+0000] {logging_mixin.py:137} INFO - [2023-03-24T02:34:49.224+0000] {dagbag.py:532} INFO - Filling up the DagBag from /home/airflow/.local/lib/python3.7/site-packages/airflow/example_dags/example_python_operator.py
[2023-03-24T02:34:49.254+0000] {logging_mixin.py:137} INFO - [2023-03-24T02:34:49.254+0000] {taskmixin.py:211} WARNING - Dependency <Task(_PythonDecoratedOperator): print_the_context>, log_sql_query already registered for DAG: example_python_operator
[2023-03-24T02:34:49.255+0000] {logging_mixin.py:137} INFO - [2023-03-24T02:34:49.254+0000] {taskmixin.py:211} WARNING - Dependency <Task(_PythonDecoratedOperator): log_sql_query>, print_the_context already registered for DAG: example_python_operator
[2023-03-24T02:34:49.256+0000] {logging_mixin.py:137} INFO - [2023-03-24T02:34:49.255+0000] {taskmixin.py:211} WARNING - Dependency <Task(_PythonDecoratedOperator): print_the_context>, log_sql_query already registered for DAG: example_python_operator
[2023-03-24T02:34:49.256+0000] {logging_mixin.py:137} INFO - [2023-03-24T02:34:49.256+0000] {taskmixin.py:211} WARNING - Dependency <Task(_PythonDecoratedOperator): log_sql_query>, print_the_context already registered for DAG: example_python_operator
[2023-03-24T02:34:49.257+0000] {logging_mixin.py:137} INFO - [2023-03-24T02:34:49.257+0000] {taskmixin.py:211} WARNING - Dependency <Task(_PythonDecoratedOperator): print_the_context>, log_sql_query already registered for DAG: example_python_operator
[2023-03-24T02:34:49.257+0000] {logging_mixin.py:137} INFO - [2023-03-24T02:34:49.257+0000] {taskmixin.py:211} WARNING - Dependency <Task(_PythonDecoratedOperator): log_sql_query>, print_the_context already registered for DAG: example_python_operator
[2023-03-24T02:34:49.259+0000] {logging_mixin.py:137} INFO - [2023-03-24T02:34:49.259+0000] {taskmixin.py:211} WARNING - Dependency <Task(_PythonDecoratedOperator): print_the_context>, log_sql_query already registered for DAG: example_python_operator
[2023-03-24T02:34:49.259+0000] {logging_mixin.py:137} INFO - [2023-03-24T02:34:49.259+0000] {taskmixin.py:211} WARNING - Dependency <Task(_PythonDecoratedOperator): log_sql_query>, print_the_context already registered for DAG: example_python_operator
[2023-03-24T02:34:49.269+0000] {processor.py:753} INFO - DAG(s) dict_keys(['example_python_operator']) retrieved from /home/airflow/.local/lib/python3.7/site-packages/airflow/example_dags/example_python_operator.py
[2023-03-24T02:34:49.293+0000] {logging_mixin.py:137} INFO - [2023-03-24T02:34:49.293+0000] {dag.py:2693} INFO - Sync 1 DAGs
[2023-03-24T02:34:49.317+0000] {logging_mixin.py:137} INFO - [2023-03-24T02:34:49.317+0000] {dag.py:3444} INFO - Setting next_dagrun for example_python_operator to None, run_after=None
[2023-03-24T02:34:49.337+0000] {processor.py:175} INFO - Processing /home/airflow/.local/lib/python3.7/site-packages/airflow/example_dags/example_python_operator.py took 0.118 seconds
[2023-03-24T02:35:19.995+0000] {processor.py:153} INFO - Started process (PID=274) to work on /home/airflow/.local/lib/python3.7/site-packages/airflow/example_dags/example_python_operator.py
[2023-03-24T02:35:19.995+0000] {processor.py:743} INFO - Processing file /home/airflow/.local/lib/python3.7/site-packages/airflow/example_dags/example_python_operator.py for tasks to queue
[2023-03-24T02:35:19.996+0000] {logging_mixin.py:137} INFO - [2023-03-24T02:35:19.996+0000] {dagbag.py:532} INFO - Filling up the DagBag from /home/airflow/.local/lib/python3.7/site-packages/airflow/example_dags/example_python_operator.py
[2023-03-24T02:35:20.008+0000] {logging_mixin.py:137} INFO - [2023-03-24T02:35:20.008+0000] {taskmixin.py:211} WARNING - Dependency <Task(_PythonDecoratedOperator): print_the_context>, log_sql_query already registered for DAG: example_python_operator
[2023-03-24T02:35:20.008+0000] {logging_mixin.py:137} INFO - [2023-03-24T02:35:20.008+0000] {taskmixin.py:211} WARNING - Dependency <Task(_PythonDecoratedOperator): log_sql_query>, print_the_context already registered for DAG: example_python_operator
[2023-03-24T02:35:20.009+0000] {logging_mixin.py:137} INFO - [2023-03-24T02:35:20.009+0000] {taskmixin.py:211} WARNING - Dependency <Task(_PythonDecoratedOperator): print_the_context>, log_sql_query already registered for DAG: example_python_operator
[2023-03-24T02:35:20.009+0000] {logging_mixin.py:137} INFO - [2023-03-24T02:35:20.009+0000] {taskmixin.py:211} WARNING - Dependency <Task(_PythonDecoratedOperator): log_sql_query>, print_the_context already registered for DAG: example_python_operator
[2023-03-24T02:35:20.009+0000] {logging_mixin.py:137} INFO - [2023-03-24T02:35:20.009+0000] {taskmixin.py:211} WARNING - Dependency <Task(_PythonDecoratedOperator): print_the_context>, log_sql_query already registered for DAG: example_python_operator
[2023-03-24T02:35:20.009+0000] {logging_mixin.py:137} INFO - [2023-03-24T02:35:20.009+0000] {taskmixin.py:211} WARNING - Dependency <Task(_PythonDecoratedOperator): log_sql_query>, print_the_context already registered for DAG: example_python_operator
[2023-03-24T02:35:20.010+0000] {logging_mixin.py:137} INFO - [2023-03-24T02:35:20.010+0000] {taskmixin.py:211} WARNING - Dependency <Task(_PythonDecoratedOperator): print_the_context>, log_sql_query already registered for DAG: example_python_operator
[2023-03-24T02:35:20.010+0000] {logging_mixin.py:137} INFO - [2023-03-24T02:35:20.010+0000] {taskmixin.py:211} WARNING - Dependency <Task(_PythonDecoratedOperator): log_sql_query>, print_the_context already registered for DAG: example_python_operator
[2023-03-24T02:35:20.015+0000] {processor.py:753} INFO - DAG(s) dict_keys(['example_python_operator']) retrieved from /home/airflow/.local/lib/python3.7/site-packages/airflow/example_dags/example_python_operator.py
[2023-03-24T02:35:20.063+0000] {logging_mixin.py:137} INFO - [2023-03-24T02:35:20.063+0000] {dag.py:2693} INFO - Sync 1 DAGs
[2023-03-24T02:35:20.086+0000] {logging_mixin.py:137} INFO - [2023-03-24T02:35:20.086+0000] {dag.py:3444} INFO - Setting next_dagrun for example_python_operator to None, run_after=None
[2023-03-24T02:35:20.103+0000] {processor.py:175} INFO - Processing /home/airflow/.local/lib/python3.7/site-packages/airflow/example_dags/example_python_operator.py took 0.110 seconds
[2023-03-24T02:35:51.041+0000] {processor.py:153} INFO - Started process (PID=323) to work on /home/airflow/.local/lib/python3.7/site-packages/airflow/example_dags/example_python_operator.py
[2023-03-24T02:35:51.042+0000] {processor.py:743} INFO - Processing file /home/airflow/.local/lib/python3.7/site-packages/airflow/example_dags/example_python_operator.py for tasks to queue
[2023-03-24T02:35:51.042+0000] {logging_mixin.py:137} INFO - [2023-03-24T02:35:51.042+0000] {dagbag.py:532} INFO - Filling up the DagBag from /home/airflow/.local/lib/python3.7/site-packages/airflow/example_dags/example_python_operator.py
[2023-03-24T02:35:51.055+0000] {logging_mixin.py:137} INFO - [2023-03-24T02:35:51.054+0000] {taskmixin.py:211} WARNING - Dependency <Task(_PythonDecoratedOperator): print_the_context>, log_sql_query already registered for DAG: example_python_operator
[2023-03-24T02:35:51.055+0000] {logging_mixin.py:137} INFO - [2023-03-24T02:35:51.055+0000] {taskmixin.py:211} WARNING - Dependency <Task(_PythonDecoratedOperator): log_sql_query>, print_the_context already registered for DAG: example_python_operator
[2023-03-24T02:35:51.055+0000] {logging_mixin.py:137} INFO - [2023-03-24T02:35:51.055+0000] {taskmixin.py:211} WARNING - Dependency <Task(_PythonDecoratedOperator): print_the_context>, log_sql_query already registered for DAG: example_python_operator
[2023-03-24T02:35:51.055+0000] {logging_mixin.py:137} INFO - [2023-03-24T02:35:51.055+0000] {taskmixin.py:211} WARNING - Dependency <Task(_PythonDecoratedOperator): log_sql_query>, print_the_context already registered for DAG: example_python_operator
[2023-03-24T02:35:51.056+0000] {logging_mixin.py:137} INFO - [2023-03-24T02:35:51.056+0000] {taskmixin.py:211} WARNING - Dependency <Task(_PythonDecoratedOperator): print_the_context>, log_sql_query already registered for DAG: example_python_operator
[2023-03-24T02:35:51.056+0000] {logging_mixin.py:137} INFO - [2023-03-24T02:35:51.056+0000] {taskmixin.py:211} WARNING - Dependency <Task(_PythonDecoratedOperator): log_sql_query>, print_the_context already registered for DAG: example_python_operator
[2023-03-24T02:35:51.056+0000] {logging_mixin.py:137} INFO - [2023-03-24T02:35:51.056+0000] {taskmixin.py:211} WARNING - Dependency <Task(_PythonDecoratedOperator): print_the_context>, log_sql_query already registered for DAG: example_python_operator
[2023-03-24T02:35:51.057+0000] {logging_mixin.py:137} INFO - [2023-03-24T02:35:51.056+0000] {taskmixin.py:211} WARNING - Dependency <Task(_PythonDecoratedOperator): log_sql_query>, print_the_context already registered for DAG: example_python_operator
[2023-03-24T02:35:51.062+0000] {processor.py:753} INFO - DAG(s) dict_keys(['example_python_operator']) retrieved from /home/airflow/.local/lib/python3.7/site-packages/airflow/example_dags/example_python_operator.py
[2023-03-24T02:35:51.109+0000] {logging_mixin.py:137} INFO - [2023-03-24T02:35:51.109+0000] {dag.py:2693} INFO - Sync 1 DAGs
[2023-03-24T02:35:51.132+0000] {logging_mixin.py:137} INFO - [2023-03-24T02:35:51.132+0000] {dag.py:3444} INFO - Setting next_dagrun for example_python_operator to None, run_after=None
[2023-03-24T02:35:51.151+0000] {processor.py:175} INFO - Processing /home/airflow/.local/lib/python3.7/site-packages/airflow/example_dags/example_python_operator.py took 0.112 seconds
[2023-03-24T02:36:21.808+0000] {processor.py:153} INFO - Started process (PID=372) to work on /home/airflow/.local/lib/python3.7/site-packages/airflow/example_dags/example_python_operator.py
[2023-03-24T02:36:21.808+0000] {processor.py:743} INFO - Processing file /home/airflow/.local/lib/python3.7/site-packages/airflow/example_dags/example_python_operator.py for tasks to queue
[2023-03-24T02:36:21.809+0000] {logging_mixin.py:137} INFO - [2023-03-24T02:36:21.808+0000] {dagbag.py:532} INFO - Filling up the DagBag from /home/airflow/.local/lib/python3.7/site-packages/airflow/example_dags/example_python_operator.py
[2023-03-24T02:36:21.822+0000] {logging_mixin.py:137} INFO - [2023-03-24T02:36:21.822+0000] {taskmixin.py:211} WARNING - Dependency <Task(_PythonDecoratedOperator): print_the_context>, log_sql_query already registered for DAG: example_python_operator
[2023-03-24T02:36:21.822+0000] {logging_mixin.py:137} INFO - [2023-03-24T02:36:21.822+0000] {taskmixin.py:211} WARNING - Dependency <Task(_PythonDecoratedOperator): log_sql_query>, print_the_context already registered for DAG: example_python_operator
[2023-03-24T02:36:21.823+0000] {logging_mixin.py:137} INFO - [2023-03-24T02:36:21.822+0000] {taskmixin.py:211} WARNING - Dependency <Task(_PythonDecoratedOperator): print_the_context>, log_sql_query already registered for DAG: example_python_operator
[2023-03-24T02:36:21.823+0000] {logging_mixin.py:137} INFO - [2023-03-24T02:36:21.823+0000] {taskmixin.py:211} WARNING - Dependency <Task(_PythonDecoratedOperator): log_sql_query>, print_the_context already registered for DAG: example_python_operator
[2023-03-24T02:36:21.823+0000] {logging_mixin.py:137} INFO - [2023-03-24T02:36:21.823+0000] {taskmixin.py:211} WARNING - Dependency <Task(_PythonDecoratedOperator): print_the_context>, log_sql_query already registered for DAG: example_python_operator
[2023-03-24T02:36:21.823+0000] {logging_mixin.py:137} INFO - [2023-03-24T02:36:21.823+0000] {taskmixin.py:211} WARNING - Dependency <Task(_PythonDecoratedOperator): log_sql_query>, print_the_context already registered for DAG: example_python_operator
[2023-03-24T02:36:21.824+0000] {logging_mixin.py:137} INFO - [2023-03-24T02:36:21.824+0000] {taskmixin.py:211} WARNING - Dependency <Task(_PythonDecoratedOperator): print_the_context>, log_sql_query already registered for DAG: example_python_operator
[2023-03-24T02:36:21.824+0000] {logging_mixin.py:137} INFO - [2023-03-24T02:36:21.824+0000] {taskmixin.py:211} WARNING - Dependency <Task(_PythonDecoratedOperator): log_sql_query>, print_the_context already registered for DAG: example_python_operator
[2023-03-24T02:36:21.830+0000] {processor.py:753} INFO - DAG(s) dict_keys(['example_python_operator']) retrieved from /home/airflow/.local/lib/python3.7/site-packages/airflow/example_dags/example_python_operator.py
[2023-03-24T02:36:21.853+0000] {logging_mixin.py:137} INFO - [2023-03-24T02:36:21.853+0000] {dag.py:2693} INFO - Sync 1 DAGs
[2023-03-24T02:36:21.874+0000] {logging_mixin.py:137} INFO - [2023-03-24T02:36:21.874+0000] {dag.py:3444} INFO - Setting next_dagrun for example_python_operator to None, run_after=None
[2023-03-24T02:36:21.891+0000] {processor.py:175} INFO - Processing /home/airflow/.local/lib/python3.7/site-packages/airflow/example_dags/example_python_operator.py took 0.086 seconds
[2023-03-24T02:36:52.469+0000] {processor.py:153} INFO - Started process (PID=421) to work on /home/airflow/.local/lib/python3.7/site-packages/airflow/example_dags/example_python_operator.py
[2023-03-24T02:36:52.470+0000] {processor.py:743} INFO - Processing file /home/airflow/.local/lib/python3.7/site-packages/airflow/example_dags/example_python_operator.py for tasks to queue
[2023-03-24T02:36:52.470+0000] {logging_mixin.py:137} INFO - [2023-03-24T02:36:52.470+0000] {dagbag.py:532} INFO - Filling up the DagBag from /home/airflow/.local/lib/python3.7/site-packages/airflow/example_dags/example_python_operator.py
[2023-03-24T02:36:52.500+0000] {logging_mixin.py:137} INFO - [2023-03-24T02:36:52.499+0000] {taskmixin.py:211} WARNING - Dependency <Task(_PythonDecoratedOperator): print_the_context>, log_sql_query already registered for DAG: example_python_operator
[2023-03-24T02:36:52.500+0000] {logging_mixin.py:137} INFO - [2023-03-24T02:36:52.500+0000] {taskmixin.py:211} WARNING - Dependency <Task(_PythonDecoratedOperator): log_sql_query>, print_the_context already registered for DAG: example_python_operator
[2023-03-24T02:36:52.501+0000] {logging_mixin.py:137} INFO - [2023-03-24T02:36:52.501+0000] {taskmixin.py:211} WARNING - Dependency <Task(_PythonDecoratedOperator): print_the_context>, log_sql_query already registered for DAG: example_python_operator
[2023-03-24T02:36:52.501+0000] {logging_mixin.py:137} INFO - [2023-03-24T02:36:52.501+0000] {taskmixin.py:211} WARNING - Dependency <Task(_PythonDecoratedOperator): log_sql_query>, print_the_context already registered for DAG: example_python_operator
[2023-03-24T02:36:52.502+0000] {logging_mixin.py:137} INFO - [2023-03-24T02:36:52.502+0000] {taskmixin.py:211} WARNING - Dependency <Task(_PythonDecoratedOperator): print_the_context>, log_sql_query already registered for DAG: example_python_operator
[2023-03-24T02:36:52.503+0000] {logging_mixin.py:137} INFO - [2023-03-24T02:36:52.503+0000] {taskmixin.py:211} WARNING - Dependency <Task(_PythonDecoratedOperator): log_sql_query>, print_the_context already registered for DAG: example_python_operator
[2023-03-24T02:36:52.504+0000] {logging_mixin.py:137} INFO - [2023-03-24T02:36:52.504+0000] {taskmixin.py:211} WARNING - Dependency <Task(_PythonDecoratedOperator): print_the_context>, log_sql_query already registered for DAG: example_python_operator
[2023-03-24T02:36:52.504+0000] {logging_mixin.py:137} INFO - [2023-03-24T02:36:52.504+0000] {taskmixin.py:211} WARNING - Dependency <Task(_PythonDecoratedOperator): log_sql_query>, print_the_context already registered for DAG: example_python_operator
[2023-03-24T02:36:52.513+0000] {processor.py:753} INFO - DAG(s) dict_keys(['example_python_operator']) retrieved from /home/airflow/.local/lib/python3.7/site-packages/airflow/example_dags/example_python_operator.py
[2023-03-24T02:36:52.535+0000] {logging_mixin.py:137} INFO - [2023-03-24T02:36:52.535+0000] {dag.py:2693} INFO - Sync 1 DAGs
[2023-03-24T02:36:52.560+0000] {logging_mixin.py:137} INFO - [2023-03-24T02:36:52.559+0000] {dag.py:3444} INFO - Setting next_dagrun for example_python_operator to None, run_after=None
[2023-03-24T02:36:52.579+0000] {processor.py:175} INFO - Processing /home/airflow/.local/lib/python3.7/site-packages/airflow/example_dags/example_python_operator.py took 0.115 seconds
[2023-03-24T02:37:22.982+0000] {processor.py:153} INFO - Started process (PID=470) to work on /home/airflow/.local/lib/python3.7/site-packages/airflow/example_dags/example_python_operator.py
[2023-03-24T02:37:22.983+0000] {processor.py:743} INFO - Processing file /home/airflow/.local/lib/python3.7/site-packages/airflow/example_dags/example_python_operator.py for tasks to queue
[2023-03-24T02:37:22.983+0000] {logging_mixin.py:137} INFO - [2023-03-24T02:37:22.983+0000] {dagbag.py:532} INFO - Filling up the DagBag from /home/airflow/.local/lib/python3.7/site-packages/airflow/example_dags/example_python_operator.py
[2023-03-24T02:37:22.996+0000] {logging_mixin.py:137} INFO - [2023-03-24T02:37:22.996+0000] {taskmixin.py:211} WARNING - Dependency <Task(_PythonDecoratedOperator): print_the_context>, log_sql_query already registered for DAG: example_python_operator
[2023-03-24T02:37:22.996+0000] {logging_mixin.py:137} INFO - [2023-03-24T02:37:22.996+0000] {taskmixin.py:211} WARNING - Dependency <Task(_PythonDecoratedOperator): log_sql_query>, print_the_context already registered for DAG: example_python_operator
[2023-03-24T02:37:22.997+0000] {logging_mixin.py:137} INFO - [2023-03-24T02:37:22.997+0000] {taskmixin.py:211} WARNING - Dependency <Task(_PythonDecoratedOperator): print_the_context>, log_sql_query already registered for DAG: example_python_operator
[2023-03-24T02:37:22.997+0000] {logging_mixin.py:137} INFO - [2023-03-24T02:37:22.997+0000] {taskmixin.py:211} WARNING - Dependency <Task(_PythonDecoratedOperator): log_sql_query>, print_the_context already registered for DAG: example_python_operator
[2023-03-24T02:37:22.997+0000] {logging_mixin.py:137} INFO - [2023-03-24T02:37:22.997+0000] {taskmixin.py:211} WARNING - Dependency <Task(_PythonDecoratedOperator): print_the_context>, log_sql_query already registered for DAG: example_python_operator
[2023-03-24T02:37:22.997+0000] {logging_mixin.py:137} INFO - [2023-03-24T02:37:22.997+0000] {taskmixin.py:211} WARNING - Dependency <Task(_PythonDecoratedOperator): log_sql_query>, print_the_context already registered for DAG: example_python_operator
[2023-03-24T02:37:22.998+0000] {logging_mixin.py:137} INFO - [2023-03-24T02:37:22.998+0000] {taskmixin.py:211} WARNING - Dependency <Task(_PythonDecoratedOperator): print_the_context>, log_sql_query already registered for DAG: example_python_operator
[2023-03-24T02:37:22.998+0000] {logging_mixin.py:137} INFO - [2023-03-24T02:37:22.998+0000] {taskmixin.py:211} WARNING - Dependency <Task(_PythonDecoratedOperator): log_sql_query>, print_the_context already registered for DAG: example_python_operator
[2023-03-24T02:37:23.003+0000] {processor.py:753} INFO - DAG(s) dict_keys(['example_python_operator']) retrieved from /home/airflow/.local/lib/python3.7/site-packages/airflow/example_dags/example_python_operator.py
[2023-03-24T02:37:23.027+0000] {logging_mixin.py:137} INFO - [2023-03-24T02:37:23.027+0000] {dag.py:2693} INFO - Sync 1 DAGs
[2023-03-24T02:37:23.050+0000] {logging_mixin.py:137} INFO - [2023-03-24T02:37:23.050+0000] {dag.py:3444} INFO - Setting next_dagrun for example_python_operator to None, run_after=None
[2023-03-24T02:37:23.069+0000] {processor.py:175} INFO - Processing /home/airflow/.local/lib/python3.7/site-packages/airflow/example_dags/example_python_operator.py took 0.089 seconds
[2023-03-24T02:37:53.682+0000] {processor.py:153} INFO - Started process (PID=519) to work on /home/airflow/.local/lib/python3.7/site-packages/airflow/example_dags/example_python_operator.py
[2023-03-24T02:37:53.682+0000] {processor.py:743} INFO - Processing file /home/airflow/.local/lib/python3.7/site-packages/airflow/example_dags/example_python_operator.py for tasks to queue
[2023-03-24T02:37:53.683+0000] {logging_mixin.py:137} INFO - [2023-03-24T02:37:53.683+0000] {dagbag.py:532} INFO - Filling up the DagBag from /home/airflow/.local/lib/python3.7/site-packages/airflow/example_dags/example_python_operator.py
[2023-03-24T02:37:53.695+0000] {logging_mixin.py:137} INFO - [2023-03-24T02:37:53.695+0000] {taskmixin.py:211} WARNING - Dependency <Task(_PythonDecoratedOperator): print_the_context>, log_sql_query already registered for DAG: example_python_operator
[2023-03-24T02:37:53.695+0000] {logging_mixin.py:137} INFO - [2023-03-24T02:37:53.695+0000] {taskmixin.py:211} WARNING - Dependency <Task(_PythonDecoratedOperator): log_sql_query>, print_the_context already registered for DAG: example_python_operator
[2023-03-24T02:37:53.696+0000] {logging_mixin.py:137} INFO - [2023-03-24T02:37:53.696+0000] {taskmixin.py:211} WARNING - Dependency <Task(_PythonDecoratedOperator): print_the_context>, log_sql_query already registered for DAG: example_python_operator
[2023-03-24T02:37:53.696+0000] {logging_mixin.py:137} INFO - [2023-03-24T02:37:53.696+0000] {taskmixin.py:211} WARNING - Dependency <Task(_PythonDecoratedOperator): log_sql_query>, print_the_context already registered for DAG: example_python_operator
[2023-03-24T02:37:53.696+0000] {logging_mixin.py:137} INFO - [2023-03-24T02:37:53.696+0000] {taskmixin.py:211} WARNING - Dependency <Task(_PythonDecoratedOperator): print_the_context>, log_sql_query already registered for DAG: example_python_operator
[2023-03-24T02:37:53.696+0000] {logging_mixin.py:137} INFO - [2023-03-24T02:37:53.696+0000] {taskmixin.py:211} WARNING - Dependency <Task(_PythonDecoratedOperator): log_sql_query>, print_the_context already registered for DAG: example_python_operator
[2023-03-24T02:37:53.697+0000] {logging_mixin.py:137} INFO - [2023-03-24T02:37:53.697+0000] {taskmixin.py:211} WARNING - Dependency <Task(_PythonDecoratedOperator): print_the_context>, log_sql_query already registered for DAG: example_python_operator
[2023-03-24T02:37:53.697+0000] {logging_mixin.py:137} INFO - [2023-03-24T02:37:53.697+0000] {taskmixin.py:211} WARNING - Dependency <Task(_PythonDecoratedOperator): log_sql_query>, print_the_context already registered for DAG: example_python_operator
[2023-03-24T02:37:53.702+0000] {processor.py:753} INFO - DAG(s) dict_keys(['example_python_operator']) retrieved from /home/airflow/.local/lib/python3.7/site-packages/airflow/example_dags/example_python_operator.py
[2023-03-24T02:37:53.725+0000] {logging_mixin.py:137} INFO - [2023-03-24T02:37:53.725+0000] {dag.py:2693} INFO - Sync 1 DAGs
[2023-03-24T02:37:53.747+0000] {logging_mixin.py:137} INFO - [2023-03-24T02:37:53.747+0000] {dag.py:3444} INFO - Setting next_dagrun for example_python_operator to None, run_after=None
[2023-03-24T02:37:53.763+0000] {processor.py:175} INFO - Processing /home/airflow/.local/lib/python3.7/site-packages/airflow/example_dags/example_python_operator.py took 0.084 seconds
[2023-03-24T02:38:24.469+0000] {processor.py:153} INFO - Started process (PID=568) to work on /home/airflow/.local/lib/python3.7/site-packages/airflow/example_dags/example_python_operator.py
[2023-03-24T02:38:24.470+0000] {processor.py:743} INFO - Processing file /home/airflow/.local/lib/python3.7/site-packages/airflow/example_dags/example_python_operator.py for tasks to queue
[2023-03-24T02:38:24.470+0000] {logging_mixin.py:137} INFO - [2023-03-24T02:38:24.470+0000] {dagbag.py:532} INFO - Filling up the DagBag from /home/airflow/.local/lib/python3.7/site-packages/airflow/example_dags/example_python_operator.py
[2023-03-24T02:38:24.483+0000] {logging_mixin.py:137} INFO - [2023-03-24T02:38:24.483+0000] {taskmixin.py:211} WARNING - Dependency <Task(_PythonDecoratedOperator): print_the_context>, log_sql_query already registered for DAG: example_python_operator
[2023-03-24T02:38:24.484+0000] {logging_mixin.py:137} INFO - [2023-03-24T02:38:24.484+0000] {taskmixin.py:211} WARNING - Dependency <Task(_PythonDecoratedOperator): log_sql_query>, print_the_context already registered for DAG: example_python_operator
[2023-03-24T02:38:24.484+0000] {logging_mixin.py:137} INFO - [2023-03-24T02:38:24.484+0000] {taskmixin.py:211} WARNING - Dependency <Task(_PythonDecoratedOperator): print_the_context>, log_sql_query already registered for DAG: example_python_operator
[2023-03-24T02:38:24.484+0000] {logging_mixin.py:137} INFO - [2023-03-24T02:38:24.484+0000] {taskmixin.py:211} WARNING - Dependency <Task(_PythonDecoratedOperator): log_sql_query>, print_the_context already registered for DAG: example_python_operator
[2023-03-24T02:38:24.485+0000] {logging_mixin.py:137} INFO - [2023-03-24T02:38:24.485+0000] {taskmixin.py:211} WARNING - Dependency <Task(_PythonDecoratedOperator): print_the_context>, log_sql_query already registered for DAG: example_python_operator
[2023-03-24T02:38:24.485+0000] {logging_mixin.py:137} INFO - [2023-03-24T02:38:24.485+0000] {taskmixin.py:211} WARNING - Dependency <Task(_PythonDecoratedOperator): log_sql_query>, print_the_context already registered for DAG: example_python_operator
[2023-03-24T02:38:24.485+0000] {logging_mixin.py:137} INFO - [2023-03-24T02:38:24.485+0000] {taskmixin.py:211} WARNING - Dependency <Task(_PythonDecoratedOperator): print_the_context>, log_sql_query already registered for DAG: example_python_operator
[2023-03-24T02:38:24.485+0000] {logging_mixin.py:137} INFO - [2023-03-24T02:38:24.485+0000] {taskmixin.py:211} WARNING - Dependency <Task(_PythonDecoratedOperator): log_sql_query>, print_the_context already registered for DAG: example_python_operator
[2023-03-24T02:38:24.491+0000] {processor.py:753} INFO - DAG(s) dict_keys(['example_python_operator']) retrieved from /home/airflow/.local/lib/python3.7/site-packages/airflow/example_dags/example_python_operator.py
[2023-03-24T02:38:24.530+0000] {logging_mixin.py:137} INFO - [2023-03-24T02:38:24.530+0000] {dag.py:2693} INFO - Sync 1 DAGs
[2023-03-24T02:38:24.552+0000] {logging_mixin.py:137} INFO - [2023-03-24T02:38:24.552+0000] {dag.py:3444} INFO - Setting next_dagrun for example_python_operator to None, run_after=None
[2023-03-24T02:38:24.569+0000] {processor.py:175} INFO - Processing /home/airflow/.local/lib/python3.7/site-packages/airflow/example_dags/example_python_operator.py took 0.102 seconds
