[2023-03-24T02:33:16.441+0000] {processor.py:153} INFO - Started process (PID=65) to work on /home/airflow/.local/lib/python3.7/site-packages/airflow/example_dags/example_external_task_marker_dag.py
[2023-03-24T02:33:16.442+0000] {processor.py:743} INFO - Processing file /home/airflow/.local/lib/python3.7/site-packages/airflow/example_dags/example_external_task_marker_dag.py for tasks to queue
[2023-03-24T02:33:16.443+0000] {logging_mixin.py:137} INFO - [2023-03-24T02:33:16.443+0000] {dagbag.py:532} INFO - Filling up the DagBag from /home/airflow/.local/lib/python3.7/site-packages/airflow/example_dags/example_external_task_marker_dag.py
[2023-03-24T02:33:16.476+0000] {processor.py:753} INFO - DAG(s) dict_keys(['example_external_task_marker_child', 'example_external_task_marker_parent']) retrieved from /home/airflow/.local/lib/python3.7/site-packages/airflow/example_dags/example_external_task_marker_dag.py
[2023-03-24T02:33:16.493+0000] {logging_mixin.py:137} INFO - [2023-03-24T02:33:16.493+0000] {dag.py:2693} INFO - Sync 2 DAGs
[2023-03-24T02:33:16.519+0000] {logging_mixin.py:137} INFO - [2023-03-24T02:33:16.519+0000] {dag.py:3444} INFO - Setting next_dagrun for example_external_task_marker_child to None, run_after=None
[2023-03-24T02:33:16.523+0000] {logging_mixin.py:137} INFO - [2023-03-24T02:33:16.522+0000] {dag.py:3444} INFO - Setting next_dagrun for example_external_task_marker_parent to None, run_after=None
[2023-03-24T02:33:16.553+0000] {processor.py:175} INFO - Processing /home/airflow/.local/lib/python3.7/site-packages/airflow/example_dags/example_external_task_marker_dag.py took 0.116 seconds
[2023-03-24T02:33:47.042+0000] {processor.py:153} INFO - Started process (PID=114) to work on /home/airflow/.local/lib/python3.7/site-packages/airflow/example_dags/example_external_task_marker_dag.py
[2023-03-24T02:33:47.042+0000] {processor.py:743} INFO - Processing file /home/airflow/.local/lib/python3.7/site-packages/airflow/example_dags/example_external_task_marker_dag.py for tasks to queue
[2023-03-24T02:33:47.043+0000] {logging_mixin.py:137} INFO - [2023-03-24T02:33:47.042+0000] {dagbag.py:532} INFO - Filling up the DagBag from /home/airflow/.local/lib/python3.7/site-packages/airflow/example_dags/example_external_task_marker_dag.py
[2023-03-24T02:33:47.052+0000] {processor.py:753} INFO - DAG(s) dict_keys(['example_external_task_marker_child', 'example_external_task_marker_parent']) retrieved from /home/airflow/.local/lib/python3.7/site-packages/airflow/example_dags/example_external_task_marker_dag.py
[2023-03-24T02:33:47.106+0000] {logging_mixin.py:137} INFO - [2023-03-24T02:33:47.106+0000] {dag.py:2693} INFO - Sync 2 DAGs
[2023-03-24T02:33:47.129+0000] {logging_mixin.py:137} INFO - [2023-03-24T02:33:47.129+0000] {dag.py:3444} INFO - Setting next_dagrun for example_external_task_marker_child to None, run_after=None
[2023-03-24T02:33:47.132+0000] {logging_mixin.py:137} INFO - [2023-03-24T02:33:47.132+0000] {dag.py:3444} INFO - Setting next_dagrun for example_external_task_marker_parent to None, run_after=None
[2023-03-24T02:33:47.147+0000] {processor.py:175} INFO - Processing /home/airflow/.local/lib/python3.7/site-packages/airflow/example_dags/example_external_task_marker_dag.py took 0.108 seconds
[2023-03-24T02:34:17.699+0000] {processor.py:153} INFO - Started process (PID=163) to work on /home/airflow/.local/lib/python3.7/site-packages/airflow/example_dags/example_external_task_marker_dag.py
[2023-03-24T02:34:17.700+0000] {processor.py:743} INFO - Processing file /home/airflow/.local/lib/python3.7/site-packages/airflow/example_dags/example_external_task_marker_dag.py for tasks to queue
[2023-03-24T02:34:17.700+0000] {logging_mixin.py:137} INFO - [2023-03-24T02:34:17.700+0000] {dagbag.py:532} INFO - Filling up the DagBag from /home/airflow/.local/lib/python3.7/site-packages/airflow/example_dags/example_external_task_marker_dag.py
[2023-03-24T02:34:17.709+0000] {processor.py:753} INFO - DAG(s) dict_keys(['example_external_task_marker_parent', 'example_external_task_marker_child']) retrieved from /home/airflow/.local/lib/python3.7/site-packages/airflow/example_dags/example_external_task_marker_dag.py
[2023-03-24T02:34:17.735+0000] {logging_mixin.py:137} INFO - [2023-03-24T02:34:17.735+0000] {dag.py:2693} INFO - Sync 2 DAGs
[2023-03-24T02:34:17.769+0000] {logging_mixin.py:137} INFO - [2023-03-24T02:34:17.769+0000] {dag.py:3444} INFO - Setting next_dagrun for example_external_task_marker_child to None, run_after=None
[2023-03-24T02:34:17.772+0000] {logging_mixin.py:137} INFO - [2023-03-24T02:34:17.772+0000] {dag.py:3444} INFO - Setting next_dagrun for example_external_task_marker_parent to None, run_after=None
[2023-03-24T02:34:17.787+0000] {processor.py:175} INFO - Processing /home/airflow/.local/lib/python3.7/site-packages/airflow/example_dags/example_external_task_marker_dag.py took 0.090 seconds
[2023-03-24T02:34:48.355+0000] {processor.py:153} INFO - Started process (PID=213) to work on /home/airflow/.local/lib/python3.7/site-packages/airflow/example_dags/example_external_task_marker_dag.py
[2023-03-24T02:34:48.355+0000] {processor.py:743} INFO - Processing file /home/airflow/.local/lib/python3.7/site-packages/airflow/example_dags/example_external_task_marker_dag.py for tasks to queue
[2023-03-24T02:34:48.356+0000] {logging_mixin.py:137} INFO - [2023-03-24T02:34:48.355+0000] {dagbag.py:532} INFO - Filling up the DagBag from /home/airflow/.local/lib/python3.7/site-packages/airflow/example_dags/example_external_task_marker_dag.py
[2023-03-24T02:34:48.366+0000] {processor.py:753} INFO - DAG(s) dict_keys(['example_external_task_marker_parent', 'example_external_task_marker_child']) retrieved from /home/airflow/.local/lib/python3.7/site-packages/airflow/example_dags/example_external_task_marker_dag.py
[2023-03-24T02:34:48.394+0000] {logging_mixin.py:137} INFO - [2023-03-24T02:34:48.393+0000] {dag.py:2693} INFO - Sync 2 DAGs
[2023-03-24T02:34:48.425+0000] {logging_mixin.py:137} INFO - [2023-03-24T02:34:48.424+0000] {dag.py:3444} INFO - Setting next_dagrun for example_external_task_marker_child to None, run_after=None
[2023-03-24T02:34:48.430+0000] {logging_mixin.py:137} INFO - [2023-03-24T02:34:48.430+0000] {dag.py:3444} INFO - Setting next_dagrun for example_external_task_marker_parent to None, run_after=None
[2023-03-24T02:34:48.453+0000] {processor.py:175} INFO - Processing /home/airflow/.local/lib/python3.7/site-packages/airflow/example_dags/example_external_task_marker_dag.py took 0.101 seconds
[2023-03-24T02:35:19.168+0000] {processor.py:153} INFO - Started process (PID=262) to work on /home/airflow/.local/lib/python3.7/site-packages/airflow/example_dags/example_external_task_marker_dag.py
[2023-03-24T02:35:19.169+0000] {processor.py:743} INFO - Processing file /home/airflow/.local/lib/python3.7/site-packages/airflow/example_dags/example_external_task_marker_dag.py for tasks to queue
[2023-03-24T02:35:19.169+0000] {logging_mixin.py:137} INFO - [2023-03-24T02:35:19.169+0000] {dagbag.py:532} INFO - Filling up the DagBag from /home/airflow/.local/lib/python3.7/site-packages/airflow/example_dags/example_external_task_marker_dag.py
[2023-03-24T02:35:19.178+0000] {processor.py:753} INFO - DAG(s) dict_keys(['example_external_task_marker_parent', 'example_external_task_marker_child']) retrieved from /home/airflow/.local/lib/python3.7/site-packages/airflow/example_dags/example_external_task_marker_dag.py
[2023-03-24T02:35:19.218+0000] {logging_mixin.py:137} INFO - [2023-03-24T02:35:19.217+0000] {dag.py:2693} INFO - Sync 2 DAGs
[2023-03-24T02:35:19.245+0000] {logging_mixin.py:137} INFO - [2023-03-24T02:35:19.245+0000] {dag.py:3444} INFO - Setting next_dagrun for example_external_task_marker_child to None, run_after=None
[2023-03-24T02:35:19.249+0000] {logging_mixin.py:137} INFO - [2023-03-24T02:35:19.249+0000] {dag.py:3444} INFO - Setting next_dagrun for example_external_task_marker_parent to None, run_after=None
[2023-03-24T02:35:19.268+0000] {processor.py:175} INFO - Processing /home/airflow/.local/lib/python3.7/site-packages/airflow/example_dags/example_external_task_marker_dag.py took 0.102 seconds
[2023-03-24T02:35:50.268+0000] {processor.py:153} INFO - Started process (PID=311) to work on /home/airflow/.local/lib/python3.7/site-packages/airflow/example_dags/example_external_task_marker_dag.py
[2023-03-24T02:35:50.269+0000] {processor.py:743} INFO - Processing file /home/airflow/.local/lib/python3.7/site-packages/airflow/example_dags/example_external_task_marker_dag.py for tasks to queue
[2023-03-24T02:35:50.270+0000] {logging_mixin.py:137} INFO - [2023-03-24T02:35:50.270+0000] {dagbag.py:532} INFO - Filling up the DagBag from /home/airflow/.local/lib/python3.7/site-packages/airflow/example_dags/example_external_task_marker_dag.py
[2023-03-24T02:35:50.289+0000] {processor.py:753} INFO - DAG(s) dict_keys(['example_external_task_marker_parent', 'example_external_task_marker_child']) retrieved from /home/airflow/.local/lib/python3.7/site-packages/airflow/example_dags/example_external_task_marker_dag.py
[2023-03-24T02:35:50.327+0000] {logging_mixin.py:137} INFO - [2023-03-24T02:35:50.327+0000] {dag.py:2693} INFO - Sync 2 DAGs
[2023-03-24T02:35:50.351+0000] {logging_mixin.py:137} INFO - [2023-03-24T02:35:50.351+0000] {dag.py:3444} INFO - Setting next_dagrun for example_external_task_marker_child to None, run_after=None
[2023-03-24T02:35:50.354+0000] {logging_mixin.py:137} INFO - [2023-03-24T02:35:50.354+0000] {dag.py:3444} INFO - Setting next_dagrun for example_external_task_marker_parent to None, run_after=None
[2023-03-24T02:35:50.368+0000] {processor.py:175} INFO - Processing /home/airflow/.local/lib/python3.7/site-packages/airflow/example_dags/example_external_task_marker_dag.py took 0.104 seconds
[2023-03-24T02:36:21.153+0000] {processor.py:153} INFO - Started process (PID=360) to work on /home/airflow/.local/lib/python3.7/site-packages/airflow/example_dags/example_external_task_marker_dag.py
[2023-03-24T02:36:21.154+0000] {processor.py:743} INFO - Processing file /home/airflow/.local/lib/python3.7/site-packages/airflow/example_dags/example_external_task_marker_dag.py for tasks to queue
[2023-03-24T02:36:21.154+0000] {logging_mixin.py:137} INFO - [2023-03-24T02:36:21.154+0000] {dagbag.py:532} INFO - Filling up the DagBag from /home/airflow/.local/lib/python3.7/site-packages/airflow/example_dags/example_external_task_marker_dag.py
[2023-03-24T02:36:21.164+0000] {processor.py:753} INFO - DAG(s) dict_keys(['example_external_task_marker_parent', 'example_external_task_marker_child']) retrieved from /home/airflow/.local/lib/python3.7/site-packages/airflow/example_dags/example_external_task_marker_dag.py
[2023-03-24T02:36:21.186+0000] {logging_mixin.py:137} INFO - [2023-03-24T02:36:21.186+0000] {dag.py:2693} INFO - Sync 2 DAGs
[2023-03-24T02:36:21.206+0000] {logging_mixin.py:137} INFO - [2023-03-24T02:36:21.206+0000] {dag.py:3444} INFO - Setting next_dagrun for example_external_task_marker_child to None, run_after=None
[2023-03-24T02:36:21.209+0000] {logging_mixin.py:137} INFO - [2023-03-24T02:36:21.209+0000] {dag.py:3444} INFO - Setting next_dagrun for example_external_task_marker_parent to None, run_after=None
[2023-03-24T02:36:21.224+0000] {processor.py:175} INFO - Processing /home/airflow/.local/lib/python3.7/site-packages/airflow/example_dags/example_external_task_marker_dag.py took 0.073 seconds
[2023-03-24T02:36:51.778+0000] {processor.py:153} INFO - Started process (PID=409) to work on /home/airflow/.local/lib/python3.7/site-packages/airflow/example_dags/example_external_task_marker_dag.py
[2023-03-24T02:36:51.779+0000] {processor.py:743} INFO - Processing file /home/airflow/.local/lib/python3.7/site-packages/airflow/example_dags/example_external_task_marker_dag.py for tasks to queue
[2023-03-24T02:36:51.780+0000] {logging_mixin.py:137} INFO - [2023-03-24T02:36:51.780+0000] {dagbag.py:532} INFO - Filling up the DagBag from /home/airflow/.local/lib/python3.7/site-packages/airflow/example_dags/example_external_task_marker_dag.py
[2023-03-24T02:36:51.802+0000] {processor.py:753} INFO - DAG(s) dict_keys(['example_external_task_marker_parent', 'example_external_task_marker_child']) retrieved from /home/airflow/.local/lib/python3.7/site-packages/airflow/example_dags/example_external_task_marker_dag.py
[2023-03-24T02:36:51.828+0000] {logging_mixin.py:137} INFO - [2023-03-24T02:36:51.828+0000] {dag.py:2693} INFO - Sync 2 DAGs
[2023-03-24T02:36:51.852+0000] {logging_mixin.py:137} INFO - [2023-03-24T02:36:51.852+0000] {dag.py:3444} INFO - Setting next_dagrun for example_external_task_marker_child to None, run_after=None
[2023-03-24T02:36:51.856+0000] {logging_mixin.py:137} INFO - [2023-03-24T02:36:51.855+0000] {dag.py:3444} INFO - Setting next_dagrun for example_external_task_marker_parent to None, run_after=None
[2023-03-24T02:36:51.873+0000] {processor.py:175} INFO - Processing /home/airflow/.local/lib/python3.7/site-packages/airflow/example_dags/example_external_task_marker_dag.py took 0.100 seconds
[2023-03-24T02:37:22.304+0000] {processor.py:153} INFO - Started process (PID=458) to work on /home/airflow/.local/lib/python3.7/site-packages/airflow/example_dags/example_external_task_marker_dag.py
[2023-03-24T02:37:22.305+0000] {processor.py:743} INFO - Processing file /home/airflow/.local/lib/python3.7/site-packages/airflow/example_dags/example_external_task_marker_dag.py for tasks to queue
[2023-03-24T02:37:22.305+0000] {logging_mixin.py:137} INFO - [2023-03-24T02:37:22.305+0000] {dagbag.py:532} INFO - Filling up the DagBag from /home/airflow/.local/lib/python3.7/site-packages/airflow/example_dags/example_external_task_marker_dag.py
[2023-03-24T02:37:22.316+0000] {processor.py:753} INFO - DAG(s) dict_keys(['example_external_task_marker_parent', 'example_external_task_marker_child']) retrieved from /home/airflow/.local/lib/python3.7/site-packages/airflow/example_dags/example_external_task_marker_dag.py
[2023-03-24T02:37:22.339+0000] {logging_mixin.py:137} INFO - [2023-03-24T02:37:22.338+0000] {dag.py:2693} INFO - Sync 2 DAGs
[2023-03-24T02:37:22.362+0000] {logging_mixin.py:137} INFO - [2023-03-24T02:37:22.362+0000] {dag.py:3444} INFO - Setting next_dagrun for example_external_task_marker_child to None, run_after=None
[2023-03-24T02:37:22.365+0000] {logging_mixin.py:137} INFO - [2023-03-24T02:37:22.365+0000] {dag.py:3444} INFO - Setting next_dagrun for example_external_task_marker_parent to None, run_after=None
[2023-03-24T02:37:22.379+0000] {processor.py:175} INFO - Processing /home/airflow/.local/lib/python3.7/site-packages/airflow/example_dags/example_external_task_marker_dag.py took 0.077 seconds
[2023-03-24T02:37:52.925+0000] {processor.py:153} INFO - Started process (PID=507) to work on /home/airflow/.local/lib/python3.7/site-packages/airflow/example_dags/example_external_task_marker_dag.py
[2023-03-24T02:37:52.925+0000] {processor.py:743} INFO - Processing file /home/airflow/.local/lib/python3.7/site-packages/airflow/example_dags/example_external_task_marker_dag.py for tasks to queue
[2023-03-24T02:37:52.926+0000] {logging_mixin.py:137} INFO - [2023-03-24T02:37:52.926+0000] {dagbag.py:532} INFO - Filling up the DagBag from /home/airflow/.local/lib/python3.7/site-packages/airflow/example_dags/example_external_task_marker_dag.py
[2023-03-24T02:37:52.936+0000] {processor.py:753} INFO - DAG(s) dict_keys(['example_external_task_marker_parent', 'example_external_task_marker_child']) retrieved from /home/airflow/.local/lib/python3.7/site-packages/airflow/example_dags/example_external_task_marker_dag.py
[2023-03-24T02:37:52.961+0000] {logging_mixin.py:137} INFO - [2023-03-24T02:37:52.960+0000] {dag.py:2693} INFO - Sync 2 DAGs
[2023-03-24T02:37:52.986+0000] {logging_mixin.py:137} INFO - [2023-03-24T02:37:52.986+0000] {dag.py:3444} INFO - Setting next_dagrun for example_external_task_marker_child to None, run_after=None
[2023-03-24T02:37:52.989+0000] {logging_mixin.py:137} INFO - [2023-03-24T02:37:52.989+0000] {dag.py:3444} INFO - Setting next_dagrun for example_external_task_marker_parent to None, run_after=None
[2023-03-24T02:37:53.008+0000] {processor.py:175} INFO - Processing /home/airflow/.local/lib/python3.7/site-packages/airflow/example_dags/example_external_task_marker_dag.py took 0.086 seconds
[2023-03-24T02:38:23.708+0000] {processor.py:153} INFO - Started process (PID=556) to work on /home/airflow/.local/lib/python3.7/site-packages/airflow/example_dags/example_external_task_marker_dag.py
[2023-03-24T02:38:23.708+0000] {processor.py:743} INFO - Processing file /home/airflow/.local/lib/python3.7/site-packages/airflow/example_dags/example_external_task_marker_dag.py for tasks to queue
[2023-03-24T02:38:23.709+0000] {logging_mixin.py:137} INFO - [2023-03-24T02:38:23.709+0000] {dagbag.py:532} INFO - Filling up the DagBag from /home/airflow/.local/lib/python3.7/site-packages/airflow/example_dags/example_external_task_marker_dag.py
[2023-03-24T02:38:23.719+0000] {processor.py:753} INFO - DAG(s) dict_keys(['example_external_task_marker_parent', 'example_external_task_marker_child']) retrieved from /home/airflow/.local/lib/python3.7/site-packages/airflow/example_dags/example_external_task_marker_dag.py
[2023-03-24T02:38:23.744+0000] {logging_mixin.py:137} INFO - [2023-03-24T02:38:23.744+0000] {dag.py:2693} INFO - Sync 2 DAGs
[2023-03-24T02:38:23.769+0000] {logging_mixin.py:137} INFO - [2023-03-24T02:38:23.769+0000] {dag.py:3444} INFO - Setting next_dagrun for example_external_task_marker_child to None, run_after=None
[2023-03-24T02:38:23.773+0000] {logging_mixin.py:137} INFO - [2023-03-24T02:38:23.772+0000] {dag.py:3444} INFO - Setting next_dagrun for example_external_task_marker_parent to None, run_after=None
[2023-03-24T02:38:23.789+0000] {processor.py:175} INFO - Processing /home/airflow/.local/lib/python3.7/site-packages/airflow/example_dags/example_external_task_marker_dag.py took 0.083 seconds
