[2023-03-24T02:33:16.711+0000] {processor.py:153} INFO - Started process (PID=69) to work on /home/airflow/.local/lib/python3.7/site-packages/airflow/example_dags/example_bash_operator.py
[2023-03-24T02:33:16.712+0000] {processor.py:743} INFO - Processing file /home/airflow/.local/lib/python3.7/site-packages/airflow/example_dags/example_bash_operator.py for tasks to queue
[2023-03-24T02:33:16.713+0000] {logging_mixin.py:137} INFO - [2023-03-24T02:33:16.713+0000] {dagbag.py:532} INFO - Filling up the DagBag from /home/airflow/.local/lib/python3.7/site-packages/airflow/example_dags/example_bash_operator.py
[2023-03-24T02:33:16.737+0000] {processor.py:753} INFO - DAG(s) dict_keys(['example_bash_operator']) retrieved from /home/airflow/.local/lib/python3.7/site-packages/airflow/example_dags/example_bash_operator.py
[2023-03-24T02:33:16.752+0000] {logging_mixin.py:137} INFO - [2023-03-24T02:33:16.751+0000] {dag.py:2693} INFO - Sync 1 DAGs
[2023-03-24T02:33:16.796+0000] {logging_mixin.py:137} INFO - [2023-03-24T02:33:16.796+0000] {dag.py:3444} INFO - Setting next_dagrun for example_bash_operator to 2023-03-23T00:00:00+00:00, run_after=2023-03-24T00:00:00+00:00
[2023-03-24T02:33:16.816+0000] {processor.py:175} INFO - Processing /home/airflow/.local/lib/python3.7/site-packages/airflow/example_dags/example_bash_operator.py took 0.107 seconds
[2023-03-24T02:33:47.254+0000] {processor.py:153} INFO - Started process (PID=118) to work on /home/airflow/.local/lib/python3.7/site-packages/airflow/example_dags/example_bash_operator.py
[2023-03-24T02:33:47.255+0000] {processor.py:743} INFO - Processing file /home/airflow/.local/lib/python3.7/site-packages/airflow/example_dags/example_bash_operator.py for tasks to queue
[2023-03-24T02:33:47.255+0000] {logging_mixin.py:137} INFO - [2023-03-24T02:33:47.255+0000] {dagbag.py:532} INFO - Filling up the DagBag from /home/airflow/.local/lib/python3.7/site-packages/airflow/example_dags/example_bash_operator.py
[2023-03-24T02:33:47.270+0000] {processor.py:753} INFO - DAG(s) dict_keys(['example_bash_operator']) retrieved from /home/airflow/.local/lib/python3.7/site-packages/airflow/example_dags/example_bash_operator.py
[2023-03-24T02:33:47.300+0000] {logging_mixin.py:137} INFO - [2023-03-24T02:33:47.300+0000] {dag.py:2693} INFO - Sync 1 DAGs
[2023-03-24T02:33:47.324+0000] {logging_mixin.py:137} INFO - [2023-03-24T02:33:47.324+0000] {dag.py:3444} INFO - Setting next_dagrun for example_bash_operator to 2023-03-23T00:00:00+00:00, run_after=2023-03-24T00:00:00+00:00
[2023-03-24T02:33:47.341+0000] {processor.py:175} INFO - Processing /home/airflow/.local/lib/python3.7/site-packages/airflow/example_dags/example_bash_operator.py took 0.089 seconds
[2023-03-24T02:34:17.915+0000] {processor.py:153} INFO - Started process (PID=167) to work on /home/airflow/.local/lib/python3.7/site-packages/airflow/example_dags/example_bash_operator.py
[2023-03-24T02:34:17.916+0000] {processor.py:743} INFO - Processing file /home/airflow/.local/lib/python3.7/site-packages/airflow/example_dags/example_bash_operator.py for tasks to queue
[2023-03-24T02:34:17.916+0000] {logging_mixin.py:137} INFO - [2023-03-24T02:34:17.916+0000] {dagbag.py:532} INFO - Filling up the DagBag from /home/airflow/.local/lib/python3.7/site-packages/airflow/example_dags/example_bash_operator.py
[2023-03-24T02:34:17.942+0000] {processor.py:753} INFO - DAG(s) dict_keys(['example_bash_operator']) retrieved from /home/airflow/.local/lib/python3.7/site-packages/airflow/example_dags/example_bash_operator.py
[2023-03-24T02:34:17.999+0000] {logging_mixin.py:137} INFO - [2023-03-24T02:34:17.999+0000] {dag.py:2693} INFO - Sync 1 DAGs
[2023-03-24T02:34:18.023+0000] {logging_mixin.py:137} INFO - [2023-03-24T02:34:18.023+0000] {dag.py:3444} INFO - Setting next_dagrun for example_bash_operator to 2023-03-23T00:00:00+00:00, run_after=2023-03-24T00:00:00+00:00
[2023-03-24T02:34:18.040+0000] {processor.py:175} INFO - Processing /home/airflow/.local/lib/python3.7/site-packages/airflow/example_dags/example_bash_operator.py took 0.127 seconds
[2023-03-24T02:34:48.616+0000] {processor.py:153} INFO - Started process (PID=217) to work on /home/airflow/.local/lib/python3.7/site-packages/airflow/example_dags/example_bash_operator.py
[2023-03-24T02:34:48.616+0000] {processor.py:743} INFO - Processing file /home/airflow/.local/lib/python3.7/site-packages/airflow/example_dags/example_bash_operator.py for tasks to queue
[2023-03-24T02:34:48.617+0000] {logging_mixin.py:137} INFO - [2023-03-24T02:34:48.617+0000] {dagbag.py:532} INFO - Filling up the DagBag from /home/airflow/.local/lib/python3.7/site-packages/airflow/example_dags/example_bash_operator.py
[2023-03-24T02:34:48.636+0000] {processor.py:753} INFO - DAG(s) dict_keys(['example_bash_operator']) retrieved from /home/airflow/.local/lib/python3.7/site-packages/airflow/example_dags/example_bash_operator.py
[2023-03-24T02:34:48.678+0000] {logging_mixin.py:137} INFO - [2023-03-24T02:34:48.678+0000] {dag.py:2693} INFO - Sync 1 DAGs
[2023-03-24T02:34:48.706+0000] {logging_mixin.py:137} INFO - [2023-03-24T02:34:48.706+0000] {dag.py:3444} INFO - Setting next_dagrun for example_bash_operator to 2023-03-23T00:00:00+00:00, run_after=2023-03-24T00:00:00+00:00
[2023-03-24T02:34:48.725+0000] {processor.py:175} INFO - Processing /home/airflow/.local/lib/python3.7/site-packages/airflow/example_dags/example_bash_operator.py took 0.112 seconds
[2023-03-24T02:35:19.511+0000] {processor.py:153} INFO - Started process (PID=266) to work on /home/airflow/.local/lib/python3.7/site-packages/airflow/example_dags/example_bash_operator.py
[2023-03-24T02:35:19.512+0000] {processor.py:743} INFO - Processing file /home/airflow/.local/lib/python3.7/site-packages/airflow/example_dags/example_bash_operator.py for tasks to queue
[2023-03-24T02:35:19.513+0000] {logging_mixin.py:137} INFO - [2023-03-24T02:35:19.513+0000] {dagbag.py:532} INFO - Filling up the DagBag from /home/airflow/.local/lib/python3.7/site-packages/airflow/example_dags/example_bash_operator.py
[2023-03-24T02:35:19.551+0000] {processor.py:753} INFO - DAG(s) dict_keys(['example_bash_operator']) retrieved from /home/airflow/.local/lib/python3.7/site-packages/airflow/example_dags/example_bash_operator.py
[2023-03-24T02:35:19.584+0000] {logging_mixin.py:137} INFO - [2023-03-24T02:35:19.584+0000] {dag.py:2693} INFO - Sync 1 DAGs
[2023-03-24T02:35:19.608+0000] {logging_mixin.py:137} INFO - [2023-03-24T02:35:19.608+0000] {dag.py:3444} INFO - Setting next_dagrun for example_bash_operator to 2023-03-23T00:00:00+00:00, run_after=2023-03-24T00:00:00+00:00
[2023-03-24T02:35:19.625+0000] {processor.py:175} INFO - Processing /home/airflow/.local/lib/python3.7/site-packages/airflow/example_dags/example_bash_operator.py took 0.119 seconds
[2023-03-24T02:35:50.504+0000] {processor.py:153} INFO - Started process (PID=315) to work on /home/airflow/.local/lib/python3.7/site-packages/airflow/example_dags/example_bash_operator.py
[2023-03-24T02:35:50.505+0000] {processor.py:743} INFO - Processing file /home/airflow/.local/lib/python3.7/site-packages/airflow/example_dags/example_bash_operator.py for tasks to queue
[2023-03-24T02:35:50.506+0000] {logging_mixin.py:137} INFO - [2023-03-24T02:35:50.506+0000] {dagbag.py:532} INFO - Filling up the DagBag from /home/airflow/.local/lib/python3.7/site-packages/airflow/example_dags/example_bash_operator.py
[2023-03-24T02:35:50.543+0000] {processor.py:753} INFO - DAG(s) dict_keys(['example_bash_operator']) retrieved from /home/airflow/.local/lib/python3.7/site-packages/airflow/example_dags/example_bash_operator.py
[2023-03-24T02:35:50.576+0000] {logging_mixin.py:137} INFO - [2023-03-24T02:35:50.576+0000] {dag.py:2693} INFO - Sync 1 DAGs
[2023-03-24T02:35:50.599+0000] {logging_mixin.py:137} INFO - [2023-03-24T02:35:50.599+0000] {dag.py:3444} INFO - Setting next_dagrun for example_bash_operator to 2023-03-23T00:00:00+00:00, run_after=2023-03-24T00:00:00+00:00
[2023-03-24T02:35:50.616+0000] {processor.py:175} INFO - Processing /home/airflow/.local/lib/python3.7/site-packages/airflow/example_dags/example_bash_operator.py took 0.117 seconds
[2023-03-24T02:36:21.343+0000] {processor.py:153} INFO - Started process (PID=364) to work on /home/airflow/.local/lib/python3.7/site-packages/airflow/example_dags/example_bash_operator.py
[2023-03-24T02:36:21.344+0000] {processor.py:743} INFO - Processing file /home/airflow/.local/lib/python3.7/site-packages/airflow/example_dags/example_bash_operator.py for tasks to queue
[2023-03-24T02:36:21.345+0000] {logging_mixin.py:137} INFO - [2023-03-24T02:36:21.345+0000] {dagbag.py:532} INFO - Filling up the DagBag from /home/airflow/.local/lib/python3.7/site-packages/airflow/example_dags/example_bash_operator.py
[2023-03-24T02:36:21.383+0000] {processor.py:753} INFO - DAG(s) dict_keys(['example_bash_operator']) retrieved from /home/airflow/.local/lib/python3.7/site-packages/airflow/example_dags/example_bash_operator.py
[2023-03-24T02:36:21.416+0000] {logging_mixin.py:137} INFO - [2023-03-24T02:36:21.416+0000] {dag.py:2693} INFO - Sync 1 DAGs
[2023-03-24T02:36:21.440+0000] {logging_mixin.py:137} INFO - [2023-03-24T02:36:21.439+0000] {dag.py:3444} INFO - Setting next_dagrun for example_bash_operator to 2023-03-23T00:00:00+00:00, run_after=2023-03-24T00:00:00+00:00
[2023-03-24T02:36:21.457+0000] {processor.py:175} INFO - Processing /home/airflow/.local/lib/python3.7/site-packages/airflow/example_dags/example_bash_operator.py took 0.119 seconds
[2023-03-24T02:36:52.014+0000] {processor.py:153} INFO - Started process (PID=413) to work on /home/airflow/.local/lib/python3.7/site-packages/airflow/example_dags/example_bash_operator.py
[2023-03-24T02:36:52.015+0000] {processor.py:743} INFO - Processing file /home/airflow/.local/lib/python3.7/site-packages/airflow/example_dags/example_bash_operator.py for tasks to queue
[2023-03-24T02:36:52.016+0000] {logging_mixin.py:137} INFO - [2023-03-24T02:36:52.016+0000] {dagbag.py:532} INFO - Filling up the DagBag from /home/airflow/.local/lib/python3.7/site-packages/airflow/example_dags/example_bash_operator.py
[2023-03-24T02:36:52.050+0000] {processor.py:753} INFO - DAG(s) dict_keys(['example_bash_operator']) retrieved from /home/airflow/.local/lib/python3.7/site-packages/airflow/example_dags/example_bash_operator.py
[2023-03-24T02:36:52.084+0000] {logging_mixin.py:137} INFO - [2023-03-24T02:36:52.084+0000] {dag.py:2693} INFO - Sync 1 DAGs
[2023-03-24T02:36:52.109+0000] {logging_mixin.py:137} INFO - [2023-03-24T02:36:52.109+0000] {dag.py:3444} INFO - Setting next_dagrun for example_bash_operator to 2023-03-23T00:00:00+00:00, run_after=2023-03-24T00:00:00+00:00
[2023-03-24T02:36:52.127+0000] {processor.py:175} INFO - Processing /home/airflow/.local/lib/python3.7/site-packages/airflow/example_dags/example_bash_operator.py took 0.117 seconds
[2023-03-24T02:37:22.547+0000] {processor.py:153} INFO - Started process (PID=462) to work on /home/airflow/.local/lib/python3.7/site-packages/airflow/example_dags/example_bash_operator.py
[2023-03-24T02:37:22.548+0000] {processor.py:743} INFO - Processing file /home/airflow/.local/lib/python3.7/site-packages/airflow/example_dags/example_bash_operator.py for tasks to queue
[2023-03-24T02:37:22.548+0000] {logging_mixin.py:137} INFO - [2023-03-24T02:37:22.548+0000] {dagbag.py:532} INFO - Filling up the DagBag from /home/airflow/.local/lib/python3.7/site-packages/airflow/example_dags/example_bash_operator.py
[2023-03-24T02:37:22.564+0000] {processor.py:753} INFO - DAG(s) dict_keys(['example_bash_operator']) retrieved from /home/airflow/.local/lib/python3.7/site-packages/airflow/example_dags/example_bash_operator.py
[2023-03-24T02:37:22.597+0000] {logging_mixin.py:137} INFO - [2023-03-24T02:37:22.597+0000] {dag.py:2693} INFO - Sync 1 DAGs
[2023-03-24T02:37:22.623+0000] {logging_mixin.py:137} INFO - [2023-03-24T02:37:22.622+0000] {dag.py:3444} INFO - Setting next_dagrun for example_bash_operator to 2023-03-23T00:00:00+00:00, run_after=2023-03-24T00:00:00+00:00
[2023-03-24T02:37:22.640+0000] {processor.py:175} INFO - Processing /home/airflow/.local/lib/python3.7/site-packages/airflow/example_dags/example_bash_operator.py took 0.095 seconds
[2023-03-24T02:37:53.241+0000] {processor.py:153} INFO - Started process (PID=511) to work on /home/airflow/.local/lib/python3.7/site-packages/airflow/example_dags/example_bash_operator.py
[2023-03-24T02:37:53.242+0000] {processor.py:743} INFO - Processing file /home/airflow/.local/lib/python3.7/site-packages/airflow/example_dags/example_bash_operator.py for tasks to queue
[2023-03-24T02:37:53.242+0000] {logging_mixin.py:137} INFO - [2023-03-24T02:37:53.242+0000] {dagbag.py:532} INFO - Filling up the DagBag from /home/airflow/.local/lib/python3.7/site-packages/airflow/example_dags/example_bash_operator.py
[2023-03-24T02:37:53.278+0000] {processor.py:753} INFO - DAG(s) dict_keys(['example_bash_operator']) retrieved from /home/airflow/.local/lib/python3.7/site-packages/airflow/example_dags/example_bash_operator.py
[2023-03-24T02:37:53.312+0000] {logging_mixin.py:137} INFO - [2023-03-24T02:37:53.312+0000] {dag.py:2693} INFO - Sync 1 DAGs
[2023-03-24T02:37:53.335+0000] {logging_mixin.py:137} INFO - [2023-03-24T02:37:53.335+0000] {dag.py:3444} INFO - Setting next_dagrun for example_bash_operator to 2023-03-23T00:00:00+00:00, run_after=2023-03-24T00:00:00+00:00
[2023-03-24T02:37:53.351+0000] {processor.py:175} INFO - Processing /home/airflow/.local/lib/python3.7/site-packages/airflow/example_dags/example_bash_operator.py took 0.114 seconds
[2023-03-24T02:38:23.933+0000] {processor.py:153} INFO - Started process (PID=560) to work on /home/airflow/.local/lib/python3.7/site-packages/airflow/example_dags/example_bash_operator.py
[2023-03-24T02:38:23.934+0000] {processor.py:743} INFO - Processing file /home/airflow/.local/lib/python3.7/site-packages/airflow/example_dags/example_bash_operator.py for tasks to queue
[2023-03-24T02:38:23.934+0000] {logging_mixin.py:137} INFO - [2023-03-24T02:38:23.934+0000] {dagbag.py:532} INFO - Filling up the DagBag from /home/airflow/.local/lib/python3.7/site-packages/airflow/example_dags/example_bash_operator.py
[2023-03-24T02:38:23.952+0000] {processor.py:753} INFO - DAG(s) dict_keys(['example_bash_operator']) retrieved from /home/airflow/.local/lib/python3.7/site-packages/airflow/example_dags/example_bash_operator.py
[2023-03-24T02:38:23.984+0000] {logging_mixin.py:137} INFO - [2023-03-24T02:38:23.983+0000] {dag.py:2693} INFO - Sync 1 DAGs
[2023-03-24T02:38:24.008+0000] {logging_mixin.py:137} INFO - [2023-03-24T02:38:24.008+0000] {dag.py:3444} INFO - Setting next_dagrun for example_bash_operator to 2023-03-23T00:00:00+00:00, run_after=2023-03-24T00:00:00+00:00
[2023-03-24T02:38:24.028+0000] {processor.py:175} INFO - Processing /home/airflow/.local/lib/python3.7/site-packages/airflow/example_dags/example_bash_operator.py took 0.097 seconds
