[2023-03-24T02:33:15.941+0000] {processor.py:153} INFO - Started process (PID=59) to work on /home/airflow/.local/lib/python3.7/site-packages/airflow/example_dags/example_task_group.py
[2023-03-24T02:33:15.942+0000] {processor.py:743} INFO - Processing file /home/airflow/.local/lib/python3.7/site-packages/airflow/example_dags/example_task_group.py for tasks to queue
[2023-03-24T02:33:15.943+0000] {logging_mixin.py:137} INFO - [2023-03-24T02:33:15.942+0000] {dagbag.py:532} INFO - Filling up the DagBag from /home/airflow/.local/lib/python3.7/site-packages/airflow/example_dags/example_task_group.py
[2023-03-24T02:33:15.970+0000] {processor.py:753} INFO - DAG(s) dict_keys(['example_task_group']) retrieved from /home/airflow/.local/lib/python3.7/site-packages/airflow/example_dags/example_task_group.py
[2023-03-24T02:33:15.986+0000] {logging_mixin.py:137} INFO - [2023-03-24T02:33:15.986+0000] {dag.py:2693} INFO - Sync 1 DAGs
[2023-03-24T02:33:16.012+0000] {logging_mixin.py:137} INFO - [2023-03-24T02:33:16.012+0000] {dag.py:3444} INFO - Setting next_dagrun for example_task_group to 2023-03-23T02:33:16.012318+00:00, run_after=2023-03-24T02:33:16.012318+00:00
[2023-03-24T02:33:16.036+0000] {processor.py:175} INFO - Processing /home/airflow/.local/lib/python3.7/site-packages/airflow/example_dags/example_task_group.py took 0.100 seconds
[2023-03-24T02:33:46.719+0000] {processor.py:153} INFO - Started process (PID=108) to work on /home/airflow/.local/lib/python3.7/site-packages/airflow/example_dags/example_task_group.py
[2023-03-24T02:33:46.720+0000] {processor.py:743} INFO - Processing file /home/airflow/.local/lib/python3.7/site-packages/airflow/example_dags/example_task_group.py for tasks to queue
[2023-03-24T02:33:46.720+0000] {logging_mixin.py:137} INFO - [2023-03-24T02:33:46.720+0000] {dagbag.py:532} INFO - Filling up the DagBag from /home/airflow/.local/lib/python3.7/site-packages/airflow/example_dags/example_task_group.py
[2023-03-24T02:33:46.731+0000] {processor.py:753} INFO - DAG(s) dict_keys(['example_task_group']) retrieved from /home/airflow/.local/lib/python3.7/site-packages/airflow/example_dags/example_task_group.py
[2023-03-24T02:33:46.752+0000] {logging_mixin.py:137} INFO - [2023-03-24T02:33:46.752+0000] {dag.py:2693} INFO - Sync 1 DAGs
[2023-03-24T02:33:46.776+0000] {logging_mixin.py:137} INFO - [2023-03-24T02:33:46.776+0000] {dag.py:3444} INFO - Setting next_dagrun for example_task_group to 2023-03-23T02:33:46.775896+00:00, run_after=2023-03-24T02:33:46.775896+00:00
[2023-03-24T02:33:46.793+0000] {processor.py:175} INFO - Processing /home/airflow/.local/lib/python3.7/site-packages/airflow/example_dags/example_task_group.py took 0.076 seconds
[2023-03-24T02:34:17.399+0000] {processor.py:153} INFO - Started process (PID=157) to work on /home/airflow/.local/lib/python3.7/site-packages/airflow/example_dags/example_task_group.py
[2023-03-24T02:34:17.400+0000] {processor.py:743} INFO - Processing file /home/airflow/.local/lib/python3.7/site-packages/airflow/example_dags/example_task_group.py for tasks to queue
[2023-03-24T02:34:17.400+0000] {logging_mixin.py:137} INFO - [2023-03-24T02:34:17.400+0000] {dagbag.py:532} INFO - Filling up the DagBag from /home/airflow/.local/lib/python3.7/site-packages/airflow/example_dags/example_task_group.py
[2023-03-24T02:34:17.411+0000] {processor.py:753} INFO - DAG(s) dict_keys(['example_task_group']) retrieved from /home/airflow/.local/lib/python3.7/site-packages/airflow/example_dags/example_task_group.py
[2023-03-24T02:34:17.431+0000] {logging_mixin.py:137} INFO - [2023-03-24T02:34:17.431+0000] {dag.py:2693} INFO - Sync 1 DAGs
[2023-03-24T02:34:17.452+0000] {logging_mixin.py:137} INFO - [2023-03-24T02:34:17.452+0000] {dag.py:3444} INFO - Setting next_dagrun for example_task_group to 2023-03-23T02:34:17.451994+00:00, run_after=2023-03-24T02:34:17.451994+00:00
[2023-03-24T02:34:17.472+0000] {processor.py:175} INFO - Processing /home/airflow/.local/lib/python3.7/site-packages/airflow/example_dags/example_task_group.py took 0.075 seconds
[2023-03-24T02:34:48.015+0000] {processor.py:153} INFO - Started process (PID=207) to work on /home/airflow/.local/lib/python3.7/site-packages/airflow/example_dags/example_task_group.py
[2023-03-24T02:34:48.016+0000] {processor.py:743} INFO - Processing file /home/airflow/.local/lib/python3.7/site-packages/airflow/example_dags/example_task_group.py for tasks to queue
[2023-03-24T02:34:48.016+0000] {logging_mixin.py:137} INFO - [2023-03-24T02:34:48.016+0000] {dagbag.py:532} INFO - Filling up the DagBag from /home/airflow/.local/lib/python3.7/site-packages/airflow/example_dags/example_task_group.py
[2023-03-24T02:34:48.028+0000] {processor.py:753} INFO - DAG(s) dict_keys(['example_task_group']) retrieved from /home/airflow/.local/lib/python3.7/site-packages/airflow/example_dags/example_task_group.py
[2023-03-24T02:34:48.050+0000] {logging_mixin.py:137} INFO - [2023-03-24T02:34:48.050+0000] {dag.py:2693} INFO - Sync 1 DAGs
[2023-03-24T02:34:48.075+0000] {logging_mixin.py:137} INFO - [2023-03-24T02:34:48.075+0000] {dag.py:3444} INFO - Setting next_dagrun for example_task_group to 2023-03-23T02:34:48.075314+00:00, run_after=2023-03-24T02:34:48.075314+00:00
[2023-03-24T02:34:48.095+0000] {processor.py:175} INFO - Processing /home/airflow/.local/lib/python3.7/site-packages/airflow/example_dags/example_task_group.py took 0.082 seconds
[2023-03-24T02:35:18.801+0000] {processor.py:153} INFO - Started process (PID=256) to work on /home/airflow/.local/lib/python3.7/site-packages/airflow/example_dags/example_task_group.py
[2023-03-24T02:35:18.802+0000] {processor.py:743} INFO - Processing file /home/airflow/.local/lib/python3.7/site-packages/airflow/example_dags/example_task_group.py for tasks to queue
[2023-03-24T02:35:18.804+0000] {logging_mixin.py:137} INFO - [2023-03-24T02:35:18.804+0000] {dagbag.py:532} INFO - Filling up the DagBag from /home/airflow/.local/lib/python3.7/site-packages/airflow/example_dags/example_task_group.py
[2023-03-24T02:35:18.831+0000] {processor.py:753} INFO - DAG(s) dict_keys(['example_task_group']) retrieved from /home/airflow/.local/lib/python3.7/site-packages/airflow/example_dags/example_task_group.py
[2023-03-24T02:35:18.861+0000] {logging_mixin.py:137} INFO - [2023-03-24T02:35:18.861+0000] {dag.py:2693} INFO - Sync 1 DAGs
[2023-03-24T02:35:18.883+0000] {logging_mixin.py:137} INFO - [2023-03-24T02:35:18.883+0000] {dag.py:3444} INFO - Setting next_dagrun for example_task_group to 2023-03-23T02:35:18.882978+00:00, run_after=2023-03-24T02:35:18.882978+00:00
[2023-03-24T02:35:18.900+0000] {processor.py:175} INFO - Processing /home/airflow/.local/lib/python3.7/site-packages/airflow/example_dags/example_task_group.py took 0.104 seconds
[2023-03-24T02:35:49.842+0000] {processor.py:153} INFO - Started process (PID=305) to work on /home/airflow/.local/lib/python3.7/site-packages/airflow/example_dags/example_task_group.py
[2023-03-24T02:35:49.843+0000] {processor.py:743} INFO - Processing file /home/airflow/.local/lib/python3.7/site-packages/airflow/example_dags/example_task_group.py for tasks to queue
[2023-03-24T02:35:49.843+0000] {logging_mixin.py:137} INFO - [2023-03-24T02:35:49.843+0000] {dagbag.py:532} INFO - Filling up the DagBag from /home/airflow/.local/lib/python3.7/site-packages/airflow/example_dags/example_task_group.py
[2023-03-24T02:35:49.853+0000] {processor.py:753} INFO - DAG(s) dict_keys(['example_task_group']) retrieved from /home/airflow/.local/lib/python3.7/site-packages/airflow/example_dags/example_task_group.py
[2023-03-24T02:35:49.890+0000] {logging_mixin.py:137} INFO - [2023-03-24T02:35:49.890+0000] {dag.py:2693} INFO - Sync 1 DAGs
[2023-03-24T02:35:49.913+0000] {logging_mixin.py:137} INFO - [2023-03-24T02:35:49.913+0000] {dag.py:3444} INFO - Setting next_dagrun for example_task_group to 2023-03-23T02:35:49.913087+00:00, run_after=2023-03-24T02:35:49.913087+00:00
[2023-03-24T02:35:49.930+0000] {processor.py:175} INFO - Processing /home/airflow/.local/lib/python3.7/site-packages/airflow/example_dags/example_task_group.py took 0.090 seconds
[2023-03-24T02:36:20.676+0000] {processor.py:153} INFO - Started process (PID=354) to work on /home/airflow/.local/lib/python3.7/site-packages/airflow/example_dags/example_task_group.py
[2023-03-24T02:36:20.676+0000] {processor.py:743} INFO - Processing file /home/airflow/.local/lib/python3.7/site-packages/airflow/example_dags/example_task_group.py for tasks to queue
[2023-03-24T02:36:20.677+0000] {logging_mixin.py:137} INFO - [2023-03-24T02:36:20.677+0000] {dagbag.py:532} INFO - Filling up the DagBag from /home/airflow/.local/lib/python3.7/site-packages/airflow/example_dags/example_task_group.py
[2023-03-24T02:36:20.687+0000] {processor.py:753} INFO - DAG(s) dict_keys(['example_task_group']) retrieved from /home/airflow/.local/lib/python3.7/site-packages/airflow/example_dags/example_task_group.py
[2023-03-24T02:36:20.711+0000] {logging_mixin.py:137} INFO - [2023-03-24T02:36:20.710+0000] {dag.py:2693} INFO - Sync 1 DAGs
[2023-03-24T02:36:20.732+0000] {logging_mixin.py:137} INFO - [2023-03-24T02:36:20.731+0000] {dag.py:3444} INFO - Setting next_dagrun for example_task_group to 2023-03-23T02:36:20.731805+00:00, run_after=2023-03-24T02:36:20.731805+00:00
[2023-03-24T02:36:20.748+0000] {processor.py:175} INFO - Processing /home/airflow/.local/lib/python3.7/site-packages/airflow/example_dags/example_task_group.py took 0.074 seconds
[2023-03-24T02:36:51.403+0000] {processor.py:153} INFO - Started process (PID=403) to work on /home/airflow/.local/lib/python3.7/site-packages/airflow/example_dags/example_task_group.py
[2023-03-24T02:36:51.404+0000] {processor.py:743} INFO - Processing file /home/airflow/.local/lib/python3.7/site-packages/airflow/example_dags/example_task_group.py for tasks to queue
[2023-03-24T02:36:51.405+0000] {logging_mixin.py:137} INFO - [2023-03-24T02:36:51.405+0000] {dagbag.py:532} INFO - Filling up the DagBag from /home/airflow/.local/lib/python3.7/site-packages/airflow/example_dags/example_task_group.py
[2023-03-24T02:36:51.431+0000] {processor.py:753} INFO - DAG(s) dict_keys(['example_task_group']) retrieved from /home/airflow/.local/lib/python3.7/site-packages/airflow/example_dags/example_task_group.py
[2023-03-24T02:36:51.457+0000] {logging_mixin.py:137} INFO - [2023-03-24T02:36:51.457+0000] {dag.py:2693} INFO - Sync 1 DAGs
[2023-03-24T02:36:51.480+0000] {logging_mixin.py:137} INFO - [2023-03-24T02:36:51.480+0000] {dag.py:3444} INFO - Setting next_dagrun for example_task_group to 2023-03-23T02:36:51.480450+00:00, run_after=2023-03-24T02:36:51.480450+00:00
[2023-03-24T02:36:51.497+0000] {processor.py:175} INFO - Processing /home/airflow/.local/lib/python3.7/site-packages/airflow/example_dags/example_task_group.py took 0.099 seconds
[2023-03-24T02:37:21.931+0000] {processor.py:153} INFO - Started process (PID=452) to work on /home/airflow/.local/lib/python3.7/site-packages/airflow/example_dags/example_task_group.py
[2023-03-24T02:37:21.932+0000] {processor.py:743} INFO - Processing file /home/airflow/.local/lib/python3.7/site-packages/airflow/example_dags/example_task_group.py for tasks to queue
[2023-03-24T02:37:21.933+0000] {logging_mixin.py:137} INFO - [2023-03-24T02:37:21.933+0000] {dagbag.py:532} INFO - Filling up the DagBag from /home/airflow/.local/lib/python3.7/site-packages/airflow/example_dags/example_task_group.py
[2023-03-24T02:37:21.957+0000] {processor.py:753} INFO - DAG(s) dict_keys(['example_task_group']) retrieved from /home/airflow/.local/lib/python3.7/site-packages/airflow/example_dags/example_task_group.py
[2023-03-24T02:37:21.990+0000] {logging_mixin.py:137} INFO - [2023-03-24T02:37:21.990+0000] {dag.py:2693} INFO - Sync 1 DAGs
[2023-03-24T02:37:22.014+0000] {logging_mixin.py:137} INFO - [2023-03-24T02:37:22.014+0000] {dag.py:3444} INFO - Setting next_dagrun for example_task_group to 2023-03-23T02:37:22.014424+00:00, run_after=2023-03-24T02:37:22.014424+00:00
[2023-03-24T02:37:22.033+0000] {processor.py:175} INFO - Processing /home/airflow/.local/lib/python3.7/site-packages/airflow/example_dags/example_task_group.py took 0.106 seconds
[2023-03-24T02:37:52.576+0000] {processor.py:153} INFO - Started process (PID=501) to work on /home/airflow/.local/lib/python3.7/site-packages/airflow/example_dags/example_task_group.py
[2023-03-24T02:37:52.576+0000] {processor.py:743} INFO - Processing file /home/airflow/.local/lib/python3.7/site-packages/airflow/example_dags/example_task_group.py for tasks to queue
[2023-03-24T02:37:52.577+0000] {logging_mixin.py:137} INFO - [2023-03-24T02:37:52.577+0000] {dagbag.py:532} INFO - Filling up the DagBag from /home/airflow/.local/lib/python3.7/site-packages/airflow/example_dags/example_task_group.py
[2023-03-24T02:37:52.589+0000] {processor.py:753} INFO - DAG(s) dict_keys(['example_task_group']) retrieved from /home/airflow/.local/lib/python3.7/site-packages/airflow/example_dags/example_task_group.py
[2023-03-24T02:37:52.611+0000] {logging_mixin.py:137} INFO - [2023-03-24T02:37:52.611+0000] {dag.py:2693} INFO - Sync 1 DAGs
[2023-03-24T02:37:52.635+0000] {logging_mixin.py:137} INFO - [2023-03-24T02:37:52.635+0000] {dag.py:3444} INFO - Setting next_dagrun for example_task_group to 2023-03-23T02:37:52.634936+00:00, run_after=2023-03-24T02:37:52.634936+00:00
[2023-03-24T02:37:52.653+0000] {processor.py:175} INFO - Processing /home/airflow/.local/lib/python3.7/site-packages/airflow/example_dags/example_task_group.py took 0.080 seconds
[2023-03-24T02:38:23.362+0000] {processor.py:153} INFO - Started process (PID=550) to work on /home/airflow/.local/lib/python3.7/site-packages/airflow/example_dags/example_task_group.py
[2023-03-24T02:38:23.363+0000] {processor.py:743} INFO - Processing file /home/airflow/.local/lib/python3.7/site-packages/airflow/example_dags/example_task_group.py for tasks to queue
[2023-03-24T02:38:23.363+0000] {logging_mixin.py:137} INFO - [2023-03-24T02:38:23.363+0000] {dagbag.py:532} INFO - Filling up the DagBag from /home/airflow/.local/lib/python3.7/site-packages/airflow/example_dags/example_task_group.py
[2023-03-24T02:38:23.375+0000] {processor.py:753} INFO - DAG(s) dict_keys(['example_task_group']) retrieved from /home/airflow/.local/lib/python3.7/site-packages/airflow/example_dags/example_task_group.py
[2023-03-24T02:38:23.395+0000] {logging_mixin.py:137} INFO - [2023-03-24T02:38:23.394+0000] {dag.py:2693} INFO - Sync 1 DAGs
[2023-03-24T02:38:23.417+0000] {logging_mixin.py:137} INFO - [2023-03-24T02:38:23.416+0000] {dag.py:3444} INFO - Setting next_dagrun for example_task_group to 2023-03-23T02:38:23.416794+00:00, run_after=2023-03-24T02:38:23.416794+00:00
[2023-03-24T02:38:23.433+0000] {processor.py:175} INFO - Processing /home/airflow/.local/lib/python3.7/site-packages/airflow/example_dags/example_task_group.py took 0.073 seconds
