[2023-03-24T02:33:17.502+0000] {processor.py:153} INFO - Started process (PID=82) to work on /home/airflow/.local/lib/python3.7/site-packages/airflow/example_dags/example_task_group_decorator.py
[2023-03-24T02:33:17.502+0000] {processor.py:743} INFO - Processing file /home/airflow/.local/lib/python3.7/site-packages/airflow/example_dags/example_task_group_decorator.py for tasks to queue
[2023-03-24T02:33:17.503+0000] {logging_mixin.py:137} INFO - [2023-03-24T02:33:17.503+0000] {dagbag.py:532} INFO - Filling up the DagBag from /home/airflow/.local/lib/python3.7/site-packages/airflow/example_dags/example_task_group_decorator.py
[2023-03-24T02:33:17.530+0000] {processor.py:753} INFO - DAG(s) dict_keys(['example_task_group_decorator']) retrieved from /home/airflow/.local/lib/python3.7/site-packages/airflow/example_dags/example_task_group_decorator.py
[2023-03-24T02:33:17.545+0000] {logging_mixin.py:137} INFO - [2023-03-24T02:33:17.545+0000] {dag.py:2693} INFO - Sync 1 DAGs
[2023-03-24T02:33:17.577+0000] {logging_mixin.py:137} INFO - [2023-03-24T02:33:17.577+0000] {dag.py:3444} INFO - Setting next_dagrun for example_task_group_decorator to 2023-03-23T02:33:17.576898+00:00, run_after=2023-03-24T02:33:17.576898+00:00
[2023-03-24T02:33:17.613+0000] {processor.py:175} INFO - Processing /home/airflow/.local/lib/python3.7/site-packages/airflow/example_dags/example_task_group_decorator.py took 0.114 seconds
[2023-03-24T02:33:48.083+0000] {processor.py:153} INFO - Started process (PID=131) to work on /home/airflow/.local/lib/python3.7/site-packages/airflow/example_dags/example_task_group_decorator.py
[2023-03-24T02:33:48.084+0000] {processor.py:743} INFO - Processing file /home/airflow/.local/lib/python3.7/site-packages/airflow/example_dags/example_task_group_decorator.py for tasks to queue
[2023-03-24T02:33:48.085+0000] {logging_mixin.py:137} INFO - [2023-03-24T02:33:48.085+0000] {dagbag.py:532} INFO - Filling up the DagBag from /home/airflow/.local/lib/python3.7/site-packages/airflow/example_dags/example_task_group_decorator.py
[2023-03-24T02:33:48.131+0000] {processor.py:753} INFO - DAG(s) dict_keys(['example_task_group_decorator']) retrieved from /home/airflow/.local/lib/python3.7/site-packages/airflow/example_dags/example_task_group_decorator.py
[2023-03-24T02:33:48.157+0000] {logging_mixin.py:137} INFO - [2023-03-24T02:33:48.156+0000] {dag.py:2693} INFO - Sync 1 DAGs
[2023-03-24T02:33:48.178+0000] {logging_mixin.py:137} INFO - [2023-03-24T02:33:48.178+0000] {dag.py:3444} INFO - Setting next_dagrun for example_task_group_decorator to 2023-03-23T02:33:48.178545+00:00, run_after=2023-03-24T02:33:48.178545+00:00
[2023-03-24T02:33:48.195+0000] {processor.py:175} INFO - Processing /home/airflow/.local/lib/python3.7/site-packages/airflow/example_dags/example_task_group_decorator.py took 0.116 seconds
[2023-03-24T02:34:18.741+0000] {processor.py:153} INFO - Started process (PID=180) to work on /home/airflow/.local/lib/python3.7/site-packages/airflow/example_dags/example_task_group_decorator.py
[2023-03-24T02:34:18.742+0000] {processor.py:743} INFO - Processing file /home/airflow/.local/lib/python3.7/site-packages/airflow/example_dags/example_task_group_decorator.py for tasks to queue
[2023-03-24T02:34:18.743+0000] {logging_mixin.py:137} INFO - [2023-03-24T02:34:18.743+0000] {dagbag.py:532} INFO - Filling up the DagBag from /home/airflow/.local/lib/python3.7/site-packages/airflow/example_dags/example_task_group_decorator.py
[2023-03-24T02:34:18.787+0000] {processor.py:753} INFO - DAG(s) dict_keys(['example_task_group_decorator']) retrieved from /home/airflow/.local/lib/python3.7/site-packages/airflow/example_dags/example_task_group_decorator.py
[2023-03-24T02:34:18.810+0000] {logging_mixin.py:137} INFO - [2023-03-24T02:34:18.810+0000] {dag.py:2693} INFO - Sync 1 DAGs
[2023-03-24T02:34:18.834+0000] {logging_mixin.py:137} INFO - [2023-03-24T02:34:18.834+0000] {dag.py:3444} INFO - Setting next_dagrun for example_task_group_decorator to 2023-03-23T02:34:18.834040+00:00, run_after=2023-03-24T02:34:18.834040+00:00
[2023-03-24T02:34:18.851+0000] {processor.py:175} INFO - Processing /home/airflow/.local/lib/python3.7/site-packages/airflow/example_dags/example_task_group_decorator.py took 0.115 seconds
[2023-03-24T02:34:49.506+0000] {processor.py:153} INFO - Started process (PID=230) to work on /home/airflow/.local/lib/python3.7/site-packages/airflow/example_dags/example_task_group_decorator.py
[2023-03-24T02:34:49.506+0000] {processor.py:743} INFO - Processing file /home/airflow/.local/lib/python3.7/site-packages/airflow/example_dags/example_task_group_decorator.py for tasks to queue
[2023-03-24T02:34:49.507+0000] {logging_mixin.py:137} INFO - [2023-03-24T02:34:49.507+0000] {dagbag.py:532} INFO - Filling up the DagBag from /home/airflow/.local/lib/python3.7/site-packages/airflow/example_dags/example_task_group_decorator.py
[2023-03-24T02:34:49.531+0000] {processor.py:753} INFO - DAG(s) dict_keys(['example_task_group_decorator']) retrieved from /home/airflow/.local/lib/python3.7/site-packages/airflow/example_dags/example_task_group_decorator.py
[2023-03-24T02:34:49.560+0000] {logging_mixin.py:137} INFO - [2023-03-24T02:34:49.560+0000] {dag.py:2693} INFO - Sync 1 DAGs
[2023-03-24T02:34:49.587+0000] {logging_mixin.py:137} INFO - [2023-03-24T02:34:49.587+0000] {dag.py:3444} INFO - Setting next_dagrun for example_task_group_decorator to 2023-03-23T02:34:49.587003+00:00, run_after=2023-03-24T02:34:49.587003+00:00
[2023-03-24T02:34:49.606+0000] {processor.py:175} INFO - Processing /home/airflow/.local/lib/python3.7/site-packages/airflow/example_dags/example_task_group_decorator.py took 0.102 seconds
[2023-03-24T02:35:20.464+0000] {processor.py:153} INFO - Started process (PID=279) to work on /home/airflow/.local/lib/python3.7/site-packages/airflow/example_dags/example_task_group_decorator.py
[2023-03-24T02:35:20.465+0000] {processor.py:743} INFO - Processing file /home/airflow/.local/lib/python3.7/site-packages/airflow/example_dags/example_task_group_decorator.py for tasks to queue
[2023-03-24T02:35:20.466+0000] {logging_mixin.py:137} INFO - [2023-03-24T02:35:20.466+0000] {dagbag.py:532} INFO - Filling up the DagBag from /home/airflow/.local/lib/python3.7/site-packages/airflow/example_dags/example_task_group_decorator.py
[2023-03-24T02:35:20.513+0000] {processor.py:753} INFO - DAG(s) dict_keys(['example_task_group_decorator']) retrieved from /home/airflow/.local/lib/python3.7/site-packages/airflow/example_dags/example_task_group_decorator.py
[2023-03-24T02:35:20.537+0000] {logging_mixin.py:137} INFO - [2023-03-24T02:35:20.537+0000] {dag.py:2693} INFO - Sync 1 DAGs
[2023-03-24T02:35:20.560+0000] {logging_mixin.py:137} INFO - [2023-03-24T02:35:20.560+0000] {dag.py:3444} INFO - Setting next_dagrun for example_task_group_decorator to 2023-03-23T02:35:20.560335+00:00, run_after=2023-03-24T02:35:20.560335+00:00
[2023-03-24T02:35:20.577+0000] {processor.py:175} INFO - Processing /home/airflow/.local/lib/python3.7/site-packages/airflow/example_dags/example_task_group_decorator.py took 0.117 seconds
[2023-03-24T02:35:51.344+0000] {processor.py:153} INFO - Started process (PID=328) to work on /home/airflow/.local/lib/python3.7/site-packages/airflow/example_dags/example_task_group_decorator.py
[2023-03-24T02:35:51.345+0000] {processor.py:743} INFO - Processing file /home/airflow/.local/lib/python3.7/site-packages/airflow/example_dags/example_task_group_decorator.py for tasks to queue
[2023-03-24T02:35:51.345+0000] {logging_mixin.py:137} INFO - [2023-03-24T02:35:51.345+0000] {dagbag.py:532} INFO - Filling up the DagBag from /home/airflow/.local/lib/python3.7/site-packages/airflow/example_dags/example_task_group_decorator.py
[2023-03-24T02:35:51.367+0000] {processor.py:753} INFO - DAG(s) dict_keys(['example_task_group_decorator']) retrieved from /home/airflow/.local/lib/python3.7/site-packages/airflow/example_dags/example_task_group_decorator.py
[2023-03-24T02:35:51.392+0000] {logging_mixin.py:137} INFO - [2023-03-24T02:35:51.392+0000] {dag.py:2693} INFO - Sync 1 DAGs
[2023-03-24T02:35:51.416+0000] {logging_mixin.py:137} INFO - [2023-03-24T02:35:51.416+0000] {dag.py:3444} INFO - Setting next_dagrun for example_task_group_decorator to 2023-03-23T02:35:51.416279+00:00, run_after=2023-03-24T02:35:51.416279+00:00
[2023-03-24T02:35:51.435+0000] {processor.py:175} INFO - Processing /home/airflow/.local/lib/python3.7/site-packages/airflow/example_dags/example_task_group_decorator.py took 0.093 seconds
[2023-03-24T02:36:22.128+0000] {processor.py:153} INFO - Started process (PID=377) to work on /home/airflow/.local/lib/python3.7/site-packages/airflow/example_dags/example_task_group_decorator.py
[2023-03-24T02:36:22.129+0000] {processor.py:743} INFO - Processing file /home/airflow/.local/lib/python3.7/site-packages/airflow/example_dags/example_task_group_decorator.py for tasks to queue
[2023-03-24T02:36:22.129+0000] {logging_mixin.py:137} INFO - [2023-03-24T02:36:22.129+0000] {dagbag.py:532} INFO - Filling up the DagBag from /home/airflow/.local/lib/python3.7/site-packages/airflow/example_dags/example_task_group_decorator.py
[2023-03-24T02:36:22.151+0000] {processor.py:753} INFO - DAG(s) dict_keys(['example_task_group_decorator']) retrieved from /home/airflow/.local/lib/python3.7/site-packages/airflow/example_dags/example_task_group_decorator.py
[2023-03-24T02:36:22.176+0000] {logging_mixin.py:137} INFO - [2023-03-24T02:36:22.176+0000] {dag.py:2693} INFO - Sync 1 DAGs
[2023-03-24T02:36:22.199+0000] {logging_mixin.py:137} INFO - [2023-03-24T02:36:22.199+0000] {dag.py:3444} INFO - Setting next_dagrun for example_task_group_decorator to 2023-03-23T02:36:22.199331+00:00, run_after=2023-03-24T02:36:22.199331+00:00
[2023-03-24T02:36:22.217+0000] {processor.py:175} INFO - Processing /home/airflow/.local/lib/python3.7/site-packages/airflow/example_dags/example_task_group_decorator.py took 0.091 seconds
[2023-03-24T02:36:52.762+0000] {processor.py:153} INFO - Started process (PID=426) to work on /home/airflow/.local/lib/python3.7/site-packages/airflow/example_dags/example_task_group_decorator.py
[2023-03-24T02:36:52.763+0000] {processor.py:743} INFO - Processing file /home/airflow/.local/lib/python3.7/site-packages/airflow/example_dags/example_task_group_decorator.py for tasks to queue
[2023-03-24T02:36:52.764+0000] {logging_mixin.py:137} INFO - [2023-03-24T02:36:52.764+0000] {dagbag.py:532} INFO - Filling up the DagBag from /home/airflow/.local/lib/python3.7/site-packages/airflow/example_dags/example_task_group_decorator.py
[2023-03-24T02:36:52.808+0000] {processor.py:753} INFO - DAG(s) dict_keys(['example_task_group_decorator']) retrieved from /home/airflow/.local/lib/python3.7/site-packages/airflow/example_dags/example_task_group_decorator.py
[2023-03-24T02:36:52.831+0000] {logging_mixin.py:137} INFO - [2023-03-24T02:36:52.831+0000] {dag.py:2693} INFO - Sync 1 DAGs
[2023-03-24T02:36:52.854+0000] {logging_mixin.py:137} INFO - [2023-03-24T02:36:52.854+0000] {dag.py:3444} INFO - Setting next_dagrun for example_task_group_decorator to 2023-03-23T02:36:52.853869+00:00, run_after=2023-03-24T02:36:52.853869+00:00
[2023-03-24T02:36:52.870+0000] {processor.py:175} INFO - Processing /home/airflow/.local/lib/python3.7/site-packages/airflow/example_dags/example_task_group_decorator.py took 0.112 seconds
[2023-03-24T02:37:23.293+0000] {processor.py:153} INFO - Started process (PID=475) to work on /home/airflow/.local/lib/python3.7/site-packages/airflow/example_dags/example_task_group_decorator.py
[2023-03-24T02:37:23.294+0000] {processor.py:743} INFO - Processing file /home/airflow/.local/lib/python3.7/site-packages/airflow/example_dags/example_task_group_decorator.py for tasks to queue
[2023-03-24T02:37:23.294+0000] {logging_mixin.py:137} INFO - [2023-03-24T02:37:23.294+0000] {dagbag.py:532} INFO - Filling up the DagBag from /home/airflow/.local/lib/python3.7/site-packages/airflow/example_dags/example_task_group_decorator.py
[2023-03-24T02:37:23.314+0000] {processor.py:753} INFO - DAG(s) dict_keys(['example_task_group_decorator']) retrieved from /home/airflow/.local/lib/python3.7/site-packages/airflow/example_dags/example_task_group_decorator.py
[2023-03-24T02:37:23.338+0000] {logging_mixin.py:137} INFO - [2023-03-24T02:37:23.338+0000] {dag.py:2693} INFO - Sync 1 DAGs
[2023-03-24T02:37:23.361+0000] {logging_mixin.py:137} INFO - [2023-03-24T02:37:23.360+0000] {dag.py:3444} INFO - Setting next_dagrun for example_task_group_decorator to 2023-03-23T02:37:23.360822+00:00, run_after=2023-03-24T02:37:23.360822+00:00
[2023-03-24T02:37:23.380+0000] {processor.py:175} INFO - Processing /home/airflow/.local/lib/python3.7/site-packages/airflow/example_dags/example_task_group_decorator.py took 0.089 seconds
[2023-03-24T02:37:53.976+0000] {processor.py:153} INFO - Started process (PID=524) to work on /home/airflow/.local/lib/python3.7/site-packages/airflow/example_dags/example_task_group_decorator.py
[2023-03-24T02:37:53.977+0000] {processor.py:743} INFO - Processing file /home/airflow/.local/lib/python3.7/site-packages/airflow/example_dags/example_task_group_decorator.py for tasks to queue
[2023-03-24T02:37:53.978+0000] {logging_mixin.py:137} INFO - [2023-03-24T02:37:53.978+0000] {dagbag.py:532} INFO - Filling up the DagBag from /home/airflow/.local/lib/python3.7/site-packages/airflow/example_dags/example_task_group_decorator.py
[2023-03-24T02:37:54.018+0000] {processor.py:753} INFO - DAG(s) dict_keys(['example_task_group_decorator']) retrieved from /home/airflow/.local/lib/python3.7/site-packages/airflow/example_dags/example_task_group_decorator.py
[2023-03-24T02:37:54.043+0000] {logging_mixin.py:137} INFO - [2023-03-24T02:37:54.043+0000] {dag.py:2693} INFO - Sync 1 DAGs
[2023-03-24T02:37:54.065+0000] {logging_mixin.py:137} INFO - [2023-03-24T02:37:54.065+0000] {dag.py:3444} INFO - Setting next_dagrun for example_task_group_decorator to 2023-03-23T02:37:54.064977+00:00, run_after=2023-03-24T02:37:54.064977+00:00
[2023-03-24T02:37:54.082+0000] {processor.py:175} INFO - Processing /home/airflow/.local/lib/python3.7/site-packages/airflow/example_dags/example_task_group_decorator.py took 0.110 seconds
[2023-03-24T02:38:24.721+0000] {processor.py:153} INFO - Started process (PID=573) to work on /home/airflow/.local/lib/python3.7/site-packages/airflow/example_dags/example_task_group_decorator.py
[2023-03-24T02:38:24.722+0000] {processor.py:743} INFO - Processing file /home/airflow/.local/lib/python3.7/site-packages/airflow/example_dags/example_task_group_decorator.py for tasks to queue
[2023-03-24T02:38:24.723+0000] {logging_mixin.py:137} INFO - [2023-03-24T02:38:24.723+0000] {dagbag.py:532} INFO - Filling up the DagBag from /home/airflow/.local/lib/python3.7/site-packages/airflow/example_dags/example_task_group_decorator.py
[2023-03-24T02:38:24.757+0000] {processor.py:753} INFO - DAG(s) dict_keys(['example_task_group_decorator']) retrieved from /home/airflow/.local/lib/python3.7/site-packages/airflow/example_dags/example_task_group_decorator.py
[2023-03-24T02:38:24.780+0000] {logging_mixin.py:137} INFO - [2023-03-24T02:38:24.780+0000] {dag.py:2693} INFO - Sync 1 DAGs
[2023-03-24T02:38:24.804+0000] {logging_mixin.py:137} INFO - [2023-03-24T02:38:24.804+0000] {dag.py:3444} INFO - Setting next_dagrun for example_task_group_decorator to 2023-03-23T02:38:24.804339+00:00, run_after=2023-03-24T02:38:24.804339+00:00
[2023-03-24T02:38:24.823+0000] {processor.py:175} INFO - Processing /home/airflow/.local/lib/python3.7/site-packages/airflow/example_dags/example_task_group_decorator.py took 0.107 seconds
