[2023-03-24T02:33:15.441+0000] {processor.py:153} INFO - Started process (PID=51) to work on /home/airflow/.local/lib/python3.7/site-packages/airflow/example_dags/example_complex.py
[2023-03-24T02:33:15.442+0000] {processor.py:743} INFO - Processing file /home/airflow/.local/lib/python3.7/site-packages/airflow/example_dags/example_complex.py for tasks to queue
[2023-03-24T02:33:15.443+0000] {logging_mixin.py:137} INFO - [2023-03-24T02:33:15.442+0000] {dagbag.py:532} INFO - Filling up the DagBag from /home/airflow/.local/lib/python3.7/site-packages/airflow/example_dags/example_complex.py
[2023-03-24T02:33:15.465+0000] {logging_mixin.py:137} INFO - [2023-03-24T02:33:15.464+0000] {taskmixin.py:211} WARNING - Dependency <Task(BashOperator): create_entry_group>, delete_entry_group already registered for DAG: example_complex
[2023-03-24T02:33:15.465+0000] {logging_mixin.py:137} INFO - [2023-03-24T02:33:15.465+0000] {taskmixin.py:211} WARNING - Dependency <Task(BashOperator): delete_entry_group>, create_entry_group already registered for DAG: example_complex
[2023-03-24T02:33:15.465+0000] {logging_mixin.py:137} INFO - [2023-03-24T02:33:15.465+0000] {taskmixin.py:211} WARNING - Dependency <Task(BashOperator): create_entry_gcs>, delete_entry already registered for DAG: example_complex
[2023-03-24T02:33:15.465+0000] {logging_mixin.py:137} INFO - [2023-03-24T02:33:15.465+0000] {taskmixin.py:211} WARNING - Dependency <Task(BashOperator): delete_entry>, create_entry_gcs already registered for DAG: example_complex
[2023-03-24T02:33:15.466+0000] {logging_mixin.py:137} INFO - [2023-03-24T02:33:15.466+0000] {taskmixin.py:211} WARNING - Dependency <Task(BashOperator): create_tag>, delete_tag already registered for DAG: example_complex
[2023-03-24T02:33:15.466+0000] {logging_mixin.py:137} INFO - [2023-03-24T02:33:15.466+0000] {taskmixin.py:211} WARNING - Dependency <Task(BashOperator): delete_tag>, create_tag already registered for DAG: example_complex
[2023-03-24T02:33:15.477+0000] {processor.py:753} INFO - DAG(s) dict_keys(['example_complex']) retrieved from /home/airflow/.local/lib/python3.7/site-packages/airflow/example_dags/example_complex.py
[2023-03-24T02:33:15.489+0000] {logging_mixin.py:137} INFO - [2023-03-24T02:33:15.489+0000] {dag.py:2693} INFO - Sync 1 DAGs
[2023-03-24T02:33:15.512+0000] {logging_mixin.py:137} INFO - [2023-03-24T02:33:15.512+0000] {dag.py:3444} INFO - Setting next_dagrun for example_complex to None, run_after=None
[2023-03-24T02:33:15.533+0000] {processor.py:175} INFO - Processing /home/airflow/.local/lib/python3.7/site-packages/airflow/example_dags/example_complex.py took 0.096 seconds
[2023-03-24T02:33:46.194+0000] {processor.py:153} INFO - Started process (PID=100) to work on /home/airflow/.local/lib/python3.7/site-packages/airflow/example_dags/example_complex.py
[2023-03-24T02:33:46.195+0000] {processor.py:743} INFO - Processing file /home/airflow/.local/lib/python3.7/site-packages/airflow/example_dags/example_complex.py for tasks to queue
[2023-03-24T02:33:46.196+0000] {logging_mixin.py:137} INFO - [2023-03-24T02:33:46.196+0000] {dagbag.py:532} INFO - Filling up the DagBag from /home/airflow/.local/lib/python3.7/site-packages/airflow/example_dags/example_complex.py
[2023-03-24T02:33:46.214+0000] {logging_mixin.py:137} INFO - [2023-03-24T02:33:46.214+0000] {taskmixin.py:211} WARNING - Dependency <Task(BashOperator): create_entry_group>, delete_entry_group already registered for DAG: example_complex
[2023-03-24T02:33:46.215+0000] {logging_mixin.py:137} INFO - [2023-03-24T02:33:46.214+0000] {taskmixin.py:211} WARNING - Dependency <Task(BashOperator): delete_entry_group>, create_entry_group already registered for DAG: example_complex
[2023-03-24T02:33:46.215+0000] {logging_mixin.py:137} INFO - [2023-03-24T02:33:46.215+0000] {taskmixin.py:211} WARNING - Dependency <Task(BashOperator): create_entry_gcs>, delete_entry already registered for DAG: example_complex
[2023-03-24T02:33:46.215+0000] {logging_mixin.py:137} INFO - [2023-03-24T02:33:46.215+0000] {taskmixin.py:211} WARNING - Dependency <Task(BashOperator): delete_entry>, create_entry_gcs already registered for DAG: example_complex
[2023-03-24T02:33:46.216+0000] {logging_mixin.py:137} INFO - [2023-03-24T02:33:46.216+0000] {taskmixin.py:211} WARNING - Dependency <Task(BashOperator): create_tag>, delete_tag already registered for DAG: example_complex
[2023-03-24T02:33:46.216+0000] {logging_mixin.py:137} INFO - [2023-03-24T02:33:46.216+0000] {taskmixin.py:211} WARNING - Dependency <Task(BashOperator): delete_tag>, create_tag already registered for DAG: example_complex
[2023-03-24T02:33:46.226+0000] {processor.py:753} INFO - DAG(s) dict_keys(['example_complex']) retrieved from /home/airflow/.local/lib/python3.7/site-packages/airflow/example_dags/example_complex.py
[2023-03-24T02:33:46.258+0000] {logging_mixin.py:137} INFO - [2023-03-24T02:33:46.257+0000] {dag.py:2693} INFO - Sync 1 DAGs
[2023-03-24T02:33:46.281+0000] {logging_mixin.py:137} INFO - [2023-03-24T02:33:46.281+0000] {dag.py:3444} INFO - Setting next_dagrun for example_complex to None, run_after=None
[2023-03-24T02:33:46.299+0000] {processor.py:175} INFO - Processing /home/airflow/.local/lib/python3.7/site-packages/airflow/example_dags/example_complex.py took 0.110 seconds
[2023-03-24T02:34:16.841+0000] {processor.py:153} INFO - Started process (PID=149) to work on /home/airflow/.local/lib/python3.7/site-packages/airflow/example_dags/example_complex.py
[2023-03-24T02:34:16.842+0000] {processor.py:743} INFO - Processing file /home/airflow/.local/lib/python3.7/site-packages/airflow/example_dags/example_complex.py for tasks to queue
[2023-03-24T02:34:16.843+0000] {logging_mixin.py:137} INFO - [2023-03-24T02:34:16.842+0000] {dagbag.py:532} INFO - Filling up the DagBag from /home/airflow/.local/lib/python3.7/site-packages/airflow/example_dags/example_complex.py
[2023-03-24T02:34:16.860+0000] {logging_mixin.py:137} INFO - [2023-03-24T02:34:16.860+0000] {taskmixin.py:211} WARNING - Dependency <Task(BashOperator): create_entry_group>, delete_entry_group already registered for DAG: example_complex
[2023-03-24T02:34:16.860+0000] {logging_mixin.py:137} INFO - [2023-03-24T02:34:16.860+0000] {taskmixin.py:211} WARNING - Dependency <Task(BashOperator): delete_entry_group>, create_entry_group already registered for DAG: example_complex
[2023-03-24T02:34:16.861+0000] {logging_mixin.py:137} INFO - [2023-03-24T02:34:16.861+0000] {taskmixin.py:211} WARNING - Dependency <Task(BashOperator): create_entry_gcs>, delete_entry already registered for DAG: example_complex
[2023-03-24T02:34:16.861+0000] {logging_mixin.py:137} INFO - [2023-03-24T02:34:16.861+0000] {taskmixin.py:211} WARNING - Dependency <Task(BashOperator): delete_entry>, create_entry_gcs already registered for DAG: example_complex
[2023-03-24T02:34:16.862+0000] {logging_mixin.py:137} INFO - [2023-03-24T02:34:16.862+0000] {taskmixin.py:211} WARNING - Dependency <Task(BashOperator): create_tag>, delete_tag already registered for DAG: example_complex
[2023-03-24T02:34:16.862+0000] {logging_mixin.py:137} INFO - [2023-03-24T02:34:16.862+0000] {taskmixin.py:211} WARNING - Dependency <Task(BashOperator): delete_tag>, create_tag already registered for DAG: example_complex
[2023-03-24T02:34:16.876+0000] {processor.py:753} INFO - DAG(s) dict_keys(['example_complex']) retrieved from /home/airflow/.local/lib/python3.7/site-packages/airflow/example_dags/example_complex.py
[2023-03-24T02:34:16.906+0000] {logging_mixin.py:137} INFO - [2023-03-24T02:34:16.906+0000] {dag.py:2693} INFO - Sync 1 DAGs
[2023-03-24T02:34:16.929+0000] {logging_mixin.py:137} INFO - [2023-03-24T02:34:16.929+0000] {dag.py:3444} INFO - Setting next_dagrun for example_complex to None, run_after=None
[2023-03-24T02:34:16.946+0000] {processor.py:175} INFO - Processing /home/airflow/.local/lib/python3.7/site-packages/airflow/example_dags/example_complex.py took 0.109 seconds
[2023-03-24T02:34:47.494+0000] {processor.py:153} INFO - Started process (PID=199) to work on /home/airflow/.local/lib/python3.7/site-packages/airflow/example_dags/example_complex.py
[2023-03-24T02:34:47.495+0000] {processor.py:743} INFO - Processing file /home/airflow/.local/lib/python3.7/site-packages/airflow/example_dags/example_complex.py for tasks to queue
[2023-03-24T02:34:47.496+0000] {logging_mixin.py:137} INFO - [2023-03-24T02:34:47.496+0000] {dagbag.py:532} INFO - Filling up the DagBag from /home/airflow/.local/lib/python3.7/site-packages/airflow/example_dags/example_complex.py
[2023-03-24T02:34:47.518+0000] {logging_mixin.py:137} INFO - [2023-03-24T02:34:47.518+0000] {taskmixin.py:211} WARNING - Dependency <Task(BashOperator): create_entry_group>, delete_entry_group already registered for DAG: example_complex
[2023-03-24T02:34:47.518+0000] {logging_mixin.py:137} INFO - [2023-03-24T02:34:47.518+0000] {taskmixin.py:211} WARNING - Dependency <Task(BashOperator): delete_entry_group>, create_entry_group already registered for DAG: example_complex
[2023-03-24T02:34:47.519+0000] {logging_mixin.py:137} INFO - [2023-03-24T02:34:47.519+0000] {taskmixin.py:211} WARNING - Dependency <Task(BashOperator): create_entry_gcs>, delete_entry already registered for DAG: example_complex
[2023-03-24T02:34:47.519+0000] {logging_mixin.py:137} INFO - [2023-03-24T02:34:47.519+0000] {taskmixin.py:211} WARNING - Dependency <Task(BashOperator): delete_entry>, create_entry_gcs already registered for DAG: example_complex
[2023-03-24T02:34:47.520+0000] {logging_mixin.py:137} INFO - [2023-03-24T02:34:47.520+0000] {taskmixin.py:211} WARNING - Dependency <Task(BashOperator): create_tag>, delete_tag already registered for DAG: example_complex
[2023-03-24T02:34:47.520+0000] {logging_mixin.py:137} INFO - [2023-03-24T02:34:47.520+0000] {taskmixin.py:211} WARNING - Dependency <Task(BashOperator): delete_tag>, create_tag already registered for DAG: example_complex
[2023-03-24T02:34:47.534+0000] {processor.py:753} INFO - DAG(s) dict_keys(['example_complex']) retrieved from /home/airflow/.local/lib/python3.7/site-packages/airflow/example_dags/example_complex.py
[2023-03-24T02:34:47.565+0000] {logging_mixin.py:137} INFO - [2023-03-24T02:34:47.565+0000] {dag.py:2693} INFO - Sync 1 DAGs
[2023-03-24T02:34:47.587+0000] {logging_mixin.py:137} INFO - [2023-03-24T02:34:47.587+0000] {dag.py:3444} INFO - Setting next_dagrun for example_complex to None, run_after=None
[2023-03-24T02:34:47.605+0000] {processor.py:175} INFO - Processing /home/airflow/.local/lib/python3.7/site-packages/airflow/example_dags/example_complex.py took 0.116 seconds
[2023-03-24T02:35:18.176+0000] {processor.py:153} INFO - Started process (PID=248) to work on /home/airflow/.local/lib/python3.7/site-packages/airflow/example_dags/example_complex.py
[2023-03-24T02:35:18.177+0000] {processor.py:743} INFO - Processing file /home/airflow/.local/lib/python3.7/site-packages/airflow/example_dags/example_complex.py for tasks to queue
[2023-03-24T02:35:18.179+0000] {logging_mixin.py:137} INFO - [2023-03-24T02:35:18.178+0000] {dagbag.py:532} INFO - Filling up the DagBag from /home/airflow/.local/lib/python3.7/site-packages/airflow/example_dags/example_complex.py
[2023-03-24T02:35:18.200+0000] {logging_mixin.py:137} INFO - [2023-03-24T02:35:18.200+0000] {taskmixin.py:211} WARNING - Dependency <Task(BashOperator): create_entry_group>, delete_entry_group already registered for DAG: example_complex
[2023-03-24T02:35:18.201+0000] {logging_mixin.py:137} INFO - [2023-03-24T02:35:18.201+0000] {taskmixin.py:211} WARNING - Dependency <Task(BashOperator): delete_entry_group>, create_entry_group already registered for DAG: example_complex
[2023-03-24T02:35:18.201+0000] {logging_mixin.py:137} INFO - [2023-03-24T02:35:18.201+0000] {taskmixin.py:211} WARNING - Dependency <Task(BashOperator): create_entry_gcs>, delete_entry already registered for DAG: example_complex
[2023-03-24T02:35:18.202+0000] {logging_mixin.py:137} INFO - [2023-03-24T02:35:18.201+0000] {taskmixin.py:211} WARNING - Dependency <Task(BashOperator): delete_entry>, create_entry_gcs already registered for DAG: example_complex
[2023-03-24T02:35:18.202+0000] {logging_mixin.py:137} INFO - [2023-03-24T02:35:18.202+0000] {taskmixin.py:211} WARNING - Dependency <Task(BashOperator): create_tag>, delete_tag already registered for DAG: example_complex
[2023-03-24T02:35:18.203+0000] {logging_mixin.py:137} INFO - [2023-03-24T02:35:18.203+0000] {taskmixin.py:211} WARNING - Dependency <Task(BashOperator): delete_tag>, create_tag already registered for DAG: example_complex
[2023-03-24T02:35:18.216+0000] {processor.py:753} INFO - DAG(s) dict_keys(['example_complex']) retrieved from /home/airflow/.local/lib/python3.7/site-packages/airflow/example_dags/example_complex.py
[2023-03-24T02:35:18.247+0000] {logging_mixin.py:137} INFO - [2023-03-24T02:35:18.247+0000] {dag.py:2693} INFO - Sync 1 DAGs
[2023-03-24T02:35:18.270+0000] {logging_mixin.py:137} INFO - [2023-03-24T02:35:18.270+0000] {dag.py:3444} INFO - Setting next_dagrun for example_complex to None, run_after=None
[2023-03-24T02:35:18.290+0000] {processor.py:175} INFO - Processing /home/airflow/.local/lib/python3.7/site-packages/airflow/example_dags/example_complex.py took 0.118 seconds
[2023-03-24T02:35:49.224+0000] {processor.py:153} INFO - Started process (PID=297) to work on /home/airflow/.local/lib/python3.7/site-packages/airflow/example_dags/example_complex.py
[2023-03-24T02:35:49.225+0000] {processor.py:743} INFO - Processing file /home/airflow/.local/lib/python3.7/site-packages/airflow/example_dags/example_complex.py for tasks to queue
[2023-03-24T02:35:49.226+0000] {logging_mixin.py:137} INFO - [2023-03-24T02:35:49.226+0000] {dagbag.py:532} INFO - Filling up the DagBag from /home/airflow/.local/lib/python3.7/site-packages/airflow/example_dags/example_complex.py
[2023-03-24T02:35:49.249+0000] {logging_mixin.py:137} INFO - [2023-03-24T02:35:49.249+0000] {taskmixin.py:211} WARNING - Dependency <Task(BashOperator): create_entry_group>, delete_entry_group already registered for DAG: example_complex
[2023-03-24T02:35:49.250+0000] {logging_mixin.py:137} INFO - [2023-03-24T02:35:49.250+0000] {taskmixin.py:211} WARNING - Dependency <Task(BashOperator): delete_entry_group>, create_entry_group already registered for DAG: example_complex
[2023-03-24T02:35:49.250+0000] {logging_mixin.py:137} INFO - [2023-03-24T02:35:49.250+0000] {taskmixin.py:211} WARNING - Dependency <Task(BashOperator): create_entry_gcs>, delete_entry already registered for DAG: example_complex
[2023-03-24T02:35:49.251+0000] {logging_mixin.py:137} INFO - [2023-03-24T02:35:49.250+0000] {taskmixin.py:211} WARNING - Dependency <Task(BashOperator): delete_entry>, create_entry_gcs already registered for DAG: example_complex
[2023-03-24T02:35:49.251+0000] {logging_mixin.py:137} INFO - [2023-03-24T02:35:49.251+0000] {taskmixin.py:211} WARNING - Dependency <Task(BashOperator): create_tag>, delete_tag already registered for DAG: example_complex
[2023-03-24T02:35:49.252+0000] {logging_mixin.py:137} INFO - [2023-03-24T02:35:49.252+0000] {taskmixin.py:211} WARNING - Dependency <Task(BashOperator): delete_tag>, create_tag already registered for DAG: example_complex
[2023-03-24T02:35:49.263+0000] {processor.py:753} INFO - DAG(s) dict_keys(['example_complex']) retrieved from /home/airflow/.local/lib/python3.7/site-packages/airflow/example_dags/example_complex.py
[2023-03-24T02:35:49.293+0000] {logging_mixin.py:137} INFO - [2023-03-24T02:35:49.293+0000] {dag.py:2693} INFO - Sync 1 DAGs
[2023-03-24T02:35:49.316+0000] {logging_mixin.py:137} INFO - [2023-03-24T02:35:49.316+0000] {dag.py:3444} INFO - Setting next_dagrun for example_complex to None, run_after=None
[2023-03-24T02:35:49.333+0000] {processor.py:175} INFO - Processing /home/airflow/.local/lib/python3.7/site-packages/airflow/example_dags/example_complex.py took 0.114 seconds
[2023-03-24T02:36:20.063+0000] {processor.py:153} INFO - Started process (PID=346) to work on /home/airflow/.local/lib/python3.7/site-packages/airflow/example_dags/example_complex.py
[2023-03-24T02:36:20.064+0000] {processor.py:743} INFO - Processing file /home/airflow/.local/lib/python3.7/site-packages/airflow/example_dags/example_complex.py for tasks to queue
[2023-03-24T02:36:20.065+0000] {logging_mixin.py:137} INFO - [2023-03-24T02:36:20.065+0000] {dagbag.py:532} INFO - Filling up the DagBag from /home/airflow/.local/lib/python3.7/site-packages/airflow/example_dags/example_complex.py
[2023-03-24T02:36:20.085+0000] {logging_mixin.py:137} INFO - [2023-03-24T02:36:20.085+0000] {taskmixin.py:211} WARNING - Dependency <Task(BashOperator): create_entry_group>, delete_entry_group already registered for DAG: example_complex
[2023-03-24T02:36:20.085+0000] {logging_mixin.py:137} INFO - [2023-03-24T02:36:20.085+0000] {taskmixin.py:211} WARNING - Dependency <Task(BashOperator): delete_entry_group>, create_entry_group already registered for DAG: example_complex
[2023-03-24T02:36:20.086+0000] {logging_mixin.py:137} INFO - [2023-03-24T02:36:20.086+0000] {taskmixin.py:211} WARNING - Dependency <Task(BashOperator): create_entry_gcs>, delete_entry already registered for DAG: example_complex
[2023-03-24T02:36:20.086+0000] {logging_mixin.py:137} INFO - [2023-03-24T02:36:20.086+0000] {taskmixin.py:211} WARNING - Dependency <Task(BashOperator): delete_entry>, create_entry_gcs already registered for DAG: example_complex
[2023-03-24T02:36:20.087+0000] {logging_mixin.py:137} INFO - [2023-03-24T02:36:20.086+0000] {taskmixin.py:211} WARNING - Dependency <Task(BashOperator): create_tag>, delete_tag already registered for DAG: example_complex
[2023-03-24T02:36:20.087+0000] {logging_mixin.py:137} INFO - [2023-03-24T02:36:20.087+0000] {taskmixin.py:211} WARNING - Dependency <Task(BashOperator): delete_tag>, create_tag already registered for DAG: example_complex
[2023-03-24T02:36:20.099+0000] {processor.py:753} INFO - DAG(s) dict_keys(['example_complex']) retrieved from /home/airflow/.local/lib/python3.7/site-packages/airflow/example_dags/example_complex.py
[2023-03-24T02:36:20.129+0000] {logging_mixin.py:137} INFO - [2023-03-24T02:36:20.128+0000] {dag.py:2693} INFO - Sync 1 DAGs
[2023-03-24T02:36:20.151+0000] {logging_mixin.py:137} INFO - [2023-03-24T02:36:20.151+0000] {dag.py:3444} INFO - Setting next_dagrun for example_complex to None, run_after=None
[2023-03-24T02:36:20.168+0000] {processor.py:175} INFO - Processing /home/airflow/.local/lib/python3.7/site-packages/airflow/example_dags/example_complex.py took 0.111 seconds
[2023-03-24T02:36:50.849+0000] {processor.py:153} INFO - Started process (PID=395) to work on /home/airflow/.local/lib/python3.7/site-packages/airflow/example_dags/example_complex.py
[2023-03-24T02:36:50.850+0000] {processor.py:743} INFO - Processing file /home/airflow/.local/lib/python3.7/site-packages/airflow/example_dags/example_complex.py for tasks to queue
[2023-03-24T02:36:50.851+0000] {logging_mixin.py:137} INFO - [2023-03-24T02:36:50.850+0000] {dagbag.py:532} INFO - Filling up the DagBag from /home/airflow/.local/lib/python3.7/site-packages/airflow/example_dags/example_complex.py
[2023-03-24T02:36:50.873+0000] {logging_mixin.py:137} INFO - [2023-03-24T02:36:50.873+0000] {taskmixin.py:211} WARNING - Dependency <Task(BashOperator): create_entry_group>, delete_entry_group already registered for DAG: example_complex
[2023-03-24T02:36:50.873+0000] {logging_mixin.py:137} INFO - [2023-03-24T02:36:50.873+0000] {taskmixin.py:211} WARNING - Dependency <Task(BashOperator): delete_entry_group>, create_entry_group already registered for DAG: example_complex
[2023-03-24T02:36:50.874+0000] {logging_mixin.py:137} INFO - [2023-03-24T02:36:50.874+0000] {taskmixin.py:211} WARNING - Dependency <Task(BashOperator): create_entry_gcs>, delete_entry already registered for DAG: example_complex
[2023-03-24T02:36:50.874+0000] {logging_mixin.py:137} INFO - [2023-03-24T02:36:50.874+0000] {taskmixin.py:211} WARNING - Dependency <Task(BashOperator): delete_entry>, create_entry_gcs already registered for DAG: example_complex
[2023-03-24T02:36:50.875+0000] {logging_mixin.py:137} INFO - [2023-03-24T02:36:50.875+0000] {taskmixin.py:211} WARNING - Dependency <Task(BashOperator): create_tag>, delete_tag already registered for DAG: example_complex
[2023-03-24T02:36:50.875+0000] {logging_mixin.py:137} INFO - [2023-03-24T02:36:50.875+0000] {taskmixin.py:211} WARNING - Dependency <Task(BashOperator): delete_tag>, create_tag already registered for DAG: example_complex
[2023-03-24T02:36:50.886+0000] {processor.py:753} INFO - DAG(s) dict_keys(['example_complex']) retrieved from /home/airflow/.local/lib/python3.7/site-packages/airflow/example_dags/example_complex.py
[2023-03-24T02:36:50.918+0000] {logging_mixin.py:137} INFO - [2023-03-24T02:36:50.918+0000] {dag.py:2693} INFO - Sync 1 DAGs
[2023-03-24T02:36:50.940+0000] {logging_mixin.py:137} INFO - [2023-03-24T02:36:50.940+0000] {dag.py:3444} INFO - Setting next_dagrun for example_complex to None, run_after=None
[2023-03-24T02:36:50.957+0000] {processor.py:175} INFO - Processing /home/airflow/.local/lib/python3.7/site-packages/airflow/example_dags/example_complex.py took 0.113 seconds
[2023-03-24T02:37:21.446+0000] {processor.py:153} INFO - Started process (PID=444) to work on /home/airflow/.local/lib/python3.7/site-packages/airflow/example_dags/example_complex.py
[2023-03-24T02:37:21.447+0000] {processor.py:743} INFO - Processing file /home/airflow/.local/lib/python3.7/site-packages/airflow/example_dags/example_complex.py for tasks to queue
[2023-03-24T02:37:21.448+0000] {logging_mixin.py:137} INFO - [2023-03-24T02:37:21.448+0000] {dagbag.py:532} INFO - Filling up the DagBag from /home/airflow/.local/lib/python3.7/site-packages/airflow/example_dags/example_complex.py
[2023-03-24T02:37:21.467+0000] {logging_mixin.py:137} INFO - [2023-03-24T02:37:21.467+0000] {taskmixin.py:211} WARNING - Dependency <Task(BashOperator): create_entry_group>, delete_entry_group already registered for DAG: example_complex
[2023-03-24T02:37:21.468+0000] {logging_mixin.py:137} INFO - [2023-03-24T02:37:21.468+0000] {taskmixin.py:211} WARNING - Dependency <Task(BashOperator): delete_entry_group>, create_entry_group already registered for DAG: example_complex
[2023-03-24T02:37:21.468+0000] {logging_mixin.py:137} INFO - [2023-03-24T02:37:21.468+0000] {taskmixin.py:211} WARNING - Dependency <Task(BashOperator): create_entry_gcs>, delete_entry already registered for DAG: example_complex
[2023-03-24T02:37:21.468+0000] {logging_mixin.py:137} INFO - [2023-03-24T02:37:21.468+0000] {taskmixin.py:211} WARNING - Dependency <Task(BashOperator): delete_entry>, create_entry_gcs already registered for DAG: example_complex
[2023-03-24T02:37:21.469+0000] {logging_mixin.py:137} INFO - [2023-03-24T02:37:21.469+0000] {taskmixin.py:211} WARNING - Dependency <Task(BashOperator): create_tag>, delete_tag already registered for DAG: example_complex
[2023-03-24T02:37:21.469+0000] {logging_mixin.py:137} INFO - [2023-03-24T02:37:21.469+0000] {taskmixin.py:211} WARNING - Dependency <Task(BashOperator): delete_tag>, create_tag already registered for DAG: example_complex
[2023-03-24T02:37:21.480+0000] {processor.py:753} INFO - DAG(s) dict_keys(['example_complex']) retrieved from /home/airflow/.local/lib/python3.7/site-packages/airflow/example_dags/example_complex.py
[2023-03-24T02:37:21.508+0000] {logging_mixin.py:137} INFO - [2023-03-24T02:37:21.508+0000] {dag.py:2693} INFO - Sync 1 DAGs
[2023-03-24T02:37:21.531+0000] {logging_mixin.py:137} INFO - [2023-03-24T02:37:21.531+0000] {dag.py:3444} INFO - Setting next_dagrun for example_complex to None, run_after=None
[2023-03-24T02:37:21.548+0000] {processor.py:175} INFO - Processing /home/airflow/.local/lib/python3.7/site-packages/airflow/example_dags/example_complex.py took 0.106 seconds
[2023-03-24T02:37:52.059+0000] {processor.py:153} INFO - Started process (PID=493) to work on /home/airflow/.local/lib/python3.7/site-packages/airflow/example_dags/example_complex.py
[2023-03-24T02:37:52.060+0000] {processor.py:743} INFO - Processing file /home/airflow/.local/lib/python3.7/site-packages/airflow/example_dags/example_complex.py for tasks to queue
[2023-03-24T02:37:52.061+0000] {logging_mixin.py:137} INFO - [2023-03-24T02:37:52.061+0000] {dagbag.py:532} INFO - Filling up the DagBag from /home/airflow/.local/lib/python3.7/site-packages/airflow/example_dags/example_complex.py
[2023-03-24T02:37:52.080+0000] {logging_mixin.py:137} INFO - [2023-03-24T02:37:52.079+0000] {taskmixin.py:211} WARNING - Dependency <Task(BashOperator): create_entry_group>, delete_entry_group already registered for DAG: example_complex
[2023-03-24T02:37:52.080+0000] {logging_mixin.py:137} INFO - [2023-03-24T02:37:52.080+0000] {taskmixin.py:211} WARNING - Dependency <Task(BashOperator): delete_entry_group>, create_entry_group already registered for DAG: example_complex
[2023-03-24T02:37:52.080+0000] {logging_mixin.py:137} INFO - [2023-03-24T02:37:52.080+0000] {taskmixin.py:211} WARNING - Dependency <Task(BashOperator): create_entry_gcs>, delete_entry already registered for DAG: example_complex
[2023-03-24T02:37:52.081+0000] {logging_mixin.py:137} INFO - [2023-03-24T02:37:52.080+0000] {taskmixin.py:211} WARNING - Dependency <Task(BashOperator): delete_entry>, create_entry_gcs already registered for DAG: example_complex
[2023-03-24T02:37:52.081+0000] {logging_mixin.py:137} INFO - [2023-03-24T02:37:52.081+0000] {taskmixin.py:211} WARNING - Dependency <Task(BashOperator): create_tag>, delete_tag already registered for DAG: example_complex
[2023-03-24T02:37:52.081+0000] {logging_mixin.py:137} INFO - [2023-03-24T02:37:52.081+0000] {taskmixin.py:211} WARNING - Dependency <Task(BashOperator): delete_tag>, create_tag already registered for DAG: example_complex
[2023-03-24T02:37:52.092+0000] {processor.py:753} INFO - DAG(s) dict_keys(['example_complex']) retrieved from /home/airflow/.local/lib/python3.7/site-packages/airflow/example_dags/example_complex.py
[2023-03-24T02:37:52.134+0000] {logging_mixin.py:137} INFO - [2023-03-24T02:37:52.134+0000] {dag.py:2693} INFO - Sync 1 DAGs
[2023-03-24T02:37:52.162+0000] {logging_mixin.py:137} INFO - [2023-03-24T02:37:52.162+0000] {dag.py:3444} INFO - Setting next_dagrun for example_complex to None, run_after=None
[2023-03-24T02:37:52.182+0000] {processor.py:175} INFO - Processing /home/airflow/.local/lib/python3.7/site-packages/airflow/example_dags/example_complex.py took 0.126 seconds
[2023-03-24T02:38:22.750+0000] {processor.py:153} INFO - Started process (PID=542) to work on /home/airflow/.local/lib/python3.7/site-packages/airflow/example_dags/example_complex.py
[2023-03-24T02:38:22.751+0000] {processor.py:743} INFO - Processing file /home/airflow/.local/lib/python3.7/site-packages/airflow/example_dags/example_complex.py for tasks to queue
[2023-03-24T02:38:22.752+0000] {logging_mixin.py:137} INFO - [2023-03-24T02:38:22.752+0000] {dagbag.py:532} INFO - Filling up the DagBag from /home/airflow/.local/lib/python3.7/site-packages/airflow/example_dags/example_complex.py
[2023-03-24T02:38:22.774+0000] {logging_mixin.py:137} INFO - [2023-03-24T02:38:22.774+0000] {taskmixin.py:211} WARNING - Dependency <Task(BashOperator): create_entry_group>, delete_entry_group already registered for DAG: example_complex
[2023-03-24T02:38:22.775+0000] {logging_mixin.py:137} INFO - [2023-03-24T02:38:22.775+0000] {taskmixin.py:211} WARNING - Dependency <Task(BashOperator): delete_entry_group>, create_entry_group already registered for DAG: example_complex
[2023-03-24T02:38:22.775+0000] {logging_mixin.py:137} INFO - [2023-03-24T02:38:22.775+0000] {taskmixin.py:211} WARNING - Dependency <Task(BashOperator): create_entry_gcs>, delete_entry already registered for DAG: example_complex
[2023-03-24T02:38:22.775+0000] {logging_mixin.py:137} INFO - [2023-03-24T02:38:22.775+0000] {taskmixin.py:211} WARNING - Dependency <Task(BashOperator): delete_entry>, create_entry_gcs already registered for DAG: example_complex
[2023-03-24T02:38:22.777+0000] {logging_mixin.py:137} INFO - [2023-03-24T02:38:22.776+0000] {taskmixin.py:211} WARNING - Dependency <Task(BashOperator): create_tag>, delete_tag already registered for DAG: example_complex
[2023-03-24T02:38:22.777+0000] {logging_mixin.py:137} INFO - [2023-03-24T02:38:22.777+0000] {taskmixin.py:211} WARNING - Dependency <Task(BashOperator): delete_tag>, create_tag already registered for DAG: example_complex
[2023-03-24T02:38:22.790+0000] {processor.py:753} INFO - DAG(s) dict_keys(['example_complex']) retrieved from /home/airflow/.local/lib/python3.7/site-packages/airflow/example_dags/example_complex.py
[2023-03-24T02:38:22.821+0000] {logging_mixin.py:137} INFO - [2023-03-24T02:38:22.821+0000] {dag.py:2693} INFO - Sync 1 DAGs
[2023-03-24T02:38:22.845+0000] {logging_mixin.py:137} INFO - [2023-03-24T02:38:22.845+0000] {dag.py:3444} INFO - Setting next_dagrun for example_complex to None, run_after=None
[2023-03-24T02:38:22.864+0000] {processor.py:175} INFO - Processing /home/airflow/.local/lib/python3.7/site-packages/airflow/example_dags/example_complex.py took 0.119 seconds
