[2023-03-24T02:33:16.205+0000] {processor.py:153} INFO - Started process (PID=62) to work on /home/airflow/.local/lib/python3.7/site-packages/airflow/example_dags/tutorial_taskflow_api.py
[2023-03-24T02:33:16.206+0000] {processor.py:743} INFO - Processing file /home/airflow/.local/lib/python3.7/site-packages/airflow/example_dags/tutorial_taskflow_api.py for tasks to queue
[2023-03-24T02:33:16.207+0000] {logging_mixin.py:137} INFO - [2023-03-24T02:33:16.207+0000] {dagbag.py:532} INFO - Filling up the DagBag from /home/airflow/.local/lib/python3.7/site-packages/airflow/example_dags/tutorial_taskflow_api.py
[2023-03-24T02:33:16.243+0000] {processor.py:753} INFO - DAG(s) dict_keys(['tutorial_taskflow_api']) retrieved from /home/airflow/.local/lib/python3.7/site-packages/airflow/example_dags/tutorial_taskflow_api.py
[2023-03-24T02:33:16.257+0000] {logging_mixin.py:137} INFO - [2023-03-24T02:33:16.257+0000] {dag.py:2693} INFO - Sync 1 DAGs
[2023-03-24T02:33:16.287+0000] {logging_mixin.py:137} INFO - [2023-03-24T02:33:16.286+0000] {dag.py:3444} INFO - Setting next_dagrun for tutorial_taskflow_api to None, run_after=None
[2023-03-24T02:33:16.312+0000] {processor.py:175} INFO - Processing /home/airflow/.local/lib/python3.7/site-packages/airflow/example_dags/tutorial_taskflow_api.py took 0.111 seconds
[2023-03-24T02:33:46.917+0000] {processor.py:153} INFO - Started process (PID=111) to work on /home/airflow/.local/lib/python3.7/site-packages/airflow/example_dags/tutorial_taskflow_api.py
[2023-03-24T02:33:46.917+0000] {processor.py:743} INFO - Processing file /home/airflow/.local/lib/python3.7/site-packages/airflow/example_dags/tutorial_taskflow_api.py for tasks to queue
[2023-03-24T02:33:46.918+0000] {logging_mixin.py:137} INFO - [2023-03-24T02:33:46.918+0000] {dagbag.py:532} INFO - Filling up the DagBag from /home/airflow/.local/lib/python3.7/site-packages/airflow/example_dags/tutorial_taskflow_api.py
[2023-03-24T02:33:46.933+0000] {processor.py:753} INFO - DAG(s) dict_keys(['tutorial_taskflow_api']) retrieved from /home/airflow/.local/lib/python3.7/site-packages/airflow/example_dags/tutorial_taskflow_api.py
[2023-03-24T02:33:46.955+0000] {logging_mixin.py:137} INFO - [2023-03-24T02:33:46.955+0000] {dag.py:2693} INFO - Sync 1 DAGs
[2023-03-24T02:33:46.977+0000] {logging_mixin.py:137} INFO - [2023-03-24T02:33:46.977+0000] {dag.py:3444} INFO - Setting next_dagrun for tutorial_taskflow_api to None, run_after=None
[2023-03-24T02:33:46.992+0000] {processor.py:175} INFO - Processing /home/airflow/.local/lib/python3.7/site-packages/airflow/example_dags/tutorial_taskflow_api.py took 0.077 seconds
[2023-03-24T02:34:17.567+0000] {processor.py:153} INFO - Started process (PID=160) to work on /home/airflow/.local/lib/python3.7/site-packages/airflow/example_dags/tutorial_taskflow_api.py
[2023-03-24T02:34:17.568+0000] {processor.py:743} INFO - Processing file /home/airflow/.local/lib/python3.7/site-packages/airflow/example_dags/tutorial_taskflow_api.py for tasks to queue
[2023-03-24T02:34:17.569+0000] {logging_mixin.py:137} INFO - [2023-03-24T02:34:17.569+0000] {dagbag.py:532} INFO - Filling up the DagBag from /home/airflow/.local/lib/python3.7/site-packages/airflow/example_dags/tutorial_taskflow_api.py
[2023-03-24T02:34:17.598+0000] {processor.py:753} INFO - DAG(s) dict_keys(['tutorial_taskflow_api']) retrieved from /home/airflow/.local/lib/python3.7/site-packages/airflow/example_dags/tutorial_taskflow_api.py
[2023-03-24T02:34:17.635+0000] {logging_mixin.py:137} INFO - [2023-03-24T02:34:17.634+0000] {dag.py:2693} INFO - Sync 1 DAGs
[2023-03-24T02:34:17.667+0000] {logging_mixin.py:137} INFO - [2023-03-24T02:34:17.667+0000] {dag.py:3444} INFO - Setting next_dagrun for tutorial_taskflow_api to None, run_after=None
[2023-03-24T02:34:17.682+0000] {processor.py:175} INFO - Processing /home/airflow/.local/lib/python3.7/site-packages/airflow/example_dags/tutorial_taskflow_api.py took 0.117 seconds
[2023-03-24T02:34:48.227+0000] {processor.py:153} INFO - Started process (PID=210) to work on /home/airflow/.local/lib/python3.7/site-packages/airflow/example_dags/tutorial_taskflow_api.py
[2023-03-24T02:34:48.228+0000] {processor.py:743} INFO - Processing file /home/airflow/.local/lib/python3.7/site-packages/airflow/example_dags/tutorial_taskflow_api.py for tasks to queue
[2023-03-24T02:34:48.228+0000] {logging_mixin.py:137} INFO - [2023-03-24T02:34:48.228+0000] {dagbag.py:532} INFO - Filling up the DagBag from /home/airflow/.local/lib/python3.7/site-packages/airflow/example_dags/tutorial_taskflow_api.py
[2023-03-24T02:34:48.247+0000] {processor.py:753} INFO - DAG(s) dict_keys(['tutorial_taskflow_api']) retrieved from /home/airflow/.local/lib/python3.7/site-packages/airflow/example_dags/tutorial_taskflow_api.py
[2023-03-24T02:34:48.279+0000] {logging_mixin.py:137} INFO - [2023-03-24T02:34:48.279+0000] {dag.py:2693} INFO - Sync 1 DAGs
[2023-03-24T02:34:48.307+0000] {logging_mixin.py:137} INFO - [2023-03-24T02:34:48.307+0000] {dag.py:3444} INFO - Setting next_dagrun for tutorial_taskflow_api to None, run_after=None
[2023-03-24T02:34:48.325+0000] {processor.py:175} INFO - Processing /home/airflow/.local/lib/python3.7/site-packages/airflow/example_dags/tutorial_taskflow_api.py took 0.100 seconds
[2023-03-24T02:35:18.964+0000] {processor.py:153} INFO - Started process (PID=259) to work on /home/airflow/.local/lib/python3.7/site-packages/airflow/example_dags/tutorial_taskflow_api.py
[2023-03-24T02:35:18.965+0000] {processor.py:743} INFO - Processing file /home/airflow/.local/lib/python3.7/site-packages/airflow/example_dags/tutorial_taskflow_api.py for tasks to queue
[2023-03-24T02:35:18.966+0000] {logging_mixin.py:137} INFO - [2023-03-24T02:35:18.966+0000] {dagbag.py:532} INFO - Filling up the DagBag from /home/airflow/.local/lib/python3.7/site-packages/airflow/example_dags/tutorial_taskflow_api.py
[2023-03-24T02:35:19.000+0000] {processor.py:753} INFO - DAG(s) dict_keys(['tutorial_taskflow_api']) retrieved from /home/airflow/.local/lib/python3.7/site-packages/airflow/example_dags/tutorial_taskflow_api.py
[2023-03-24T02:35:19.022+0000] {logging_mixin.py:137} INFO - [2023-03-24T02:35:19.021+0000] {dag.py:2693} INFO - Sync 1 DAGs
[2023-03-24T02:35:19.045+0000] {logging_mixin.py:137} INFO - [2023-03-24T02:35:19.044+0000] {dag.py:3444} INFO - Setting next_dagrun for tutorial_taskflow_api to None, run_after=None
[2023-03-24T02:35:19.061+0000] {processor.py:175} INFO - Processing /home/airflow/.local/lib/python3.7/site-packages/airflow/example_dags/tutorial_taskflow_api.py took 0.103 seconds
[2023-03-24T02:35:50.078+0000] {processor.py:153} INFO - Started process (PID=308) to work on /home/airflow/.local/lib/python3.7/site-packages/airflow/example_dags/tutorial_taskflow_api.py
[2023-03-24T02:35:50.078+0000] {processor.py:743} INFO - Processing file /home/airflow/.local/lib/python3.7/site-packages/airflow/example_dags/tutorial_taskflow_api.py for tasks to queue
[2023-03-24T02:35:50.079+0000] {logging_mixin.py:137} INFO - [2023-03-24T02:35:50.079+0000] {dagbag.py:532} INFO - Filling up the DagBag from /home/airflow/.local/lib/python3.7/site-packages/airflow/example_dags/tutorial_taskflow_api.py
[2023-03-24T02:35:50.093+0000] {processor.py:753} INFO - DAG(s) dict_keys(['tutorial_taskflow_api']) retrieved from /home/airflow/.local/lib/python3.7/site-packages/airflow/example_dags/tutorial_taskflow_api.py
[2023-03-24T02:35:50.129+0000] {logging_mixin.py:137} INFO - [2023-03-24T02:35:50.129+0000] {dag.py:2693} INFO - Sync 1 DAGs
[2023-03-24T02:35:50.153+0000] {logging_mixin.py:137} INFO - [2023-03-24T02:35:50.153+0000] {dag.py:3444} INFO - Setting next_dagrun for tutorial_taskflow_api to None, run_after=None
[2023-03-24T02:35:50.170+0000] {processor.py:175} INFO - Processing /home/airflow/.local/lib/python3.7/site-packages/airflow/example_dags/tutorial_taskflow_api.py took 0.094 seconds
[2023-03-24T02:36:20.911+0000] {processor.py:153} INFO - Started process (PID=357) to work on /home/airflow/.local/lib/python3.7/site-packages/airflow/example_dags/tutorial_taskflow_api.py
[2023-03-24T02:36:20.912+0000] {processor.py:743} INFO - Processing file /home/airflow/.local/lib/python3.7/site-packages/airflow/example_dags/tutorial_taskflow_api.py for tasks to queue
[2023-03-24T02:36:20.913+0000] {logging_mixin.py:137} INFO - [2023-03-24T02:36:20.913+0000] {dagbag.py:532} INFO - Filling up the DagBag from /home/airflow/.local/lib/python3.7/site-packages/airflow/example_dags/tutorial_taskflow_api.py
[2023-03-24T02:36:20.951+0000] {processor.py:753} INFO - DAG(s) dict_keys(['tutorial_taskflow_api']) retrieved from /home/airflow/.local/lib/python3.7/site-packages/airflow/example_dags/tutorial_taskflow_api.py
[2023-03-24T02:36:20.973+0000] {logging_mixin.py:137} INFO - [2023-03-24T02:36:20.973+0000] {dag.py:2693} INFO - Sync 1 DAGs
[2023-03-24T02:36:20.994+0000] {logging_mixin.py:137} INFO - [2023-03-24T02:36:20.994+0000] {dag.py:3444} INFO - Setting next_dagrun for tutorial_taskflow_api to None, run_after=None
[2023-03-24T02:36:21.010+0000] {processor.py:175} INFO - Processing /home/airflow/.local/lib/python3.7/site-packages/airflow/example_dags/tutorial_taskflow_api.py took 0.104 seconds
[2023-03-24T02:36:51.610+0000] {processor.py:153} INFO - Started process (PID=406) to work on /home/airflow/.local/lib/python3.7/site-packages/airflow/example_dags/tutorial_taskflow_api.py
[2023-03-24T02:36:51.611+0000] {processor.py:743} INFO - Processing file /home/airflow/.local/lib/python3.7/site-packages/airflow/example_dags/tutorial_taskflow_api.py for tasks to queue
[2023-03-24T02:36:51.611+0000] {logging_mixin.py:137} INFO - [2023-03-24T02:36:51.611+0000] {dagbag.py:532} INFO - Filling up the DagBag from /home/airflow/.local/lib/python3.7/site-packages/airflow/example_dags/tutorial_taskflow_api.py
[2023-03-24T02:36:51.627+0000] {processor.py:753} INFO - DAG(s) dict_keys(['tutorial_taskflow_api']) retrieved from /home/airflow/.local/lib/python3.7/site-packages/airflow/example_dags/tutorial_taskflow_api.py
[2023-03-24T02:36:51.647+0000] {logging_mixin.py:137} INFO - [2023-03-24T02:36:51.647+0000] {dag.py:2693} INFO - Sync 1 DAGs
[2023-03-24T02:36:51.670+0000] {logging_mixin.py:137} INFO - [2023-03-24T02:36:51.670+0000] {dag.py:3444} INFO - Setting next_dagrun for tutorial_taskflow_api to None, run_after=None
[2023-03-24T02:36:51.689+0000] {processor.py:175} INFO - Processing /home/airflow/.local/lib/python3.7/site-packages/airflow/example_dags/tutorial_taskflow_api.py took 0.081 seconds
[2023-03-24T02:37:22.136+0000] {processor.py:153} INFO - Started process (PID=455) to work on /home/airflow/.local/lib/python3.7/site-packages/airflow/example_dags/tutorial_taskflow_api.py
[2023-03-24T02:37:22.137+0000] {processor.py:743} INFO - Processing file /home/airflow/.local/lib/python3.7/site-packages/airflow/example_dags/tutorial_taskflow_api.py for tasks to queue
[2023-03-24T02:37:22.137+0000] {logging_mixin.py:137} INFO - [2023-03-24T02:37:22.137+0000] {dagbag.py:532} INFO - Filling up the DagBag from /home/airflow/.local/lib/python3.7/site-packages/airflow/example_dags/tutorial_taskflow_api.py
[2023-03-24T02:37:22.154+0000] {processor.py:753} INFO - DAG(s) dict_keys(['tutorial_taskflow_api']) retrieved from /home/airflow/.local/lib/python3.7/site-packages/airflow/example_dags/tutorial_taskflow_api.py
[2023-03-24T02:37:22.188+0000] {logging_mixin.py:137} INFO - [2023-03-24T02:37:22.188+0000] {dag.py:2693} INFO - Sync 1 DAGs
[2023-03-24T02:37:22.210+0000] {logging_mixin.py:137} INFO - [2023-03-24T02:37:22.210+0000] {dag.py:3444} INFO - Setting next_dagrun for tutorial_taskflow_api to None, run_after=None
[2023-03-24T02:37:22.226+0000] {processor.py:175} INFO - Processing /home/airflow/.local/lib/python3.7/site-packages/airflow/example_dags/tutorial_taskflow_api.py took 0.093 seconds
[2023-03-24T02:37:52.808+0000] {processor.py:153} INFO - Started process (PID=504) to work on /home/airflow/.local/lib/python3.7/site-packages/airflow/example_dags/tutorial_taskflow_api.py
[2023-03-24T02:37:52.809+0000] {processor.py:743} INFO - Processing file /home/airflow/.local/lib/python3.7/site-packages/airflow/example_dags/tutorial_taskflow_api.py for tasks to queue
[2023-03-24T02:37:52.809+0000] {logging_mixin.py:137} INFO - [2023-03-24T02:37:52.809+0000] {dagbag.py:532} INFO - Filling up the DagBag from /home/airflow/.local/lib/python3.7/site-packages/airflow/example_dags/tutorial_taskflow_api.py
[2023-03-24T02:37:52.826+0000] {processor.py:753} INFO - DAG(s) dict_keys(['tutorial_taskflow_api']) retrieved from /home/airflow/.local/lib/python3.7/site-packages/airflow/example_dags/tutorial_taskflow_api.py
[2023-03-24T02:37:52.848+0000] {logging_mixin.py:137} INFO - [2023-03-24T02:37:52.847+0000] {dag.py:2693} INFO - Sync 1 DAGs
[2023-03-24T02:37:52.871+0000] {logging_mixin.py:137} INFO - [2023-03-24T02:37:52.871+0000] {dag.py:3444} INFO - Setting next_dagrun for tutorial_taskflow_api to None, run_after=None
[2023-03-24T02:37:52.890+0000] {processor.py:175} INFO - Processing /home/airflow/.local/lib/python3.7/site-packages/airflow/example_dags/tutorial_taskflow_api.py took 0.085 seconds
[2023-03-24T02:38:23.550+0000] {processor.py:153} INFO - Started process (PID=553) to work on /home/airflow/.local/lib/python3.7/site-packages/airflow/example_dags/tutorial_taskflow_api.py
[2023-03-24T02:38:23.551+0000] {processor.py:743} INFO - Processing file /home/airflow/.local/lib/python3.7/site-packages/airflow/example_dags/tutorial_taskflow_api.py for tasks to queue
[2023-03-24T02:38:23.551+0000] {logging_mixin.py:137} INFO - [2023-03-24T02:38:23.551+0000] {dagbag.py:532} INFO - Filling up the DagBag from /home/airflow/.local/lib/python3.7/site-packages/airflow/example_dags/tutorial_taskflow_api.py
[2023-03-24T02:38:23.568+0000] {processor.py:753} INFO - DAG(s) dict_keys(['tutorial_taskflow_api']) retrieved from /home/airflow/.local/lib/python3.7/site-packages/airflow/example_dags/tutorial_taskflow_api.py
[2023-03-24T02:38:23.607+0000] {logging_mixin.py:137} INFO - [2023-03-24T02:38:23.606+0000] {dag.py:2693} INFO - Sync 1 DAGs
[2023-03-24T02:38:23.631+0000] {logging_mixin.py:137} INFO - [2023-03-24T02:38:23.631+0000] {dag.py:3444} INFO - Setting next_dagrun for tutorial_taskflow_api to None, run_after=None
[2023-03-24T02:38:23.649+0000] {processor.py:175} INFO - Processing /home/airflow/.local/lib/python3.7/site-packages/airflow/example_dags/tutorial_taskflow_api.py took 0.101 seconds
