[2023-03-24T02:33:16.682+0000] {processor.py:153} INFO - Started process (PID=68) to work on /home/airflow/.local/lib/python3.7/site-packages/airflow/example_dags/tutorial.py
[2023-03-24T02:33:16.683+0000] {processor.py:743} INFO - Processing file /home/airflow/.local/lib/python3.7/site-packages/airflow/example_dags/tutorial.py for tasks to queue
[2023-03-24T02:33:16.683+0000] {logging_mixin.py:137} INFO - [2023-03-24T02:33:16.683+0000] {dagbag.py:532} INFO - Filling up the DagBag from /home/airflow/.local/lib/python3.7/site-packages/airflow/example_dags/tutorial.py
[2023-03-24T02:33:16.699+0000] {processor.py:753} INFO - DAG(s) dict_keys(['tutorial']) retrieved from /home/airflow/.local/lib/python3.7/site-packages/airflow/example_dags/tutorial.py
[2023-03-24T02:33:16.710+0000] {logging_mixin.py:137} INFO - [2023-03-24T02:33:16.710+0000] {dag.py:2693} INFO - Sync 1 DAGs
[2023-03-24T02:33:16.738+0000] {logging_mixin.py:137} INFO - [2023-03-24T02:33:16.738+0000] {dag.py:3444} INFO - Setting next_dagrun for tutorial to 2023-03-23T02:33:16.738503+00:00, run_after=2023-03-24T02:33:16.738503+00:00
[2023-03-24T02:33:16.759+0000] {processor.py:175} INFO - Processing /home/airflow/.local/lib/python3.7/site-packages/airflow/example_dags/tutorial.py took 0.080 seconds
[2023-03-24T02:33:47.212+0000] {processor.py:153} INFO - Started process (PID=117) to work on /home/airflow/.local/lib/python3.7/site-packages/airflow/example_dags/tutorial.py
[2023-03-24T02:33:47.212+0000] {processor.py:743} INFO - Processing file /home/airflow/.local/lib/python3.7/site-packages/airflow/example_dags/tutorial.py for tasks to queue
[2023-03-24T02:33:47.213+0000] {logging_mixin.py:137} INFO - [2023-03-24T02:33:47.213+0000] {dagbag.py:532} INFO - Filling up the DagBag from /home/airflow/.local/lib/python3.7/site-packages/airflow/example_dags/tutorial.py
[2023-03-24T02:33:47.222+0000] {processor.py:753} INFO - DAG(s) dict_keys(['tutorial']) retrieved from /home/airflow/.local/lib/python3.7/site-packages/airflow/example_dags/tutorial.py
[2023-03-24T02:33:47.244+0000] {logging_mixin.py:137} INFO - [2023-03-24T02:33:47.244+0000] {dag.py:2693} INFO - Sync 1 DAGs
[2023-03-24T02:33:47.268+0000] {logging_mixin.py:137} INFO - [2023-03-24T02:33:47.268+0000] {dag.py:3444} INFO - Setting next_dagrun for tutorial to 2023-03-23T02:33:47.268483+00:00, run_after=2023-03-24T02:33:47.268483+00:00
[2023-03-24T02:33:47.285+0000] {processor.py:175} INFO - Processing /home/airflow/.local/lib/python3.7/site-packages/airflow/example_dags/tutorial.py took 0.076 seconds
[2023-03-24T02:34:17.866+0000] {processor.py:153} INFO - Started process (PID=166) to work on /home/airflow/.local/lib/python3.7/site-packages/airflow/example_dags/tutorial.py
[2023-03-24T02:34:17.867+0000] {processor.py:743} INFO - Processing file /home/airflow/.local/lib/python3.7/site-packages/airflow/example_dags/tutorial.py for tasks to queue
[2023-03-24T02:34:17.867+0000] {logging_mixin.py:137} INFO - [2023-03-24T02:34:17.867+0000] {dagbag.py:532} INFO - Filling up the DagBag from /home/airflow/.local/lib/python3.7/site-packages/airflow/example_dags/tutorial.py
[2023-03-24T02:34:17.877+0000] {processor.py:753} INFO - DAG(s) dict_keys(['tutorial']) retrieved from /home/airflow/.local/lib/python3.7/site-packages/airflow/example_dags/tutorial.py
[2023-03-24T02:34:17.898+0000] {logging_mixin.py:137} INFO - [2023-03-24T02:34:17.898+0000] {dag.py:2693} INFO - Sync 1 DAGs
[2023-03-24T02:34:17.922+0000] {logging_mixin.py:137} INFO - [2023-03-24T02:34:17.922+0000] {dag.py:3444} INFO - Setting next_dagrun for tutorial to 2023-03-23T02:34:17.922397+00:00, run_after=2023-03-24T02:34:17.922397+00:00
[2023-03-24T02:34:17.940+0000] {processor.py:175} INFO - Processing /home/airflow/.local/lib/python3.7/site-packages/airflow/example_dags/tutorial.py took 0.076 seconds
[2023-03-24T02:34:48.565+0000] {processor.py:153} INFO - Started process (PID=216) to work on /home/airflow/.local/lib/python3.7/site-packages/airflow/example_dags/tutorial.py
[2023-03-24T02:34:48.566+0000] {processor.py:743} INFO - Processing file /home/airflow/.local/lib/python3.7/site-packages/airflow/example_dags/tutorial.py for tasks to queue
[2023-03-24T02:34:48.566+0000] {logging_mixin.py:137} INFO - [2023-03-24T02:34:48.566+0000] {dagbag.py:532} INFO - Filling up the DagBag from /home/airflow/.local/lib/python3.7/site-packages/airflow/example_dags/tutorial.py
[2023-03-24T02:34:48.577+0000] {processor.py:753} INFO - DAG(s) dict_keys(['tutorial']) retrieved from /home/airflow/.local/lib/python3.7/site-packages/airflow/example_dags/tutorial.py
[2023-03-24T02:34:48.602+0000] {logging_mixin.py:137} INFO - [2023-03-24T02:34:48.602+0000] {dag.py:2693} INFO - Sync 1 DAGs
[2023-03-24T02:34:48.639+0000] {logging_mixin.py:137} INFO - [2023-03-24T02:34:48.639+0000] {dag.py:3444} INFO - Setting next_dagrun for tutorial to 2023-03-23T02:34:48.639024+00:00, run_after=2023-03-24T02:34:48.639024+00:00
[2023-03-24T02:34:48.660+0000] {processor.py:175} INFO - Processing /home/airflow/.local/lib/python3.7/site-packages/airflow/example_dags/tutorial.py took 0.097 seconds
[2023-03-24T02:35:19.385+0000] {processor.py:153} INFO - Started process (PID=265) to work on /home/airflow/.local/lib/python3.7/site-packages/airflow/example_dags/tutorial.py
[2023-03-24T02:35:19.386+0000] {processor.py:743} INFO - Processing file /home/airflow/.local/lib/python3.7/site-packages/airflow/example_dags/tutorial.py for tasks to queue
[2023-03-24T02:35:19.387+0000] {logging_mixin.py:137} INFO - [2023-03-24T02:35:19.387+0000] {dagbag.py:532} INFO - Filling up the DagBag from /home/airflow/.local/lib/python3.7/site-packages/airflow/example_dags/tutorial.py
[2023-03-24T02:35:19.396+0000] {processor.py:753} INFO - DAG(s) dict_keys(['tutorial']) retrieved from /home/airflow/.local/lib/python3.7/site-packages/airflow/example_dags/tutorial.py
[2023-03-24T02:35:19.437+0000] {logging_mixin.py:137} INFO - [2023-03-24T02:35:19.437+0000] {dag.py:2693} INFO - Sync 1 DAGs
[2023-03-24T02:35:19.471+0000] {logging_mixin.py:137} INFO - [2023-03-24T02:35:19.470+0000] {dag.py:3444} INFO - Setting next_dagrun for tutorial to 2023-03-23T02:35:19.470749+00:00, run_after=2023-03-24T02:35:19.470749+00:00
[2023-03-24T02:35:19.486+0000] {processor.py:175} INFO - Processing /home/airflow/.local/lib/python3.7/site-packages/airflow/example_dags/tutorial.py took 0.103 seconds
[2023-03-24T02:35:50.405+0000] {processor.py:153} INFO - Started process (PID=314) to work on /home/airflow/.local/lib/python3.7/site-packages/airflow/example_dags/tutorial.py
[2023-03-24T02:35:50.406+0000] {processor.py:743} INFO - Processing file /home/airflow/.local/lib/python3.7/site-packages/airflow/example_dags/tutorial.py for tasks to queue
[2023-03-24T02:35:50.407+0000] {logging_mixin.py:137} INFO - [2023-03-24T02:35:50.407+0000] {dagbag.py:532} INFO - Filling up the DagBag from /home/airflow/.local/lib/python3.7/site-packages/airflow/example_dags/tutorial.py
[2023-03-24T02:35:50.426+0000] {processor.py:753} INFO - DAG(s) dict_keys(['tutorial']) retrieved from /home/airflow/.local/lib/python3.7/site-packages/airflow/example_dags/tutorial.py
[2023-03-24T02:35:50.449+0000] {logging_mixin.py:137} INFO - [2023-03-24T02:35:50.449+0000] {dag.py:2693} INFO - Sync 1 DAGs
[2023-03-24T02:35:50.471+0000] {logging_mixin.py:137} INFO - [2023-03-24T02:35:50.471+0000] {dag.py:3444} INFO - Setting next_dagrun for tutorial to 2023-03-23T02:35:50.471557+00:00, run_after=2023-03-24T02:35:50.471557+00:00
[2023-03-24T02:35:50.490+0000] {processor.py:175} INFO - Processing /home/airflow/.local/lib/python3.7/site-packages/airflow/example_dags/tutorial.py took 0.089 seconds
[2023-03-24T02:36:21.276+0000] {processor.py:153} INFO - Started process (PID=363) to work on /home/airflow/.local/lib/python3.7/site-packages/airflow/example_dags/tutorial.py
[2023-03-24T02:36:21.277+0000] {processor.py:743} INFO - Processing file /home/airflow/.local/lib/python3.7/site-packages/airflow/example_dags/tutorial.py for tasks to queue
[2023-03-24T02:36:21.277+0000] {logging_mixin.py:137} INFO - [2023-03-24T02:36:21.277+0000] {dagbag.py:532} INFO - Filling up the DagBag from /home/airflow/.local/lib/python3.7/site-packages/airflow/example_dags/tutorial.py
[2023-03-24T02:36:21.297+0000] {processor.py:753} INFO - DAG(s) dict_keys(['tutorial']) retrieved from /home/airflow/.local/lib/python3.7/site-packages/airflow/example_dags/tutorial.py
[2023-03-24T02:36:21.323+0000] {logging_mixin.py:137} INFO - [2023-03-24T02:36:21.323+0000] {dag.py:2693} INFO - Sync 1 DAGs
[2023-03-24T02:36:21.346+0000] {logging_mixin.py:137} INFO - [2023-03-24T02:36:21.346+0000] {dag.py:3444} INFO - Setting next_dagrun for tutorial to 2023-03-23T02:36:21.346041+00:00, run_after=2023-03-24T02:36:21.346041+00:00
[2023-03-24T02:36:21.362+0000] {processor.py:175} INFO - Processing /home/airflow/.local/lib/python3.7/site-packages/airflow/example_dags/tutorial.py took 0.091 seconds
[2023-03-24T02:36:51.920+0000] {processor.py:153} INFO - Started process (PID=412) to work on /home/airflow/.local/lib/python3.7/site-packages/airflow/example_dags/tutorial.py
[2023-03-24T02:36:51.921+0000] {processor.py:743} INFO - Processing file /home/airflow/.local/lib/python3.7/site-packages/airflow/example_dags/tutorial.py for tasks to queue
[2023-03-24T02:36:51.921+0000] {logging_mixin.py:137} INFO - [2023-03-24T02:36:51.921+0000] {dagbag.py:532} INFO - Filling up the DagBag from /home/airflow/.local/lib/python3.7/site-packages/airflow/example_dags/tutorial.py
[2023-03-24T02:36:51.932+0000] {processor.py:753} INFO - DAG(s) dict_keys(['tutorial']) retrieved from /home/airflow/.local/lib/python3.7/site-packages/airflow/example_dags/tutorial.py
[2023-03-24T02:36:51.954+0000] {logging_mixin.py:137} INFO - [2023-03-24T02:36:51.954+0000] {dag.py:2693} INFO - Sync 1 DAGs
[2023-03-24T02:36:51.979+0000] {logging_mixin.py:137} INFO - [2023-03-24T02:36:51.979+0000] {dag.py:3444} INFO - Setting next_dagrun for tutorial to 2023-03-23T02:36:51.979002+00:00, run_after=2023-03-24T02:36:51.979002+00:00
[2023-03-24T02:36:52.014+0000] {processor.py:175} INFO - Processing /home/airflow/.local/lib/python3.7/site-packages/airflow/example_dags/tutorial.py took 0.096 seconds
[2023-03-24T02:37:22.479+0000] {processor.py:153} INFO - Started process (PID=461) to work on /home/airflow/.local/lib/python3.7/site-packages/airflow/example_dags/tutorial.py
[2023-03-24T02:37:22.480+0000] {processor.py:743} INFO - Processing file /home/airflow/.local/lib/python3.7/site-packages/airflow/example_dags/tutorial.py for tasks to queue
[2023-03-24T02:37:22.481+0000] {logging_mixin.py:137} INFO - [2023-03-24T02:37:22.481+0000] {dagbag.py:532} INFO - Filling up the DagBag from /home/airflow/.local/lib/python3.7/site-packages/airflow/example_dags/tutorial.py
[2023-03-24T02:37:22.500+0000] {processor.py:753} INFO - DAG(s) dict_keys(['tutorial']) retrieved from /home/airflow/.local/lib/python3.7/site-packages/airflow/example_dags/tutorial.py
[2023-03-24T02:37:22.523+0000] {logging_mixin.py:137} INFO - [2023-03-24T02:37:22.523+0000] {dag.py:2693} INFO - Sync 1 DAGs
[2023-03-24T02:37:22.547+0000] {logging_mixin.py:137} INFO - [2023-03-24T02:37:22.547+0000] {dag.py:3444} INFO - Setting next_dagrun for tutorial to 2023-03-23T02:37:22.547647+00:00, run_after=2023-03-24T02:37:22.547647+00:00
[2023-03-24T02:37:22.565+0000] {processor.py:175} INFO - Processing /home/airflow/.local/lib/python3.7/site-packages/airflow/example_dags/tutorial.py took 0.090 seconds
[2023-03-24T02:37:53.134+0000] {processor.py:153} INFO - Started process (PID=510) to work on /home/airflow/.local/lib/python3.7/site-packages/airflow/example_dags/tutorial.py
[2023-03-24T02:37:53.135+0000] {processor.py:743} INFO - Processing file /home/airflow/.local/lib/python3.7/site-packages/airflow/example_dags/tutorial.py for tasks to queue
[2023-03-24T02:37:53.136+0000] {logging_mixin.py:137} INFO - [2023-03-24T02:37:53.136+0000] {dagbag.py:532} INFO - Filling up the DagBag from /home/airflow/.local/lib/python3.7/site-packages/airflow/example_dags/tutorial.py
[2023-03-24T02:37:53.154+0000] {processor.py:753} INFO - DAG(s) dict_keys(['tutorial']) retrieved from /home/airflow/.local/lib/python3.7/site-packages/airflow/example_dags/tutorial.py
[2023-03-24T02:37:53.179+0000] {logging_mixin.py:137} INFO - [2023-03-24T02:37:53.179+0000] {dag.py:2693} INFO - Sync 1 DAGs
[2023-03-24T02:37:53.202+0000] {logging_mixin.py:137} INFO - [2023-03-24T02:37:53.202+0000] {dag.py:3444} INFO - Setting next_dagrun for tutorial to 2023-03-23T02:37:53.202429+00:00, run_after=2023-03-24T02:37:53.202429+00:00
[2023-03-24T02:37:53.221+0000] {processor.py:175} INFO - Processing /home/airflow/.local/lib/python3.7/site-packages/airflow/example_dags/tutorial.py took 0.090 seconds
[2023-03-24T02:38:23.907+0000] {processor.py:153} INFO - Started process (PID=559) to work on /home/airflow/.local/lib/python3.7/site-packages/airflow/example_dags/tutorial.py
[2023-03-24T02:38:23.907+0000] {processor.py:743} INFO - Processing file /home/airflow/.local/lib/python3.7/site-packages/airflow/example_dags/tutorial.py for tasks to queue
[2023-03-24T02:38:23.908+0000] {logging_mixin.py:137} INFO - [2023-03-24T02:38:23.908+0000] {dagbag.py:532} INFO - Filling up the DagBag from /home/airflow/.local/lib/python3.7/site-packages/airflow/example_dags/tutorial.py
[2023-03-24T02:38:23.919+0000] {processor.py:753} INFO - DAG(s) dict_keys(['tutorial']) retrieved from /home/airflow/.local/lib/python3.7/site-packages/airflow/example_dags/tutorial.py
[2023-03-24T02:38:23.941+0000] {logging_mixin.py:137} INFO - [2023-03-24T02:38:23.941+0000] {dag.py:2693} INFO - Sync 1 DAGs
[2023-03-24T02:38:23.964+0000] {logging_mixin.py:137} INFO - [2023-03-24T02:38:23.964+0000] {dag.py:3444} INFO - Setting next_dagrun for tutorial to 2023-03-23T02:38:23.963985+00:00, run_after=2023-03-24T02:38:23.963985+00:00
[2023-03-24T02:38:23.987+0000] {processor.py:175} INFO - Processing /home/airflow/.local/lib/python3.7/site-packages/airflow/example_dags/tutorial.py took 0.083 seconds
